<?xml version="1.0" encoding="utf-8"?>
<test-run id="2" name="nunitlite.tests.exe" fullname="nunitlite.tests.exe" testcasecount="356" result="Skipped" label="Ignored" start-time="2018-10-06 20:01:52Z" end-time="2018-10-06 20:01:52Z" duration="0.308117" total="356" passed="355" failed="0" inconclusive="0" skipped="1" asserts="714" random-seed="1598207541">
  <command-line><![CDATA["C:/src/nunit/nunit/bin/Release/net20/nunitlite.tests.exe"]]></command-line>
  <filter />
  <test-suite type="Assembly" id="1399" name="nunitlite.tests.exe" fullname="nunitlite.tests.exe" runstate="Runnable" testcasecount="356" result="Skipped" label="Ignored" site="Child" start-time="2018-10-06 20:01:52Z" end-time="2018-10-06 20:01:52Z" duration="0.308117" total="356" passed="355" failed="0" warnings="0" inconclusive="0" skipped="1" asserts="714">
    <environment framework-version="3.11.0.0" clr-version="2.0.50727.8936" os-version="Microsoft Windows NT 10.0.17134" platform="Win32NT" cwd="C:\src\nunit\nunit\bin\Release\net20" machine-name="XPS" user="rob" user-domain="XPS" culture="en-CA" uiculture="en-US" os-architecture="x64" />
    <settings>
      <setting name="WorkDirectory" value="C:\src\nunit\nunit\bin\Release\net20" />
      <setting name="NumberOfTestWorkers" value="8" />
    </settings>
    <properties>
      <property name="ParallelScope" value="Fixtures" />
      <property name="_PID" value="20300" />
      <property name="_APPDOMAIN" value="nunitlite.tests.exe" />
    </properties>
    <reason>
      <message><![CDATA[One or more child tests were ignored]]></message>
    </reason>
    <test-suite type="TestSuite" id="1400" name="NUnit" fullname="NUnit" runstate="Runnable" testcasecount="79" result="Passed" start-time="2018-10-06 20:01:52Z" end-time="2018-10-06 20:01:52Z" duration="0.109840" total="79" passed="79" failed="0" warnings="0" inconclusive="0" skipped="0" asserts="181">
      <test-suite type="TestSuite" id="1403" name="ConsoleRunner" fullname="NUnit.ConsoleRunner" runstate="Runnable" testcasecount="2" result="Passed" start-time="2018-10-06 20:01:52Z" end-time="2018-10-06 20:01:52Z" duration="0.064515" total="2" passed="2" failed="0" warnings="0" inconclusive="0" skipped="0" asserts="2">
        <test-suite type="TestSuite" id="1404" name="Tests" fullname="NUnit.ConsoleRunner.Tests" runstate="Runnable" testcasecount="2" result="Passed" start-time="2018-10-06 20:01:52Z" end-time="2018-10-06 20:01:52Z" duration="0.064441" total="2" passed="2" failed="0" warnings="0" inconclusive="0" skipped="0" asserts="2">
          <test-suite type="TestFixture" id="1086" name="DefaultOptionsProviderTests" fullname="NUnit.ConsoleRunner.Tests.DefaultOptionsProviderTests" classname="NUnit.ConsoleRunner.Tests.DefaultOptionsProviderTests" runstate="Runnable" testcasecount="2" result="Passed" start-time="2018-10-06 20:01:52Z" end-time="2018-10-06 20:01:52Z" duration="0.059042" total="2" passed="2" failed="0" warnings="0" inconclusive="0" skipped="0" asserts="2">
            <test-case id="1088" name="ShouldRetTeamCityAsFalseWhenHasNotEnvironmentVariable_TEAMCITY_PROJECT_NAME" fullname="NUnit.ConsoleRunner.Tests.DefaultOptionsProviderTests.ShouldRetTeamCityAsFalseWhenHasNotEnvironmentVariable_TEAMCITY_PROJECT_NAME" methodname="ShouldRetTeamCityAsFalseWhenHasNotEnvironmentVariable_TEAMCITY_PROJECT_NAME" classname="NUnit.ConsoleRunner.Tests.DefaultOptionsProviderTests" runstate="Runnable" seed="122073490" result="Passed" start-time="2018-10-06 20:01:52Z" end-time="2018-10-06 20:01:52Z" duration="0.021857" asserts="1" />
            <test-case id="1087" name="ShouldRetTeamCityAsTrueWhenHasEnvironmentVariable_TEAMCITY_PROJECT_NAME" fullname="NUnit.ConsoleRunner.Tests.DefaultOptionsProviderTests.ShouldRetTeamCityAsTrueWhenHasEnvironmentVariable_TEAMCITY_PROJECT_NAME" methodname="ShouldRetTeamCityAsTrueWhenHasEnvironmentVariable_TEAMCITY_PROJECT_NAME" classname="NUnit.ConsoleRunner.Tests.DefaultOptionsProviderTests" runstate="Runnable" seed="1791773116" result="Passed" start-time="2018-10-06 20:01:52Z" end-time="2018-10-06 20:01:52Z" duration="0.000801" asserts="1" />
          </test-suite>
        </test-suite>
      </test-suite>
      <test-suite type="TestSuite" id="1401" name="Common" fullname="NUnit.Common" runstate="Runnable" testcasecount="77" result="Passed" start-time="2018-10-06 20:01:52Z" end-time="2018-10-06 20:01:52Z" duration="0.108905" total="77" passed="77" failed="0" warnings="0" inconclusive="0" skipped="0" asserts="179">
        <test-suite type="TestSuite" id="1402" name="Tests" fullname="NUnit.Common.Tests" runstate="Runnable" testcasecount="77" result="Passed" start-time="2018-10-06 20:01:52Z" end-time="2018-10-06 20:01:52Z" duration="0.108574" total="77" passed="77" failed="0" warnings="0" inconclusive="0" skipped="0" asserts="179">
          <test-suite type="TestFixture" id="1000" name="ExtendedTextWrapperTests" fullname="NUnit.Common.Tests.ExtendedTextWrapperTests" classname="NUnit.Common.Tests.ExtendedTextWrapperTests" runstate="Runnable" testcasecount="8" result="Passed" start-time="2018-10-06 20:01:52Z" end-time="2018-10-06 20:01:52Z" duration="0.063612" total="8" passed="8" failed="0" warnings="0" inconclusive="0" skipped="0" asserts="8">
            <test-case id="1001" name="Write" fullname="NUnit.Common.Tests.ExtendedTextWrapperTests.Write" methodname="Write" classname="NUnit.Common.Tests.ExtendedTextWrapperTests" runstate="Runnable" seed="1904932583" result="Passed" start-time="2018-10-06 20:01:52Z" end-time="2018-10-06 20:01:52Z" duration="0.029965" asserts="1" />
            <test-case id="1002" name="Write_ColorStyle" fullname="NUnit.Common.Tests.ExtendedTextWrapperTests.Write_ColorStyle" methodname="Write_ColorStyle" classname="NUnit.Common.Tests.ExtendedTextWrapperTests" runstate="Runnable" seed="200110608" result="Passed" start-time="2018-10-06 20:01:52Z" end-time="2018-10-06 20:01:52Z" duration="0.000950" asserts="1" />
            <test-case id="1005" name="WriteLabel" fullname="NUnit.Common.Tests.ExtendedTextWrapperTests.WriteLabel" methodname="WriteLabel" classname="NUnit.Common.Tests.ExtendedTextWrapperTests" runstate="Runnable" seed="1591822294" result="Passed" start-time="2018-10-06 20:01:52Z" end-time="2018-10-06 20:01:52Z" duration="0.000999" asserts="1" />
            <test-case id="1006" name="WriteLabel_ColorStyle" fullname="NUnit.Common.Tests.ExtendedTextWrapperTests.WriteLabel_ColorStyle" methodname="WriteLabel_ColorStyle" classname="NUnit.Common.Tests.ExtendedTextWrapperTests" runstate="Runnable" seed="1577658262" result="Passed" start-time="2018-10-06 20:01:52Z" end-time="2018-10-06 20:01:52Z" duration="0.000916" asserts="1" />
            <test-case id="1007" name="WriteLabelLine" fullname="NUnit.Common.Tests.ExtendedTextWrapperTests.WriteLabelLine" methodname="WriteLabelLine" classname="NUnit.Common.Tests.ExtendedTextWrapperTests" runstate="Runnable" seed="1916990989" result="Passed" start-time="2018-10-06 20:01:52Z" end-time="2018-10-06 20:01:52Z" duration="0.001077" asserts="1" />
            <test-case id="1008" name="WriteLabelLine_ColorStyle" fullname="NUnit.Common.Tests.ExtendedTextWrapperTests.WriteLabelLine_ColorStyle" methodname="WriteLabelLine_ColorStyle" classname="NUnit.Common.Tests.ExtendedTextWrapperTests" runstate="Runnable" seed="1797067087" result="Passed" start-time="2018-10-06 20:01:52Z" end-time="2018-10-06 20:01:52Z" duration="0.001166" asserts="1" />
            <test-case id="1003" name="WriteLine" fullname="NUnit.Common.Tests.ExtendedTextWrapperTests.WriteLine" methodname="WriteLine" classname="NUnit.Common.Tests.ExtendedTextWrapperTests" runstate="Runnable" seed="1947551808" result="Passed" start-time="2018-10-06 20:01:52Z" end-time="2018-10-06 20:01:52Z" duration="0.000832" asserts="1" />
            <test-case id="1004" name="WriteLine_ColorStyle" fullname="NUnit.Common.Tests.ExtendedTextWrapperTests.WriteLine_ColorStyle" methodname="WriteLine_ColorStyle" classname="NUnit.Common.Tests.ExtendedTextWrapperTests" runstate="Runnable" seed="1671755162" result="Passed" start-time="2018-10-06 20:01:52Z" end-time="2018-10-06 20:01:52Z" duration="0.001327" asserts="1" />
          </test-suite>
          <test-suite type="TestFixture" id="1016" name="TestNameParserTests" fullname="NUnit.Common.Tests.TestNameParserTests" classname="NUnit.Common.Tests.TestNameParserTests" runstate="Runnable" testcasecount="13" result="Passed" start-time="2018-10-06 20:01:52Z" end-time="2018-10-06 20:01:52Z" duration="0.079620" total="13" passed="13" failed="0" warnings="0" inconclusive="0" skipped="0" asserts="30">
            <test-suite type="ParameterizedMethod" id="1026" name="SingleName" fullname="NUnit.Common.Tests.TestNameParserTests.SingleName" classname="NUnit.Common.Tests.TestNameParserTests" runstate="Runnable" testcasecount="9" result="Passed" start-time="2018-10-06 20:01:52Z" end-time="2018-10-06 20:01:52Z" duration="0.054549" total="9" passed="9" failed="0" warnings="0" inconclusive="0" skipped="0" asserts="18">
              <test-case id="1017" name="SingleName(&quot;Test.Namespace.Fixture.Method&quot;)" fullname="NUnit.Common.Tests.TestNameParserTests.SingleName(&quot;Test.Namespace.Fixture.Method&quot;)" methodname="SingleName" classname="NUnit.Common.Tests.TestNameParserTests" runstate="Runnable" seed="1100191489" result="Passed" start-time="2018-10-06 20:01:52Z" end-time="2018-10-06 20:01:52Z" duration="0.040606" asserts="2" />
              <test-case id="1018" name="SingleName(&quot;Test.Namespace.Fixture.Method,&quot;)" fullname="NUnit.Common.Tests.TestNameParserTests.SingleName(&quot;Test.Namespace.Fixture.Method,&quot;)" methodname="SingleName" classname="NUnit.Common.Tests.TestNameParserTests" runstate="Runnable" seed="785458188" result="Passed" start-time="2018-10-06 20:01:52Z" end-time="2018-10-06 20:01:52Z" duration="0.000147" asserts="2" />
              <test-case id="1019" name="SingleName(&quot;  Test.Namespace.Fixture.Method  &quot;)" fullname="NUnit.Common.Tests.TestNameParserTests.SingleName(&quot;  Test.Namespace.Fixture.Method  &quot;)" methodname="SingleName" classname="NUnit.Common.Tests.TestNameParserTests" runstate="Runnable" seed="1780787473" result="Passed" start-time="2018-10-06 20:01:52Z" end-time="2018-10-06 20:01:52Z" duration="0.000097" asserts="2" />
              <test-case id="1020" name="SingleName(&quot;  Test.Namespace.Fixture.Method  ,&quot;)" fullname="NUnit.Common.Tests.TestNameParserTests.SingleName(&quot;  Test.Namespace.Fixture.Method  ,&quot;)" methodname="SingleName" classname="NUnit.Common.Tests.TestNameParserTests" runstate="Runnable" seed="758837178" result="Passed" start-time="2018-10-06 20:01:52Z" end-time="2018-10-06 20:01:52Z" duration="0.000073" asserts="2" />
              <test-case id="1021" name="SingleName(&quot;Test.Namespace.Fixture.Method()&quot;)" fullname="NUnit.Common.Tests.TestNameParserTests.SingleName(&quot;Test.Namespace.Fixture.Method()&quot;)" methodname="SingleName" classname="NUnit.Common.Tests.TestNameParserTests" runstate="Runnable" seed="694135267" result="Passed" start-time="2018-10-06 20:01:52Z" end-time="2018-10-06 20:01:52Z" duration="0.000072" asserts="2" />
              <test-case id="1022" name="SingleName(&quot;Test.Namespace.Fixture.Method(\&quot;string,argument\&quot;)&quot;)" fullname="NUnit.Common.Tests.TestNameParserTests.SingleName(&quot;Test.Namespace.Fixture.Method(\&quot;string,argument\&quot;)&quot;)" methodname="SingleName" classname="NUnit.Common.Tests.TestNameParserTests" runstate="Runnable" seed="870287189" result="Passed" start-time="2018-10-06 20:01:52Z" end-time="2018-10-06 20:01:52Z" duration="0.000080" asserts="2" />
              <test-case id="1023" name="SingleName(&quot;Test.Namespace.Fixture.Method(1,2,3)&quot;)" fullname="NUnit.Common.Tests.TestNameParserTests.SingleName(&quot;Test.Namespace.Fixture.Method(1,2,3)&quot;)" methodname="SingleName" classname="NUnit.Common.Tests.TestNameParserTests" runstate="Runnable" seed="1449317913" result="Passed" start-time="2018-10-06 20:01:52Z" end-time="2018-10-06 20:01:52Z" duration="0.000075" asserts="2" />
              <test-case id="1024" name="SingleName(&quot;Test.Namespace.Fixture.Method&lt;int,int&gt;()&quot;)" fullname="NUnit.Common.Tests.TestNameParserTests.SingleName(&quot;Test.Namespace.Fixture.Method&lt;int,int&gt;()&quot;)" methodname="SingleName" classname="NUnit.Common.Tests.TestNameParserTests" runstate="Runnable" seed="1494961667" result="Passed" start-time="2018-10-06 20:01:52Z" end-time="2018-10-06 20:01:52Z" duration="0.000082" asserts="2" />
              <test-case id="1025" name="SingleName(&quot;Test.Namespace.Fixture.Method(\&quot;)\&quot;)&quot;)" fullname="NUnit.Common.Tests.TestNameParserTests.SingleName(&quot;Test.Namespace.Fixture.Method(\&quot;)\&quot;)&quot;)" methodname="SingleName" classname="NUnit.Common.Tests.TestNameParserTests" runstate="Runnable" seed="163076812" result="Passed" start-time="2018-10-06 20:01:52Z" end-time="2018-10-06 20:01:52Z" duration="0.000093" asserts="2" />
            </test-suite>
            <test-suite type="ParameterizedMethod" id="1031" name="TwoNames" fullname="NUnit.Common.Tests.TestNameParserTests.TwoNames" classname="NUnit.Common.Tests.TestNameParserTests" runstate="Runnable" testcasecount="4" result="Passed" start-time="2018-10-06 20:01:52Z" end-time="2018-10-06 20:01:52Z" duration="0.012466" total="4" passed="4" failed="0" warnings="0" inconclusive="0" skipped="0" asserts="12">
              <test-case id="1027" name="TwoNames(&quot;Test.Namespace.Fixture.Method1&quot;,&quot;Test.Namespace.Fixture.Method2&quot;)" fullname="NUnit.Common.Tests.TestNameParserTests.TwoNames(&quot;Test.Namespace.Fixture.Method1&quot;,&quot;Test.Namespace.Fixture.Method2&quot;)" methodname="TwoNames" classname="NUnit.Common.Tests.TestNameParserTests" runstate="Runnable" seed="867536954" result="Passed" start-time="2018-10-06 20:01:52Z" end-time="2018-10-06 20:01:52Z" duration="0.000882" asserts="3" />
              <test-case id="1028" name="TwoNames(&quot;Test.Namespace.Fixture.Method1&quot;,&quot;Test.Namespace.Fixture.Method2,&quot;)" fullname="NUnit.Common.Tests.TestNameParserTests.TwoNames(&quot;Test.Namespace.Fixture.Method1&quot;,&quot;Test.Namespace.Fixture.Method2,&quot;)" methodname="TwoNames" classname="NUnit.Common.Tests.TestNameParserTests" runstate="Runnable" seed="823903918" result="Passed" start-time="2018-10-06 20:01:52Z" end-time="2018-10-06 20:01:52Z" duration="0.000060" asserts="3" />
              <test-case id="1029" name="TwoNames(&quot;Test.Namespace.Fixture.Method1(1,2)&quot;,&quot;Test.Namespace.Fixture.Method2(3,4)&quot;)" fullname="NUnit.Common.Tests.TestNameParserTests.TwoNames(&quot;Test.Namespace.Fixture.Method1(1,2)&quot;,&quot;Test.Namespace.Fixture.Method2(3,4)&quot;)" methodname="TwoNames" classname="NUnit.Common.Tests.TestNameParserTests" runstate="Runnable" seed="952180100" result="Passed" start-time="2018-10-06 20:01:52Z" end-time="2018-10-06 20:01:52Z" duration="0.000057" asserts="3" />
              <test-case id="1030" name="TwoNames(&quot;Test.Namespace.Fixture.Method1(\&quot;(\&quot;)&quot;,&quot;Test.Namespace.Fixture.Method2(\&quot;&lt;\&quot;)&quot;)" fullname="NUnit.Common.Tests.TestNameParserTests.TwoNames(&quot;Test.Namespace.Fixture.Method1(\&quot;(\&quot;)&quot;,&quot;Test.Namespace.Fixture.Method2(\&quot;&lt;\&quot;)&quot;)" methodname="TwoNames" classname="NUnit.Common.Tests.TestNameParserTests" runstate="Runnable" seed="142047256" result="Passed" start-time="2018-10-06 20:01:52Z" end-time="2018-10-06 20:01:52Z" duration="0.000113" asserts="3" />
            </test-suite>
          </test-suite>
          <test-suite type="TestFixture" id="1009" name="OutputSpecificationTests" fullname="NUnit.Common.Tests.OutputSpecificationTests" classname="NUnit.Common.Tests.OutputSpecificationTests" runstate="Runnable" testcasecount="6" result="Passed" start-time="2018-10-06 20:01:52Z" end-time="2018-10-06 20:01:52Z" duration="0.088339" total="6" passed="6" failed="0" warnings="0" inconclusive="0" skipped="0" asserts="8">
            <test-case id="1013" name="FileNameOnly" fullname="NUnit.Common.Tests.OutputSpecificationTests.FileNameOnly" methodname="FileNameOnly" classname="NUnit.Common.Tests.OutputSpecificationTests" runstate="Runnable" seed="219488807" result="Passed" start-time="2018-10-06 20:01:52Z" end-time="2018-10-06 20:01:52Z" duration="0.021251" asserts="2" />
            <test-case id="1014" name="FileNamePlusFormat" fullname="NUnit.Common.Tests.OutputSpecificationTests.FileNamePlusFormat" methodname="FileNamePlusFormat" classname="NUnit.Common.Tests.OutputSpecificationTests" runstate="Runnable" seed="612823693" result="Passed" start-time="2018-10-06 20:01:52Z" end-time="2018-10-06 20:01:52Z" duration="0.000841" asserts="2" />
            <test-case id="1015" name="MultipleFormatSpecifiersNotAllowed" fullname="NUnit.Common.Tests.OutputSpecificationTests.MultipleFormatSpecifiersNotAllowed" methodname="MultipleFormatSpecifiersNotAllowed" classname="NUnit.Common.Tests.OutputSpecificationTests" runstate="Runnable" seed="975858692" result="Passed" start-time="2018-10-06 20:01:52Z" end-time="2018-10-06 20:01:52Z" duration="0.027143" asserts="1" />
            <test-case id="1010" name="SpecMayNotBeNull" fullname="NUnit.Common.Tests.OutputSpecificationTests.SpecMayNotBeNull" methodname="SpecMayNotBeNull" classname="NUnit.Common.Tests.OutputSpecificationTests" runstate="Runnable" seed="1546724100" result="Passed" start-time="2018-10-06 20:01:52Z" end-time="2018-10-06 20:01:52Z" duration="0.001568" asserts="1" />
            <test-case id="1011" name="SpecOptionMustContainEqualSign" fullname="NUnit.Common.Tests.OutputSpecificationTests.SpecOptionMustContainEqualSign" methodname="SpecOptionMustContainEqualSign" classname="NUnit.Common.Tests.OutputSpecificationTests" runstate="Runnable" seed="1524355892" result="Passed" start-time="2018-10-06 20:01:52Z" end-time="2018-10-06 20:01:52Z" duration="0.001133" asserts="1" />
            <test-case id="1012" name="SpecOptionMustContainJustOneEqualSign" fullname="NUnit.Common.Tests.OutputSpecificationTests.SpecOptionMustContainJustOneEqualSign" methodname="SpecOptionMustContainJustOneEqualSign" classname="NUnit.Common.Tests.OutputSpecificationTests" runstate="Runnable" seed="141213848" result="Passed" start-time="2018-10-06 20:01:52Z" end-time="2018-10-06 20:01:52Z" duration="0.001098" asserts="1" />
          </test-suite>
          <test-suite type="TestFixture" id="1073" name="TokenizerTests" fullname="NUnit.Common.Tests.TokenizerTests" classname="NUnit.Common.Tests.TokenizerTests" runstate="Runnable" testcasecount="12" result="Passed" start-time="2018-10-06 20:01:52Z" end-time="2018-10-06 20:01:52Z" duration="0.103475" total="12" passed="12" failed="0" warnings="0" inconclusive="0" skipped="0" asserts="61">
            <test-case id="1075" name="BlankStringReturnsEof" fullname="NUnit.Common.Tests.TokenizerTests.BlankStringReturnsEof" methodname="BlankStringReturnsEof" classname="NUnit.Common.Tests.TokenizerTests" runstate="Runnable" seed="663495861" result="Passed" start-time="2018-10-06 20:01:52Z" end-time="2018-10-06 20:01:52Z" duration="0.054086" asserts="3" />
            <test-case id="1076" name="IdentifierTokens" fullname="NUnit.Common.Tests.TokenizerTests.IdentifierTokens" methodname="IdentifierTokens" classname="NUnit.Common.Tests.TokenizerTests" runstate="Runnable" seed="695174283" result="Passed" start-time="2018-10-06 20:01:52Z" end-time="2018-10-06 20:01:52Z" duration="0.001487" asserts="5" />
            <test-case id="1085" name="MixedTokens_Complex" fullname="NUnit.Common.Tests.TokenizerTests.MixedTokens_Complex" methodname="MixedTokens_Complex" classname="NUnit.Common.Tests.TokenizerTests" runstate="Runnable" seed="461780192" result="Passed" start-time="2018-10-06 20:01:52Z" end-time="2018-10-06 20:01:52Z" duration="0.002205" asserts="14" />
            <test-case id="1084" name="MixedTokens_Simple" fullname="NUnit.Common.Tests.TokenizerTests.MixedTokens_Simple" methodname="MixedTokens_Simple" classname="NUnit.Common.Tests.TokenizerTests" runstate="Runnable" seed="1212584170" result="Passed" start-time="2018-10-06 20:01:52Z" end-time="2018-10-06 20:01:52Z" duration="0.000954" asserts="4" />
            <test-case id="1074" name="NullInputThrowsException" fullname="NUnit.Common.Tests.TokenizerTests.NullInputThrowsException" methodname="NullInputThrowsException" classname="NUnit.Common.Tests.TokenizerTests" runstate="Runnable" seed="598125756" result="Passed" start-time="2018-10-06 20:01:52Z" end-time="2018-10-06 20:01:52Z" duration="0.011578" asserts="1" />
            <test-case id="1081" name="StringsMayContainEscapedQuoteChar" fullname="NUnit.Common.Tests.TokenizerTests.StringsMayContainEscapedQuoteChar" methodname="StringsMayContainEscapedQuoteChar" classname="NUnit.Common.Tests.TokenizerTests" runstate="Runnable" seed="2058890279" result="Passed" start-time="2018-10-06 20:01:52Z" end-time="2018-10-06 20:01:52Z" duration="0.001337" asserts="4" />
            <test-case id="1078" name="StringWithDoubleQuotes" fullname="NUnit.Common.Tests.TokenizerTests.StringWithDoubleQuotes" methodname="StringWithDoubleQuotes" classname="NUnit.Common.Tests.TokenizerTests" runstate="Runnable" seed="622095884" result="Passed" start-time="2018-10-06 20:01:52Z" end-time="2018-10-06 20:01:52Z" duration="0.000835" asserts="4" />
            <test-case id="1079" name="StringWithSingleQuotes" fullname="NUnit.Common.Tests.TokenizerTests.StringWithSingleQuotes" methodname="StringWithSingleQuotes" classname="NUnit.Common.Tests.TokenizerTests" runstate="Runnable" seed="949410795" result="Passed" start-time="2018-10-06 20:01:52Z" end-time="2018-10-06 20:01:52Z" duration="0.000832" asserts="4" />
            <test-case id="1080" name="StringWithSlashes" fullname="NUnit.Common.Tests.TokenizerTests.StringWithSlashes" methodname="StringWithSlashes" classname="NUnit.Common.Tests.TokenizerTests" runstate="Runnable" seed="244829077" result="Passed" start-time="2018-10-06 20:01:52Z" end-time="2018-10-06 20:01:52Z" duration="0.001248" asserts="4" />
            <test-case id="1083" name="SymbolTokens_DoubleChar" fullname="NUnit.Common.Tests.TokenizerTests.SymbolTokens_DoubleChar" methodname="SymbolTokens_DoubleChar" classname="NUnit.Common.Tests.TokenizerTests" runstate="Runnable" seed="1490855112" result="Passed" start-time="2018-10-06 20:01:52Z" end-time="2018-10-06 20:01:52Z" duration="0.006523" asserts="7" />
            <test-case id="1082" name="SymbolTokens_SingleChar" fullname="NUnit.Common.Tests.TokenizerTests.SymbolTokens_SingleChar" methodname="SymbolTokens_SingleChar" classname="NUnit.Common.Tests.TokenizerTests" runstate="Runnable" seed="361032180" result="Passed" start-time="2018-10-06 20:01:52Z" end-time="2018-10-06 20:01:52Z" duration="0.002710" asserts="7" />
            <test-case id="1077" name="WordsInUnicode" fullname="NUnit.Common.Tests.TokenizerTests.WordsInUnicode" methodname="WordsInUnicode" classname="NUnit.Common.Tests.TokenizerTests" runstate="Runnable" seed="2136143505" result="Passed" start-time="2018-10-06 20:01:52Z" end-time="2018-10-06 20:01:52Z" duration="0.001531" asserts="4" />
          </test-suite>
          <test-suite type="TestFixture" id="1032" name="TestSelectionParserTests" fullname="NUnit.Common.Tests.TestSelectionParserTests" classname="NUnit.Common.Tests.TestSelectionParserTests" runstate="Runnable" testcasecount="38" result="Passed" start-time="2018-10-06 20:01:52Z" end-time="2018-10-06 20:01:52Z" duration="0.108337" total="38" passed="38" failed="0" warnings="0" inconclusive="0" skipped="0" asserts="72">
            <test-suite type="ParameterizedMethod" id="1067" name="TestParser" fullname="NUnit.Common.Tests.TestSelectionParserTests.TestParser" classname="NUnit.Common.Tests.TestSelectionParserTests" runstate="Runnable" testcasecount="34" result="Passed" start-time="2018-10-06 20:01:52Z" end-time="2018-10-06 20:01:52Z" duration="0.091515" total="34" passed="34" failed="0" warnings="0" inconclusive="0" skipped="0" asserts="68">
              <test-case id="1033" name="TestParser(&quot;cat=Urgent&quot;,&quot;&lt;cat&gt;Urgent&lt;/cat&gt;&quot;)" fullname="NUnit.Common.Tests.TestSelectionParserTests.TestParser(&quot;cat=Urgent&quot;,&quot;&lt;cat&gt;Urgent&lt;/cat&gt;&quot;)" methodname="TestParser" classname="NUnit.Common.Tests.TestSelectionParserTests" runstate="Runnable" seed="724430937" result="Passed" start-time="2018-10-06 20:01:52Z" end-time="2018-10-06 20:01:52Z" duration="0.041596" asserts="2" />
              <test-case id="1034" name="TestParser(&quot;cat==Urgent&quot;,&quot;&lt;cat&gt;Urgent&lt;/cat&gt;&quot;)" fullname="NUnit.Common.Tests.TestSelectionParserTests.TestParser(&quot;cat==Urgent&quot;,&quot;&lt;cat&gt;Urgent&lt;/cat&gt;&quot;)" methodname="TestParser" classname="NUnit.Common.Tests.TestSelectionParserTests" runstate="Runnable" seed="149735571" result="Passed" start-time="2018-10-06 20:01:52Z" end-time="2018-10-06 20:01:52Z" duration="0.000301" asserts="2" />
              <test-case id="1035" name="TestParser(&quot;cat=='Urgent,+-!'&quot;,&quot;&lt;cat&gt;Urgent,+-!&lt;/cat&gt;&quot;)" fullname="NUnit.Common.Tests.TestSelectionParserTests.TestParser(&quot;cat=='Urgent,+-!'&quot;,&quot;&lt;cat&gt;Urgent,+-!&lt;/cat&gt;&quot;)" methodname="TestParser" classname="NUnit.Common.Tests.TestSelectionParserTests" runstate="Runnable" seed="2025731614" result="Passed" start-time="2018-10-06 20:01:52Z" end-time="2018-10-06 20:01:52Z" duration="0.001373" asserts="2" />
              <test-case id="1036" name="TestParser(&quot;cat!=Urgent&quot;,&quot;&lt;not&gt;&lt;cat&gt;Urgent&lt;/cat&gt;&lt;/not&gt;&quot;)" fullname="NUnit.Common.Tests.TestSelectionParserTests.TestParser(&quot;cat!=Urgent&quot;,&quot;&lt;not&gt;&lt;cat&gt;Urgent&lt;/cat&gt;&lt;/not&gt;&quot;)" methodname="TestParser" classname="NUnit.Common.Tests.TestSelectionParserTests" runstate="Runnable" seed="2031405254" result="Passed" start-time="2018-10-06 20:01:52Z" end-time="2018-10-06 20:01:52Z" duration="0.000143" asserts="2" />
              <test-case id="1037" name="TestParser(&quot;cat!='Urgent,+-!'&quot;,&quot;&lt;not&gt;&lt;cat&gt;Urgent,+-!&lt;/cat&gt;&lt;/not&gt;&quot;)" fullname="NUnit.Common.Tests.TestSelectionParserTests.TestParser(&quot;cat!='Urgent,+-!'&quot;,&quot;&lt;not&gt;&lt;cat&gt;Urgent,+-!&lt;/cat&gt;&lt;/not&gt;&quot;)" methodname="TestParser" classname="NUnit.Common.Tests.TestSelectionParserTests" runstate="Runnable" seed="1574293483" result="Passed" start-time="2018-10-06 20:01:52Z" end-time="2018-10-06 20:01:52Z" duration="0.000239" asserts="2" />
              <test-case id="1038" name="TestParser(&quot;cat =~ Urgent&quot;,&quot;&lt;cat re='1'&gt;Urgent&lt;/cat&gt;&quot;)" fullname="NUnit.Common.Tests.TestSelectionParserTests.TestParser(&quot;cat =~ Urgent&quot;,&quot;&lt;cat re='1'&gt;Urgent&lt;/cat&gt;&quot;)" methodname="TestParser" classname="NUnit.Common.Tests.TestSelectionParserTests" runstate="Runnable" seed="1508483992" result="Passed" start-time="2018-10-06 20:01:52Z" end-time="2018-10-06 20:01:52Z" duration="0.000267" asserts="2" />
              <test-case id="1039" name="TestParser(&quot;cat =~ 'Urgent,+-!'&quot;,&quot;&lt;cat re='1'&gt;Urgent,+-!&lt;/cat&gt;&quot;)" fullname="NUnit.Common.Tests.TestSelectionParserTests.TestParser(&quot;cat =~ 'Urgent,+-!'&quot;,&quot;&lt;cat re='1'&gt;Urgent,+-!&lt;/cat&gt;&quot;)" methodname="TestParser" classname="NUnit.Common.Tests.TestSelectionParserTests" runstate="Runnable" seed="1871958377" result="Passed" start-time="2018-10-06 20:01:52Z" end-time="2018-10-06 20:01:52Z" duration="0.000200" asserts="2" />
              <test-case id="1040" name="TestParser(&quot;cat =~ 'Urgent,\\+-!'&quot;,&quot;&lt;cat re='1'&gt;Urgent,+-!&lt;/cat&gt;&quot;)" fullname="NUnit.Common.Tests.TestSelectionParserTests.TestParser(&quot;cat =~ 'Urgent,\\+-!'&quot;,&quot;&lt;cat re='1'&gt;Urgent,+-!&lt;/cat&gt;&quot;)" methodname="TestParser" classname="NUnit.Common.Tests.TestSelectionParserTests" runstate="Runnable" seed="654339715" result="Passed" start-time="2018-10-06 20:01:52Z" end-time="2018-10-06 20:01:52Z" duration="0.000245" asserts="2" />
              <test-case id="1041" name="TestParser(&quot;cat =~ 'Urgent,\\\\+-!'&quot;,&quot;&lt;cat re='1'&gt;Urgent,\\+-!&lt;/cat&gt;&quot;)" fullname="NUnit.Common.Tests.TestSelectionParserTests.TestParser(&quot;cat =~ 'Urgent,\\\\+-!'&quot;,&quot;&lt;cat re='1'&gt;Urgent,\\+-!&lt;/cat&gt;&quot;)" methodname="TestParser" classname="NUnit.Common.Tests.TestSelectionParserTests" runstate="Runnable" seed="1964612752" result="Passed" start-time="2018-10-06 20:01:52Z" end-time="2018-10-06 20:01:52Z" duration="0.000286" asserts="2" />
              <test-case id="1042" name="TestParser(&quot;cat !~ Urgent&quot;,&quot;&lt;not&gt;&lt;cat re='1'&gt;Urgent&lt;/cat&gt;&lt;/not&gt;&quot;)" fullname="NUnit.Common.Tests.TestSelectionParserTests.TestParser(&quot;cat !~ Urgent&quot;,&quot;&lt;not&gt;&lt;cat re='1'&gt;Urgent&lt;/cat&gt;&lt;/not&gt;&quot;)" methodname="TestParser" classname="NUnit.Common.Tests.TestSelectionParserTests" runstate="Runnable" seed="682389232" result="Passed" start-time="2018-10-06 20:01:52Z" end-time="2018-10-06 20:01:52Z" duration="0.001150" asserts="2" />
              <test-case id="1043" name="TestParser(&quot;cat !~ 'Urgent,+-!'&quot;,&quot;&lt;not&gt;&lt;cat re='1'&gt;Urgent,+-!&lt;/cat&gt;&lt;/not&gt;&quot;)" fullname="NUnit.Common.Tests.TestSelectionParserTests.TestParser(&quot;cat !~ 'Urgent,+-!'&quot;,&quot;&lt;not&gt;&lt;cat re='1'&gt;Urgent,+-!&lt;/cat&gt;&lt;/not&gt;&quot;)" methodname="TestParser" classname="NUnit.Common.Tests.TestSelectionParserTests" runstate="Runnable" seed="1204239514" result="Passed" start-time="2018-10-06 20:01:52Z" end-time="2018-10-06 20:01:52Z" duration="0.000234" asserts="2" />
              <test-case id="1044" name="TestParser(&quot;cat !~ 'Urgent,\\+-!'&quot;,&quot;&lt;not&gt;&lt;cat re='1'&gt;Urgent,+-!&lt;/cat&gt;&lt;/not&gt;&quot;)" fullname="NUnit.Common.Tests.TestSelectionParserTests.TestParser(&quot;cat !~ 'Urgent,\\+-!'&quot;,&quot;&lt;not&gt;&lt;cat re='1'&gt;Urgent,+-!&lt;/cat&gt;&lt;/not&gt;&quot;)" methodname="TestParser" classname="NUnit.Common.Tests.TestSelectionParserTests" runstate="Runnable" seed="1336920431" result="Passed" start-time="2018-10-06 20:01:52Z" end-time="2018-10-06 20:01:52Z" duration="0.000233" asserts="2" />
              <test-case id="1045" name="TestParser(&quot;cat !~ 'Urgent,\\\\+-!'&quot;,&quot;&lt;not&gt;&lt;cat re='1'&gt;Urgent,\\+-!&lt;/cat&gt;&lt;/not&gt;&quot;)" fullname="NUnit.Common.Tests.TestSelectionParserTests.TestParser(&quot;cat !~ 'Urgent,\\\\+-!'&quot;,&quot;&lt;not&gt;&lt;cat re='1'&gt;Urgent,\\+-!&lt;/cat&gt;&lt;/not&gt;&quot;)" methodname="TestParser" classname="NUnit.Common.Tests.TestSelectionParserTests" runstate="Runnable" seed="1631634929" result="Passed" start-time="2018-10-06 20:01:52Z" end-time="2018-10-06 20:01:52Z" duration="0.000278" asserts="2" />
              <test-case id="1046" name="TestParser(&quot;cat = Urgent || cat = High&quot;,&quot;&lt;or&gt;&lt;cat&gt;Urgent&lt;/cat&gt;&lt;cat&gt;High&lt;/cat&gt;&lt;/or&gt;&quot;)" fullname="NUnit.Common.Tests.TestSelectionParserTests.TestParser(&quot;cat = Urgent || cat = High&quot;,&quot;&lt;or&gt;&lt;cat&gt;Urgent&lt;/cat&gt;&lt;cat&gt;High&lt;/cat&gt;&lt;/or&gt;&quot;)" methodname="TestParser" classname="NUnit.Common.Tests.TestSelectionParserTests" runstate="Runnable" seed="1639992290" result="Passed" start-time="2018-10-06 20:01:52Z" end-time="2018-10-06 20:01:52Z" duration="0.000295" asserts="2" />
              <test-case id="1047" name="TestParser(&quot;Priority == High&quot;,&quot;&lt;prop name='Priority'&gt;High&lt;/prop&gt;&quot;)" fullname="NUnit.Common.Tests.TestSelectionParserTests.TestParser(&quot;Priority == High&quot;,&quot;&lt;prop name='Priority'&gt;High&lt;/prop&gt;&quot;)" methodname="TestParser" classname="NUnit.Common.Tests.TestSelectionParserTests" runstate="Runnable" seed="2059502664" result="Passed" start-time="2018-10-06 20:01:52Z" end-time="2018-10-06 20:01:52Z" duration="0.001270" asserts="2" />
              <test-case id="1048" name="TestParser(&quot;Priority != Urgent&quot;,&quot;&lt;not&gt;&lt;prop name='Priority'&gt;Urgent&lt;/prop&gt;&lt;/not&gt;&quot;)" fullname="NUnit.Common.Tests.TestSelectionParserTests.TestParser(&quot;Priority != Urgent&quot;,&quot;&lt;not&gt;&lt;prop name='Priority'&gt;Urgent&lt;/prop&gt;&lt;/not&gt;&quot;)" methodname="TestParser" classname="NUnit.Common.Tests.TestSelectionParserTests" runstate="Runnable" seed="1537786994" result="Passed" start-time="2018-10-06 20:01:52Z" end-time="2018-10-06 20:01:52Z" duration="0.000255" asserts="2" />
              <test-case id="1049" name="TestParser(&quot;Author =~ Jones&quot;,&quot;&lt;prop name='Author' re='1'&gt;Jones&lt;/prop&gt;&quot;)" fullname="NUnit.Common.Tests.TestSelectionParserTests.TestParser(&quot;Author =~ Jones&quot;,&quot;&lt;prop name='Author' re='1'&gt;Jones&lt;/prop&gt;&quot;)" methodname="TestParser" classname="NUnit.Common.Tests.TestSelectionParserTests" runstate="Runnable" seed="1477843281" result="Passed" start-time="2018-10-06 20:01:52Z" end-time="2018-10-06 20:01:52Z" duration="0.000155" asserts="2" />
              <test-case id="1050" name="TestParser(&quot;Author !~ Jones&quot;,&quot;&lt;not&gt;&lt;prop name='Author' re='1'&gt;Jones&lt;/prop&gt;&lt;/not&gt;&quot;)" fullname="NUnit.Common.Tests.TestSelectionParserTests.TestParser(&quot;Author !~ Jones&quot;,&quot;&lt;not&gt;&lt;prop name='Author' re='1'&gt;Jones&lt;/prop&gt;&lt;/not&gt;&quot;)" methodname="TestParser" classname="NUnit.Common.Tests.TestSelectionParserTests" runstate="Runnable" seed="2011333126" result="Passed" start-time="2018-10-06 20:01:52Z" end-time="2018-10-06 20:01:52Z" duration="0.000149" asserts="2" />
              <test-case id="1051" name="TestParser(&quot;name='SomeTest'&quot;,&quot;&lt;name&gt;SomeTest&lt;/name&gt;&quot;)" fullname="NUnit.Common.Tests.TestSelectionParserTests.TestParser(&quot;name='SomeTest'&quot;,&quot;&lt;name&gt;SomeTest&lt;/name&gt;&quot;)" methodname="TestParser" classname="NUnit.Common.Tests.TestSelectionParserTests" runstate="Runnable" seed="324609185" result="Passed" start-time="2018-10-06 20:01:52Z" end-time="2018-10-06 20:01:52Z" duration="0.000348" asserts="2" />
              <test-case id="1052" name="TestParser(&quot;method=TestMethod&quot;,&quot;&lt;method&gt;TestMethod&lt;/method&gt;&quot;)" fullname="NUnit.Common.Tests.TestSelectionParserTests.TestParser(&quot;method=TestMethod&quot;,&quot;&lt;method&gt;TestMethod&lt;/method&gt;&quot;)" methodname="TestParser" classname="NUnit.Common.Tests.TestSelectionParserTests" runstate="Runnable" seed="340167117" result="Passed" start-time="2018-10-06 20:01:52Z" end-time="2018-10-06 20:01:52Z" duration="0.000348" asserts="2" />
              <test-case id="1053" name="TestParser(&quot;method=Test1||method=Test2||method=Test3&quot;,&quot;&lt;or&gt;&lt;method&gt;Test1&lt;/method&gt;&lt;method&gt;Test2&lt;/method&gt;&lt;method&gt;Test3&lt;/method&gt;&lt;/or&gt;&quot;)" fullname="NUnit.Common.Tests.TestSelectionParserTests.TestParser(&quot;method=Test1||method=Test2||method=Test3&quot;,&quot;&lt;or&gt;&lt;method&gt;Test1&lt;/method&gt;&lt;method&gt;Test2&lt;/method&gt;&lt;method&gt;Test3&lt;/method&gt;&lt;/or&gt;&quot;)" methodname="TestParser" classname="NUnit.Common.Tests.TestSelectionParserTests" runstate="Runnable" seed="1340610622" result="Passed" start-time="2018-10-06 20:01:52Z" end-time="2018-10-06 20:01:52Z" duration="0.004378" asserts="2" />
              <test-case id="1054" name="TestParser(&quot;test='My.Test.Fixture.Method(42)'&quot;,&quot;&lt;test&gt;My.Test.Fixture.Method(42)&lt;/test&gt;&quot;)" fullname="NUnit.Common.Tests.TestSelectionParserTests.TestParser(&quot;test='My.Test.Fixture.Method(42)'&quot;,&quot;&lt;test&gt;My.Test.Fixture.Method(42)&lt;/test&gt;&quot;)" methodname="TestParser" classname="NUnit.Common.Tests.TestSelectionParserTests" runstate="Runnable" seed="296333396" result="Passed" start-time="2018-10-06 20:01:52Z" end-time="2018-10-06 20:01:52Z" duration="0.000302" asserts="2" />
              <test-case id="1055" name="TestParser(&quot;test='My.Test.Fixture.Method(\&quot;xyz\&quot;)'&quot;,&quot;&lt;test&gt;My.Test.Fixture.Method(&amp;quot;xyz&amp;quot;)&lt;/test&gt;&quot;)" fullname="NUnit.Common.Tests.TestSelectionParserTests.TestParser(&quot;test='My.Test.Fixture.Method(\&quot;xyz\&quot;)'&quot;,&quot;&lt;test&gt;My.Test.Fixture.Method(&amp;quot;xyz&amp;quot;)&lt;/test&gt;&quot;)" methodname="TestParser" classname="NUnit.Common.Tests.TestSelectionParserTests" runstate="Runnable" seed="218476005" result="Passed" start-time="2018-10-06 20:01:52Z" end-time="2018-10-06 20:01:52Z" duration="0.000241" asserts="2" />
              <test-case id="1056" name="TestParser(&quot;test='My.Test.Fixture.Method(\&quot;abc\\'s\&quot;)'&quot;,&quot;&lt;test&gt;My.Test.Fixture.Method(&amp;quot;abc&amp;apos;s&amp;quot;)&lt;/test&gt;&quot;)" fullname="NUnit.Common.Tests.TestSelectionParserTests.TestParser(&quot;test='My.Test.Fixture.Method(\&quot;abc\\'s\&quot;)'&quot;,&quot;&lt;test&gt;My.Test.Fixture.Method(&amp;quot;abc&amp;apos;s&amp;quot;)&lt;/test&gt;&quot;)" methodname="TestParser" classname="NUnit.Common.Tests.TestSelectionParserTests" runstate="Runnable" seed="1386322474" result="Passed" start-time="2018-10-06 20:01:52Z" end-time="2018-10-06 20:01:52Z" duration="0.000214" asserts="2" />
              <test-case id="1057" name="TestParser(&quot;test='My.Test.Fixture.Method(\&quot;x&amp;y&amp;z\&quot;)'&quot;,&quot;&lt;test&gt;My.Test.Fixture.Method(&amp;quot;x&amp;amp;y&amp;amp;z&amp;quot;)&lt;/test&gt;&quot;)" fullname="NUnit.Common.Tests.TestSelectionParserTests.TestParser(&quot;test='My.Test.Fixture.Method(\&quot;x&amp;y&amp;z\&quot;)'&quot;,&quot;&lt;test&gt;My.Test.Fixture.Method(&amp;quot;x&amp;amp;y&amp;amp;z&amp;quot;)&lt;/test&gt;&quot;)" methodname="TestParser" classname="NUnit.Common.Tests.TestSelectionParserTests" runstate="Runnable" seed="230932983" result="Passed" start-time="2018-10-06 20:01:52Z" end-time="2018-10-06 20:01:52Z" duration="0.000188" asserts="2" />
              <test-case id="1058" name="TestParser(&quot;test='My.Test.Fixture.Method(\&quot;&lt;xyz&gt;\&quot;)'&quot;,&quot;&lt;test&gt;My.Test.Fixture.Method(&amp;quot;&amp;lt;xyz&amp;gt;&amp;quot;)&lt;/test&gt;&quot;)" fullname="NUnit.Common.Tests.TestSelectionParserTests.TestParser(&quot;test='My.Test.Fixture.Method(\&quot;&lt;xyz&gt;\&quot;)'&quot;,&quot;&lt;test&gt;My.Test.Fixture.Method(&amp;quot;&amp;lt;xyz&amp;gt;&amp;quot;)&lt;/test&gt;&quot;)" methodname="TestParser" classname="NUnit.Common.Tests.TestSelectionParserTests" runstate="Runnable" seed="158123334" result="Passed" start-time="2018-10-06 20:01:52Z" end-time="2018-10-06 20:01:52Z" duration="0.000273" asserts="2" />
              <test-case id="1059" name="TestParser(&quot;cat==Urgent &amp;&amp; test=='My.Tests'&quot;,&quot;&lt;and&gt;&lt;cat&gt;Urgent&lt;/cat&gt;&lt;test&gt;My.Tests&lt;/test&gt;&lt;/and&gt;&quot;)" fullname="NUnit.Common.Tests.TestSelectionParserTests.TestParser(&quot;cat==Urgent &amp;&amp; test=='My.Tests'&quot;,&quot;&lt;and&gt;&lt;cat&gt;Urgent&lt;/cat&gt;&lt;test&gt;My.Tests&lt;/test&gt;&lt;/and&gt;&quot;)" methodname="TestParser" classname="NUnit.Common.Tests.TestSelectionParserTests" runstate="Runnable" seed="458815699" result="Passed" start-time="2018-10-06 20:01:52Z" end-time="2018-10-06 20:01:52Z" duration="0.000220" asserts="2" />
              <test-case id="1060" name="TestParser(&quot;cat==Urgent and test=='My.Tests'&quot;,&quot;&lt;and&gt;&lt;cat&gt;Urgent&lt;/cat&gt;&lt;test&gt;My.Tests&lt;/test&gt;&lt;/and&gt;&quot;)" fullname="NUnit.Common.Tests.TestSelectionParserTests.TestParser(&quot;cat==Urgent and test=='My.Tests'&quot;,&quot;&lt;and&gt;&lt;cat&gt;Urgent&lt;/cat&gt;&lt;test&gt;My.Tests&lt;/test&gt;&lt;/and&gt;&quot;)" methodname="TestParser" classname="NUnit.Common.Tests.TestSelectionParserTests" runstate="Runnable" seed="1951186331" result="Passed" start-time="2018-10-06 20:01:52Z" end-time="2018-10-06 20:01:52Z" duration="0.000260" asserts="2" />
              <test-case id="1061" name="TestParser(&quot;cat==Urgent || test=='My.Tests'&quot;,&quot;&lt;or&gt;&lt;cat&gt;Urgent&lt;/cat&gt;&lt;test&gt;My.Tests&lt;/test&gt;&lt;/or&gt;&quot;)" fullname="NUnit.Common.Tests.TestSelectionParserTests.TestParser(&quot;cat==Urgent || test=='My.Tests'&quot;,&quot;&lt;or&gt;&lt;cat&gt;Urgent&lt;/cat&gt;&lt;test&gt;My.Tests&lt;/test&gt;&lt;/or&gt;&quot;)" methodname="TestParser" classname="NUnit.Common.Tests.TestSelectionParserTests" runstate="Runnable" seed="1861700966" result="Passed" start-time="2018-10-06 20:01:52Z" end-time="2018-10-06 20:01:52Z" duration="0.000302" asserts="2" />
              <test-case id="1062" name="TestParser(&quot;cat==Urgent or test=='My.Tests'&quot;,&quot;&lt;or&gt;&lt;cat&gt;Urgent&lt;/cat&gt;&lt;test&gt;My.Tests&lt;/test&gt;&lt;/or&gt;&quot;)" fullname="NUnit.Common.Tests.TestSelectionParserTests.TestParser(&quot;cat==Urgent or test=='My.Tests'&quot;,&quot;&lt;or&gt;&lt;cat&gt;Urgent&lt;/cat&gt;&lt;test&gt;My.Tests&lt;/test&gt;&lt;/or&gt;&quot;)" methodname="TestParser" classname="NUnit.Common.Tests.TestSelectionParserTests" runstate="Runnable" seed="1732435182" result="Passed" start-time="2018-10-06 20:01:52Z" end-time="2018-10-06 20:01:52Z" duration="0.000335" asserts="2" />
              <test-case id="1063" name="TestParser(&quot;cat==Urgent || test=='My.Tests' &amp;&amp; cat == high&quot;,&quot;&lt;or&gt;&lt;cat&gt;Urgent&lt;/cat&gt;&lt;and&gt;&lt;test&gt;My.Tests&lt;/test&gt;&lt;cat&gt;high&lt;/cat&gt;&lt;/and&gt;&lt;/or&gt;&quot;)" fullname="NUnit.Common.Tests.TestSelectionParserTests.TestParser(&quot;cat==Urgent || test=='My.Tests' &amp;&amp; cat == high&quot;,&quot;&lt;or&gt;&lt;cat&gt;Urgent&lt;/cat&gt;&lt;and&gt;&lt;test&gt;My.Tests&lt;/test&gt;&lt;cat&gt;high&lt;/cat&gt;&lt;/and&gt;&lt;/or&gt;&quot;)" methodname="TestParser" classname="NUnit.Common.Tests.TestSelectionParserTests" runstate="Runnable" seed="91299045" result="Passed" start-time="2018-10-06 20:01:52Z" end-time="2018-10-06 20:01:52Z" duration="0.000448" asserts="2" />
              <test-case id="1064" name="TestParser(&quot;cat==Urgent &amp;&amp; test=='My.Tests' || cat == high&quot;,&quot;&lt;or&gt;&lt;and&gt;&lt;cat&gt;Urgent&lt;/cat&gt;&lt;test&gt;My.Tests&lt;/test&gt;&lt;/and&gt;&lt;cat&gt;high&lt;/cat&gt;&lt;/or&gt;&quot;)" fullname="NUnit.Common.Tests.TestSelectionParserTests.TestParser(&quot;cat==Urgent &amp;&amp; test=='My.Tests' || cat == high&quot;,&quot;&lt;or&gt;&lt;and&gt;&lt;cat&gt;Urgent&lt;/cat&gt;&lt;test&gt;My.Tests&lt;/test&gt;&lt;/and&gt;&lt;cat&gt;high&lt;/cat&gt;&lt;/or&gt;&quot;)" methodname="TestParser" classname="NUnit.Common.Tests.TestSelectionParserTests" runstate="Runnable" seed="494277923" result="Passed" start-time="2018-10-06 20:01:52Z" end-time="2018-10-06 20:01:52Z" duration="0.000365" asserts="2" />
              <test-case id="1065" name="TestParser(&quot;cat==Urgent &amp;&amp; (test=='My.Tests' || cat == high)&quot;,&quot;&lt;and&gt;&lt;cat&gt;Urgent&lt;/cat&gt;&lt;or&gt;&lt;test&gt;My.Tests&lt;/test&gt;&lt;cat&gt;high&lt;/cat&gt;&lt;/or&gt;&lt;/and&gt;&quot;)" fullname="NUnit.Common.Tests.TestSelectionParserTests.TestParser(&quot;cat==Urgent &amp;&amp; (test=='My.Tests' || cat == high)&quot;,&quot;&lt;and&gt;&lt;cat&gt;Urgent&lt;/cat&gt;&lt;or&gt;&lt;test&gt;My.Tests&lt;/test&gt;&lt;cat&gt;high&lt;/cat&gt;&lt;/or&gt;&lt;/and&gt;&quot;)" methodname="TestParser" classname="NUnit.Common.Tests.TestSelectionParserTests" runstate="Runnable" seed="2131771338" result="Passed" start-time="2018-10-06 20:01:52Z" end-time="2018-10-06 20:01:52Z" duration="0.001436" asserts="2" />
              <test-case id="1066" name="TestParser(&quot;cat==Urgent &amp;&amp; !(test=='My.Tests' || cat == high)&quot;,&quot;&lt;and&gt;&lt;cat&gt;Urgent&lt;/cat&gt;&lt;not&gt;&lt;or&gt;&lt;test&gt;My.Tests&lt;/test&gt;&lt;cat&gt;high&lt;/cat&gt;&lt;/or&gt;&lt;/not&gt;&lt;/and&gt;&quot;)" fullname="NUnit.Common.Tests.TestSelectionParserTests.TestParser(&quot;cat==Urgent &amp;&amp; !(test=='My.Tests' || cat == high)&quot;,&quot;&lt;and&gt;&lt;cat&gt;Urgent&lt;/cat&gt;&lt;not&gt;&lt;or&gt;&lt;test&gt;My.Tests&lt;/test&gt;&lt;cat&gt;high&lt;/cat&gt;&lt;/or&gt;&lt;/not&gt;&lt;/and&gt;&quot;)" methodname="TestParser" classname="NUnit.Common.Tests.TestSelectionParserTests" runstate="Runnable" seed="617059320" result="Passed" start-time="2018-10-06 20:01:52Z" end-time="2018-10-06 20:01:52Z" duration="0.000459" asserts="2" />
            </test-suite>
            <test-suite type="ParameterizedMethod" id="1072" name="TestParser_InvalidInput" fullname="NUnit.Common.Tests.TestSelectionParserTests.TestParser_InvalidInput" classname="NUnit.Common.Tests.TestSelectionParserTests" runstate="Runnable" testcasecount="4" result="Passed" start-time="2018-10-06 20:01:52Z" end-time="2018-10-06 20:01:52Z" duration="0.003669" total="4" passed="4" failed="0" warnings="0" inconclusive="0" skipped="0" asserts="4">
              <test-case id="1068" name="TestParser_InvalidInput(null,System.ArgumentNullException)" fullname="NUnit.Common.Tests.TestSelectionParserTests.TestParser_InvalidInput(null,System.ArgumentNullException)" methodname="TestParser_InvalidInput" classname="NUnit.Common.Tests.TestSelectionParserTests" runstate="Runnable" seed="976378457" result="Passed" start-time="2018-10-06 20:01:52Z" end-time="2018-10-06 20:01:52Z" duration="0.002299" asserts="1" />
              <test-case id="1069" name="TestParser_InvalidInput(&quot;&quot;,NUnit.Common.TestSelectionParserException)" fullname="NUnit.Common.Tests.TestSelectionParserTests.TestParser_InvalidInput(&quot;&quot;,NUnit.Common.TestSelectionParserException)" methodname="TestParser_InvalidInput" classname="NUnit.Common.Tests.TestSelectionParserTests" runstate="Runnable" seed="667401793" result="Passed" start-time="2018-10-06 20:01:52Z" end-time="2018-10-06 20:01:52Z" duration="0.000708" asserts="1" />
              <test-case id="1070" name="TestParser_InvalidInput(&quot;   &quot;,NUnit.Common.TestSelectionParserException)" fullname="NUnit.Common.Tests.TestSelectionParserTests.TestParser_InvalidInput(&quot;   &quot;,NUnit.Common.TestSelectionParserException)" methodname="TestParser_InvalidInput" classname="NUnit.Common.Tests.TestSelectionParserTests" runstate="Runnable" seed="1900836386" result="Passed" start-time="2018-10-06 20:01:52Z" end-time="2018-10-06 20:01:52Z" duration="0.000158" asserts="1" />
              <test-case id="1071" name="TestParser_InvalidInput(&quot;  \t\t &quot;,NUnit.Common.TestSelectionParserException)" fullname="NUnit.Common.Tests.TestSelectionParserTests.TestParser_InvalidInput(&quot;  \t\t &quot;,NUnit.Common.TestSelectionParserException)" methodname="TestParser_InvalidInput" classname="NUnit.Common.Tests.TestSelectionParserTests" runstate="Runnable" seed="1957536812" result="Passed" start-time="2018-10-06 20:01:52Z" end-time="2018-10-06 20:01:52Z" duration="0.000160" asserts="1" />
            </test-suite>
          </test-suite>
        </test-suite>
      </test-suite>
    </test-suite>
    <test-suite type="TestSuite" id="1405" name="NUnitLite" fullname="NUnitLite" runstate="Runnable" testcasecount="277" result="Skipped" label="Ignored" site="Child" start-time="2018-10-06 20:01:52Z" end-time="2018-10-06 20:01:52Z" duration="0.283044" total="277" passed="276" failed="0" warnings="0" inconclusive="0" skipped="1" asserts="533">
      <reason>
        <message><![CDATA[One or more child tests were ignored]]></message>
      </reason>
      <test-suite type="TestSuite" id="1406" name="Tests" fullname="NUnitLite.Tests" runstate="Runnable" testcasecount="277" result="Skipped" label="Ignored" site="Child" start-time="2018-10-06 20:01:52Z" end-time="2018-10-06 20:01:52Z" duration="0.283025" total="277" passed="276" failed="0" warnings="0" inconclusive="0" skipped="1" asserts="533">
        <reason>
          <message><![CDATA[One or more child tests were ignored]]></message>
        </reason>
        <test-suite type="TestFixture" id="1224" name="MakeRunSettingsTests" fullname="NUnitLite.Tests.MakeRunSettingsTests" classname="NUnitLite.Tests.MakeRunSettingsTests" runstate="Runnable" testcasecount="8" result="Passed" start-time="2018-10-06 20:01:52Z" end-time="2018-10-06 20:01:52Z" duration="0.006388" total="8" passed="8" failed="0" warnings="0" inconclusive="0" skipped="0" asserts="16">
          <test-suite type="ParameterizedMethod" id="1233" name="CheckSetting" fullname="NUnitLite.Tests.MakeRunSettingsTests.CheckSetting" classname="NUnitLite.Tests.MakeRunSettingsTests" runstate="Runnable" testcasecount="8" result="Passed" start-time="2018-10-06 20:01:52Z" end-time="2018-10-06 20:01:52Z" duration="0.006033" total="8" passed="8" failed="0" warnings="0" inconclusive="0" skipped="0" asserts="16">
            <test-case id="1225" name="CheckSetting(&quot;--timeout=50&quot;,&quot;DefaultTimeout&quot;,50)" fullname="NUnitLite.Tests.MakeRunSettingsTests.CheckSetting(&quot;--timeout=50&quot;,&quot;DefaultTimeout&quot;,50)" methodname="CheckSetting" classname="NUnitLite.Tests.MakeRunSettingsTests" runstate="Runnable" seed="252263373" result="Passed" start-time="2018-10-06 20:01:52Z" end-time="2018-10-06 20:01:52Z" duration="0.002113" asserts="2" />
            <test-case id="1226" name="CheckSetting(&quot;--work=results&quot;,&quot;WorkDirectory&quot;,&quot;C:\\src\\nunit\\nunit\\bin\\Release\\net20\\results&quot;)" fullname="NUnitLite.Tests.MakeRunSettingsTests.CheckSetting(&quot;--work=results&quot;,&quot;WorkDirectory&quot;,&quot;C:\\src\\nunit\\nunit\\bin\\Release\\net20\\results&quot;)" methodname="CheckSetting" classname="NUnitLite.Tests.MakeRunSettingsTests" runstate="Runnable" seed="1362161765" result="Passed" start-time="2018-10-06 20:01:52Z" end-time="2018-10-06 20:01:52Z" duration="0.000611" asserts="2" />
            <test-case id="1227" name="CheckSetting(&quot;--seed=1234&quot;,&quot;RandomSeed&quot;,1234)" fullname="NUnitLite.Tests.MakeRunSettingsTests.CheckSetting(&quot;--seed=1234&quot;,&quot;RandomSeed&quot;,1234)" methodname="CheckSetting" classname="NUnitLite.Tests.MakeRunSettingsTests" runstate="Runnable" seed="2122462832" result="Passed" start-time="2018-10-06 20:01:52Z" end-time="2018-10-06 20:01:52Z" duration="0.000471" asserts="2" />
            <test-case id="1228" name="CheckSetting(&quot;--workers=8&quot;,&quot;NumberOfTestWorkers&quot;,8)" fullname="NUnitLite.Tests.MakeRunSettingsTests.CheckSetting(&quot;--workers=8&quot;,&quot;NumberOfTestWorkers&quot;,8)" methodname="CheckSetting" classname="NUnitLite.Tests.MakeRunSettingsTests" runstate="Runnable" seed="354091868" result="Passed" start-time="2018-10-06 20:01:52Z" end-time="2018-10-06 20:01:52Z" duration="0.000529" asserts="2" />
            <test-case id="1229" name="CheckSetting(&quot;--prefilter=A.B.C&quot;,&quot;LOAD&quot;,[&quot;A.B.C&quot;])" fullname="NUnitLite.Tests.MakeRunSettingsTests.CheckSetting(&quot;--prefilter=A.B.C&quot;,&quot;LOAD&quot;,[&quot;A.B.C&quot;])" methodname="CheckSetting" classname="NUnitLite.Tests.MakeRunSettingsTests" runstate="Runnable" seed="648430824" result="Passed" start-time="2018-10-06 20:01:52Z" end-time="2018-10-06 20:01:52Z" duration="0.001112" asserts="2" />
            <test-case id="1230" name="CheckSetting(&quot;--test=A.B.C&quot;,&quot;LOAD&quot;,[&quot;A.B.C&quot;])" fullname="NUnitLite.Tests.MakeRunSettingsTests.CheckSetting(&quot;--test=A.B.C&quot;,&quot;LOAD&quot;,[&quot;A.B.C&quot;])" methodname="CheckSetting" classname="NUnitLite.Tests.MakeRunSettingsTests" runstate="Runnable" seed="542566460" result="Passed" start-time="2018-10-06 20:01:52Z" end-time="2018-10-06 20:01:52Z" duration="0.000240" asserts="2" />
            <test-case id="1231" name="CheckSetting(&quot;--test=A.B.C(arg)&quot;,&quot;LOAD&quot;,[&quot;A.B.C&quot;])" fullname="NUnitLite.Tests.MakeRunSettingsTests.CheckSetting(&quot;--test=A.B.C(arg)&quot;,&quot;LOAD&quot;,[&quot;A.B.C&quot;])" methodname="CheckSetting" classname="NUnitLite.Tests.MakeRunSettingsTests" runstate="Runnable" seed="2010430708" result="Passed" start-time="2018-10-06 20:01:52Z" end-time="2018-10-06 20:01:52Z" duration="0.000217" asserts="2" />
            <test-case id="1232" name="CheckSetting(&quot;--test=A.B&lt;type&gt;.C(arg)&quot;,&quot;LOAD&quot;,[&quot;A.B&quot;])" fullname="NUnitLite.Tests.MakeRunSettingsTests.CheckSetting(&quot;--test=A.B&lt;type&gt;.C(arg)&quot;,&quot;LOAD&quot;,[&quot;A.B&quot;])" methodname="CheckSetting" classname="NUnitLite.Tests.MakeRunSettingsTests" runstate="Runnable" seed="25039651" result="Passed" start-time="2018-10-06 20:01:52Z" end-time="2018-10-06 20:01:52Z" duration="0.000169" asserts="2" />
          </test-suite>
        </test-suite>
        <test-suite type="TestFixture" id="1277" name="TeamCityEventListenerTests" fullname="NUnitLite.Tests.TeamCityEventListenerTests" classname="NUnitLite.Tests.TeamCityEventListenerTests" runstate="Runnable" testcasecount="7" result="Passed" start-time="2018-10-06 20:01:52Z" end-time="2018-10-06 20:01:52Z" duration="0.018112" total="7" passed="7" failed="0" warnings="0" inconclusive="0" skipped="0" asserts="7">
          <test-case id="1284" name="TestFinished_Failed" fullname="NUnitLite.Tests.TeamCityEventListenerTests.TestFinished_Failed" methodname="TestFinished_Failed" classname="NUnitLite.Tests.TeamCityEventListenerTests" runstate="Runnable" seed="1215212851" result="Passed" start-time="2018-10-06 20:01:52Z" end-time="2018-10-06 20:01:52Z" duration="0.009772" asserts="1" />
          <test-case id="1283" name="TestFinished_Ignored" fullname="NUnitLite.Tests.TeamCityEventListenerTests.TestFinished_Ignored" methodname="TestFinished_Ignored" classname="NUnitLite.Tests.TeamCityEventListenerTests" runstate="Runnable" seed="1067700983" result="Passed" start-time="2018-10-06 20:01:52Z" end-time="2018-10-06 20:01:52Z" duration="0.001413" asserts="1" />
          <test-case id="1282" name="TestFinished_Inconclusive" fullname="NUnitLite.Tests.TeamCityEventListenerTests.TestFinished_Inconclusive" methodname="TestFinished_Inconclusive" classname="NUnitLite.Tests.TeamCityEventListenerTests" runstate="Runnable" seed="1886869859" result="Passed" start-time="2018-10-06 20:01:52Z" end-time="2018-10-06 20:01:52Z" duration="0.001181" asserts="1" />
          <test-case id="1281" name="TestFinished_Passed" fullname="NUnitLite.Tests.TeamCityEventListenerTests.TestFinished_Passed" methodname="TestFinished_Passed" classname="NUnitLite.Tests.TeamCityEventListenerTests" runstate="Runnable" seed="1208798987" result="Passed" start-time="2018-10-06 20:01:52Z" end-time="2018-10-06 20:01:52Z" duration="0.001498" asserts="1" />
          <test-case id="1280" name="TestStarted" fullname="NUnitLite.Tests.TeamCityEventListenerTests.TestStarted" methodname="TestStarted" classname="NUnitLite.Tests.TeamCityEventListenerTests" runstate="Runnable" seed="1553177427" result="Passed" start-time="2018-10-06 20:01:52Z" end-time="2018-10-06 20:01:52Z" duration="0.001747" asserts="1" />
          <test-case id="1279" name="TestSuiteFinished" fullname="NUnitLite.Tests.TeamCityEventListenerTests.TestSuiteFinished" methodname="TestSuiteFinished" classname="NUnitLite.Tests.TeamCityEventListenerTests" runstate="Runnable" seed="365847762" result="Passed" start-time="2018-10-06 20:01:52Z" end-time="2018-10-06 20:01:52Z" duration="0.000706" asserts="1" />
          <test-case id="1278" name="TestSuiteStarted" fullname="NUnitLite.Tests.TeamCityEventListenerTests.TestSuiteStarted" methodname="TestSuiteStarted" classname="NUnitLite.Tests.TeamCityEventListenerTests" runstate="Runnable" seed="168237338" result="Passed" start-time="2018-10-06 20:01:52Z" end-time="2018-10-06 20:01:52Z" duration="0.000882" asserts="1" />
        </test-suite>
        <test-suite type="TestFixture" id="1215" name="CreateTestFilterTests" fullname="NUnitLite.Tests.CreateTestFilterTests" classname="NUnitLite.Tests.CreateTestFilterTests" runstate="Runnable" testcasecount="8" result="Passed" start-time="2018-10-06 20:01:52Z" end-time="2018-10-06 20:01:52Z" duration="0.145607" total="8" passed="8" failed="0" warnings="0" inconclusive="0" skipped="0" asserts="48">
          <test-case id="1216" name="EmptyFilter" fullname="NUnitLite.Tests.CreateTestFilterTests.EmptyFilter" methodname="EmptyFilter" classname="NUnitLite.Tests.CreateTestFilterTests" runstate="Runnable" seed="1517234750" result="Passed" start-time="2018-10-06 20:01:52Z" end-time="2018-10-06 20:01:52Z" duration="0.020066" asserts="1" />
          <test-case id="1217" name="OneTestSelected" fullname="NUnitLite.Tests.CreateTestFilterTests.OneTestSelected" methodname="OneTestSelected" classname="NUnitLite.Tests.CreateTestFilterTests" runstate="Runnable" seed="1367716015" result="Passed" start-time="2018-10-06 20:01:52Z" end-time="2018-10-06 20:01:52Z" duration="0.032939" asserts="2" />
          <test-case id="1220" name="SixTestsFromTwoTestListFiles" fullname="NUnitLite.Tests.CreateTestFilterTests.SixTestsFromTwoTestListFiles" methodname="SixTestsFromTwoTestListFiles" classname="NUnitLite.Tests.CreateTestFilterTests" runstate="Runnable" seed="1296282747" result="Passed" start-time="2018-10-06 20:01:52Z" end-time="2018-10-06 20:01:52Z" duration="0.030718" asserts="14" />
          <test-case id="1221" name="TestListFileMissing" fullname="NUnitLite.Tests.CreateTestFilterTests.TestListFileMissing" methodname="TestListFileMissing" classname="NUnitLite.Tests.CreateTestFilterTests" runstate="Runnable" seed="574671484" result="Passed" start-time="2018-10-06 20:01:52Z" end-time="2018-10-06 20:01:52Z" duration="0.007845" asserts="3" />
          <test-case id="1219" name="ThreeTestsFromATestListFile" fullname="NUnitLite.Tests.CreateTestFilterTests.ThreeTestsFromATestListFile" methodname="ThreeTestsFromATestListFile" classname="NUnitLite.Tests.CreateTestFilterTests" runstate="Runnable" seed="725863047" result="Passed" start-time="2018-10-06 20:01:52Z" end-time="2018-10-06 20:01:52Z" duration="0.008358" asserts="8" />
          <test-case id="1218" name="ThreeTestsSelected" fullname="NUnitLite.Tests.CreateTestFilterTests.ThreeTestsSelected" methodname="ThreeTestsSelected" classname="NUnitLite.Tests.CreateTestFilterTests" runstate="Runnable" seed="541008271" result="Passed" start-time="2018-10-06 20:01:52Z" end-time="2018-10-06 20:01:52Z" duration="0.003913" asserts="8" />
          <test-case id="1223" name="TwoTestsAndWhereClauseSpecified" fullname="NUnitLite.Tests.CreateTestFilterTests.TwoTestsAndWhereClauseSpecified" methodname="TwoTestsAndWhereClauseSpecified" classname="NUnitLite.Tests.CreateTestFilterTests" runstate="Runnable" seed="342995341" result="Passed" start-time="2018-10-06 20:01:52Z" end-time="2018-10-06 20:01:52Z" duration="0.014983" asserts="10" />
          <test-case id="1222" name="WhereClauseSpecified" fullname="NUnitLite.Tests.CreateTestFilterTests.WhereClauseSpecified" methodname="WhereClauseSpecified" classname="NUnitLite.Tests.CreateTestFilterTests" runstate="Runnable" seed="1922570106" result="Passed" start-time="2018-10-06 20:01:52Z" end-time="2018-10-06 20:01:52Z" duration="0.000863" asserts="2" />
        </test-suite>
        <test-suite type="TestFixture" id="1291" name="TextUITests" fullname="NUnitLite.Tests.TextUITests" classname="NUnitLite.Tests.TextUITests" runstate="Runnable" testcasecount="96" result="Passed" start-time="2018-10-06 20:01:52Z" end-time="2018-10-06 20:01:52Z" duration="0.084004" total="96" passed="96" failed="0" warnings="0" inconclusive="0" skipped="0" asserts="96">
          <test-case id="1293" name="DisplayError" fullname="NUnitLite.Tests.TextUITests.DisplayError" methodname="DisplayError" classname="NUnitLite.Tests.TextUITests" runstate="Runnable" seed="2040508626" result="Passed" start-time="2018-10-06 20:01:52Z" end-time="2018-10-06 20:01:52Z" duration="0.002760" asserts="1" />
          <test-case id="1294" name="DisplayErrors" fullname="NUnitLite.Tests.TextUITests.DisplayErrors" methodname="DisplayErrors" classname="NUnitLite.Tests.TextUITests" runstate="Runnable" seed="1508615788" result="Passed" start-time="2018-10-06 20:01:52Z" end-time="2018-10-06 20:01:52Z" duration="0.006704" asserts="1" />
          <test-case id="1295" name="DisplayHeader" fullname="NUnitLite.Tests.TextUITests.DisplayHeader" methodname="DisplayHeader" classname="NUnitLite.Tests.TextUITests" runstate="Runnable" seed="295599470" result="Passed" start-time="2018-10-06 20:01:52Z" end-time="2018-10-06 20:01:52Z" duration="0.002126" asserts="1" />
          <test-case id="1297" name="DisplayRuntimeEnvironment" fullname="NUnitLite.Tests.TextUITests.DisplayRuntimeEnvironment" methodname="DisplayRuntimeEnvironment" classname="NUnitLite.Tests.TextUITests" runstate="Runnable" seed="1427246603" result="Passed" start-time="2018-10-06 20:01:52Z" end-time="2018-10-06 20:01:52Z" duration="0.001390" asserts="1" />
          <test-case id="1296" name="DisplayTestFiles" fullname="NUnitLite.Tests.TextUITests.DisplayTestFiles" methodname="DisplayTestFiles" classname="NUnitLite.Tests.TextUITests" runstate="Runnable" seed="1454421120" result="Passed" start-time="2018-10-06 20:01:52Z" end-time="2018-10-06 20:01:52Z" duration="0.002038" asserts="1" />
          <test-case id="1292" name="DisplayWarning" fullname="NUnitLite.Tests.TextUITests.DisplayWarning" methodname="DisplayWarning" classname="NUnitLite.Tests.TextUITests" runstate="Runnable" seed="91756241" result="Passed" start-time="2018-10-06 20:01:52Z" end-time="2018-10-06 20:01:52Z" duration="0.001444" asserts="1" />
          <test-suite type="ParameterizedMethod" id="1368" name="ImmediateOutput" fullname="NUnitLite.Tests.TextUITests.ImmediateOutput" classname="NUnitLite.Tests.TextUITests" runstate="Runnable" testcasecount="14" result="Passed" start-time="2018-10-06 20:01:52Z" end-time="2018-10-06 20:01:52Z" duration="0.014578" total="14" passed="14" failed="0" warnings="0" inconclusive="0" skipped="0" asserts="14">
            <test-case id="1354" name="ImmediateOutput(&quot;Off&quot;,[: OUTPUT&#xA;],&quot;OUTPUT\n&quot;)" fullname="NUnitLite.Tests.TextUITests.ImmediateOutput(&quot;Off&quot;,[: OUTPUT&#xA;],&quot;OUTPUT\n&quot;)" methodname="ImmediateOutput" classname="NUnitLite.Tests.TextUITests" runstate="Runnable" seed="1067281001" result="Passed" start-time="2018-10-06 20:01:52Z" end-time="2018-10-06 20:01:52Z" duration="0.002043" asserts="1" />
            <test-case id="1355" name="ImmediateOutput(&quot;On&quot;,[: OUTPUT&#xA;],&quot;=&gt; SomeMethod\nOUTPUT\n&quot;)" fullname="NUnitLite.Tests.TextUITests.ImmediateOutput(&quot;On&quot;,[: OUTPUT&#xA;],&quot;=&gt; SomeMethod\nOUTPUT\n&quot;)" methodname="ImmediateOutput" classname="NUnitLite.Tests.TextUITests" runstate="Runnable" seed="1597600572" result="Passed" start-time="2018-10-06 20:01:52Z" end-time="2018-10-06 20:01:52Z" duration="0.000344" asserts="1" />
            <test-case id="1356" name="ImmediateOutput(&quot;All&quot;,[: OUTPUT&#xA;],&quot;=&gt; SomeMethod\nOUTPUT\n&quot;)" fullname="NUnitLite.Tests.TextUITests.ImmediateOutput(&quot;All&quot;,[: OUTPUT&#xA;],&quot;=&gt; SomeMethod\nOUTPUT\n&quot;)" methodname="ImmediateOutput" classname="NUnitLite.Tests.TextUITests" runstate="Runnable" seed="945684620" result="Passed" start-time="2018-10-06 20:01:52Z" end-time="2018-10-06 20:01:52Z" duration="0.000229" asserts="1" />
            <test-case id="1357" name="ImmediateOutput(&quot;Before&quot;,[: OUTPUT&#xA;],&quot;=&gt; SomeMethod\nOUTPUT\n&quot;)" fullname="NUnitLite.Tests.TextUITests.ImmediateOutput(&quot;Before&quot;,[: OUTPUT&#xA;],&quot;=&gt; SomeMethod\nOUTPUT\n&quot;)" methodname="ImmediateOutput" classname="NUnitLite.Tests.TextUITests" runstate="Runnable" seed="572195189" result="Passed" start-time="2018-10-06 20:01:52Z" end-time="2018-10-06 20:01:52Z" duration="0.000158" asserts="1" />
            <test-case id="1358" name="ImmediateOutput(&quot;After&quot;,[: OUTPUT&#xA;],&quot;=&gt; SomeMethod\nOUTPUT\n&quot;)" fullname="NUnitLite.Tests.TextUITests.ImmediateOutput(&quot;After&quot;,[: OUTPUT&#xA;],&quot;=&gt; SomeMethod\nOUTPUT\n&quot;)" methodname="ImmediateOutput" classname="NUnitLite.Tests.TextUITests" runstate="Runnable" seed="934865259" result="Passed" start-time="2018-10-06 20:01:52Z" end-time="2018-10-06 20:01:52Z" duration="0.000138" asserts="1" />
            <test-case id="1359" name="ImmediateOutput(&quot;Off&quot;,[: OUTPUT],&quot;OUTPUT&quot;)" fullname="NUnitLite.Tests.TextUITests.ImmediateOutput(&quot;Off&quot;,[: OUTPUT],&quot;OUTPUT&quot;)" methodname="ImmediateOutput" classname="NUnitLite.Tests.TextUITests" runstate="Runnable" seed="1484834840" result="Passed" start-time="2018-10-06 20:01:52Z" end-time="2018-10-06 20:01:52Z" duration="0.000233" asserts="1" />
            <test-case id="1360" name="ImmediateOutput(&quot;On&quot;,[: OUTPUT],&quot;=&gt; SomeMethod\nOUTPUT&quot;)" fullname="NUnitLite.Tests.TextUITests.ImmediateOutput(&quot;On&quot;,[: OUTPUT],&quot;=&gt; SomeMethod\nOUTPUT&quot;)" methodname="ImmediateOutput" classname="NUnitLite.Tests.TextUITests" runstate="Runnable" seed="186426403" result="Passed" start-time="2018-10-06 20:01:52Z" end-time="2018-10-06 20:01:52Z" duration="0.000273" asserts="1" />
            <test-case id="1361" name="ImmediateOutput(&quot;All&quot;,[: OUTPUT],&quot;=&gt; SomeMethod\nOUTPUT&quot;)" fullname="NUnitLite.Tests.TextUITests.ImmediateOutput(&quot;All&quot;,[: OUTPUT],&quot;=&gt; SomeMethod\nOUTPUT&quot;)" methodname="ImmediateOutput" classname="NUnitLite.Tests.TextUITests" runstate="Runnable" seed="1181054290" result="Passed" start-time="2018-10-06 20:01:52Z" end-time="2018-10-06 20:01:52Z" duration="0.000441" asserts="1" />
            <test-case id="1362" name="ImmediateOutput(&quot;Before&quot;,[: OUTPUT],&quot;=&gt; SomeMethod\nOUTPUT&quot;)" fullname="NUnitLite.Tests.TextUITests.ImmediateOutput(&quot;Before&quot;,[: OUTPUT],&quot;=&gt; SomeMethod\nOUTPUT&quot;)" methodname="ImmediateOutput" classname="NUnitLite.Tests.TextUITests" runstate="Runnable" seed="1461793501" result="Passed" start-time="2018-10-06 20:01:52Z" end-time="2018-10-06 20:01:52Z" duration="0.000116" asserts="1" />
            <test-case id="1363" name="ImmediateOutput(&quot;After&quot;,[: OUTPUT],&quot;=&gt; SomeMethod\nOUTPUT&quot;)" fullname="NUnitLite.Tests.TextUITests.ImmediateOutput(&quot;After&quot;,[: OUTPUT],&quot;=&gt; SomeMethod\nOUTPUT&quot;)" methodname="ImmediateOutput" classname="NUnitLite.Tests.TextUITests" runstate="Runnable" seed="1648313114" result="Passed" start-time="2018-10-06 20:01:52Z" end-time="2018-10-06 20:01:52Z" duration="0.000149" asserts="1" />
            <test-case id="1364" name="ImmediateOutput(&quot;On&quot;,[: A, : B, : C],&quot;=&gt; T1\nABC&quot;)" fullname="NUnitLite.Tests.TextUITests.ImmediateOutput(&quot;On&quot;,[: A, : B, : C],&quot;=&gt; T1\nABC&quot;)" methodname="ImmediateOutput" classname="NUnitLite.Tests.TextUITests" runstate="Runnable" seed="853080284" result="Passed" start-time="2018-10-06 20:01:52Z" end-time="2018-10-06 20:01:52Z" duration="0.000967" asserts="1" />
            <test-case id="1365" name="ImmediateOutput(&quot;On&quot;,[: A, : B, : C, : &#xA;],&quot;=&gt; T1\nABC\n&quot;)" fullname="NUnitLite.Tests.TextUITests.ImmediateOutput(&quot;On&quot;,[: A, : B, : C, : &#xA;],&quot;=&gt; T1\nABC\n&quot;)" methodname="ImmediateOutput" classname="NUnitLite.Tests.TextUITests" runstate="Runnable" seed="1159896386" result="Passed" start-time="2018-10-06 20:01:52Z" end-time="2018-10-06 20:01:52Z" duration="0.000384" asserts="1" />
            <test-case id="1366" name="ImmediateOutput(&quot;On&quot;,[: Hello&#xA;, : Ciao!&#xA;, : World!&#xA;],&quot;=&gt; EN\nHello\n=&gt; IT\nCiao!\n=&gt; EN\nWorld!\n&quot;)" fullname="NUnitLite.Tests.TextUITests.ImmediateOutput(&quot;On&quot;,[: Hello&#xA;, : Ciao!&#xA;, : World!&#xA;],&quot;=&gt; EN\nHello\n=&gt; IT\nCiao!\n=&gt; EN\nWorld!\n&quot;)" methodname="ImmediateOutput" classname="NUnitLite.Tests.TextUITests" runstate="Runnable" seed="525107192" result="Passed" start-time="2018-10-06 20:01:52Z" end-time="2018-10-06 20:01:52Z" duration="0.000686" asserts="1" />
            <test-case id="1367" name="ImmediateOutput(&quot;On&quot;,[: Hello, : Ciao!, : World!],&quot;=&gt; EN\nHello\n=&gt; IT\nCiao!\n=&gt; EN\nWorld!&quot;)" fullname="NUnitLite.Tests.TextUITests.ImmediateOutput(&quot;On&quot;,[: Hello, : Ciao!, : World!],&quot;=&gt; EN\nHello\n=&gt; IT\nCiao!\n=&gt; EN\nWorld!&quot;)" methodname="ImmediateOutput" classname="NUnitLite.Tests.TextUITests" runstate="Runnable" seed="1918639886" result="Passed" start-time="2018-10-06 20:01:52Z" end-time="2018-10-06 20:01:52Z" duration="0.000219" asserts="1" />
          </test-suite>
          <test-suite type="ParameterizedMethod" id="1380" name="SingleTest_ImmediateOutput" fullname="NUnitLite.Tests.TextUITests.SingleTest_ImmediateOutput" classname="NUnitLite.Tests.TextUITests" runstate="Runnable" testcasecount="5" result="Passed" start-time="2018-10-06 20:01:52Z" end-time="2018-10-06 20:01:52Z" duration="0.006745" total="5" passed="5" failed="0" warnings="0" inconclusive="0" skipped="0" asserts="5">
            <test-case id="1375" name="SingleTest_ImmediateOutput(&quot;Off&quot;,&quot;IMMEDIATE OUTPUT\nNORMAL OUTPUT\n&quot;)" fullname="NUnitLite.Tests.TextUITests.SingleTest_ImmediateOutput(&quot;Off&quot;,&quot;IMMEDIATE OUTPUT\nNORMAL OUTPUT\n&quot;)" methodname="SingleTest_ImmediateOutput" classname="NUnitLite.Tests.TextUITests" runstate="Runnable" seed="1937132999" result="Passed" start-time="2018-10-06 20:01:52Z" end-time="2018-10-06 20:01:52Z" duration="0.002355" asserts="1" />
            <test-case id="1376" name="SingleTest_ImmediateOutput(&quot;On&quot;,&quot;=&gt; NUnitLite.Tests.TextUITests.MyFakeMethod\nIMMEDIATE OUTPUT\nNORMAL OUTPUT\n&quot;)" fullname="NUnitLite.Tests.TextUITests.SingleTest_ImmediateOutput(&quot;On&quot;,&quot;=&gt; NUnitLite.Tests.TextUITests.MyFakeMethod\nIMMEDIATE OUTPUT\nNORMAL OUTPUT\n&quot;)" methodname="SingleTest_ImmediateOutput" classname="NUnitLite.Tests.TextUITests" runstate="Runnable" seed="1064416815" result="Passed" start-time="2018-10-06 20:01:52Z" end-time="2018-10-06 20:01:52Z" duration="0.000261" asserts="1" />
            <test-case id="1377" name="SingleTest_ImmediateOutput(&quot;All&quot;,&quot;=&gt; NUnitLite.Tests.TextUITests.MyFakeMethod\nIMMEDIATE OUTPUT\nNORMAL OUTPUT\n&quot;)" fullname="NUnitLite.Tests.TextUITests.SingleTest_ImmediateOutput(&quot;All&quot;,&quot;=&gt; NUnitLite.Tests.TextUITests.MyFakeMethod\nIMMEDIATE OUTPUT\nNORMAL OUTPUT\n&quot;)" methodname="SingleTest_ImmediateOutput" classname="NUnitLite.Tests.TextUITests" runstate="Runnable" seed="1539883416" result="Passed" start-time="2018-10-06 20:01:52Z" end-time="2018-10-06 20:01:52Z" duration="0.000378" asserts="1" />
            <test-case id="1378" name="SingleTest_ImmediateOutput(&quot;Before&quot;,&quot;=&gt; NUnitLite.Tests.TextUITests.MyFakeMethod\nIMMEDIATE OUTPUT\nNORMAL OUTPUT\n&quot;)" fullname="NUnitLite.Tests.TextUITests.SingleTest_ImmediateOutput(&quot;Before&quot;,&quot;=&gt; NUnitLite.Tests.TextUITests.MyFakeMethod\nIMMEDIATE OUTPUT\nNORMAL OUTPUT\n&quot;)" methodname="SingleTest_ImmediateOutput" classname="NUnitLite.Tests.TextUITests" runstate="Runnable" seed="1099773895" result="Passed" start-time="2018-10-06 20:01:52Z" end-time="2018-10-06 20:01:52Z" duration="0.000251" asserts="1" />
            <test-case id="1379" name="SingleTest_ImmediateOutput(&quot;After&quot;,&quot;=&gt; NUnitLite.Tests.TextUITests.MyFakeMethod\nIMMEDIATE OUTPUT\nNORMAL OUTPUT\nPassed =&gt; NUnitLite.Tests.TextUITests.MyFakeMethod\n&quot;)" fullname="NUnitLite.Tests.TextUITests.SingleTest_ImmediateOutput(&quot;After&quot;,&quot;=&gt; NUnitLite.Tests.TextUITests.MyFakeMethod\nIMMEDIATE OUTPUT\nNORMAL OUTPUT\nPassed =&gt; NUnitLite.Tests.TextUITests.MyFakeMethod\n&quot;)" methodname="SingleTest_ImmediateOutput" classname="NUnitLite.Tests.TextUITests" runstate="Runnable" seed="1332868141" result="Passed" start-time="2018-10-06 20:01:52Z" end-time="2018-10-06 20:01:52Z" duration="0.002575" asserts="1" />
          </test-suite>
          <test-suite type="ParameterizedMethod" id="1374" name="SingleTest_StartAndFinish" fullname="NUnitLite.Tests.TextUITests.SingleTest_StartAndFinish" classname="NUnitLite.Tests.TextUITests" runstate="Runnable" testcasecount="5" result="Passed" start-time="2018-10-06 20:01:52Z" end-time="2018-10-06 20:01:52Z" duration="0.005290" total="5" passed="5" failed="0" warnings="0" inconclusive="0" skipped="0" asserts="5">
            <test-case id="1369" name="SingleTest_StartAndFinish(&quot;Off&quot;,&quot;OUTPUT\n&quot;)" fullname="NUnitLite.Tests.TextUITests.SingleTest_StartAndFinish(&quot;Off&quot;,&quot;OUTPUT\n&quot;)" methodname="SingleTest_StartAndFinish" classname="NUnitLite.Tests.TextUITests" runstate="Runnable" seed="1083948408" result="Passed" start-time="2018-10-06 20:01:52Z" end-time="2018-10-06 20:01:52Z" duration="0.001407" asserts="1" />
            <test-case id="1370" name="SingleTest_StartAndFinish(&quot;On&quot;,&quot;=&gt; NUnitLite.Tests.TextUITests.MyFakeMethod\nOUTPUT\n&quot;)" fullname="NUnitLite.Tests.TextUITests.SingleTest_StartAndFinish(&quot;On&quot;,&quot;=&gt; NUnitLite.Tests.TextUITests.MyFakeMethod\nOUTPUT\n&quot;)" methodname="SingleTest_StartAndFinish" classname="NUnitLite.Tests.TextUITests" runstate="Runnable" seed="1890330480" result="Passed" start-time="2018-10-06 20:01:52Z" end-time="2018-10-06 20:01:52Z" duration="0.000524" asserts="1" />
            <test-case id="1371" name="SingleTest_StartAndFinish(&quot;All&quot;,&quot;=&gt; NUnitLite.Tests.TextUITests.MyFakeMethod\nOUTPUT\n&quot;)" fullname="NUnitLite.Tests.TextUITests.SingleTest_StartAndFinish(&quot;All&quot;,&quot;=&gt; NUnitLite.Tests.TextUITests.MyFakeMethod\nOUTPUT\n&quot;)" methodname="SingleTest_StartAndFinish" classname="NUnitLite.Tests.TextUITests" runstate="Runnable" seed="639102521" result="Passed" start-time="2018-10-06 20:01:52Z" end-time="2018-10-06 20:01:52Z" duration="0.000431" asserts="1" />
            <test-case id="1372" name="SingleTest_StartAndFinish(&quot;Before&quot;,&quot;=&gt; NUnitLite.Tests.TextUITests.MyFakeMethod\nOUTPUT\n&quot;)" fullname="NUnitLite.Tests.TextUITests.SingleTest_StartAndFinish(&quot;Before&quot;,&quot;=&gt; NUnitLite.Tests.TextUITests.MyFakeMethod\nOUTPUT\n&quot;)" methodname="SingleTest_StartAndFinish" classname="NUnitLite.Tests.TextUITests" runstate="Runnable" seed="2090704077" result="Passed" start-time="2018-10-06 20:01:52Z" end-time="2018-10-06 20:01:52Z" duration="0.000206" asserts="1" />
            <test-case id="1373" name="SingleTest_StartAndFinish(&quot;After&quot;,&quot;=&gt; NUnitLite.Tests.TextUITests.MyFakeMethod\nOUTPUT\nPassed =&gt; NUnitLite.Tests.TextUITests.MyFakeMethod\n&quot;)" fullname="NUnitLite.Tests.TextUITests.SingleTest_StartAndFinish(&quot;After&quot;,&quot;=&gt; NUnitLite.Tests.TextUITests.MyFakeMethod\nOUTPUT\nPassed =&gt; NUnitLite.Tests.TextUITests.MyFakeMethod\n&quot;)" methodname="SingleTest_StartAndFinish" classname="NUnitLite.Tests.TextUITests" runstate="Runnable" seed="488599553" result="Passed" start-time="2018-10-06 20:01:52Z" end-time="2018-10-06 20:01:52Z" duration="0.000246" asserts="1" />
          </test-suite>
          <test-suite type="ParameterizedMethod" id="1353" name="SuiteFinished" fullname="NUnitLite.Tests.TextUITests.SuiteFinished" classname="NUnitLite.Tests.TextUITests" runstate="Runnable" testcasecount="10" result="Passed" start-time="2018-10-06 20:01:52Z" end-time="2018-10-06 20:01:52Z" duration="0.007537" total="10" passed="10" failed="0" warnings="0" inconclusive="0" skipped="0" asserts="10">
            <test-case id="1343" name="SuiteFinished(&quot;Off&quot;,Passed,&quot;&quot;,&quot;&quot;,&quot;&quot;)" fullname="NUnitLite.Tests.TextUITests.SuiteFinished(&quot;Off&quot;,Passed,&quot;&quot;,&quot;&quot;,&quot;&quot;)" methodname="SuiteFinished" classname="NUnitLite.Tests.TextUITests" runstate="Runnable" seed="1142867311" result="Passed" start-time="2018-10-06 20:01:52Z" end-time="2018-10-06 20:01:52Z" duration="0.002366" asserts="1" />
            <test-case id="1344" name="SuiteFinished(&quot;On&quot;,Passed,&quot;&quot;,&quot;&quot;,&quot;&quot;)" fullname="NUnitLite.Tests.TextUITests.SuiteFinished(&quot;On&quot;,Passed,&quot;&quot;,&quot;&quot;,&quot;&quot;)" methodname="SuiteFinished" classname="NUnitLite.Tests.TextUITests" runstate="Runnable" seed="355960355" result="Passed" start-time="2018-10-06 20:01:52Z" end-time="2018-10-06 20:01:52Z" duration="0.000277" asserts="1" />
            <test-case id="1345" name="SuiteFinished(&quot;All&quot;,Passed,&quot;&quot;,&quot;&quot;,&quot;&quot;)" fullname="NUnitLite.Tests.TextUITests.SuiteFinished(&quot;All&quot;,Passed,&quot;&quot;,&quot;&quot;,&quot;&quot;)" methodname="SuiteFinished" classname="NUnitLite.Tests.TextUITests" runstate="Runnable" seed="2073572652" result="Passed" start-time="2018-10-06 20:01:52Z" end-time="2018-10-06 20:01:52Z" duration="0.000430" asserts="1" />
            <test-case id="1346" name="SuiteFinished(&quot;Before&quot;,Passed,&quot;&quot;,&quot;&quot;,&quot;&quot;)" fullname="NUnitLite.Tests.TextUITests.SuiteFinished(&quot;Before&quot;,Passed,&quot;&quot;,&quot;&quot;,&quot;&quot;)" methodname="SuiteFinished" classname="NUnitLite.Tests.TextUITests" runstate="Runnable" seed="1756740716" result="Passed" start-time="2018-10-06 20:01:52Z" end-time="2018-10-06 20:01:52Z" duration="0.000225" asserts="1" />
            <test-case id="1347" name="SuiteFinished(&quot;After&quot;,Passed,&quot;&quot;,&quot;&quot;,&quot;&quot;)" fullname="NUnitLite.Tests.TextUITests.SuiteFinished(&quot;After&quot;,Passed,&quot;&quot;,&quot;&quot;,&quot;&quot;)" methodname="SuiteFinished" classname="NUnitLite.Tests.TextUITests" runstate="Runnable" seed="1554708848" result="Passed" start-time="2018-10-06 20:01:52Z" end-time="2018-10-06 20:01:52Z" duration="0.000230" asserts="1" />
            <test-case id="1348" name="SuiteFinished(&quot;Off&quot;,Passed,&quot;&quot;,&quot;First line of output\nAnother line of output&quot;,&quot;First line of output\nAnother line of output\n&quot;)" fullname="NUnitLite.Tests.TextUITests.SuiteFinished(&quot;Off&quot;,Passed,&quot;&quot;,&quot;First line of output\nAnother line of output&quot;,&quot;First line of output\nAnother line of output\n&quot;)" methodname="SuiteFinished" classname="NUnitLite.Tests.TextUITests" runstate="Runnable" seed="2101742273" result="Passed" start-time="2018-10-06 20:01:52Z" end-time="2018-10-06 20:01:52Z" duration="0.000228" asserts="1" />
            <test-case id="1349" name="SuiteFinished(&quot;On&quot;,Passed,&quot;&quot;,&quot;First line of output\nAnother line of output&quot;,&quot;=&gt; DummySuite\nFirst line of output\nAnother line of output\n&quot;)" fullname="NUnitLite.Tests.TextUITests.SuiteFinished(&quot;On&quot;,Passed,&quot;&quot;,&quot;First line of output\nAnother line of output&quot;,&quot;=&gt; DummySuite\nFirst line of output\nAnother line of output\n&quot;)" methodname="SuiteFinished" classname="NUnitLite.Tests.TextUITests" runstate="Runnable" seed="1306580341" result="Passed" start-time="2018-10-06 20:01:52Z" end-time="2018-10-06 20:01:52Z" duration="0.000229" asserts="1" />
            <test-case id="1350" name="SuiteFinished(&quot;All&quot;,Passed,&quot;&quot;,&quot;First line of output\nAnother line of output&quot;,&quot;=&gt; DummySuite\nFirst line of output\nAnother line of output\n&quot;)" fullname="NUnitLite.Tests.TextUITests.SuiteFinished(&quot;All&quot;,Passed,&quot;&quot;,&quot;First line of output\nAnother line of output&quot;,&quot;=&gt; DummySuite\nFirst line of output\nAnother line of output\n&quot;)" methodname="SuiteFinished" classname="NUnitLite.Tests.TextUITests" runstate="Runnable" seed="348298349" result="Passed" start-time="2018-10-06 20:01:52Z" end-time="2018-10-06 20:01:52Z" duration="0.000204" asserts="1" />
            <test-case id="1351" name="SuiteFinished(&quot;Before&quot;,Passed,&quot;&quot;,&quot;First line of output\nAnother line of output&quot;,&quot;=&gt; DummySuite\nFirst line of output\nAnother line of output\n&quot;)" fullname="NUnitLite.Tests.TextUITests.SuiteFinished(&quot;Before&quot;,Passed,&quot;&quot;,&quot;First line of output\nAnother line of output&quot;,&quot;=&gt; DummySuite\nFirst line of output\nAnother line of output\n&quot;)" methodname="SuiteFinished" classname="NUnitLite.Tests.TextUITests" runstate="Runnable" seed="253853265" result="Passed" start-time="2018-10-06 20:01:52Z" end-time="2018-10-06 20:01:52Z" duration="0.000208" asserts="1" />
            <test-case id="1352" name="SuiteFinished(&quot;After&quot;,Passed,&quot;&quot;,&quot;First line of output\nAnother line of output&quot;,&quot;=&gt; DummySuite\nFirst line of output\nAnother line of output\n&quot;)" fullname="NUnitLite.Tests.TextUITests.SuiteFinished(&quot;After&quot;,Passed,&quot;&quot;,&quot;First line of output\nAnother line of output&quot;,&quot;=&gt; DummySuite\nFirst line of output\nAnother line of output\n&quot;)" methodname="SuiteFinished" classname="NUnitLite.Tests.TextUITests" runstate="Runnable" seed="593098022" result="Passed" start-time="2018-10-06 20:01:52Z" end-time="2018-10-06 20:01:52Z" duration="0.000266" asserts="1" />
          </test-suite>
          <test-suite type="ParameterizedMethod" id="1309" name="SuiteStarted" fullname="NUnitLite.Tests.TextUITests.SuiteStarted" classname="NUnitLite.Tests.TextUITests" runstate="Runnable" testcasecount="5" result="Passed" start-time="2018-10-06 20:01:52Z" end-time="2018-10-06 20:01:52Z" duration="0.001826" total="5" passed="5" failed="0" warnings="0" inconclusive="0" skipped="0" asserts="5">
            <test-case id="1304" name="SuiteStarted(&quot;Off&quot;,&quot;&quot;)" fullname="NUnitLite.Tests.TextUITests.SuiteStarted(&quot;Off&quot;,&quot;&quot;)" methodname="SuiteStarted" classname="NUnitLite.Tests.TextUITests" runstate="Runnable" seed="1746603551" result="Passed" start-time="2018-10-06 20:01:52Z" end-time="2018-10-06 20:01:52Z" duration="0.001012" asserts="1" />
            <test-case id="1305" name="SuiteStarted(&quot;On&quot;,&quot;&quot;)" fullname="NUnitLite.Tests.TextUITests.SuiteStarted(&quot;On&quot;,&quot;&quot;)" methodname="SuiteStarted" classname="NUnitLite.Tests.TextUITests" runstate="Runnable" seed="834922742" result="Passed" start-time="2018-10-06 20:01:52Z" end-time="2018-10-06 20:01:52Z" duration="0.000166" asserts="1" />
            <test-case id="1306" name="SuiteStarted(&quot;All&quot;,&quot;&quot;)" fullname="NUnitLite.Tests.TextUITests.SuiteStarted(&quot;All&quot;,&quot;&quot;)" methodname="SuiteStarted" classname="NUnitLite.Tests.TextUITests" runstate="Runnable" seed="816368582" result="Passed" start-time="2018-10-06 20:01:52Z" end-time="2018-10-06 20:01:52Z" duration="0.000170" asserts="1" />
            <test-case id="1307" name="SuiteStarted(&quot;Before&quot;,&quot;&quot;)" fullname="NUnitLite.Tests.TextUITests.SuiteStarted(&quot;Before&quot;,&quot;&quot;)" methodname="SuiteStarted" classname="NUnitLite.Tests.TextUITests" runstate="Runnable" seed="248627622" result="Passed" start-time="2018-10-06 20:01:52Z" end-time="2018-10-06 20:01:52Z" duration="0.000168" asserts="1" />
            <test-case id="1308" name="SuiteStarted(&quot;After&quot;,&quot;&quot;)" fullname="NUnitLite.Tests.TextUITests.SuiteStarted(&quot;After&quot;,&quot;&quot;)" methodname="SuiteStarted" classname="NUnitLite.Tests.TextUITests" runstate="Runnable" seed="1725262782" result="Passed" start-time="2018-10-06 20:01:52Z" end-time="2018-10-06 20:01:52Z" duration="0.000138" asserts="1" />
          </test-suite>
          <test-suite type="ParameterizedMethod" id="1336" name="TestFinished" fullname="NUnitLite.Tests.TextUITests.TestFinished" classname="NUnitLite.Tests.TextUITests" runstate="Runnable" testcasecount="26" result="Passed" start-time="2018-10-06 20:01:52Z" end-time="2018-10-06 20:01:52Z" duration="0.010110" total="26" passed="26" failed="0" warnings="0" inconclusive="0" skipped="0" asserts="26">
            <test-case id="1310" name="TestFinished(&quot;Off&quot;,Passed,&quot;&quot;,&quot;&quot;,&quot;&quot;)" fullname="NUnitLite.Tests.TextUITests.TestFinished(&quot;Off&quot;,Passed,&quot;&quot;,&quot;&quot;,&quot;&quot;)" methodname="TestFinished" classname="NUnitLite.Tests.TextUITests" runstate="Runnable" seed="480120580" result="Passed" start-time="2018-10-06 20:01:52Z" end-time="2018-10-06 20:01:52Z" duration="0.002011" asserts="1" />
            <test-case id="1311" name="TestFinished(&quot;On&quot;,Passed,&quot;&quot;,&quot;&quot;,&quot;&quot;)" fullname="NUnitLite.Tests.TextUITests.TestFinished(&quot;On&quot;,Passed,&quot;&quot;,&quot;&quot;,&quot;&quot;)" methodname="TestFinished" classname="NUnitLite.Tests.TextUITests" runstate="Runnable" seed="2045395324" result="Passed" start-time="2018-10-06 20:01:52Z" end-time="2018-10-06 20:01:52Z" duration="0.000277" asserts="1" />
            <test-case id="1312" name="TestFinished(&quot;All&quot;,Passed,&quot;&quot;,&quot;&quot;,&quot;&quot;)" fullname="NUnitLite.Tests.TextUITests.TestFinished(&quot;All&quot;,Passed,&quot;&quot;,&quot;&quot;,&quot;&quot;)" methodname="TestFinished" classname="NUnitLite.Tests.TextUITests" runstate="Runnable" seed="92282874" result="Passed" start-time="2018-10-06 20:01:52Z" end-time="2018-10-06 20:01:52Z" duration="0.000241" asserts="1" />
            <test-case id="1313" name="TestFinished(&quot;Before&quot;,Passed,&quot;&quot;,&quot;&quot;,&quot;&quot;)" fullname="NUnitLite.Tests.TextUITests.TestFinished(&quot;Before&quot;,Passed,&quot;&quot;,&quot;&quot;,&quot;&quot;)" methodname="TestFinished" classname="NUnitLite.Tests.TextUITests" runstate="Runnable" seed="1761630993" result="Passed" start-time="2018-10-06 20:01:52Z" end-time="2018-10-06 20:01:52Z" duration="0.000225" asserts="1" />
            <test-case id="1314" name="TestFinished(&quot;After&quot;,Passed,&quot;&quot;,&quot;&quot;,&quot;Passed =&gt; NUnitLite.Tests.TextUITests.MyFakeMethod\n&quot;)" fullname="NUnitLite.Tests.TextUITests.TestFinished(&quot;After&quot;,Passed,&quot;&quot;,&quot;&quot;,&quot;Passed =&gt; NUnitLite.Tests.TextUITests.MyFakeMethod\n&quot;)" methodname="TestFinished" classname="NUnitLite.Tests.TextUITests" runstate="Runnable" seed="1448628808" result="Passed" start-time="2018-10-06 20:01:52Z" end-time="2018-10-06 20:01:52Z" duration="0.000253" asserts="1" />
            <test-case id="1315" name="TestFinished(&quot;After&quot;,Failed,&quot;&quot;,&quot;&quot;,&quot;Failed =&gt; NUnitLite.Tests.TextUITests.MyFakeMethod\n&quot;)" fullname="NUnitLite.Tests.TextUITests.TestFinished(&quot;After&quot;,Failed,&quot;&quot;,&quot;&quot;,&quot;Failed =&gt; NUnitLite.Tests.TextUITests.MyFakeMethod\n&quot;)" methodname="TestFinished" classname="NUnitLite.Tests.TextUITests" runstate="Runnable" seed="1601341751" result="Passed" start-time="2018-10-06 20:01:52Z" end-time="2018-10-06 20:01:52Z" duration="0.000255" asserts="1" />
            <test-case id="1316" name="TestFinished(&quot;After&quot;,Failed,&quot;Invalid&quot;,&quot;&quot;,&quot;Invalid =&gt; NUnitLite.Tests.TextUITests.MyFakeMethod\n&quot;)" fullname="NUnitLite.Tests.TextUITests.TestFinished(&quot;After&quot;,Failed,&quot;Invalid&quot;,&quot;&quot;,&quot;Invalid =&gt; NUnitLite.Tests.TextUITests.MyFakeMethod\n&quot;)" methodname="TestFinished" classname="NUnitLite.Tests.TextUITests" runstate="Runnable" seed="775666502" result="Passed" start-time="2018-10-06 20:01:52Z" end-time="2018-10-06 20:01:52Z" duration="0.000239" asserts="1" />
            <test-case id="1317" name="TestFinished(&quot;After&quot;,Failed,&quot;Cancelled&quot;,&quot;&quot;,&quot;Cancelled =&gt; NUnitLite.Tests.TextUITests.MyFakeMethod\n&quot;)" fullname="NUnitLite.Tests.TextUITests.TestFinished(&quot;After&quot;,Failed,&quot;Cancelled&quot;,&quot;&quot;,&quot;Cancelled =&gt; NUnitLite.Tests.TextUITests.MyFakeMethod\n&quot;)" methodname="TestFinished" classname="NUnitLite.Tests.TextUITests" runstate="Runnable" seed="1946735665" result="Passed" start-time="2018-10-06 20:01:52Z" end-time="2018-10-06 20:01:52Z" duration="0.000216" asserts="1" />
            <test-case id="1318" name="TestFinished(&quot;After&quot;,Failed,&quot;Error&quot;,&quot;&quot;,&quot;Error =&gt; NUnitLite.Tests.TextUITests.MyFakeMethod\n&quot;)" fullname="NUnitLite.Tests.TextUITests.TestFinished(&quot;After&quot;,Failed,&quot;Error&quot;,&quot;&quot;,&quot;Error =&gt; NUnitLite.Tests.TextUITests.MyFakeMethod\n&quot;)" methodname="TestFinished" classname="NUnitLite.Tests.TextUITests" runstate="Runnable" seed="368939826" result="Passed" start-time="2018-10-06 20:01:52Z" end-time="2018-10-06 20:01:52Z" duration="0.000216" asserts="1" />
            <test-case id="1319" name="TestFinished(&quot;After&quot;,Inconclusive,&quot;&quot;,&quot;&quot;,&quot;Inconclusive =&gt; NUnitLite.Tests.TextUITests.MyFakeMethod\n&quot;)" fullname="NUnitLite.Tests.TextUITests.TestFinished(&quot;After&quot;,Inconclusive,&quot;&quot;,&quot;&quot;,&quot;Inconclusive =&gt; NUnitLite.Tests.TextUITests.MyFakeMethod\n&quot;)" methodname="TestFinished" classname="NUnitLite.Tests.TextUITests" runstate="Runnable" seed="1096511669" result="Passed" start-time="2018-10-06 20:01:52Z" end-time="2018-10-06 20:01:52Z" duration="0.000230" asserts="1" />
            <test-case id="1320" name="TestFinished(&quot;After&quot;,Skipped,&quot;&quot;,&quot;&quot;,&quot;Skipped =&gt; NUnitLite.Tests.TextUITests.MyFakeMethod\n&quot;)" fullname="NUnitLite.Tests.TextUITests.TestFinished(&quot;After&quot;,Skipped,&quot;&quot;,&quot;&quot;,&quot;Skipped =&gt; NUnitLite.Tests.TextUITests.MyFakeMethod\n&quot;)" methodname="TestFinished" classname="NUnitLite.Tests.TextUITests" runstate="Runnable" seed="625936793" result="Passed" start-time="2018-10-06 20:01:52Z" end-time="2018-10-06 20:01:52Z" duration="0.000258" asserts="1" />
            <test-case id="1321" name="TestFinished(&quot;After&quot;,Skipped,&quot;Ignored&quot;,&quot;&quot;,&quot;Ignored =&gt; NUnitLite.Tests.TextUITests.MyFakeMethod\n&quot;)" fullname="NUnitLite.Tests.TextUITests.TestFinished(&quot;After&quot;,Skipped,&quot;Ignored&quot;,&quot;&quot;,&quot;Ignored =&gt; NUnitLite.Tests.TextUITests.MyFakeMethod\n&quot;)" methodname="TestFinished" classname="NUnitLite.Tests.TextUITests" runstate="Runnable" seed="732967230" result="Passed" start-time="2018-10-06 20:01:52Z" end-time="2018-10-06 20:01:52Z" duration="0.000211" asserts="1" />
            <test-case id="1322" name="TestFinished(&quot;After&quot;,Warning,&quot;&quot;,&quot;&quot;,&quot;Warning =&gt; NUnitLite.Tests.TextUITests.MyFakeMethod\n&quot;)" fullname="NUnitLite.Tests.TextUITests.TestFinished(&quot;After&quot;,Warning,&quot;&quot;,&quot;&quot;,&quot;Warning =&gt; NUnitLite.Tests.TextUITests.MyFakeMethod\n&quot;)" methodname="TestFinished" classname="NUnitLite.Tests.TextUITests" runstate="Runnable" seed="218104286" result="Passed" start-time="2018-10-06 20:01:52Z" end-time="2018-10-06 20:01:52Z" duration="0.000227" asserts="1" />
            <test-case id="1323" name="TestFinished(&quot;Off&quot;,Passed,&quot;&quot;,&quot;First line of output\nAnother line of output&quot;,&quot;First line of output\nAnother line of output\n&quot;)" fullname="NUnitLite.Tests.TextUITests.TestFinished(&quot;Off&quot;,Passed,&quot;&quot;,&quot;First line of output\nAnother line of output&quot;,&quot;First line of output\nAnother line of output\n&quot;)" methodname="TestFinished" classname="NUnitLite.Tests.TextUITests" runstate="Runnable" seed="288023576" result="Passed" start-time="2018-10-06 20:01:52Z" end-time="2018-10-06 20:01:52Z" duration="0.000225" asserts="1" />
            <test-case id="1324" name="TestFinished(&quot;On&quot;,Passed,&quot;&quot;,&quot;First line of output\nAnother line of output&quot;,&quot;=&gt; NUnitLite.Tests.TextUITests.MyFakeMethod\nFirst line of output\nAnother line of output\n&quot;)" fullname="NUnitLite.Tests.TextUITests.TestFinished(&quot;On&quot;,Passed,&quot;&quot;,&quot;First line of output\nAnother line of output&quot;,&quot;=&gt; NUnitLite.Tests.TextUITests.MyFakeMethod\nFirst line of output\nAnother line of output\n&quot;)" methodname="TestFinished" classname="NUnitLite.Tests.TextUITests" runstate="Runnable" seed="50223202" result="Passed" start-time="2018-10-06 20:01:52Z" end-time="2018-10-06 20:01:52Z" duration="0.000237" asserts="1" />
            <test-case id="1325" name="TestFinished(&quot;All&quot;,Passed,&quot;&quot;,&quot;First line of output\nAnother line of output&quot;,&quot;=&gt; NUnitLite.Tests.TextUITests.MyFakeMethod\nFirst line of output\nAnother line of output\n&quot;)" fullname="NUnitLite.Tests.TextUITests.TestFinished(&quot;All&quot;,Passed,&quot;&quot;,&quot;First line of output\nAnother line of output&quot;,&quot;=&gt; NUnitLite.Tests.TextUITests.MyFakeMethod\nFirst line of output\nAnother line of output\n&quot;)" methodname="TestFinished" classname="NUnitLite.Tests.TextUITests" runstate="Runnable" seed="2133964932" result="Passed" start-time="2018-10-06 20:01:52Z" end-time="2018-10-06 20:01:52Z" duration="0.000232" asserts="1" />
            <test-case id="1326" name="TestFinished(&quot;Before&quot;,Passed,&quot;&quot;,&quot;First line of output\nAnother line of output&quot;,&quot;=&gt; NUnitLite.Tests.TextUITests.MyFakeMethod\nFirst line of output\nAnother line of output\n&quot;)" fullname="NUnitLite.Tests.TextUITests.TestFinished(&quot;Before&quot;,Passed,&quot;&quot;,&quot;First line of output\nAnother line of output&quot;,&quot;=&gt; NUnitLite.Tests.TextUITests.MyFakeMethod\nFirst line of output\nAnother line of output\n&quot;)" methodname="TestFinished" classname="NUnitLite.Tests.TextUITests" runstate="Runnable" seed="58941555" result="Passed" start-time="2018-10-06 20:01:52Z" end-time="2018-10-06 20:01:52Z" duration="0.000282" asserts="1" />
            <test-case id="1327" name="TestFinished(&quot;After&quot;,Passed,&quot;&quot;,&quot;First line of output\nAnother line of output&quot;,&quot;=&gt; NUnitLite.Tests.TextUITests.MyFakeMethod\nFirst line of output\nAnother line of output\nPassed =&gt; NUnitLite.Tests.TextUITests.MyFakeMethod\n&quot;)" fullname="NUnitLite.Tests.TextUITests.TestFinished(&quot;After&quot;,Passed,&quot;&quot;,&quot;First line of output\nAnother line of output&quot;,&quot;=&gt; NUnitLite.Tests.TextUITests.MyFakeMethod\nFirst line of output\nAnother line of output\nPassed =&gt; NUnitLite.Tests.TextUITests.MyFakeMethod\n&quot;)" methodname="TestFinished" classname="NUnitLite.Tests.TextUITests" runstate="Runnable" seed="1061650147" result="Passed" start-time="2018-10-06 20:01:52Z" end-time="2018-10-06 20:01:52Z" duration="0.000514" asserts="1" />
            <test-case id="1328" name="TestFinished(&quot;After&quot;,Failed,&quot;&quot;,&quot;First line of output\nAnother line of output&quot;,&quot;=&gt; NUnitLite.Tests.TextUITests.MyFakeMethod\nFirst line of output\nAnother line of output\nFailed =&gt; NUnitLite.Tests.TextUITests.MyFakeMethod\n&quot;)" fullname="NUnitLite.Tests.TextUITests.TestFinished(&quot;After&quot;,Failed,&quot;&quot;,&quot;First line of output\nAnother line of output&quot;,&quot;=&gt; NUnitLite.Tests.TextUITests.MyFakeMethod\nFirst line of output\nAnother line of output\nFailed =&gt; NUnitLite.Tests.TextUITests.MyFakeMethod\n&quot;)" methodname="TestFinished" classname="NUnitLite.Tests.TextUITests" runstate="Runnable" seed="1308820238" result="Passed" start-time="2018-10-06 20:01:52Z" end-time="2018-10-06 20:01:52Z" duration="0.000353" asserts="1" />
            <test-case id="1329" name="TestFinished(&quot;After&quot;,Failed,&quot;Invalid&quot;,&quot;First line of output\nAnother line of output&quot;,&quot;=&gt; NUnitLite.Tests.TextUITests.MyFakeMethod\nFirst line of output\nAnother line of output\nInvalid =&gt; NUnitLite.Tests.TextUITests.MyFakeMethod\n&quot;)" fullname="NUnitLite.Tests.TextUITests.TestFinished(&quot;After&quot;,Failed,&quot;Invalid&quot;,&quot;First line of output\nAnother line of output&quot;,&quot;=&gt; NUnitLite.Tests.TextUITests.MyFakeMethod\nFirst line of output\nAnother line of output\nInvalid =&gt; NUnitLite.Tests.TextUITests.MyFakeMethod\n&quot;)" methodname="TestFinished" classname="NUnitLite.Tests.TextUITests" runstate="Runnable" seed="670643904" result="Passed" start-time="2018-10-06 20:01:52Z" end-time="2018-10-06 20:01:52Z" duration="0.000250" asserts="1" />
            <test-case id="1330" name="TestFinished(&quot;After&quot;,Failed,&quot;Cancelled&quot;,&quot;First line of output\nAnother line of output&quot;,&quot;=&gt; NUnitLite.Tests.TextUITests.MyFakeMethod\nFirst line of output\nAnother line of output\nCancelled =&gt; NUnitLite.Tests.TextUITests.MyFakeMethod\n&quot;)" fullname="NUnitLite.Tests.TextUITests.TestFinished(&quot;After&quot;,Failed,&quot;Cancelled&quot;,&quot;First line of output\nAnother line of output&quot;,&quot;=&gt; NUnitLite.Tests.TextUITests.MyFakeMethod\nFirst line of output\nAnother line of output\nCancelled =&gt; NUnitLite.Tests.TextUITests.MyFakeMethod\n&quot;)" methodname="TestFinished" classname="NUnitLite.Tests.TextUITests" runstate="Runnable" seed="173973139" result="Passed" start-time="2018-10-06 20:01:52Z" end-time="2018-10-06 20:01:52Z" duration="0.000228" asserts="1" />
            <test-case id="1331" name="TestFinished(&quot;After&quot;,Failed,&quot;Error&quot;,&quot;First line of output\nAnother line of output&quot;,&quot;=&gt; NUnitLite.Tests.TextUITests.MyFakeMethod\nFirst line of output\nAnother line of output\nError =&gt; NUnitLite.Tests.TextUITests.MyFakeMethod\n&quot;)" fullname="NUnitLite.Tests.TextUITests.TestFinished(&quot;After&quot;,Failed,&quot;Error&quot;,&quot;First line of output\nAnother line of output&quot;,&quot;=&gt; NUnitLite.Tests.TextUITests.MyFakeMethod\nFirst line of output\nAnother line of output\nError =&gt; NUnitLite.Tests.TextUITests.MyFakeMethod\n&quot;)" methodname="TestFinished" classname="NUnitLite.Tests.TextUITests" runstate="Runnable" seed="734032062" result="Passed" start-time="2018-10-06 20:01:52Z" end-time="2018-10-06 20:01:52Z" duration="0.000232" asserts="1" />
            <test-case id="1332" name="TestFinished(&quot;After&quot;,Inconclusive,&quot;&quot;,&quot;First line of output\nAnother line of output&quot;,&quot;=&gt; NUnitLite.Tests.TextUITests.MyFakeMethod\nFirst line of output\nAnother line of output\nInconclusive =&gt; NUnitLite.Tests.TextUITests.MyFakeMethod\n&quot;)" fullname="NUnitLite.Tests.TextUITests.TestFinished(&quot;After&quot;,Inconclusive,&quot;&quot;,&quot;First line of output\nAnother line of output&quot;,&quot;=&gt; NUnitLite.Tests.TextUITests.MyFakeMethod\nFirst line of output\nAnother line of output\nInconclusive =&gt; NUnitLite.Tests.TextUITests.MyFakeMethod\n&quot;)" methodname="TestFinished" classname="NUnitLite.Tests.TextUITests" runstate="Runnable" seed="1243350108" result="Passed" start-time="2018-10-06 20:01:52Z" end-time="2018-10-06 20:01:52Z" duration="0.000475" asserts="1" />
            <test-case id="1333" name="TestFinished(&quot;After&quot;,Skipped,&quot;&quot;,&quot;First line of output\nAnother line of output&quot;,&quot;=&gt; NUnitLite.Tests.TextUITests.MyFakeMethod\nFirst line of output\nAnother line of output\nSkipped =&gt; NUnitLite.Tests.TextUITests.MyFakeMethod\n&quot;)" fullname="NUnitLite.Tests.TextUITests.TestFinished(&quot;After&quot;,Skipped,&quot;&quot;,&quot;First line of output\nAnother line of output&quot;,&quot;=&gt; NUnitLite.Tests.TextUITests.MyFakeMethod\nFirst line of output\nAnother line of output\nSkipped =&gt; NUnitLite.Tests.TextUITests.MyFakeMethod\n&quot;)" methodname="TestFinished" classname="NUnitLite.Tests.TextUITests" runstate="Runnable" seed="335711158" result="Passed" start-time="2018-10-06 20:01:52Z" end-time="2018-10-06 20:01:52Z" duration="0.000315" asserts="1" />
            <test-case id="1334" name="TestFinished(&quot;After&quot;,Skipped,&quot;Ignored&quot;,&quot;First line of output\nAnother line of output&quot;,&quot;=&gt; NUnitLite.Tests.TextUITests.MyFakeMethod\nFirst line of output\nAnother line of output\nIgnored =&gt; NUnitLite.Tests.TextUITests.MyFakeMethod\n&quot;)" fullname="NUnitLite.Tests.TextUITests.TestFinished(&quot;After&quot;,Skipped,&quot;Ignored&quot;,&quot;First line of output\nAnother line of output&quot;,&quot;=&gt; NUnitLite.Tests.TextUITests.MyFakeMethod\nFirst line of output\nAnother line of output\nIgnored =&gt; NUnitLite.Tests.TextUITests.MyFakeMethod\n&quot;)" methodname="TestFinished" classname="NUnitLite.Tests.TextUITests" runstate="Runnable" seed="146373864" result="Passed" start-time="2018-10-06 20:01:52Z" end-time="2018-10-06 20:01:52Z" duration="0.000254" asserts="1" />
            <test-case id="1335" name="TestFinished(&quot;After&quot;,Warning,&quot;&quot;,&quot;First line of output\nAnother line of output&quot;,&quot;=&gt; NUnitLite.Tests.TextUITests.MyFakeMethod\nFirst line of output\nAnother line of output\nWarning =&gt; NUnitLite.Tests.TextUITests.MyFakeMethod\n&quot;)" fullname="NUnitLite.Tests.TextUITests.TestFinished(&quot;After&quot;,Warning,&quot;&quot;,&quot;First line of output\nAnother line of output&quot;,&quot;=&gt; NUnitLite.Tests.TextUITests.MyFakeMethod\nFirst line of output\nAnother line of output\nWarning =&gt; NUnitLite.Tests.TextUITests.MyFakeMethod\n&quot;)" methodname="TestFinished" classname="NUnitLite.Tests.TextUITests" runstate="Runnable" seed="1138109560" result="Passed" start-time="2018-10-06 20:01:52Z" end-time="2018-10-06 20:01:52Z" duration="0.000708" asserts="1" />
          </test-suite>
          <test-suite type="ParameterizedMethod" id="1303" name="TestStarted" fullname="NUnitLite.Tests.TextUITests.TestStarted" classname="NUnitLite.Tests.TextUITests" runstate="Runnable" testcasecount="5" result="Passed" start-time="2018-10-06 20:01:52Z" end-time="2018-10-06 20:01:52Z" duration="0.002307" total="5" passed="5" failed="0" warnings="0" inconclusive="0" skipped="0" asserts="5">
            <test-case id="1298" name="TestStarted(&quot;Off&quot;,&quot;&quot;)" fullname="NUnitLite.Tests.TextUITests.TestStarted(&quot;Off&quot;,&quot;&quot;)" methodname="TestStarted" classname="NUnitLite.Tests.TextUITests" runstate="Runnable" seed="1264075761" result="Passed" start-time="2018-10-06 20:01:52Z" end-time="2018-10-06 20:01:52Z" duration="0.001226" asserts="1" />
            <test-case id="1299" name="TestStarted(&quot;On&quot;,&quot;&quot;)" fullname="NUnitLite.Tests.TextUITests.TestStarted(&quot;On&quot;,&quot;&quot;)" methodname="TestStarted" classname="NUnitLite.Tests.TextUITests" runstate="Runnable" seed="1294591940" result="Passed" start-time="2018-10-06 20:01:52Z" end-time="2018-10-06 20:01:52Z" duration="0.000329" asserts="1" />
            <test-case id="1300" name="TestStarted(&quot;All&quot;,&quot;=&gt; NUnitLite.Tests.TextUITests.MyFakeMethod\n&quot;)" fullname="NUnitLite.Tests.TextUITests.TestStarted(&quot;All&quot;,&quot;=&gt; NUnitLite.Tests.TextUITests.MyFakeMethod\n&quot;)" methodname="TestStarted" classname="NUnitLite.Tests.TextUITests" runstate="Runnable" seed="665561029" result="Passed" start-time="2018-10-06 20:01:52Z" end-time="2018-10-06 20:01:52Z" duration="0.000191" asserts="1" />
            <test-case id="1301" name="TestStarted(&quot;Before&quot;,&quot;=&gt; NUnitLite.Tests.TextUITests.MyFakeMethod\n&quot;)" fullname="NUnitLite.Tests.TextUITests.TestStarted(&quot;Before&quot;,&quot;=&gt; NUnitLite.Tests.TextUITests.MyFakeMethod\n&quot;)" methodname="TestStarted" classname="NUnitLite.Tests.TextUITests" runstate="Runnable" seed="1702528118" result="Passed" start-time="2018-10-06 20:01:52Z" end-time="2018-10-06 20:01:52Z" duration="0.000164" asserts="1" />
            <test-case id="1302" name="TestStarted(&quot;After&quot;,&quot;&quot;)" fullname="NUnitLite.Tests.TextUITests.TestStarted(&quot;After&quot;,&quot;&quot;)" methodname="TestStarted" classname="NUnitLite.Tests.TextUITests" runstate="Runnable" seed="2114252802" result="Passed" start-time="2018-10-06 20:01:52Z" end-time="2018-10-06 20:01:52Z" duration="0.000125" asserts="1" />
          </test-suite>
          <test-suite type="ParameterizedMethod" id="1342" name="TestWritesSingleCharacters" fullname="NUnitLite.Tests.TextUITests.TestWritesSingleCharacters" classname="NUnitLite.Tests.TextUITests" runstate="Runnable" testcasecount="5" result="Passed" start-time="2018-10-06 20:01:52Z" end-time="2018-10-06 20:01:52Z" duration="0.002462" total="5" passed="5" failed="0" warnings="0" inconclusive="0" skipped="0" asserts="5">
            <test-case id="1337" name="TestWritesSingleCharacters(&quot;Off&quot;,&quot;ABC+XYZ\n&quot;)" fullname="NUnitLite.Tests.TextUITests.TestWritesSingleCharacters(&quot;Off&quot;,&quot;ABC+XYZ\n&quot;)" methodname="TestWritesSingleCharacters" classname="NUnitLite.Tests.TextUITests" runstate="Runnable" seed="1916270150" result="Passed" start-time="2018-10-06 20:01:52Z" end-time="2018-10-06 20:01:52Z" duration="0.001463" asserts="1" />
            <test-case id="1338" name="TestWritesSingleCharacters(&quot;On&quot;,&quot;=&gt; NUnitLite.Tests.TextUITests.MyFakeMethod\nABC+XYZ\n&quot;)" fullname="NUnitLite.Tests.TextUITests.TestWritesSingleCharacters(&quot;On&quot;,&quot;=&gt; NUnitLite.Tests.TextUITests.MyFakeMethod\nABC+XYZ\n&quot;)" methodname="TestWritesSingleCharacters" classname="NUnitLite.Tests.TextUITests" runstate="Runnable" seed="1758928811" result="Passed" start-time="2018-10-06 20:01:52Z" end-time="2018-10-06 20:01:52Z" duration="0.000228" asserts="1" />
            <test-case id="1339" name="TestWritesSingleCharacters(&quot;All&quot;,&quot;=&gt; NUnitLite.Tests.TextUITests.MyFakeMethod\nABC+XYZ\n&quot;)" fullname="NUnitLite.Tests.TextUITests.TestWritesSingleCharacters(&quot;All&quot;,&quot;=&gt; NUnitLite.Tests.TextUITests.MyFakeMethod\nABC+XYZ\n&quot;)" methodname="TestWritesSingleCharacters" classname="NUnitLite.Tests.TextUITests" runstate="Runnable" seed="2027320111" result="Passed" start-time="2018-10-06 20:01:52Z" end-time="2018-10-06 20:01:52Z" duration="0.000202" asserts="1" />
            <test-case id="1340" name="TestWritesSingleCharacters(&quot;Before&quot;,&quot;=&gt; NUnitLite.Tests.TextUITests.MyFakeMethod\nABC+XYZ\n&quot;)" fullname="NUnitLite.Tests.TextUITests.TestWritesSingleCharacters(&quot;Before&quot;,&quot;=&gt; NUnitLite.Tests.TextUITests.MyFakeMethod\nABC+XYZ\n&quot;)" methodname="TestWritesSingleCharacters" classname="NUnitLite.Tests.TextUITests" runstate="Runnable" seed="684231906" result="Passed" start-time="2018-10-06 20:01:52Z" end-time="2018-10-06 20:01:52Z" duration="0.000211" asserts="1" />
            <test-case id="1341" name="TestWritesSingleCharacters(&quot;After&quot;,&quot;=&gt; NUnitLite.Tests.TextUITests.MyFakeMethod\nABC+XYZ\nPassed =&gt; NUnitLite.Tests.TextUITests.MyFakeMethod\n&quot;)" fullname="NUnitLite.Tests.TextUITests.TestWritesSingleCharacters(&quot;After&quot;,&quot;=&gt; NUnitLite.Tests.TextUITests.MyFakeMethod\nABC+XYZ\nPassed =&gt; NUnitLite.Tests.TextUITests.MyFakeMethod\n&quot;)" methodname="TestWritesSingleCharacters" classname="NUnitLite.Tests.TextUITests" runstate="Runnable" seed="1355994019" result="Passed" start-time="2018-10-06 20:01:52Z" end-time="2018-10-06 20:01:52Z" duration="0.000184" asserts="1" />
          </test-suite>
          <test-suite type="ParameterizedMethod" id="1392" name="TwoTests_InterleavedExecution" fullname="NUnitLite.Tests.TextUITests.TwoTests_InterleavedExecution" classname="NUnitLite.Tests.TextUITests" runstate="Runnable" testcasecount="5" result="Passed" start-time="2018-10-06 20:01:52Z" end-time="2018-10-06 20:01:52Z" duration="0.008956" total="5" passed="5" failed="0" warnings="0" inconclusive="0" skipped="0" asserts="5">
            <test-case id="1387" name="TwoTests_InterleavedExecution(&quot;Off&quot;,&quot;Immediate output from first test\nAnother immediate output from first test\nImmediate output from second test\nOUTPUT1\nOUTPUT2\n&quot;)" fullname="NUnitLite.Tests.TextUITests.TwoTests_InterleavedExecution(&quot;Off&quot;,&quot;Immediate output from first test\nAnother immediate output from first test\nImmediate output from second test\nOUTPUT1\nOUTPUT2\n&quot;)" methodname="TwoTests_InterleavedExecution" classname="NUnitLite.Tests.TextUITests" runstate="Runnable" seed="1316167262" result="Passed" start-time="2018-10-06 20:01:52Z" end-time="2018-10-06 20:01:52Z" duration="0.003693" asserts="1" />
            <test-case id="1388" name="TwoTests_InterleavedExecution(&quot;On&quot;,&quot;=&gt; NUnitLite.Tests.TextUITests.MyFakeMethod\nImmediate output from first test\nAnother immediate output from first test\n=&gt; NUnitLite.Tests.TextUITests.AnotherFakeMethod\nImmediate output from second test\n=&gt; NUnitLite.Tests.TextUITests.MyFakeMethod\nOUTPUT1\n=&gt; NUnitLite.Tests.TextUITests.AnotherFakeMethod\nOUTPUT2\n&quot;)" fullname="NUnitLite.Tests.TextUITests.TwoTests_InterleavedExecution(&quot;On&quot;,&quot;=&gt; NUnitLite.Tests.TextUITests.MyFakeMethod\nImmediate output from first test\nAnother immediate output from first test\n=&gt; NUnitLite.Tests.TextUITests.AnotherFakeMethod\nImmediate output from second test\n=&gt; NUnitLite.Tests.TextUITests.MyFakeMethod\nOUTPUT1\n=&gt; NUnitLite.Tests.TextUITests.AnotherFakeMethod\nOUTPUT2\n&quot;)" methodname="TwoTests_InterleavedExecution" classname="NUnitLite.Tests.TextUITests" runstate="Runnable" seed="1027369028" result="Passed" start-time="2018-10-06 20:01:52Z" end-time="2018-10-06 20:01:52Z" duration="0.000458" asserts="1" />
            <test-case id="1389" name="TwoTests_InterleavedExecution(&quot;All&quot;,&quot;=&gt; NUnitLite.Tests.TextUITests.MyFakeMethod\nImmediate output from first test\n=&gt; NUnitLite.Tests.TextUITests.AnotherFakeMethod\n=&gt; NUnitLite.Tests.TextUITests.MyFakeMethod\nAnother immediate output from first test\n=&gt; NUnitLite.Tests.TextUITests.AnotherFakeMethod\nImmediate output from second test\n=&gt; NUnitLite.Tests.TextUITests.MyFakeMethod\nOUTPUT1\n=&gt; NUnitLite.Tests.TextUITests.AnotherFakeMethod\nOUTPUT2\n&quot;)" fullname="NUnitLite.Tests.TextUITests.TwoTests_InterleavedExecution(&quot;All&quot;,&quot;=&gt; NUnitLite.Tests.TextUITests.MyFakeMethod\nImmediate output from first test\n=&gt; NUnitLite.Tests.TextUITests.AnotherFakeMethod\n=&gt; NUnitLite.Tests.TextUITests.MyFakeMethod\nAnother immediate output from first test\n=&gt; NUnitLite.Tests.TextUITests.AnotherFakeMethod\nImmediate output from second test\n=&gt; NUnitLite.Tests.TextUITests.MyFakeMethod\nOUTPUT1\n=&gt; NUnitLite.Tests.TextUITests.AnotherFakeMethod\nOUTPUT2\n&quot;)" methodname="TwoTests_InterleavedExecution" classname="NUnitLite.Tests.TextUITests" runstate="Runnable" seed="1870114794" result="Passed" start-time="2018-10-06 20:01:52Z" end-time="2018-10-06 20:01:52Z" duration="0.000639" asserts="1" />
            <test-case id="1390" name="TwoTests_InterleavedExecution(&quot;Before&quot;,&quot;=&gt; NUnitLite.Tests.TextUITests.MyFakeMethod\nImmediate output from first test\n=&gt; NUnitLite.Tests.TextUITests.AnotherFakeMethod\n=&gt; NUnitLite.Tests.TextUITests.MyFakeMethod\nAnother immediate output from first test\n=&gt; NUnitLite.Tests.TextUITests.AnotherFakeMethod\nImmediate output from second test\n=&gt; NUnitLite.Tests.TextUITests.MyFakeMethod\nOUTPUT1\n=&gt; NUnitLite.Tests.TextUITests.AnotherFakeMethod\nOUTPUT2\n&quot;)" fullname="NUnitLite.Tests.TextUITests.TwoTests_InterleavedExecution(&quot;Before&quot;,&quot;=&gt; NUnitLite.Tests.TextUITests.MyFakeMethod\nImmediate output from first test\n=&gt; NUnitLite.Tests.TextUITests.AnotherFakeMethod\n=&gt; NUnitLite.Tests.TextUITests.MyFakeMethod\nAnother immediate output from first test\n=&gt; NUnitLite.Tests.TextUITests.AnotherFakeMethod\nImmediate output from second test\n=&gt; NUnitLite.Tests.TextUITests.MyFakeMethod\nOUTPUT1\n=&gt; NUnitLite.Tests.TextUITests.AnotherFakeMethod\nOUTPUT2\n&quot;)" methodname="TwoTests_InterleavedExecution" classname="NUnitLite.Tests.TextUITests" runstate="Runnable" seed="1244667147" result="Passed" start-time="2018-10-06 20:01:52Z" end-time="2018-10-06 20:01:52Z" duration="0.000314" asserts="1" />
            <test-case id="1391" name="TwoTests_InterleavedExecution(&quot;After&quot;,&quot;=&gt; NUnitLite.Tests.TextUITests.MyFakeMethod\nImmediate output from first test\nAnother immediate output from first test\n=&gt; NUnitLite.Tests.TextUITests.AnotherFakeMethod\nImmediate output from second test\n=&gt; NUnitLite.Tests.TextUITests.MyFakeMethod\nOUTPUT1\nFailed =&gt; NUnitLite.Tests.TextUITests.MyFakeMethod\n=&gt; NUnitLite.Tests.TextUITests.AnotherFakeMethod\nOUTPUT2\nPassed =&gt; NUnitLite.Tests.TextUITests.AnotherFakeMethod\n&quot;)" fullname="NUnitLite.Tests.TextUITests.TwoTests_InterleavedExecution(&quot;After&quot;,&quot;=&gt; NUnitLite.Tests.TextUITests.MyFakeMethod\nImmediate output from first test\nAnother immediate output from first test\n=&gt; NUnitLite.Tests.TextUITests.AnotherFakeMethod\nImmediate output from second test\n=&gt; NUnitLite.Tests.TextUITests.MyFakeMethod\nOUTPUT1\nFailed =&gt; NUnitLite.Tests.TextUITests.MyFakeMethod\n=&gt; NUnitLite.Tests.TextUITests.AnotherFakeMethod\nOUTPUT2\nPassed =&gt; NUnitLite.Tests.TextUITests.AnotherFakeMethod\n&quot;)" methodname="TwoTests_InterleavedExecution" classname="NUnitLite.Tests.TextUITests" runstate="Runnable" seed="576333237" result="Passed" start-time="2018-10-06 20:01:52Z" end-time="2018-10-06 20:01:52Z" duration="0.003376" asserts="1" />
          </test-suite>
          <test-suite type="ParameterizedMethod" id="1398" name="TwoTests_NestedExecution" fullname="NUnitLite.Tests.TextUITests.TwoTests_NestedExecution" classname="NUnitLite.Tests.TextUITests" runstate="Runnable" testcasecount="5" result="Passed" start-time="2018-10-06 20:01:52Z" end-time="2018-10-06 20:01:52Z" duration="0.003421" total="5" passed="5" failed="0" warnings="0" inconclusive="0" skipped="0" asserts="5">
            <test-case id="1393" name="TwoTests_NestedExecution(&quot;Off&quot;,&quot;Immediate output from first test\nAnother immediate output from first test\nImmediate output from second test\nOUTPUT2\nOUTPUT1\n&quot;)" fullname="NUnitLite.Tests.TextUITests.TwoTests_NestedExecution(&quot;Off&quot;,&quot;Immediate output from first test\nAnother immediate output from first test\nImmediate output from second test\nOUTPUT2\nOUTPUT1\n&quot;)" methodname="TwoTests_NestedExecution" classname="NUnitLite.Tests.TextUITests" runstate="Runnable" seed="1479011100" result="Passed" start-time="2018-10-06 20:01:52Z" end-time="2018-10-06 20:01:52Z" duration="0.002164" asserts="1" />
            <test-case id="1394" name="TwoTests_NestedExecution(&quot;On&quot;,&quot;=&gt; NUnitLite.Tests.TextUITests.MyFakeMethod\nImmediate output from first test\nAnother immediate output from first test\n=&gt; NUnitLite.Tests.TextUITests.AnotherFakeMethod\nImmediate output from second test\nOUTPUT2\n=&gt; NUnitLite.Tests.TextUITests.MyFakeMethod\nOUTPUT1\n&quot;)" fullname="NUnitLite.Tests.TextUITests.TwoTests_NestedExecution(&quot;On&quot;,&quot;=&gt; NUnitLite.Tests.TextUITests.MyFakeMethod\nImmediate output from first test\nAnother immediate output from first test\n=&gt; NUnitLite.Tests.TextUITests.AnotherFakeMethod\nImmediate output from second test\nOUTPUT2\n=&gt; NUnitLite.Tests.TextUITests.MyFakeMethod\nOUTPUT1\n&quot;)" methodname="TwoTests_NestedExecution" classname="NUnitLite.Tests.TextUITests" runstate="Runnable" seed="1244303466" result="Passed" start-time="2018-10-06 20:01:52Z" end-time="2018-10-06 20:01:52Z" duration="0.000228" asserts="1" />
            <test-case id="1395" name="TwoTests_NestedExecution(&quot;All&quot;,&quot;=&gt; NUnitLite.Tests.TextUITests.MyFakeMethod\nImmediate output from first test\n=&gt; NUnitLite.Tests.TextUITests.AnotherFakeMethod\n=&gt; NUnitLite.Tests.TextUITests.MyFakeMethod\nAnother immediate output from first test\n=&gt; NUnitLite.Tests.TextUITests.AnotherFakeMethod\nImmediate output from second test\nOUTPUT2\n=&gt; NUnitLite.Tests.TextUITests.MyFakeMethod\nOUTPUT1\n&quot;)" fullname="NUnitLite.Tests.TextUITests.TwoTests_NestedExecution(&quot;All&quot;,&quot;=&gt; NUnitLite.Tests.TextUITests.MyFakeMethod\nImmediate output from first test\n=&gt; NUnitLite.Tests.TextUITests.AnotherFakeMethod\n=&gt; NUnitLite.Tests.TextUITests.MyFakeMethod\nAnother immediate output from first test\n=&gt; NUnitLite.Tests.TextUITests.AnotherFakeMethod\nImmediate output from second test\nOUTPUT2\n=&gt; NUnitLite.Tests.TextUITests.MyFakeMethod\nOUTPUT1\n&quot;)" methodname="TwoTests_NestedExecution" classname="NUnitLite.Tests.TextUITests" runstate="Runnable" seed="1300113196" result="Passed" start-time="2018-10-06 20:01:52Z" end-time="2018-10-06 20:01:52Z" duration="0.000215" asserts="1" />
            <test-case id="1396" name="TwoTests_NestedExecution(&quot;Before&quot;,&quot;=&gt; NUnitLite.Tests.TextUITests.MyFakeMethod\nImmediate output from first test\n=&gt; NUnitLite.Tests.TextUITests.AnotherFakeMethod\n=&gt; NUnitLite.Tests.TextUITests.MyFakeMethod\nAnother immediate output from first test\n=&gt; NUnitLite.Tests.TextUITests.AnotherFakeMethod\nImmediate output from second test\nOUTPUT2\n=&gt; NUnitLite.Tests.TextUITests.MyFakeMethod\nOUTPUT1\n&quot;)" fullname="NUnitLite.Tests.TextUITests.TwoTests_NestedExecution(&quot;Before&quot;,&quot;=&gt; NUnitLite.Tests.TextUITests.MyFakeMethod\nImmediate output from first test\n=&gt; NUnitLite.Tests.TextUITests.AnotherFakeMethod\n=&gt; NUnitLite.Tests.TextUITests.MyFakeMethod\nAnother immediate output from first test\n=&gt; NUnitLite.Tests.TextUITests.AnotherFakeMethod\nImmediate output from second test\nOUTPUT2\n=&gt; NUnitLite.Tests.TextUITests.MyFakeMethod\nOUTPUT1\n&quot;)" methodname="TwoTests_NestedExecution" classname="NUnitLite.Tests.TextUITests" runstate="Runnable" seed="1042665028" result="Passed" start-time="2018-10-06 20:01:52Z" end-time="2018-10-06 20:01:52Z" duration="0.000161" asserts="1" />
            <test-case id="1397" name="TwoTests_NestedExecution(&quot;After&quot;,&quot;=&gt; NUnitLite.Tests.TextUITests.MyFakeMethod\nImmediate output from first test\nAnother immediate output from first test\n=&gt; NUnitLite.Tests.TextUITests.AnotherFakeMethod\nImmediate output from second test\nOUTPUT2\nPassed =&gt; NUnitLite.Tests.TextUITests.AnotherFakeMethod\n=&gt; NUnitLite.Tests.TextUITests.MyFakeMethod\nOUTPUT1\nFailed =&gt; NUnitLite.Tests.TextUITests.MyFakeMethod\n&quot;)" fullname="NUnitLite.Tests.TextUITests.TwoTests_NestedExecution(&quot;After&quot;,&quot;=&gt; NUnitLite.Tests.TextUITests.MyFakeMethod\nImmediate output from first test\nAnother immediate output from first test\n=&gt; NUnitLite.Tests.TextUITests.AnotherFakeMethod\nImmediate output from second test\nOUTPUT2\nPassed =&gt; NUnitLite.Tests.TextUITests.AnotherFakeMethod\n=&gt; NUnitLite.Tests.TextUITests.MyFakeMethod\nOUTPUT1\nFailed =&gt; NUnitLite.Tests.TextUITests.MyFakeMethod\n&quot;)" methodname="TwoTests_NestedExecution" classname="NUnitLite.Tests.TextUITests" runstate="Runnable" seed="1936602421" result="Passed" start-time="2018-10-06 20:01:52Z" end-time="2018-10-06 20:01:52Z" duration="0.000171" asserts="1" />
          </test-suite>
          <test-suite type="ParameterizedMethod" id="1386" name="TwoTests_SequentialExecution" fullname="NUnitLite.Tests.TextUITests.TwoTests_SequentialExecution" classname="NUnitLite.Tests.TextUITests" runstate="Runnable" testcasecount="5" result="Passed" start-time="2018-10-06 20:01:52Z" end-time="2018-10-06 20:01:52Z" duration="0.002327" total="5" passed="5" failed="0" warnings="0" inconclusive="0" skipped="0" asserts="5">
            <test-case id="1381" name="TwoTests_SequentialExecution(&quot;Off&quot;,&quot;OUTPUT1\nOUTPUT2\n&quot;)" fullname="NUnitLite.Tests.TextUITests.TwoTests_SequentialExecution(&quot;Off&quot;,&quot;OUTPUT1\nOUTPUT2\n&quot;)" methodname="TwoTests_SequentialExecution" classname="NUnitLite.Tests.TextUITests" runstate="Runnable" seed="1067143890" result="Passed" start-time="2018-10-06 20:01:52Z" end-time="2018-10-06 20:01:52Z" duration="0.001444" asserts="1" />
            <test-case id="1382" name="TwoTests_SequentialExecution(&quot;On&quot;,&quot;=&gt; NUnitLite.Tests.TextUITests.MyFakeMethod\nOUTPUT1\n=&gt; NUnitLite.Tests.TextUITests.AnotherFakeMethod\nOUTPUT2\n&quot;)" fullname="NUnitLite.Tests.TextUITests.TwoTests_SequentialExecution(&quot;On&quot;,&quot;=&gt; NUnitLite.Tests.TextUITests.MyFakeMethod\nOUTPUT1\n=&gt; NUnitLite.Tests.TextUITests.AnotherFakeMethod\nOUTPUT2\n&quot;)" methodname="TwoTests_SequentialExecution" classname="NUnitLite.Tests.TextUITests" runstate="Runnable" seed="1137579264" result="Passed" start-time="2018-10-06 20:01:52Z" end-time="2018-10-06 20:01:52Z" duration="0.000209" asserts="1" />
            <test-case id="1383" name="TwoTests_SequentialExecution(&quot;All&quot;,&quot;=&gt; NUnitLite.Tests.TextUITests.MyFakeMethod\nOUTPUT1\n=&gt; NUnitLite.Tests.TextUITests.AnotherFakeMethod\nOUTPUT2\n&quot;)" fullname="NUnitLite.Tests.TextUITests.TwoTests_SequentialExecution(&quot;All&quot;,&quot;=&gt; NUnitLite.Tests.TextUITests.MyFakeMethod\nOUTPUT1\n=&gt; NUnitLite.Tests.TextUITests.AnotherFakeMethod\nOUTPUT2\n&quot;)" methodname="TwoTests_SequentialExecution" classname="NUnitLite.Tests.TextUITests" runstate="Runnable" seed="963401542" result="Passed" start-time="2018-10-06 20:01:52Z" end-time="2018-10-06 20:01:52Z" duration="0.000138" asserts="1" />
            <test-case id="1384" name="TwoTests_SequentialExecution(&quot;Before&quot;,&quot;=&gt; NUnitLite.Tests.TextUITests.MyFakeMethod\nOUTPUT1\n=&gt; NUnitLite.Tests.TextUITests.AnotherFakeMethod\nOUTPUT2\n&quot;)" fullname="NUnitLite.Tests.TextUITests.TwoTests_SequentialExecution(&quot;Before&quot;,&quot;=&gt; NUnitLite.Tests.TextUITests.MyFakeMethod\nOUTPUT1\n=&gt; NUnitLite.Tests.TextUITests.AnotherFakeMethod\nOUTPUT2\n&quot;)" methodname="TwoTests_SequentialExecution" classname="NUnitLite.Tests.TextUITests" runstate="Runnable" seed="1305684064" result="Passed" start-time="2018-10-06 20:01:52Z" end-time="2018-10-06 20:01:52Z" duration="0.000161" asserts="1" />
            <test-case id="1385" name="TwoTests_SequentialExecution(&quot;After&quot;,&quot;=&gt; NUnitLite.Tests.TextUITests.MyFakeMethod\nOUTPUT1\nFailed =&gt; NUnitLite.Tests.TextUITests.MyFakeMethod\n=&gt; NUnitLite.Tests.TextUITests.AnotherFakeMethod\nOUTPUT2\nPassed =&gt; NUnitLite.Tests.TextUITests.AnotherFakeMethod\n&quot;)" fullname="NUnitLite.Tests.TextUITests.TwoTests_SequentialExecution(&quot;After&quot;,&quot;=&gt; NUnitLite.Tests.TextUITests.MyFakeMethod\nOUTPUT1\nFailed =&gt; NUnitLite.Tests.TextUITests.MyFakeMethod\n=&gt; NUnitLite.Tests.TextUITests.AnotherFakeMethod\nOUTPUT2\nPassed =&gt; NUnitLite.Tests.TextUITests.AnotherFakeMethod\n&quot;)" methodname="TwoTests_SequentialExecution" classname="NUnitLite.Tests.TextUITests" runstate="Runnable" seed="214157115" result="Passed" start-time="2018-10-06 20:01:52Z" end-time="2018-10-06 20:01:52Z" duration="0.000183" asserts="1" />
          </test-suite>
        </test-suite>
        <test-suite type="TestFixture" id="1285" name="TextUIReportTests" fullname="NUnitLite.Tests.TextUIReportTests" classname="NUnitLite.Tests.TextUIReportTests" runstate="Runnable" testcasecount="5" result="Skipped" label="Ignored" site="Child" start-time="2018-10-06 20:01:52Z" end-time="2018-10-06 20:01:52Z" duration="0.146272" total="5" passed="4" failed="0" warnings="0" inconclusive="0" skipped="1" asserts="14">
          <reason>
            <message><![CDATA[One or more child tests were ignored]]></message>
          </reason>
          <test-case id="1286" name="DisplayHelp" fullname="NUnitLite.Tests.TextUIReportTests.DisplayHelp" methodname="DisplayHelp" classname="NUnitLite.Tests.TextUIReportTests" runstate="Runnable" seed="629043027" result="Passed" start-time="2018-10-06 20:01:52Z" end-time="2018-10-06 20:01:52Z" duration="0.025242" asserts="1" />
          <test-case id="1290" name="ErrorsAndFailuresReportTest" fullname="NUnitLite.Tests.TextUIReportTests.ErrorsAndFailuresReportTest" methodname="ErrorsAndFailuresReportTest" classname="NUnitLite.Tests.TextUIReportTests" runstate="Runnable" seed="399640347" result="Passed" start-time="2018-10-06 20:01:52Z" end-time="2018-10-06 20:01:52Z" duration="0.013063" asserts="11" />
          <test-case id="1287" name="ReportSequenceTest" fullname="NUnitLite.Tests.TextUIReportTests.ReportSequenceTest" methodname="ReportSequenceTest" classname="NUnitLite.Tests.TextUIReportTests" runstate="Ignored" seed="873105954" result="Skipped" label="Ignored" start-time="2018-10-06 20:01:52Z" end-time="2018-10-06 20:01:52Z" duration="0.000011" asserts="0">
            <properties>
              <property name="_SKIPREASON" value="Test needs modification" />
            </properties>
            <reason>
              <message><![CDATA[Test needs modification]]></message>
            </reason>
          </test-case>
          <test-case id="1289" name="SummaryReportTest" fullname="NUnitLite.Tests.TextUIReportTests.SummaryReportTest" methodname="SummaryReportTest" classname="NUnitLite.Tests.TextUIReportTests" runstate="Runnable" seed="871239911" result="Passed" start-time="2018-10-06 20:01:52Z" end-time="2018-10-06 20:01:52Z" duration="0.007668" asserts="1" />
          <test-case id="1288" name="TestsNotRunTest" fullname="NUnitLite.Tests.TextUIReportTests.TestsNotRunTest" methodname="TestsNotRunTest" classname="NUnitLite.Tests.TextUIReportTests" runstate="Runnable" seed="1901861383" result="Passed" start-time="2018-10-06 20:01:52Z" end-time="2018-10-06 20:01:52Z" duration="0.002668" asserts="1" />
        </test-suite>
        <test-suite type="TestFixture" id="1234" name="NUnit2XmlOutputWriterTests" fullname="NUnitLite.Tests.NUnit2XmlOutputWriterTests" classname="NUnitLite.Tests.NUnit2XmlOutputWriterTests" runstate="Runnable" testcasecount="38" result="Passed" start-time="2018-10-06 20:01:52Z" end-time="2018-10-06 20:01:52Z" duration="0.169011" total="38" passed="38" failed="0" warnings="0" inconclusive="0" skipped="0" asserts="60">
          <test-case id="1262" name="CultureInfo_HasCultureInfoElement" fullname="NUnitLite.Tests.NUnit2XmlOutputWriterTests.CultureInfo_HasCultureInfoElement" methodname="CultureInfo_HasCultureInfoElement" classname="NUnitLite.Tests.NUnit2XmlOutputWriterTests" runstate="Runnable" seed="659142910" result="Passed" start-time="2018-10-06 20:01:52Z" end-time="2018-10-06 20:01:52Z" duration="0.001807" asserts="1" />
          <test-suite type="ParameterizedMethod" id="1265" name="CultureInfo_HasRequiredAttribute" fullname="NUnitLite.Tests.NUnit2XmlOutputWriterTests.CultureInfo_HasRequiredAttribute" classname="NUnitLite.Tests.NUnit2XmlOutputWriterTests" runstate="Runnable" testcasecount="2" result="Passed" start-time="2018-10-06 20:01:52Z" end-time="2018-10-06 20:01:52Z" duration="0.002759" total="2" passed="2" failed="0" warnings="0" inconclusive="0" skipped="0" asserts="4">
            <test-case id="1263" name="CultureInfo_HasRequiredAttribute(&quot;current-culture&quot;)" fullname="NUnitLite.Tests.NUnit2XmlOutputWriterTests.CultureInfo_HasRequiredAttribute(&quot;current-culture&quot;)" methodname="CultureInfo_HasRequiredAttribute" classname="NUnitLite.Tests.NUnit2XmlOutputWriterTests" runstate="Runnable" seed="1763456243" result="Passed" start-time="2018-10-06 20:01:52Z" end-time="2018-10-06 20:01:52Z" duration="0.002102" asserts="2" />
            <test-case id="1264" name="CultureInfo_HasRequiredAttribute(&quot;current-uiculture&quot;)" fullname="NUnitLite.Tests.NUnit2XmlOutputWriterTests.CultureInfo_HasRequiredAttribute(&quot;current-uiculture&quot;)" methodname="CultureInfo_HasRequiredAttribute" classname="NUnitLite.Tests.NUnit2XmlOutputWriterTests" runstate="Runnable" seed="194969802" result="Passed" start-time="2018-10-06 20:01:52Z" end-time="2018-10-06 20:01:52Z" duration="0.000092" asserts="2" />
          </test-suite>
          <test-case id="1236" name="Document_FirstChildIsXmlDeclaration" fullname="NUnitLite.Tests.NUnit2XmlOutputWriterTests.Document_FirstChildIsXmlDeclaration" methodname="Document_FirstChildIsXmlDeclaration" classname="NUnitLite.Tests.NUnit2XmlOutputWriterTests" runstate="Runnable" seed="33251498" result="Passed" start-time="2018-10-06 20:01:52Z" end-time="2018-10-06 20:01:52Z" duration="0.006251" asserts="2" />
          <test-case id="1239" name="Document_HasTestResults" fullname="NUnitLite.Tests.NUnit2XmlOutputWriterTests.Document_HasTestResults" methodname="Document_HasTestResults" classname="NUnitLite.Tests.NUnit2XmlOutputWriterTests" runstate="Runnable" seed="1964865932" result="Passed" start-time="2018-10-06 20:01:52Z" end-time="2018-10-06 20:01:52Z" duration="0.000621" asserts="2" />
          <test-case id="1235" name="Document_HasThreeChildren" fullname="NUnitLite.Tests.NUnit2XmlOutputWriterTests.Document_HasThreeChildren" methodname="Document_HasThreeChildren" classname="NUnitLite.Tests.NUnit2XmlOutputWriterTests" runstate="Runnable" seed="1394473617" result="Passed" start-time="2018-10-06 20:01:52Z" end-time="2018-10-06 20:01:52Z" duration="0.000512" asserts="1" />
          <test-case id="1237" name="Document_SecondChildIsComment" fullname="NUnitLite.Tests.NUnit2XmlOutputWriterTests.Document_SecondChildIsComment" methodname="Document_SecondChildIsComment" classname="NUnitLite.Tests.NUnit2XmlOutputWriterTests" runstate="Runnable" seed="1914633241" result="Passed" start-time="2018-10-06 20:01:52Z" end-time="2018-10-06 20:01:52Z" duration="0.000641" asserts="1" />
          <test-case id="1238" name="Document_ThirdChildIsTestResults" fullname="NUnitLite.Tests.NUnit2XmlOutputWriterTests.Document_ThirdChildIsTestResults" methodname="Document_ThirdChildIsTestResults" classname="NUnitLite.Tests.NUnit2XmlOutputWriterTests" runstate="Runnable" seed="1023094855" result="Passed" start-time="2018-10-06 20:01:52Z" end-time="2018-10-06 20:01:52Z" duration="0.001426" asserts="1" />
          <test-case id="1252" name="Environment_HasEnvironmentElement" fullname="NUnitLite.Tests.NUnit2XmlOutputWriterTests.Environment_HasEnvironmentElement" methodname="Environment_HasEnvironmentElement" classname="NUnitLite.Tests.NUnit2XmlOutputWriterTests" runstate="Runnable" seed="1909768" result="Passed" start-time="2018-10-06 20:01:52Z" end-time="2018-10-06 20:01:52Z" duration="0.000609" asserts="1" />
          <test-suite type="ParameterizedMethod" id="1261" name="Environment_HasRequiredAttribute" fullname="NUnitLite.Tests.NUnit2XmlOutputWriterTests.Environment_HasRequiredAttribute" classname="NUnitLite.Tests.NUnit2XmlOutputWriterTests" runstate="Runnable" testcasecount="8" result="Passed" start-time="2018-10-06 20:01:52Z" end-time="2018-10-06 20:01:52Z" duration="0.000892" total="8" passed="8" failed="0" warnings="0" inconclusive="0" skipped="0" asserts="8">
            <test-case id="1253" name="Environment_HasRequiredAttribute(&quot;nunit-version&quot;)" fullname="NUnitLite.Tests.NUnit2XmlOutputWriterTests.Environment_HasRequiredAttribute(&quot;nunit-version&quot;)" methodname="Environment_HasRequiredAttribute" classname="NUnitLite.Tests.NUnit2XmlOutputWriterTests" runstate="Runnable" seed="1947469409" result="Passed" start-time="2018-10-06 20:01:52Z" end-time="2018-10-06 20:01:52Z" duration="0.000317" asserts="1" />
            <test-case id="1254" name="Environment_HasRequiredAttribute(&quot;clr-version&quot;)" fullname="NUnitLite.Tests.NUnit2XmlOutputWriterTests.Environment_HasRequiredAttribute(&quot;clr-version&quot;)" methodname="Environment_HasRequiredAttribute" classname="NUnitLite.Tests.NUnit2XmlOutputWriterTests" runstate="Runnable" seed="1514989418" result="Passed" start-time="2018-10-06 20:01:52Z" end-time="2018-10-06 20:01:52Z" duration="0.000064" asserts="1" />
            <test-case id="1255" name="Environment_HasRequiredAttribute(&quot;os-version&quot;)" fullname="NUnitLite.Tests.NUnit2XmlOutputWriterTests.Environment_HasRequiredAttribute(&quot;os-version&quot;)" methodname="Environment_HasRequiredAttribute" classname="NUnitLite.Tests.NUnit2XmlOutputWriterTests" runstate="Runnable" seed="716459413" result="Passed" start-time="2018-10-06 20:01:52Z" end-time="2018-10-06 20:01:52Z" duration="0.000053" asserts="1" />
            <test-case id="1256" name="Environment_HasRequiredAttribute(&quot;platform&quot;)" fullname="NUnitLite.Tests.NUnit2XmlOutputWriterTests.Environment_HasRequiredAttribute(&quot;platform&quot;)" methodname="Environment_HasRequiredAttribute" classname="NUnitLite.Tests.NUnit2XmlOutputWriterTests" runstate="Runnable" seed="161764980" result="Passed" start-time="2018-10-06 20:01:52Z" end-time="2018-10-06 20:01:52Z" duration="0.000050" asserts="1" />
            <test-case id="1257" name="Environment_HasRequiredAttribute(&quot;cwd&quot;)" fullname="NUnitLite.Tests.NUnit2XmlOutputWriterTests.Environment_HasRequiredAttribute(&quot;cwd&quot;)" methodname="Environment_HasRequiredAttribute" classname="NUnitLite.Tests.NUnit2XmlOutputWriterTests" runstate="Runnable" seed="35888395" result="Passed" start-time="2018-10-06 20:01:52Z" end-time="2018-10-06 20:01:52Z" duration="0.000049" asserts="1" />
            <test-case id="1258" name="Environment_HasRequiredAttribute(&quot;machine-name&quot;)" fullname="NUnitLite.Tests.NUnit2XmlOutputWriterTests.Environment_HasRequiredAttribute(&quot;machine-name&quot;)" methodname="Environment_HasRequiredAttribute" classname="NUnitLite.Tests.NUnit2XmlOutputWriterTests" runstate="Runnable" seed="1906797110" result="Passed" start-time="2018-10-06 20:01:52Z" end-time="2018-10-06 20:01:52Z" duration="0.000046" asserts="1" />
            <test-case id="1259" name="Environment_HasRequiredAttribute(&quot;user&quot;)" fullname="NUnitLite.Tests.NUnit2XmlOutputWriterTests.Environment_HasRequiredAttribute(&quot;user&quot;)" methodname="Environment_HasRequiredAttribute" classname="NUnitLite.Tests.NUnit2XmlOutputWriterTests" runstate="Runnable" seed="70327977" result="Passed" start-time="2018-10-06 20:01:52Z" end-time="2018-10-06 20:01:52Z" duration="0.000049" asserts="1" />
            <test-case id="1260" name="Environment_HasRequiredAttribute(&quot;user-domain&quot;)" fullname="NUnitLite.Tests.NUnit2XmlOutputWriterTests.Environment_HasRequiredAttribute(&quot;user-domain&quot;)" methodname="Environment_HasRequiredAttribute" classname="NUnitLite.Tests.NUnit2XmlOutputWriterTests" runstate="Runnable" seed="632745022" result="Passed" start-time="2018-10-06 20:01:52Z" end-time="2018-10-06 20:01:52Z" duration="0.000046" asserts="1" />
          </test-suite>
          <test-case id="1240" name="TestResults_AssemblyPathIsCorrect" fullname="NUnitLite.Tests.NUnit2XmlOutputWriterTests.TestResults_AssemblyPathIsCorrect" methodname="TestResults_AssemblyPathIsCorrect" classname="NUnitLite.Tests.NUnit2XmlOutputWriterTests" runstate="Runnable" seed="976244591" result="Passed" start-time="2018-10-06 20:01:52Z" end-time="2018-10-06 20:01:52Z" duration="0.000809" asserts="2" />
          <test-suite type="ParameterizedMethod" id="1249" name="TestResults_CounterIsCorrect" fullname="NUnitLite.Tests.NUnit2XmlOutputWriterTests.TestResults_CounterIsCorrect" classname="NUnitLite.Tests.NUnit2XmlOutputWriterTests" runstate="Runnable" testcasecount="8" result="Passed" start-time="2018-10-06 20:01:52Z" end-time="2018-10-06 20:01:52Z" duration="0.001401" total="8" passed="8" failed="0" warnings="0" inconclusive="0" skipped="0" asserts="16">
            <test-case id="1241" name="TestResults_CounterIsCorrect(&quot;total&quot;,10)" fullname="NUnitLite.Tests.NUnit2XmlOutputWriterTests.TestResults_CounterIsCorrect(&quot;total&quot;,10)" methodname="TestResults_CounterIsCorrect" classname="NUnitLite.Tests.NUnit2XmlOutputWriterTests" runstate="Runnable" seed="2093739077" result="Passed" start-time="2018-10-06 20:01:52Z" end-time="2018-10-06 20:01:52Z" duration="0.000789" asserts="2" />
            <test-case id="1242" name="TestResults_CounterIsCorrect(&quot;errors&quot;,1)" fullname="NUnitLite.Tests.NUnit2XmlOutputWriterTests.TestResults_CounterIsCorrect(&quot;errors&quot;,1)" methodname="TestResults_CounterIsCorrect" classname="NUnitLite.Tests.NUnit2XmlOutputWriterTests" runstate="Runnable" seed="121782997" result="Passed" start-time="2018-10-06 20:01:52Z" end-time="2018-10-06 20:01:52Z" duration="0.000084" asserts="2" />
            <test-case id="1243" name="TestResults_CounterIsCorrect(&quot;failures&quot;,1)" fullname="NUnitLite.Tests.NUnit2XmlOutputWriterTests.TestResults_CounterIsCorrect(&quot;failures&quot;,1)" methodname="TestResults_CounterIsCorrect" classname="NUnitLite.Tests.NUnit2XmlOutputWriterTests" runstate="Runnable" seed="1016334691" result="Passed" start-time="2018-10-06 20:01:52Z" end-time="2018-10-06 20:01:52Z" duration="0.000060" asserts="2" />
            <test-case id="1244" name="TestResults_CounterIsCorrect(&quot;inconclusive&quot;,1)" fullname="NUnitLite.Tests.NUnit2XmlOutputWriterTests.TestResults_CounterIsCorrect(&quot;inconclusive&quot;,1)" methodname="TestResults_CounterIsCorrect" classname="NUnitLite.Tests.NUnit2XmlOutputWriterTests" runstate="Runnable" seed="638354417" result="Passed" start-time="2018-10-06 20:01:52Z" end-time="2018-10-06 20:01:52Z" duration="0.000051" asserts="2" />
            <test-case id="1245" name="TestResults_CounterIsCorrect(&quot;not-run&quot;,3)" fullname="NUnitLite.Tests.NUnit2XmlOutputWriterTests.TestResults_CounterIsCorrect(&quot;not-run&quot;,3)" methodname="TestResults_CounterIsCorrect" classname="NUnitLite.Tests.NUnit2XmlOutputWriterTests" runstate="Runnable" seed="1654097814" result="Passed" start-time="2018-10-06 20:01:52Z" end-time="2018-10-06 20:01:52Z" duration="0.000041" asserts="2" />
            <test-case id="1246" name="TestResults_CounterIsCorrect(&quot;ignored&quot;,1)" fullname="NUnitLite.Tests.NUnit2XmlOutputWriterTests.TestResults_CounterIsCorrect(&quot;ignored&quot;,1)" methodname="TestResults_CounterIsCorrect" classname="NUnitLite.Tests.NUnit2XmlOutputWriterTests" runstate="Runnable" seed="233922724" result="Passed" start-time="2018-10-06 20:01:52Z" end-time="2018-10-06 20:01:52Z" duration="0.000043" asserts="2" />
            <test-case id="1247" name="TestResults_CounterIsCorrect(&quot;skipped&quot;,0)" fullname="NUnitLite.Tests.NUnit2XmlOutputWriterTests.TestResults_CounterIsCorrect(&quot;skipped&quot;,0)" methodname="TestResults_CounterIsCorrect" classname="NUnitLite.Tests.NUnit2XmlOutputWriterTests" runstate="Runnable" seed="289125646" result="Passed" start-time="2018-10-06 20:01:52Z" end-time="2018-10-06 20:01:52Z" duration="0.000059" asserts="2" />
            <test-case id="1248" name="TestResults_CounterIsCorrect(&quot;invalid&quot;,2)" fullname="NUnitLite.Tests.NUnit2XmlOutputWriterTests.TestResults_CounterIsCorrect(&quot;invalid&quot;,2)" methodname="TestResults_CounterIsCorrect" classname="NUnitLite.Tests.NUnit2XmlOutputWriterTests" runstate="Runnable" seed="1537097238" result="Passed" start-time="2018-10-06 20:01:52Z" end-time="2018-10-06 20:01:52Z" duration="0.000042" asserts="2" />
          </test-suite>
          <test-case id="1250" name="TestResults_HasValidDateAttribute" fullname="NUnitLite.Tests.NUnit2XmlOutputWriterTests.TestResults_HasValidDateAttribute" methodname="TestResults_HasValidDateAttribute" classname="NUnitLite.Tests.NUnit2XmlOutputWriterTests" runstate="Runnable" seed="914110291" result="Passed" start-time="2018-10-06 20:01:52Z" end-time="2018-10-06 20:01:52Z" duration="0.002600" asserts="2" />
          <test-case id="1251" name="TestResults_HasValidTimeAttribute" fullname="NUnitLite.Tests.NUnit2XmlOutputWriterTests.TestResults_HasValidTimeAttribute" methodname="TestResults_HasValidTimeAttribute" classname="NUnitLite.Tests.NUnit2XmlOutputWriterTests" runstate="Runnable" seed="2077714023" result="Passed" start-time="2018-10-06 20:01:52Z" end-time="2018-10-06 20:01:52Z" duration="0.001422" asserts="2" />
          <test-suite type="ParameterizedMethod" id="1274" name="TestSuite_ExpectedAttribute" fullname="NUnitLite.Tests.NUnit2XmlOutputWriterTests.TestSuite_ExpectedAttribute" classname="NUnitLite.Tests.NUnit2XmlOutputWriterTests" runstate="Runnable" testcasecount="7" result="Passed" start-time="2018-10-06 20:01:52Z" end-time="2018-10-06 20:01:52Z" duration="0.001009" total="7" passed="7" failed="0" warnings="0" inconclusive="0" skipped="0" asserts="14">
            <test-case id="1267" name="TestSuite_ExpectedAttribute(&quot;type&quot;,&quot;TestFixture&quot;)" fullname="NUnitLite.Tests.NUnit2XmlOutputWriterTests.TestSuite_ExpectedAttribute(&quot;type&quot;,&quot;TestFixture&quot;)" methodname="TestSuite_ExpectedAttribute" classname="NUnitLite.Tests.NUnit2XmlOutputWriterTests" runstate="Runnable" seed="1904216706" result="Passed" start-time="2018-10-06 20:01:52Z" end-time="2018-10-06 20:01:52Z" duration="0.000619" asserts="2" />
            <test-case id="1268" name="TestSuite_ExpectedAttribute(&quot;name&quot;,&quot;MockTestFixture&quot;)" fullname="NUnitLite.Tests.NUnit2XmlOutputWriterTests.TestSuite_ExpectedAttribute(&quot;name&quot;,&quot;MockTestFixture&quot;)" methodname="TestSuite_ExpectedAttribute" classname="NUnitLite.Tests.NUnit2XmlOutputWriterTests" runstate="Runnable" seed="234465949" result="Passed" start-time="2018-10-06 20:01:52Z" end-time="2018-10-06 20:01:52Z" duration="0.000058" asserts="2" />
            <test-case id="1269" name="TestSuite_ExpectedAttribute(&quot;description&quot;,&quot;Fake Test Fixture&quot;)" fullname="NUnitLite.Tests.NUnit2XmlOutputWriterTests.TestSuite_ExpectedAttribute(&quot;description&quot;,&quot;Fake Test Fixture&quot;)" methodname="TestSuite_ExpectedAttribute" classname="NUnitLite.Tests.NUnit2XmlOutputWriterTests" runstate="Runnable" seed="135737885" result="Passed" start-time="2018-10-06 20:01:52Z" end-time="2018-10-06 20:01:52Z" duration="0.000031" asserts="2" />
            <test-case id="1270" name="TestSuite_ExpectedAttribute(&quot;executed&quot;,&quot;True&quot;)" fullname="NUnitLite.Tests.NUnit2XmlOutputWriterTests.TestSuite_ExpectedAttribute(&quot;executed&quot;,&quot;True&quot;)" methodname="TestSuite_ExpectedAttribute" classname="NUnitLite.Tests.NUnit2XmlOutputWriterTests" runstate="Runnable" seed="1596800943" result="Passed" start-time="2018-10-06 20:01:52Z" end-time="2018-10-06 20:01:52Z" duration="0.000031" asserts="2" />
            <test-case id="1271" name="TestSuite_ExpectedAttribute(&quot;result&quot;,&quot;Failure&quot;)" fullname="NUnitLite.Tests.NUnit2XmlOutputWriterTests.TestSuite_ExpectedAttribute(&quot;result&quot;,&quot;Failure&quot;)" methodname="TestSuite_ExpectedAttribute" classname="NUnitLite.Tests.NUnit2XmlOutputWriterTests" runstate="Runnable" seed="1309214002" result="Passed" start-time="2018-10-06 20:01:52Z" end-time="2018-10-06 20:01:52Z" duration="0.000029" asserts="2" />
            <test-case id="1272" name="TestSuite_ExpectedAttribute(&quot;success&quot;,&quot;False&quot;)" fullname="NUnitLite.Tests.NUnit2XmlOutputWriterTests.TestSuite_ExpectedAttribute(&quot;success&quot;,&quot;False&quot;)" methodname="TestSuite_ExpectedAttribute" classname="NUnitLite.Tests.NUnit2XmlOutputWriterTests" runstate="Runnable" seed="52889526" result="Passed" start-time="2018-10-06 20:01:52Z" end-time="2018-10-06 20:01:52Z" duration="0.000029" asserts="2" />
            <test-case id="1273" name="TestSuite_ExpectedAttribute(&quot;asserts&quot;,&quot;0&quot;)" fullname="NUnitLite.Tests.NUnit2XmlOutputWriterTests.TestSuite_ExpectedAttribute(&quot;asserts&quot;,&quot;0&quot;)" methodname="TestSuite_ExpectedAttribute" classname="NUnitLite.Tests.NUnit2XmlOutputWriterTests" runstate="Runnable" seed="762139216" result="Passed" start-time="2018-10-06 20:01:52Z" end-time="2018-10-06 20:01:52Z" duration="0.000030" asserts="2" />
          </test-suite>
          <test-case id="1266" name="TestSuite_HasTestSuiteElement" fullname="NUnitLite.Tests.NUnit2XmlOutputWriterTests.TestSuite_HasTestSuiteElement" methodname="TestSuite_HasTestSuiteElement" classname="NUnitLite.Tests.NUnit2XmlOutputWriterTests" runstate="Runnable" seed="1162197055" result="Passed" start-time="2018-10-06 20:01:52Z" end-time="2018-10-06 20:01:52Z" duration="0.000386" asserts="1" />
          <test-case id="1275" name="TestSuite_HasValidTimeAttribute" fullname="NUnitLite.Tests.NUnit2XmlOutputWriterTests.TestSuite_HasValidTimeAttribute" methodname="TestSuite_HasValidTimeAttribute" classname="NUnitLite.Tests.NUnit2XmlOutputWriterTests" runstate="Runnable" seed="1063981838" result="Passed" start-time="2018-10-06 20:01:52Z" end-time="2018-10-06 20:01:52Z" duration="0.000469" asserts="2" />
          <test-case id="1276" name="TestSuite_ResultIsFailure" fullname="NUnitLite.Tests.NUnit2XmlOutputWriterTests.TestSuite_ResultIsFailure" methodname="TestSuite_ResultIsFailure" classname="NUnitLite.Tests.NUnit2XmlOutputWriterTests" runstate="Runnable" seed="821633839" result="Passed" start-time="2018-10-06 20:01:52Z" end-time="2018-10-06 20:01:52Z" duration="0.000145" asserts="0" />
        </test-suite>
        <test-suite type="TestFixture" id="1089" name="CommandLineTests" fullname="NUnitLite.Tests.CommandLineTests" classname="NUnitLite.Tests.CommandLineTests" runstate="Runnable" testcasecount="115" result="Passed" start-time="2018-10-06 20:01:52Z" end-time="2018-10-06 20:01:52Z" duration="0.272483" total="115" passed="115" failed="0" warnings="0" inconclusive="0" skipped="0" asserts="292">
          <test-case id="1179" name="AssemblyIsInvalidByDefault" fullname="NUnitLite.Tests.CommandLineTests.AssemblyIsInvalidByDefault" methodname="AssemblyIsInvalidByDefault" classname="NUnitLite.Tests.CommandLineTests" runstate="Runnable" seed="803238391" result="Passed" start-time="2018-10-06 20:01:52Z" end-time="2018-10-06 20:01:52Z" duration="0.043077" asserts="3" />
          <test-case id="1181" name="AssemblyIsValidIfAllowed" fullname="NUnitLite.Tests.CommandLineTests.AssemblyIsValidIfAllowed" methodname="AssemblyIsValidIfAllowed" classname="NUnitLite.Tests.CommandLineTests" runstate="Runnable" seed="155983799" result="Passed" start-time="2018-10-06 20:01:52Z" end-time="2018-10-06 20:01:52Z" duration="0.002062" asserts="2" />
          <test-suite type="ParameterizedMethod" id="1148" name="CanRecognizeBooleanOptions" fullname="NUnitLite.Tests.CommandLineTests.CanRecognizeBooleanOptions" classname="NUnitLite.Tests.CommandLineTests" runstate="Runnable" testcasecount="6" result="Passed" start-time="2018-10-06 20:01:52Z" end-time="2018-10-06 20:01:52Z" duration="0.025044" total="6" passed="6" failed="0" warnings="0" inconclusive="0" skipped="0" asserts="30">
            <test-case id="1142" name="CanRecognizeBooleanOptions(&quot;ShowHelp&quot;,&quot;help|h&quot;)" fullname="NUnitLite.Tests.CommandLineTests.CanRecognizeBooleanOptions(&quot;ShowHelp&quot;,&quot;help|h&quot;)" methodname="CanRecognizeBooleanOptions" classname="NUnitLite.Tests.CommandLineTests" runstate="Runnable" seed="304167011" result="Passed" start-time="2018-10-06 20:01:52Z" end-time="2018-10-06 20:01:52Z" duration="0.014139" asserts="6">
              <output><![CDATA[Testing ShowHelp
]]></output>
            </test-case>
            <test-case id="1143" name="CanRecognizeBooleanOptions(&quot;ShowVersion&quot;,&quot;version|V&quot;)" fullname="NUnitLite.Tests.CommandLineTests.CanRecognizeBooleanOptions(&quot;ShowVersion&quot;,&quot;version|V&quot;)" methodname="CanRecognizeBooleanOptions" classname="NUnitLite.Tests.CommandLineTests" runstate="Runnable" seed="327702415" result="Passed" start-time="2018-10-06 20:01:52Z" end-time="2018-10-06 20:01:52Z" duration="0.001188" asserts="6">
              <output><![CDATA[Testing ShowVersion
]]></output>
            </test-case>
            <test-case id="1144" name="CanRecognizeBooleanOptions(&quot;StopOnError&quot;,&quot;stoponerror&quot;)" fullname="NUnitLite.Tests.CommandLineTests.CanRecognizeBooleanOptions(&quot;StopOnError&quot;,&quot;stoponerror&quot;)" methodname="CanRecognizeBooleanOptions" classname="NUnitLite.Tests.CommandLineTests" runstate="Runnable" seed="1686685846" result="Passed" start-time="2018-10-06 20:01:52Z" end-time="2018-10-06 20:01:52Z" duration="0.000855" asserts="4">
              <output><![CDATA[Testing StopOnError
]]></output>
            </test-case>
            <test-case id="1145" name="CanRecognizeBooleanOptions(&quot;WaitBeforeExit&quot;,&quot;wait&quot;)" fullname="NUnitLite.Tests.CommandLineTests.CanRecognizeBooleanOptions(&quot;WaitBeforeExit&quot;,&quot;wait&quot;)" methodname="CanRecognizeBooleanOptions" classname="NUnitLite.Tests.CommandLineTests" runstate="Runnable" seed="804581830" result="Passed" start-time="2018-10-06 20:01:52Z" end-time="2018-10-06 20:01:52Z" duration="0.000873" asserts="4">
              <output><![CDATA[Testing WaitBeforeExit
]]></output>
            </test-case>
            <test-case id="1146" name="CanRecognizeBooleanOptions(&quot;NoHeader&quot;,&quot;noheader|noh&quot;)" fullname="NUnitLite.Tests.CommandLineTests.CanRecognizeBooleanOptions(&quot;NoHeader&quot;,&quot;noheader|noh&quot;)" methodname="CanRecognizeBooleanOptions" classname="NUnitLite.Tests.CommandLineTests" runstate="Runnable" seed="170660368" result="Passed" start-time="2018-10-06 20:01:52Z" end-time="2018-10-06 20:01:52Z" duration="0.001626" asserts="6">
              <output><![CDATA[Testing NoHeader
]]></output>
            </test-case>
            <test-case id="1147" name="CanRecognizeBooleanOptions(&quot;TeamCity&quot;,&quot;teamcity&quot;)" fullname="NUnitLite.Tests.CommandLineTests.CanRecognizeBooleanOptions(&quot;TeamCity&quot;,&quot;teamcity&quot;)" methodname="CanRecognizeBooleanOptions" classname="NUnitLite.Tests.CommandLineTests" runstate="Runnable" seed="1087040362" result="Passed" start-time="2018-10-06 20:01:52Z" end-time="2018-10-06 20:01:52Z" duration="0.000877" asserts="4">
              <output><![CDATA[Testing TeamCity
]]></output>
            </test-case>
          </test-suite>
          <test-suite type="ParameterizedMethod" id="1162" name="CanRecognizeIntOptions" fullname="NUnitLite.Tests.CommandLineTests.CanRecognizeIntOptions" classname="NUnitLite.Tests.CommandLineTests" runstate="Runnable" testcasecount="3" result="Passed" start-time="2018-10-06 20:01:52Z" end-time="2018-10-06 20:01:52Z" duration="0.003037" total="3" passed="3" failed="0" warnings="0" inconclusive="0" skipped="0" asserts="9">
            <test-case id="1159" name="CanRecognizeIntOptions(&quot;DefaultTimeout&quot;,&quot;timeout&quot;)" fullname="NUnitLite.Tests.CommandLineTests.CanRecognizeIntOptions(&quot;DefaultTimeout&quot;,&quot;timeout&quot;)" methodname="CanRecognizeIntOptions" classname="NUnitLite.Tests.CommandLineTests" runstate="Runnable" seed="603428280" result="Passed" start-time="2018-10-06 20:01:52Z" end-time="2018-10-06 20:01:52Z" duration="0.001852" asserts="3" />
            <test-case id="1160" name="CanRecognizeIntOptions(&quot;RandomSeed&quot;,&quot;seed&quot;)" fullname="NUnitLite.Tests.CommandLineTests.CanRecognizeIntOptions(&quot;RandomSeed&quot;,&quot;seed&quot;)" methodname="CanRecognizeIntOptions" classname="NUnitLite.Tests.CommandLineTests" runstate="Runnable" seed="943188147" result="Passed" start-time="2018-10-06 20:01:52Z" end-time="2018-10-06 20:01:52Z" duration="0.000295" asserts="3" />
            <test-case id="1161" name="CanRecognizeIntOptions(&quot;NumberOfTestWorkers&quot;,&quot;workers&quot;)" fullname="NUnitLite.Tests.CommandLineTests.CanRecognizeIntOptions(&quot;NumberOfTestWorkers&quot;,&quot;workers&quot;)" methodname="CanRecognizeIntOptions" classname="NUnitLite.Tests.CommandLineTests" runstate="Runnable" seed="592248582" result="Passed" start-time="2018-10-06 20:01:52Z" end-time="2018-10-06 20:01:52Z" duration="0.000336" asserts="3" />
          </test-suite>
          <test-suite type="ParameterizedMethod" id="1158" name="CanRecognizeLowerCaseOptionValues" fullname="NUnitLite.Tests.CommandLineTests.CanRecognizeLowerCaseOptionValues" classname="NUnitLite.Tests.CommandLineTests" runstate="Runnable" testcasecount="2" result="Passed" start-time="2018-10-06 20:01:52Z" end-time="2018-10-06 20:01:52Z" duration="0.010831" total="2" passed="2" failed="0" warnings="0" inconclusive="0" skipped="0" asserts="22">
            <test-case id="1156" name="CanRecognizeLowerCaseOptionValues(&quot;DisplayTestLabels&quot;,&quot;labels&quot;,[&quot;Off&quot;, &quot;On&quot;, &quot;All&quot;])" fullname="NUnitLite.Tests.CommandLineTests.CanRecognizeLowerCaseOptionValues(&quot;DisplayTestLabels&quot;,&quot;labels&quot;,[&quot;Off&quot;, &quot;On&quot;, &quot;All&quot;])" methodname="CanRecognizeLowerCaseOptionValues" classname="NUnitLite.Tests.CommandLineTests" runstate="Runnable" seed="1955415923" result="Passed" start-time="2018-10-06 20:01:52Z" end-time="2018-10-06 20:01:52Z" duration="0.009099" asserts="8" />
            <test-case id="1157" name="CanRecognizeLowerCaseOptionValues(&quot;InternalTraceLevel&quot;,&quot;trace&quot;,[&quot;Off&quot;, &quot;Error&quot;, &quot;Warning&quot;, &quot;Info&quot;, &quot;Debug&quot;, ...])" fullname="NUnitLite.Tests.CommandLineTests.CanRecognizeLowerCaseOptionValues(&quot;InternalTraceLevel&quot;,&quot;trace&quot;,[&quot;Off&quot;, &quot;Error&quot;, &quot;Warning&quot;, &quot;Info&quot;, &quot;Debug&quot;, ...])" methodname="CanRecognizeLowerCaseOptionValues" classname="NUnitLite.Tests.CommandLineTests" runstate="Runnable" seed="109869845" result="Passed" start-time="2018-10-06 20:01:52Z" end-time="2018-10-06 20:01:52Z" duration="0.001386" asserts="14" />
          </test-suite>
          <test-suite type="ParameterizedMethod" id="1155" name="CanRecognizeStringOptions" fullname="NUnitLite.Tests.CommandLineTests.CanRecognizeStringOptions" classname="NUnitLite.Tests.CommandLineTests" runstate="Runnable" testcasecount="6" result="Passed" start-time="2018-10-06 20:01:52Z" end-time="2018-10-06 20:01:52Z" duration="0.009468" total="6" passed="6" failed="0" warnings="0" inconclusive="0" skipped="0" asserts="46">
            <test-case id="1149" name="CanRecognizeStringOptions(&quot;WhereClause&quot;,&quot;where&quot;,[&quot;cat==Fast&quot;],[])" fullname="NUnitLite.Tests.CommandLineTests.CanRecognizeStringOptions(&quot;WhereClause&quot;,&quot;where&quot;,[&quot;cat==Fast&quot;],[])" methodname="CanRecognizeStringOptions" classname="NUnitLite.Tests.CommandLineTests" runstate="Runnable" seed="1627666089" result="Passed" start-time="2018-10-06 20:01:52Z" end-time="2018-10-06 20:01:52Z" duration="0.005494" asserts="4" />
            <test-case id="1150" name="CanRecognizeStringOptions(&quot;DisplayTestLabels&quot;,&quot;labels&quot;,[&quot;Off&quot;, &quot;On&quot;, &quot;Before&quot;, &quot;After&quot;, &quot;All&quot;],[&quot;JUNK&quot;])" fullname="NUnitLite.Tests.CommandLineTests.CanRecognizeStringOptions(&quot;DisplayTestLabels&quot;,&quot;labels&quot;,[&quot;Off&quot;, &quot;On&quot;, &quot;Before&quot;, &quot;After&quot;, &quot;All&quot;],[&quot;JUNK&quot;])" methodname="CanRecognizeStringOptions" classname="NUnitLite.Tests.CommandLineTests" runstate="Runnable" seed="1494714454" result="Passed" start-time="2018-10-06 20:01:52Z" end-time="2018-10-06 20:01:52Z" duration="0.001132" asserts="13" />
            <test-case id="1151" name="CanRecognizeStringOptions(&quot;OutFile&quot;,&quot;output|out&quot;,[&quot;output.txt&quot;],[])" fullname="NUnitLite.Tests.CommandLineTests.CanRecognizeStringOptions(&quot;OutFile&quot;,&quot;output|out&quot;,[&quot;output.txt&quot;],[])" methodname="CanRecognizeStringOptions" classname="NUnitLite.Tests.CommandLineTests" runstate="Runnable" seed="334949373" result="Passed" start-time="2018-10-06 20:01:52Z" end-time="2018-10-06 20:01:52Z" duration="0.000853" asserts="6" />
            <test-case id="1152" name="CanRecognizeStringOptions(&quot;ErrFile&quot;,&quot;err&quot;,[&quot;error.txt&quot;],[])" fullname="NUnitLite.Tests.CommandLineTests.CanRecognizeStringOptions(&quot;ErrFile&quot;,&quot;err&quot;,[&quot;error.txt&quot;],[])" methodname="CanRecognizeStringOptions" classname="NUnitLite.Tests.CommandLineTests" runstate="Runnable" seed="1055475561" result="Passed" start-time="2018-10-06 20:01:52Z" end-time="2018-10-06 20:01:52Z" duration="0.000715" asserts="4" />
            <test-case id="1153" name="CanRecognizeStringOptions(&quot;WorkDirectory&quot;,&quot;work&quot;,[&quot;results&quot;],[])" fullname="NUnitLite.Tests.CommandLineTests.CanRecognizeStringOptions(&quot;WorkDirectory&quot;,&quot;work&quot;,[&quot;results&quot;],[])" methodname="CanRecognizeStringOptions" classname="NUnitLite.Tests.CommandLineTests" runstate="Runnable" seed="173652771" result="Passed" start-time="2018-10-06 20:01:52Z" end-time="2018-10-06 20:01:52Z" duration="0.000254" asserts="4" />
            <test-case id="1154" name="CanRecognizeStringOptions(&quot;InternalTraceLevel&quot;,&quot;trace&quot;,[&quot;Off&quot;, &quot;Error&quot;, &quot;Warning&quot;, &quot;Info&quot;, &quot;Debug&quot;, ...],[&quot;JUNK&quot;])" fullname="NUnitLite.Tests.CommandLineTests.CanRecognizeStringOptions(&quot;InternalTraceLevel&quot;,&quot;trace&quot;,[&quot;Off&quot;, &quot;Error&quot;, &quot;Warning&quot;, &quot;Info&quot;, &quot;Debug&quot;, ...],[&quot;JUNK&quot;])" methodname="CanRecognizeStringOptions" classname="NUnitLite.Tests.CommandLineTests" runstate="Runnable" seed="2053138533" result="Passed" start-time="2018-10-06 20:01:52Z" end-time="2018-10-06 20:01:52Z" duration="0.000729" asserts="15" />
          </test-suite>
          <test-suite type="ParameterizedMethod" id="1169" name="CanRecognizeTestSelectionOptions" fullname="NUnitLite.Tests.CommandLineTests.CanRecognizeTestSelectionOptions" classname="NUnitLite.Tests.CommandLineTests" runstate="Runnable" testcasecount="6" result="Passed" start-time="2018-10-06 20:01:52Z" end-time="2018-10-06 20:01:52Z" duration="0.003342" total="6" passed="6" failed="0" warnings="0" inconclusive="0" skipped="0" asserts="18">
            <test-case id="1163" name="CanRecognizeTestSelectionOptions(&quot;TestList&quot;,&quot;--test=Some.Name.Space.TestFixture&quot;,&quot;Some.Name.Space.TestFixture&quot;)" fullname="NUnitLite.Tests.CommandLineTests.CanRecognizeTestSelectionOptions(&quot;TestList&quot;,&quot;--test=Some.Name.Space.TestFixture&quot;,&quot;Some.Name.Space.TestFixture&quot;)" methodname="CanRecognizeTestSelectionOptions" classname="NUnitLite.Tests.CommandLineTests" runstate="Runnable" seed="900214620" result="Passed" start-time="2018-10-06 20:01:52Z" end-time="2018-10-06 20:01:52Z" duration="0.001873" asserts="3" />
            <test-case id="1164" name="CanRecognizeTestSelectionOptions(&quot;TestList&quot;,&quot;--test=A.B.C,E.F.G&quot;,&quot;A.B.C&quot;,&quot;E.F.G&quot;)" fullname="NUnitLite.Tests.CommandLineTests.CanRecognizeTestSelectionOptions(&quot;TestList&quot;,&quot;--test=A.B.C,E.F.G&quot;,&quot;A.B.C&quot;,&quot;E.F.G&quot;)" methodname="CanRecognizeTestSelectionOptions" classname="NUnitLite.Tests.CommandLineTests" runstate="Runnable" seed="514356087" result="Passed" start-time="2018-10-06 20:01:52Z" end-time="2018-10-06 20:01:52Z" duration="0.000205" asserts="3" />
            <test-case id="1165" name="CanRecognizeTestSelectionOptions(&quot;TestList&quot;,&quot;--test=A.B.C|--test=E.F.G&quot;,&quot;A.B.C&quot;,&quot;E.F.G&quot;)" fullname="NUnitLite.Tests.CommandLineTests.CanRecognizeTestSelectionOptions(&quot;TestList&quot;,&quot;--test=A.B.C|--test=E.F.G&quot;,&quot;A.B.C&quot;,&quot;E.F.G&quot;)" methodname="CanRecognizeTestSelectionOptions" classname="NUnitLite.Tests.CommandLineTests" runstate="Runnable" seed="268689410" result="Passed" start-time="2018-10-06 20:01:52Z" end-time="2018-10-06 20:01:52Z" duration="0.000181" asserts="3" />
            <test-case id="1166" name="CanRecognizeTestSelectionOptions(&quot;PreFilters&quot;,&quot;--prefilter=Some.Name.Space.TestFixture&quot;,&quot;Some.Name.Space.TestFixture&quot;)" fullname="NUnitLite.Tests.CommandLineTests.CanRecognizeTestSelectionOptions(&quot;PreFilters&quot;,&quot;--prefilter=Some.Name.Space.TestFixture&quot;,&quot;Some.Name.Space.TestFixture&quot;)" methodname="CanRecognizeTestSelectionOptions" classname="NUnitLite.Tests.CommandLineTests" runstate="Runnable" seed="1584302228" result="Passed" start-time="2018-10-06 20:01:52Z" end-time="2018-10-06 20:01:52Z" duration="0.000456" asserts="3" />
            <test-case id="1167" name="CanRecognizeTestSelectionOptions(&quot;PreFilters&quot;,&quot;--prefilter=A.B.C,E.F.G&quot;,&quot;A.B.C&quot;,&quot;E.F.G&quot;)" fullname="NUnitLite.Tests.CommandLineTests.CanRecognizeTestSelectionOptions(&quot;PreFilters&quot;,&quot;--prefilter=A.B.C,E.F.G&quot;,&quot;A.B.C&quot;,&quot;E.F.G&quot;)" methodname="CanRecognizeTestSelectionOptions" classname="NUnitLite.Tests.CommandLineTests" runstate="Runnable" seed="1734790942" result="Passed" start-time="2018-10-06 20:01:52Z" end-time="2018-10-06 20:01:52Z" duration="0.000214" asserts="3" />
            <test-case id="1168" name="CanRecognizeTestSelectionOptions(&quot;PreFilters&quot;,&quot;--prefilter=A.B.C|--prefilter=E.F.G&quot;,&quot;A.B.C&quot;,&quot;E.F.G&quot;)" fullname="NUnitLite.Tests.CommandLineTests.CanRecognizeTestSelectionOptions(&quot;PreFilters&quot;,&quot;--prefilter=A.B.C|--prefilter=E.F.G&quot;,&quot;A.B.C&quot;,&quot;E.F.G&quot;)" methodname="CanRecognizeTestSelectionOptions" classname="NUnitLite.Tests.CommandLineTests" runstate="Runnable" seed="1644615112" result="Passed" start-time="2018-10-06 20:01:52Z" end-time="2018-10-06 20:01:52Z" duration="0.000184" asserts="3" />
          </test-suite>
          <test-case id="1194" name="DefaultResultSpecification" fullname="NUnitLite.Tests.CommandLineTests.DefaultResultSpecification" methodname="DefaultResultSpecification" classname="NUnitLite.Tests.CommandLineTests" runstate="Runnable" seed="1679083824" result="Passed" start-time="2018-10-06 20:01:52Z" end-time="2018-10-06 20:01:52Z" duration="0.001548" asserts="3" />
          <test-case id="1214" name="DisplayTestParameters" fullname="NUnitLite.Tests.CommandLineTests.DisplayTestParameters" methodname="DisplayTestParameters" classname="NUnitLite.Tests.CommandLineTests" runstate="Runnable" seed="237112195" result="Passed" start-time="2018-10-06 20:01:52Z" end-time="2018-10-06 20:01:52Z" duration="0.002057" asserts="0">
            <output><![CDATA[No Test Parameters were passed
]]></output>
          </test-case>
          <test-case id="1199" name="ExploreOptionWithFilePath" fullname="NUnitLite.Tests.CommandLineTests.ExploreOptionWithFilePath" methodname="ExploreOptionWithFilePath" classname="NUnitLite.Tests.CommandLineTests" runstate="Runnable" seed="1767950859" result="Passed" start-time="2018-10-06 20:01:52Z" end-time="2018-10-06 20:01:52Z" duration="0.002128" asserts="4" />
          <test-case id="1200" name="ExploreOptionWithFilePathAndFormat" fullname="NUnitLite.Tests.CommandLineTests.ExploreOptionWithFilePathAndFormat" methodname="ExploreOptionWithFilePathAndFormat" classname="NUnitLite.Tests.CommandLineTests" runstate="Runnable" seed="1475119837" result="Passed" start-time="2018-10-06 20:01:52Z" end-time="2018-10-06 20:01:52Z" duration="0.001009" asserts="4" />
          <test-case id="1201" name="ExploreOptionWithFilePathUsingEqualSign" fullname="NUnitLite.Tests.CommandLineTests.ExploreOptionWithFilePathUsingEqualSign" methodname="ExploreOptionWithFilePathUsingEqualSign" classname="NUnitLite.Tests.CommandLineTests" runstate="Runnable" seed="1199197071" result="Passed" start-time="2018-10-06 20:01:52Z" end-time="2018-10-06 20:01:52Z" duration="0.000859" asserts="3" />
          <test-case id="1198" name="ExploreOptionWithoutPath" fullname="NUnitLite.Tests.CommandLineTests.ExploreOptionWithoutPath" methodname="ExploreOptionWithoutPath" classname="NUnitLite.Tests.CommandLineTests" runstate="Runnable" seed="2007040027" result="Passed" start-time="2018-10-06 20:01:52Z" end-time="2018-10-06 20:01:52Z" duration="0.000512" asserts="2" />
          <test-case id="1189" name="FileNameWithoutResultOptionLooksLikeParameter" fullname="NUnitLite.Tests.CommandLineTests.FileNameWithoutResultOptionLooksLikeParameter" methodname="FileNameWithoutResultOptionLooksLikeParameter" classname="NUnitLite.Tests.CommandLineTests" runstate="Runnable" seed="1951635524" result="Passed" start-time="2018-10-06 20:01:52Z" end-time="2018-10-06 20:01:52Z" duration="0.000772" asserts="3" />
          <test-suite type="ParameterizedMethod" id="1113" name="GetArgsFromCommandLine" fullname="NUnitLite.Tests.CommandLineTests.GetArgsFromCommandLine" classname="NUnitLite.Tests.CommandLineTests" runstate="Runnable" testcasecount="23" result="Passed" start-time="2018-10-06 20:01:52Z" end-time="2018-10-06 20:01:52Z" duration="0.019538" total="23" passed="23" failed="0" warnings="0" inconclusive="0" skipped="0" asserts="23">
            <test-case id="1090" name="GetArgsFromCommandLine(&quot;--arg&quot;,&quot;--arg&quot;)" fullname="NUnitLite.Tests.CommandLineTests.GetArgsFromCommandLine(&quot;--arg&quot;,&quot;--arg&quot;)" methodname="GetArgsFromCommandLine" classname="NUnitLite.Tests.CommandLineTests" runstate="Runnable" seed="75725732" result="Passed" start-time="2018-10-06 20:01:52Z" end-time="2018-10-06 20:01:52Z" duration="0.016442" asserts="1" />
            <test-case id="1091" name="GetArgsFromCommandLine(&quot;--ArG&quot;,&quot;--ArG&quot;)" fullname="NUnitLite.Tests.CommandLineTests.GetArgsFromCommandLine(&quot;--ArG&quot;,&quot;--ArG&quot;)" methodname="GetArgsFromCommandLine" classname="NUnitLite.Tests.CommandLineTests" runstate="Runnable" seed="804212770" result="Passed" start-time="2018-10-06 20:01:52Z" end-time="2018-10-06 20:01:52Z" duration="0.000181" asserts="1" />
            <test-case id="1092" name="GetArgsFromCommandLine(&quot;--arg1 --arg2&quot;,&quot;--arg1&quot;,&quot;--arg2&quot;)" fullname="NUnitLite.Tests.CommandLineTests.GetArgsFromCommandLine(&quot;--arg1 --arg2&quot;,&quot;--arg1&quot;,&quot;--arg2&quot;)" methodname="GetArgsFromCommandLine" classname="NUnitLite.Tests.CommandLineTests" runstate="Runnable" seed="1196546154" result="Passed" start-time="2018-10-06 20:01:52Z" end-time="2018-10-06 20:01:52Z" duration="0.000110" asserts="1" />
            <test-case id="1093" name="GetArgsFromCommandLine(&quot;--arg1 data --arg2&quot;,&quot;--arg1&quot;,&quot;data&quot;,&quot;--arg2&quot;)" fullname="NUnitLite.Tests.CommandLineTests.GetArgsFromCommandLine(&quot;--arg1 data --arg2&quot;,&quot;--arg1&quot;,&quot;data&quot;,&quot;--arg2&quot;)" methodname="GetArgsFromCommandLine" classname="NUnitLite.Tests.CommandLineTests" runstate="Runnable" seed="1079902015" result="Passed" start-time="2018-10-06 20:01:52Z" end-time="2018-10-06 20:01:52Z" duration="0.000109" asserts="1" />
            <test-case id="1094" name="GetArgsFromCommandLine(&quot;&quot;)" fullname="NUnitLite.Tests.CommandLineTests.GetArgsFromCommandLine(&quot;&quot;)" methodname="GetArgsFromCommandLine" classname="NUnitLite.Tests.CommandLineTests" runstate="Runnable" seed="825319269" result="Passed" start-time="2018-10-06 20:01:52Z" end-time="2018-10-06 20:01:52Z" duration="0.000093" asserts="1" />
            <test-case id="1095" name="GetArgsFromCommandLine(&quot;   &quot;)" fullname="NUnitLite.Tests.CommandLineTests.GetArgsFromCommandLine(&quot;   &quot;)" methodname="GetArgsFromCommandLine" classname="NUnitLite.Tests.CommandLineTests" runstate="Runnable" seed="798038655" result="Passed" start-time="2018-10-06 20:01:52Z" end-time="2018-10-06 20:01:52Z" duration="0.000092" asserts="1" />
            <test-case id="1096" name="GetArgsFromCommandLine(&quot;\&quot;--arg 1\&quot; --arg2&quot;,&quot;--arg 1&quot;,&quot;--arg2&quot;)" fullname="NUnitLite.Tests.CommandLineTests.GetArgsFromCommandLine(&quot;\&quot;--arg 1\&quot; --arg2&quot;,&quot;--arg 1&quot;,&quot;--arg2&quot;)" methodname="GetArgsFromCommandLine" classname="NUnitLite.Tests.CommandLineTests" runstate="Runnable" seed="1236266802" result="Passed" start-time="2018-10-06 20:01:52Z" end-time="2018-10-06 20:01:52Z" duration="0.000102" asserts="1" />
            <test-case id="1097" name="GetArgsFromCommandLine(&quot;--arg1 \&quot;--arg 2\&quot;&quot;,&quot;--arg1&quot;,&quot;--arg 2&quot;)" fullname="NUnitLite.Tests.CommandLineTests.GetArgsFromCommandLine(&quot;--arg1 \&quot;--arg 2\&quot;&quot;,&quot;--arg1&quot;,&quot;--arg 2&quot;)" methodname="GetArgsFromCommandLine" classname="NUnitLite.Tests.CommandLineTests" runstate="Runnable" seed="104210251" result="Passed" start-time="2018-10-06 20:01:52Z" end-time="2018-10-06 20:01:52Z" duration="0.000098" asserts="1" />
            <test-case id="1098" name="GetArgsFromCommandLine(&quot;\&quot;--arg 1\&quot; \&quot;--arg 2\&quot;&quot;,&quot;--arg 1&quot;,&quot;--arg 2&quot;)" fullname="NUnitLite.Tests.CommandLineTests.GetArgsFromCommandLine(&quot;\&quot;--arg 1\&quot; \&quot;--arg 2\&quot;&quot;,&quot;--arg 1&quot;,&quot;--arg 2&quot;)" methodname="GetArgsFromCommandLine" classname="NUnitLite.Tests.CommandLineTests" runstate="Runnable" seed="1160754659" result="Passed" start-time="2018-10-06 20:01:52Z" end-time="2018-10-06 20:01:52Z" duration="0.000115" asserts="1" />
            <test-case id="1099" name="GetArgsFromCommandLine(&quot;\&quot;--arg 1\&quot; \&quot;--arg 2\&quot; arg3 \&quot;arg 4\&quot;&quot;,&quot;--arg 1&quot;,&quot;--arg 2&quot;,&quot;arg3&quot;,&quot;arg 4&quot;)" fullname="NUnitLite.Tests.CommandLineTests.GetArgsFromCommandLine(&quot;\&quot;--arg 1\&quot; \&quot;--arg 2\&quot; arg3 \&quot;arg 4\&quot;&quot;,&quot;--arg 1&quot;,&quot;--arg 2&quot;,&quot;arg3&quot;,&quot;arg 4&quot;)" methodname="GetArgsFromCommandLine" classname="NUnitLite.Tests.CommandLineTests" runstate="Runnable" seed="115407049" result="Passed" start-time="2018-10-06 20:01:52Z" end-time="2018-10-06 20:01:52Z" duration="0.000131" asserts="1" />
            <test-case id="1100" name="GetArgsFromCommandLine(&quot;--arg1 \&quot;--arg 2\&quot; arg3 \&quot;arg 4\&quot;&quot;,&quot;--arg1&quot;,&quot;--arg 2&quot;,&quot;arg3&quot;,&quot;arg 4&quot;)" fullname="NUnitLite.Tests.CommandLineTests.GetArgsFromCommandLine(&quot;--arg1 \&quot;--arg 2\&quot; arg3 \&quot;arg 4\&quot;&quot;,&quot;--arg1&quot;,&quot;--arg 2&quot;,&quot;arg3&quot;,&quot;arg 4&quot;)" methodname="GetArgsFromCommandLine" classname="NUnitLite.Tests.CommandLineTests" runstate="Runnable" seed="809774515" result="Passed" start-time="2018-10-06 20:01:52Z" end-time="2018-10-06 20:01:52Z" duration="0.000121" asserts="1" />
            <test-case id="1101" name="GetArgsFromCommandLine(&quot;\&quot;--arg 1\&quot; \&quot;--arg 2\&quot; arg3 \&quot;arg 4\&quot; \&quot;--arg 1\&quot; \&quot;--arg 2\&quot; arg3 \&quot;arg 4\&quot;&quot;,&quot;--arg 1&quot;,&quot;--arg 2&quot;,&quot;arg3&quot;,&quot;arg 4&quot;,&quot;--arg 1&quot;,&quot;--arg 2&quot;,&quot;arg3&quot;,&quot;arg 4&quot;)" fullname="NUnitLite.Tests.CommandLineTests.GetArgsFromCommandLine(&quot;\&quot;--arg 1\&quot; \&quot;--arg 2\&quot; arg3 \&quot;arg 4\&quot; \&quot;--arg 1\&quot; \&quot;--arg 2\&quot; arg3 \&quot;arg 4\&quot;&quot;,&quot;--arg 1&quot;,&quot;--arg 2&quot;,&quot;arg3&quot;,&quot;arg 4&quot;,&quot;--arg 1&quot;,&quot;--arg 2&quot;,&quot;arg3&quot;,&quot;arg 4&quot;)" methodname="GetArgsFromCommandLine" classname="NUnitLite.Tests.CommandLineTests" runstate="Runnable" seed="809016236" result="Passed" start-time="2018-10-06 20:01:52Z" end-time="2018-10-06 20:01:52Z" duration="0.000130" asserts="1" />
            <test-case id="1102" name="GetArgsFromCommandLine(&quot;\&quot;--arg\&quot;&quot;,&quot;--arg&quot;)" fullname="NUnitLite.Tests.CommandLineTests.GetArgsFromCommandLine(&quot;\&quot;--arg\&quot;&quot;,&quot;--arg&quot;)" methodname="GetArgsFromCommandLine" classname="NUnitLite.Tests.CommandLineTests" runstate="Runnable" seed="1095622996" result="Passed" start-time="2018-10-06 20:01:52Z" end-time="2018-10-06 20:01:52Z" duration="0.000113" asserts="1" />
            <test-case id="1103" name="GetArgsFromCommandLine(&quot;\&quot;--arg 1\&quot;&quot;,&quot;--arg 1&quot;)" fullname="NUnitLite.Tests.CommandLineTests.GetArgsFromCommandLine(&quot;\&quot;--arg 1\&quot;&quot;,&quot;--arg 1&quot;)" methodname="GetArgsFromCommandLine" classname="NUnitLite.Tests.CommandLineTests" runstate="Runnable" seed="1228520800" result="Passed" start-time="2018-10-06 20:01:52Z" end-time="2018-10-06 20:01:52Z" duration="0.000103" asserts="1" />
            <test-case id="1104" name="GetArgsFromCommandLine(&quot;\&quot;--arg abc\&quot;&quot;,&quot;--arg abc&quot;)" fullname="NUnitLite.Tests.CommandLineTests.GetArgsFromCommandLine(&quot;\&quot;--arg abc\&quot;&quot;,&quot;--arg abc&quot;)" methodname="GetArgsFromCommandLine" classname="NUnitLite.Tests.CommandLineTests" runstate="Runnable" seed="413887435" result="Passed" start-time="2018-10-06 20:01:52Z" end-time="2018-10-06 20:01:52Z" duration="0.000106" asserts="1" />
            <test-case id="1105" name="GetArgsFromCommandLine(&quot;\&quot;--arg   abc\&quot;&quot;,&quot;--arg   abc&quot;)" fullname="NUnitLite.Tests.CommandLineTests.GetArgsFromCommandLine(&quot;\&quot;--arg   abc\&quot;&quot;,&quot;--arg   abc&quot;)" methodname="GetArgsFromCommandLine" classname="NUnitLite.Tests.CommandLineTests" runstate="Runnable" seed="1904526293" result="Passed" start-time="2018-10-06 20:01:52Z" end-time="2018-10-06 20:01:52Z" duration="0.000125" asserts="1" />
            <test-case id="1106" name="GetArgsFromCommandLine(&quot;\&quot; --arg   abc \&quot;&quot;,&quot; --arg   abc &quot;)" fullname="NUnitLite.Tests.CommandLineTests.GetArgsFromCommandLine(&quot;\&quot; --arg   abc \&quot;&quot;,&quot; --arg   abc &quot;)" methodname="GetArgsFromCommandLine" classname="NUnitLite.Tests.CommandLineTests" runstate="Runnable" seed="899718004" result="Passed" start-time="2018-10-06 20:01:52Z" end-time="2018-10-06 20:01:52Z" duration="0.000104" asserts="1" />
            <test-case id="1107" name="GetArgsFromCommandLine(&quot;\&quot;--arg=abc\&quot;&quot;,&quot;--arg=abc&quot;)" fullname="NUnitLite.Tests.CommandLineTests.GetArgsFromCommandLine(&quot;\&quot;--arg=abc\&quot;&quot;,&quot;--arg=abc&quot;)" methodname="GetArgsFromCommandLine" classname="NUnitLite.Tests.CommandLineTests" runstate="Runnable" seed="1235095217" result="Passed" start-time="2018-10-06 20:01:52Z" end-time="2018-10-06 20:01:52Z" duration="0.000107" asserts="1" />
            <test-case id="1108" name="GetArgsFromCommandLine(&quot;\&quot;--arg=aBc\&quot;&quot;,&quot;--arg=aBc&quot;)" fullname="NUnitLite.Tests.CommandLineTests.GetArgsFromCommandLine(&quot;\&quot;--arg=aBc\&quot;&quot;,&quot;--arg=aBc&quot;)" methodname="GetArgsFromCommandLine" classname="NUnitLite.Tests.CommandLineTests" runstate="Runnable" seed="2142466837" result="Passed" start-time="2018-10-06 20:01:52Z" end-time="2018-10-06 20:01:52Z" duration="0.000107" asserts="1" />
            <test-case id="1109" name="GetArgsFromCommandLine(&quot;\&quot;--arg = abc\&quot;&quot;,&quot;--arg = abc&quot;)" fullname="NUnitLite.Tests.CommandLineTests.GetArgsFromCommandLine(&quot;\&quot;--arg = abc\&quot;&quot;,&quot;--arg = abc&quot;)" methodname="GetArgsFromCommandLine" classname="NUnitLite.Tests.CommandLineTests" runstate="Runnable" seed="1519758355" result="Passed" start-time="2018-10-06 20:01:52Z" end-time="2018-10-06 20:01:52Z" duration="0.000102" asserts="1" />
            <test-case id="1110" name="GetArgsFromCommandLine(&quot;\&quot;--arg=abc,xyz\&quot;&quot;,&quot;--arg=abc,xyz&quot;)" fullname="NUnitLite.Tests.CommandLineTests.GetArgsFromCommandLine(&quot;\&quot;--arg=abc,xyz\&quot;&quot;,&quot;--arg=abc,xyz&quot;)" methodname="GetArgsFromCommandLine" classname="NUnitLite.Tests.CommandLineTests" runstate="Runnable" seed="1815622686" result="Passed" start-time="2018-10-06 20:01:52Z" end-time="2018-10-06 20:01:52Z" duration="0.000105" asserts="1" />
            <test-case id="1111" name="GetArgsFromCommandLine(&quot;\&quot;--arg=abc, xyz\&quot;&quot;,&quot;--arg=abc, xyz&quot;)" fullname="NUnitLite.Tests.CommandLineTests.GetArgsFromCommandLine(&quot;\&quot;--arg=abc, xyz\&quot;&quot;,&quot;--arg=abc, xyz&quot;)" methodname="GetArgsFromCommandLine" classname="NUnitLite.Tests.CommandLineTests" runstate="Runnable" seed="548280916" result="Passed" start-time="2018-10-06 20:01:52Z" end-time="2018-10-06 20:01:52Z" duration="0.000110" asserts="1" />
            <test-case id="1112" name="GetArgsFromCommandLine(&quot;\&quot;@arg = ~ ` ! @ # $ % ^ &amp; * ( ) _ - : ; + ' ' { } [ ] | \\ ? / . , , xYz\&quot;&quot;,&quot;@arg = ~ ` ! @ # $ % ^ &amp; * ( ) _ - : ; + ' ' { } [ ] | \\ ? / . , , xYz&quot;)" fullname="NUnitLite.Tests.CommandLineTests.GetArgsFromCommandLine(&quot;\&quot;@arg = ~ ` ! @ # $ % ^ &amp; * ( ) _ - : ; + ' ' { } [ ] | \\ ? / . , , xYz\&quot;&quot;,&quot;@arg = ~ ` ! @ # $ % ^ &amp; * ( ) _ - : ; + ' ' { } [ ] | \\ ? / . , , xYz&quot;)" methodname="GetArgsFromCommandLine" classname="NUnitLite.Tests.CommandLineTests" runstate="Runnable" seed="736142227" result="Passed" start-time="2018-10-06 20:01:52Z" end-time="2018-10-06 20:01:52Z" duration="0.000112" asserts="1" />
          </test-suite>
          <test-suite type="ParameterizedMethod" id="1137" name="GetArgsFromFiles" fullname="NUnitLite.Tests.CommandLineTests.GetArgsFromFiles" classname="NUnitLite.Tests.CommandLineTests" runstate="Runnable" testcasecount="23" result="Passed" start-time="2018-10-06 20:01:52Z" end-time="2018-10-06 20:01:52Z" duration="0.086743" total="23" passed="23" failed="0" warnings="0" inconclusive="0" skipped="0" asserts="46">
            <test-case id="1114" name="GetArgsFromFiles(&quot;--arg1 @file1.txt --arg2&quot;,&quot;file1.txt:--filearg1 --filearg2&quot;,&quot;--arg1&quot;,&quot;--filearg1&quot;,&quot;--filearg2&quot;,&quot;--arg2&quot;)" fullname="NUnitLite.Tests.CommandLineTests.GetArgsFromFiles(&quot;--arg1 @file1.txt --arg2&quot;,&quot;file1.txt:--filearg1 --filearg2&quot;,&quot;--arg1&quot;,&quot;--filearg1&quot;,&quot;--filearg2&quot;,&quot;--arg2&quot;)" methodname="GetArgsFromFiles" classname="NUnitLite.Tests.CommandLineTests" runstate="Runnable" seed="1261427246" result="Passed" start-time="2018-10-06 20:01:52Z" end-time="2018-10-06 20:01:52Z" duration="0.015102" asserts="2" />
            <test-case id="1115" name="GetArgsFromFiles(&quot;--arg1 @file1.txt --arg2&quot;,&quot;file1.txt:--filearg1\r\n--filearg2&quot;,&quot;--arg1&quot;,&quot;--filearg1&quot;,&quot;--filearg2&quot;,&quot;--arg2&quot;)" fullname="NUnitLite.Tests.CommandLineTests.GetArgsFromFiles(&quot;--arg1 @file1.txt --arg2&quot;,&quot;file1.txt:--filearg1\r\n--filearg2&quot;,&quot;--arg1&quot;,&quot;--filearg1&quot;,&quot;--filearg2&quot;,&quot;--arg2&quot;)" methodname="GetArgsFromFiles" classname="NUnitLite.Tests.CommandLineTests" runstate="Runnable" seed="157064541" result="Passed" start-time="2018-10-06 20:01:52Z" end-time="2018-10-06 20:01:52Z" duration="0.007509" asserts="2" />
            <test-case id="1116" name="GetArgsFromFiles(&quot;--arg1 @file1.txt --arg2&quot;,&quot;file1.txt:--filearg1 data&quot;,&quot;--arg1&quot;,&quot;--filearg1&quot;,&quot;data&quot;,&quot;--arg2&quot;)" fullname="NUnitLite.Tests.CommandLineTests.GetArgsFromFiles(&quot;--arg1 @file1.txt --arg2&quot;,&quot;file1.txt:--filearg1 data&quot;,&quot;--arg1&quot;,&quot;--filearg1&quot;,&quot;data&quot;,&quot;--arg2&quot;)" methodname="GetArgsFromFiles" classname="NUnitLite.Tests.CommandLineTests" runstate="Runnable" seed="1329439254" result="Passed" start-time="2018-10-06 20:01:52Z" end-time="2018-10-06 20:01:52Z" duration="0.002253" asserts="2" />
            <test-case id="1117" name="GetArgsFromFiles(&quot;--arg1 @file1.txt --arg2&quot;,&quot;file1.txt:--filearg1 \&quot;data in quotes\&quot;&quot;,&quot;--arg1&quot;,&quot;--filearg1&quot;,&quot;data in quotes&quot;,&quot;--arg2&quot;)" fullname="NUnitLite.Tests.CommandLineTests.GetArgsFromFiles(&quot;--arg1 @file1.txt --arg2&quot;,&quot;file1.txt:--filearg1 \&quot;data in quotes\&quot;&quot;,&quot;--arg1&quot;,&quot;--filearg1&quot;,&quot;data in quotes&quot;,&quot;--arg2&quot;)" methodname="GetArgsFromFiles" classname="NUnitLite.Tests.CommandLineTests" runstate="Runnable" seed="36497783" result="Passed" start-time="2018-10-06 20:01:52Z" end-time="2018-10-06 20:01:52Z" duration="0.002153" asserts="2" />
            <test-case id="1118" name="GetArgsFromFiles(&quot;--arg1 @file1.txt --arg2&quot;,&quot;file1.txt:--filearg1 \&quot;data in quotes with 'single' quotes\&quot;&quot;,&quot;--arg1&quot;,&quot;--filearg1&quot;,&quot;data in quotes with 'single' quotes&quot;,&quot;--arg2&quot;)" fullname="NUnitLite.Tests.CommandLineTests.GetArgsFromFiles(&quot;--arg1 @file1.txt --arg2&quot;,&quot;file1.txt:--filearg1 \&quot;data in quotes with 'single' quotes\&quot;&quot;,&quot;--arg1&quot;,&quot;--filearg1&quot;,&quot;data in quotes with 'single' quotes&quot;,&quot;--arg2&quot;)" methodname="GetArgsFromFiles" classname="NUnitLite.Tests.CommandLineTests" runstate="Runnable" seed="742723815" result="Passed" start-time="2018-10-06 20:01:52Z" end-time="2018-10-06 20:01:52Z" duration="0.002185" asserts="2" />
            <test-case id="1119" name="GetArgsFromFiles(&quot;--arg1 @file1.txt --arg2&quot;,&quot;file1.txt:--filearg1 \&quot;data in quotes with /slashes/\&quot;&quot;,&quot;--arg1&quot;,&quot;--filearg1&quot;,&quot;data in quotes with /slashes/&quot;,&quot;--arg2&quot;)" fullname="NUnitLite.Tests.CommandLineTests.GetArgsFromFiles(&quot;--arg1 @file1.txt --arg2&quot;,&quot;file1.txt:--filearg1 \&quot;data in quotes with /slashes/\&quot;&quot;,&quot;--arg1&quot;,&quot;--filearg1&quot;,&quot;data in quotes with /slashes/&quot;,&quot;--arg2&quot;)" methodname="GetArgsFromFiles" classname="NUnitLite.Tests.CommandLineTests" runstate="Runnable" seed="1855873521" result="Passed" start-time="2018-10-06 20:01:52Z" end-time="2018-10-06 20:01:52Z" duration="0.001752" asserts="2" />
            <test-case id="1120" name="GetArgsFromFiles(&quot;--arg1 @file1.txt --arg2 @file2.txt&quot;,&quot;file1.txt:--filearg1 --filearg2,file2.txt:--filearg3&quot;,&quot;--arg1&quot;,&quot;--filearg1&quot;,&quot;--filearg2&quot;,&quot;--arg2&quot;,&quot;--filearg3&quot;)" fullname="NUnitLite.Tests.CommandLineTests.GetArgsFromFiles(&quot;--arg1 @file1.txt --arg2 @file2.txt&quot;,&quot;file1.txt:--filearg1 --filearg2,file2.txt:--filearg3&quot;,&quot;--arg1&quot;,&quot;--filearg1&quot;,&quot;--filearg2&quot;,&quot;--arg2&quot;,&quot;--filearg3&quot;)" methodname="GetArgsFromFiles" classname="NUnitLite.Tests.CommandLineTests" runstate="Runnable" seed="462996713" result="Passed" start-time="2018-10-06 20:01:52Z" end-time="2018-10-06 20:01:52Z" duration="0.008807" asserts="2" />
            <test-case id="1121" name="GetArgsFromFiles(&quot;--arg1 @file1.txt --arg2&quot;,&quot;file1.txt:&quot;,&quot;--arg1&quot;,&quot;--arg2&quot;)" fullname="NUnitLite.Tests.CommandLineTests.GetArgsFromFiles(&quot;--arg1 @file1.txt --arg2&quot;,&quot;file1.txt:&quot;,&quot;--arg1&quot;,&quot;--arg2&quot;)" methodname="GetArgsFromFiles" classname="NUnitLite.Tests.CommandLineTests" runstate="Runnable" seed="1071574315" result="Passed" start-time="2018-10-06 20:01:52Z" end-time="2018-10-06 20:01:52Z" duration="0.001969" asserts="2" />
            <test-case id="1122" name="GetArgsFromFiles(&quot;--arg1 @file1.txt --arg2&quot;,&quot;file1.txt:--fileArg1\n\n\n--fileArg2&quot;,&quot;--arg1&quot;,&quot;--fileArg1&quot;,&quot;--fileArg2&quot;,&quot;--arg2&quot;)" fullname="NUnitLite.Tests.CommandLineTests.GetArgsFromFiles(&quot;--arg1 @file1.txt --arg2&quot;,&quot;file1.txt:--fileArg1\n\n\n--fileArg2&quot;,&quot;--arg1&quot;,&quot;--fileArg1&quot;,&quot;--fileArg2&quot;,&quot;--arg2&quot;)" methodname="GetArgsFromFiles" classname="NUnitLite.Tests.CommandLineTests" runstate="Runnable" seed="1426181914" result="Passed" start-time="2018-10-06 20:01:52Z" end-time="2018-10-06 20:01:52Z" duration="0.002198" asserts="2" />
            <test-case id="1123" name="GetArgsFromFiles(&quot;--arg1 @file1.txt --arg2&quot;,&quot;file1.txt:--fileArg1\n    \n\t\t\n--fileArg2&quot;,&quot;--arg1&quot;,&quot;--fileArg1&quot;,&quot;--fileArg2&quot;,&quot;--arg2&quot;)" fullname="NUnitLite.Tests.CommandLineTests.GetArgsFromFiles(&quot;--arg1 @file1.txt --arg2&quot;,&quot;file1.txt:--fileArg1\n    \n\t\t\n--fileArg2&quot;,&quot;--arg1&quot;,&quot;--fileArg1&quot;,&quot;--fileArg2&quot;,&quot;--arg2&quot;)" methodname="GetArgsFromFiles" classname="NUnitLite.Tests.CommandLineTests" runstate="Runnable" seed="1776363200" result="Passed" start-time="2018-10-06 20:01:52Z" end-time="2018-10-06 20:01:52Z" duration="0.002213" asserts="2" />
            <test-case id="1124" name="GetArgsFromFiles(&quot;--arg1 @file1.txt --arg2&quot;,&quot;file1.txt:--fileArg1\r\n\r\n\r\n--fileArg2&quot;,&quot;--arg1&quot;,&quot;--fileArg1&quot;,&quot;--fileArg2&quot;,&quot;--arg2&quot;)" fullname="NUnitLite.Tests.CommandLineTests.GetArgsFromFiles(&quot;--arg1 @file1.txt --arg2&quot;,&quot;file1.txt:--fileArg1\r\n\r\n\r\n--fileArg2&quot;,&quot;--arg1&quot;,&quot;--fileArg1&quot;,&quot;--fileArg2&quot;,&quot;--arg2&quot;)" methodname="GetArgsFromFiles" classname="NUnitLite.Tests.CommandLineTests" runstate="Runnable" seed="1755003922" result="Passed" start-time="2018-10-06 20:01:52Z" end-time="2018-10-06 20:01:52Z" duration="0.002319" asserts="2" />
            <test-case id="1125" name="GetArgsFromFiles(&quot;--arg1 @file1.txt --arg2&quot;,&quot;file1.txt:--fileArg1\r\n    \r\n\t\t\r\n--fileArg2&quot;,&quot;--arg1&quot;,&quot;--fileArg1&quot;,&quot;--fileArg2&quot;,&quot;--arg2&quot;)" fullname="NUnitLite.Tests.CommandLineTests.GetArgsFromFiles(&quot;--arg1 @file1.txt --arg2&quot;,&quot;file1.txt:--fileArg1\r\n    \r\n\t\t\r\n--fileArg2&quot;,&quot;--arg1&quot;,&quot;--fileArg1&quot;,&quot;--fileArg2&quot;,&quot;--arg2&quot;)" methodname="GetArgsFromFiles" classname="NUnitLite.Tests.CommandLineTests" runstate="Runnable" seed="126276612" result="Passed" start-time="2018-10-06 20:01:52Z" end-time="2018-10-06 20:01:52Z" duration="0.003590" asserts="2" />
            <test-case id="1126" name="GetArgsFromFiles(&quot;--arg1 @file1.txt --arg2&quot;,&quot;file1.txt:--filearg1 --filearg2\r\n\n--filearg3 --filearg4&quot;,&quot;--arg1&quot;,&quot;--filearg1&quot;,&quot;--filearg2&quot;,&quot;--filearg3&quot;,&quot;--filearg4&quot;,&quot;--arg2&quot;)" fullname="NUnitLite.Tests.CommandLineTests.GetArgsFromFiles(&quot;--arg1 @file1.txt --arg2&quot;,&quot;file1.txt:--filearg1 --filearg2\r\n\n--filearg3 --filearg4&quot;,&quot;--arg1&quot;,&quot;--filearg1&quot;,&quot;--filearg2&quot;,&quot;--filearg3&quot;,&quot;--filearg4&quot;,&quot;--arg2&quot;)" methodname="GetArgsFromFiles" classname="NUnitLite.Tests.CommandLineTests" runstate="Runnable" seed="1704793571" result="Passed" start-time="2018-10-06 20:01:52Z" end-time="2018-10-06 20:01:52Z" duration="0.002248" asserts="2" />
            <test-case id="1127" name="GetArgsFromFiles(&quot;--arg1 @file1.txt --arg2&quot;,&quot;file1.txt:--fileArg1\nThis is NOT treated as a COMMENT\n--fileArg2&quot;,&quot;--arg1&quot;,&quot;--fileArg1&quot;,&quot;This&quot;,&quot;is&quot;,&quot;NOT&quot;,&quot;treated&quot;,&quot;as&quot;,&quot;a&quot;,&quot;COMMENT&quot;,&quot;--fileArg2&quot;,&quot;--arg2&quot;)" fullname="NUnitLite.Tests.CommandLineTests.GetArgsFromFiles(&quot;--arg1 @file1.txt --arg2&quot;,&quot;file1.txt:--fileArg1\nThis is NOT treated as a COMMENT\n--fileArg2&quot;,&quot;--arg1&quot;,&quot;--fileArg1&quot;,&quot;This&quot;,&quot;is&quot;,&quot;NOT&quot;,&quot;treated&quot;,&quot;as&quot;,&quot;a&quot;,&quot;COMMENT&quot;,&quot;--fileArg2&quot;,&quot;--arg2&quot;)" methodname="GetArgsFromFiles" classname="NUnitLite.Tests.CommandLineTests" runstate="Runnable" seed="1879819611" result="Passed" start-time="2018-10-06 20:01:52Z" end-time="2018-10-06 20:01:52Z" duration="0.002201" asserts="2" />
            <test-case id="1128" name="GetArgsFromFiles(&quot;--arg1 @file1.txt --arg2&quot;,&quot;file1.txt:--fileArg1\n#This is treated as a COMMENT\n--fileArg2&quot;,&quot;--arg1&quot;,&quot;--fileArg1&quot;,&quot;--fileArg2&quot;,&quot;--arg2&quot;)" fullname="NUnitLite.Tests.CommandLineTests.GetArgsFromFiles(&quot;--arg1 @file1.txt --arg2&quot;,&quot;file1.txt:--fileArg1\n#This is treated as a COMMENT\n--fileArg2&quot;,&quot;--arg1&quot;,&quot;--fileArg1&quot;,&quot;--fileArg2&quot;,&quot;--arg2&quot;)" methodname="GetArgsFromFiles" classname="NUnitLite.Tests.CommandLineTests" runstate="Runnable" seed="724522608" result="Passed" start-time="2018-10-06 20:01:52Z" end-time="2018-10-06 20:01:52Z" duration="0.002840" asserts="2" />
            <test-case id="1129" name="GetArgsFromFiles(&quot;--arg1 @file1.txt --arg2 @file2.txt&quot;,&quot;file1.txt:--filearg1 --filearg2,file2.txt:--filearg3 @file3.txt,file3.txt:--filearg4&quot;,&quot;--arg1&quot;,&quot;--filearg1&quot;,&quot;--filearg2&quot;,&quot;--arg2&quot;,&quot;--filearg3&quot;,&quot;--filearg4&quot;)" fullname="NUnitLite.Tests.CommandLineTests.GetArgsFromFiles(&quot;--arg1 @file1.txt --arg2 @file2.txt&quot;,&quot;file1.txt:--filearg1 --filearg2,file2.txt:--filearg3 @file3.txt,file3.txt:--filearg4&quot;,&quot;--arg1&quot;,&quot;--filearg1&quot;,&quot;--filearg2&quot;,&quot;--arg2&quot;,&quot;--filearg3&quot;,&quot;--filearg4&quot;)" methodname="GetArgsFromFiles" classname="NUnitLite.Tests.CommandLineTests" runstate="Runnable" seed="1150075651" result="Passed" start-time="2018-10-06 20:01:52Z" end-time="2018-10-06 20:01:52Z" duration="0.005950" asserts="2" />
            <test-case id="1130" name="GetArgsFromFiles(&quot;testfile.dll @file1.txt --arg2&quot;,&quot;file1.txt:--where test==somelongname&quot;,&quot;testfile.dll&quot;,&quot;--where&quot;,&quot;test==somelongname&quot;,&quot;--arg2&quot;)" fullname="NUnitLite.Tests.CommandLineTests.GetArgsFromFiles(&quot;testfile.dll @file1.txt --arg2&quot;,&quot;file1.txt:--where test==somelongname&quot;,&quot;testfile.dll&quot;,&quot;--where&quot;,&quot;test==somelongname&quot;,&quot;--arg2&quot;)" methodname="GetArgsFromFiles" classname="NUnitLite.Tests.CommandLineTests" runstate="Runnable" seed="672963523" result="Passed" start-time="2018-10-06 20:01:52Z" end-time="2018-10-06 20:01:52Z" duration="0.002578" asserts="2" />
            <test-case id="1131" name="GetArgsFromFiles(&quot;testfile.dll @file1.txt --arg2&quot;,&quot;file1.txt:--where test == somelongname&quot;,&quot;testfile.dll&quot;,&quot;--where&quot;,&quot;test&quot;,&quot;==&quot;,&quot;somelongname&quot;,&quot;--arg2&quot;)" fullname="NUnitLite.Tests.CommandLineTests.GetArgsFromFiles(&quot;testfile.dll @file1.txt --arg2&quot;,&quot;file1.txt:--where test == somelongname&quot;,&quot;testfile.dll&quot;,&quot;--where&quot;,&quot;test&quot;,&quot;==&quot;,&quot;somelongname&quot;,&quot;--arg2&quot;)" methodname="GetArgsFromFiles" classname="NUnitLite.Tests.CommandLineTests" runstate="Runnable" seed="347453626" result="Passed" start-time="2018-10-06 20:01:52Z" end-time="2018-10-06 20:01:52Z" duration="0.003426" asserts="2" />
            <test-case id="1132" name="GetArgsFromFiles(&quot;testfile.dll @file1.txt --arg2&quot;,&quot;file1.txt:--where \&quot;test == somelongname\&quot;&quot;,&quot;testfile.dll&quot;,&quot;--where&quot;,&quot;test == somelongname&quot;,&quot;--arg2&quot;)" fullname="NUnitLite.Tests.CommandLineTests.GetArgsFromFiles(&quot;testfile.dll @file1.txt --arg2&quot;,&quot;file1.txt:--where \&quot;test == somelongname\&quot;&quot;,&quot;testfile.dll&quot;,&quot;--where&quot;,&quot;test == somelongname&quot;,&quot;--arg2&quot;)" methodname="GetArgsFromFiles" classname="NUnitLite.Tests.CommandLineTests" runstate="Runnable" seed="1816417475" result="Passed" start-time="2018-10-06 20:01:52Z" end-time="2018-10-06 20:01:52Z" duration="0.003306" asserts="2" />
            <test-case id="1133" name="GetArgsFromFiles(&quot;testfile.dll @file1.txt --arg2&quot;,&quot;file1.txt:--where\n    \&quot;test == somelongname\&quot;&quot;,&quot;testfile.dll&quot;,&quot;--where&quot;,&quot;test == somelongname&quot;,&quot;--arg2&quot;)" fullname="NUnitLite.Tests.CommandLineTests.GetArgsFromFiles(&quot;testfile.dll @file1.txt --arg2&quot;,&quot;file1.txt:--where\n    \&quot;test == somelongname\&quot;&quot;,&quot;testfile.dll&quot;,&quot;--where&quot;,&quot;test == somelongname&quot;,&quot;--arg2&quot;)" methodname="GetArgsFromFiles" classname="NUnitLite.Tests.CommandLineTests" runstate="Runnable" seed="239050327" result="Passed" start-time="2018-10-06 20:01:52Z" end-time="2018-10-06 20:01:52Z" duration="0.002220" asserts="2" />
            <test-case id="1134" name="GetArgsFromFiles(&quot;testfile.dll @file1.txt --arg2&quot;,&quot;file1.txt:--where\n    \&quot;test == somelongname or test == /another long name/ or cat == SomeCategory\&quot;&quot;,&quot;testfile.dll&quot;,&quot;--where&quot;,&quot;test == somelongname or test == /another long name/ or cat == SomeCategory&quot;,&quot;--arg2&quot;)" fullname="NUnitLite.Tests.CommandLineTests.GetArgsFromFiles(&quot;testfile.dll @file1.txt --arg2&quot;,&quot;file1.txt:--where\n    \&quot;test == somelongname or test == /another long name/ or cat == SomeCategory\&quot;&quot;,&quot;testfile.dll&quot;,&quot;--where&quot;,&quot;test == somelongname or test == /another long name/ or cat == SomeCategory&quot;,&quot;--arg2&quot;)" methodname="GetArgsFromFiles" classname="NUnitLite.Tests.CommandLineTests" runstate="Runnable" seed="787559962" result="Passed" start-time="2018-10-06 20:01:52Z" end-time="2018-10-06 20:01:52Z" duration="0.002849" asserts="2" />
            <test-case id="1135" name="GetArgsFromFiles(&quot;testfile.dll @file1.txt --arg2&quot;,&quot;file1.txt:--where\n    \&quot;test == somelongname or\ntest == /another long name/ or\ncat == SomeCategory\&quot;&quot;,&quot;testfile.dll&quot;,&quot;--where&quot;,&quot;test == somelongname or test == /another long name/ or cat == SomeCategory&quot;,&quot;--arg2&quot;)" fullname="NUnitLite.Tests.CommandLineTests.GetArgsFromFiles(&quot;testfile.dll @file1.txt --arg2&quot;,&quot;file1.txt:--where\n    \&quot;test == somelongname or\ntest == /another long name/ or\ncat == SomeCategory\&quot;&quot;,&quot;testfile.dll&quot;,&quot;--where&quot;,&quot;test == somelongname or test == /another long name/ or cat == SomeCategory&quot;,&quot;--arg2&quot;)" methodname="GetArgsFromFiles" classname="NUnitLite.Tests.CommandLineTests" runstate="Runnable" seed="801342070" result="Passed" start-time="2018-10-06 20:01:52Z" end-time="2018-10-06 20:01:52Z" duration="0.002382" asserts="2" />
            <test-case id="1136" name="GetArgsFromFiles(&quot;testfile.dll @file1.txt --arg2&quot;,&quot;file1.txt:--where\n    \&quot;test == somelongname ||\ntest == /another long name/ ||\ncat == SomeCategory\&quot;&quot;,&quot;testfile.dll&quot;,&quot;--where&quot;,&quot;test == somelongname || test == /another long name/ || cat == SomeCategory&quot;,&quot;--arg2&quot;)" fullname="NUnitLite.Tests.CommandLineTests.GetArgsFromFiles(&quot;testfile.dll @file1.txt --arg2&quot;,&quot;file1.txt:--where\n    \&quot;test == somelongname ||\ntest == /another long name/ ||\ncat == SomeCategory\&quot;&quot;,&quot;testfile.dll&quot;,&quot;--where&quot;,&quot;test == somelongname || test == /another long name/ || cat == SomeCategory&quot;,&quot;--arg2&quot;)" methodname="GetArgsFromFiles" classname="NUnitLite.Tests.CommandLineTests" runstate="Runnable" seed="1963163480" result="Passed" start-time="2018-10-06 20:01:52Z" end-time="2018-10-06 20:01:52Z" duration="0.003201" asserts="2" />
          </test-suite>
          <test-suite type="ParameterizedMethod" id="1140" name="GetArgsFromFiles_FailureTests" fullname="NUnitLite.Tests.CommandLineTests.GetArgsFromFiles_FailureTests" classname="NUnitLite.Tests.CommandLineTests" runstate="Runnable" testcasecount="2" result="Passed" start-time="2018-10-06 20:01:52Z" end-time="2018-10-06 20:01:52Z" duration="0.001257" total="2" passed="2" failed="0" warnings="0" inconclusive="0" skipped="0" asserts="2">
            <test-case id="1138" name="GetArgsFromFiles_FailureTests(&quot;--arg1 @file1.txt --arg2&quot;,&quot;The file \&quot;file1.txt\&quot; was not found.&quot;)" fullname="NUnitLite.Tests.CommandLineTests.GetArgsFromFiles_FailureTests(&quot;--arg1 @file1.txt --arg2&quot;,&quot;The file \&quot;file1.txt\&quot; was not found.&quot;)" methodname="GetArgsFromFiles_FailureTests" classname="NUnitLite.Tests.CommandLineTests" runstate="Runnable" seed="1292254598" result="Passed" start-time="2018-10-06 20:01:52Z" end-time="2018-10-06 20:01:52Z" duration="0.001020" asserts="1" />
            <test-case id="1139" name="GetArgsFromFiles_FailureTests(&quot;--arg1 @ --arg2&quot;,&quot;You must include a file name after @.&quot;)" fullname="NUnitLite.Tests.CommandLineTests.GetArgsFromFiles_FailureTests(&quot;--arg1 @ --arg2&quot;,&quot;You must include a file name after @.&quot;)" methodname="GetArgsFromFiles_FailureTests" classname="NUnitLite.Tests.CommandLineTests" runstate="Runnable" seed="792854938" result="Passed" start-time="2018-10-06 20:01:52Z" end-time="2018-10-06 20:01:52Z" duration="0.000138" asserts="1" />
          </test-suite>
          <test-case id="1184" name="InvalidCommandLineParms" fullname="NUnitLite.Tests.CommandLineTests.InvalidCommandLineParms" methodname="InvalidCommandLineParms" classname="NUnitLite.Tests.CommandLineTests" runstate="Runnable" seed="1944700703" result="Passed" start-time="2018-10-06 20:01:52Z" end-time="2018-10-06 20:01:52Z" duration="0.003175" asserts="4" />
          <test-case id="1183" name="InvalidOption" fullname="NUnitLite.Tests.CommandLineTests.InvalidOption" methodname="InvalidOption" classname="NUnitLite.Tests.CommandLineTests" runstate="Runnable" seed="598831796" result="Passed" start-time="2018-10-06 20:01:52Z" end-time="2018-10-06 20:01:52Z" duration="0.000718" asserts="3" />
          <test-case id="1197" name="InvalidResultSpecRecordsError" fullname="NUnitLite.Tests.CommandLineTests.InvalidResultSpecRecordsError" methodname="InvalidResultSpecRecordsError" classname="NUnitLite.Tests.CommandLineTests" runstate="Runnable" seed="106845950" result="Passed" start-time="2018-10-06 20:01:52Z" end-time="2018-10-06 20:01:52Z" duration="0.013518" asserts="2" />
          <test-suite type="ParameterizedMethod" id="1178" name="MissingValuesAreReported" fullname="NUnitLite.Tests.CommandLineTests.MissingValuesAreReported" classname="NUnitLite.Tests.CommandLineTests" runstate="Runnable" testcasecount="8" result="Passed" start-time="2018-10-06 20:01:52Z" end-time="2018-10-06 20:01:52Z" duration="0.004172" total="8" passed="8" failed="0" warnings="0" inconclusive="0" skipped="0" asserts="16">
            <test-case id="1170" name="MissingValuesAreReported(&quot;--where&quot;)" fullname="NUnitLite.Tests.CommandLineTests.MissingValuesAreReported(&quot;--where&quot;)" methodname="MissingValuesAreReported" classname="NUnitLite.Tests.CommandLineTests" runstate="Runnable" seed="881615213" result="Passed" start-time="2018-10-06 20:01:52Z" end-time="2018-10-06 20:01:52Z" duration="0.000642" asserts="2" />
            <test-case id="1171" name="MissingValuesAreReported(&quot;--output&quot;)" fullname="NUnitLite.Tests.CommandLineTests.MissingValuesAreReported(&quot;--output&quot;)" methodname="MissingValuesAreReported" classname="NUnitLite.Tests.CommandLineTests" runstate="Runnable" seed="584416628" result="Passed" start-time="2018-10-06 20:01:52Z" end-time="2018-10-06 20:01:52Z" duration="0.000113" asserts="2" />
            <test-case id="1172" name="MissingValuesAreReported(&quot;--err&quot;)" fullname="NUnitLite.Tests.CommandLineTests.MissingValuesAreReported(&quot;--err&quot;)" methodname="MissingValuesAreReported" classname="NUnitLite.Tests.CommandLineTests" runstate="Runnable" seed="1558800757" result="Passed" start-time="2018-10-06 20:01:52Z" end-time="2018-10-06 20:01:52Z" duration="0.002531" asserts="2" />
            <test-case id="1173" name="MissingValuesAreReported(&quot;--work&quot;)" fullname="NUnitLite.Tests.CommandLineTests.MissingValuesAreReported(&quot;--work&quot;)" methodname="MissingValuesAreReported" classname="NUnitLite.Tests.CommandLineTests" runstate="Runnable" seed="1868826135" result="Passed" start-time="2018-10-06 20:01:52Z" end-time="2018-10-06 20:01:52Z" duration="0.000161" asserts="2" />
            <test-case id="1174" name="MissingValuesAreReported(&quot;--trace&quot;)" fullname="NUnitLite.Tests.CommandLineTests.MissingValuesAreReported(&quot;--trace&quot;)" methodname="MissingValuesAreReported" classname="NUnitLite.Tests.CommandLineTests" runstate="Runnable" seed="1508177811" result="Passed" start-time="2018-10-06 20:01:52Z" end-time="2018-10-06 20:01:52Z" duration="0.000107" asserts="2" />
            <test-case id="1175" name="MissingValuesAreReported(&quot;--test&quot;)" fullname="NUnitLite.Tests.CommandLineTests.MissingValuesAreReported(&quot;--test&quot;)" methodname="MissingValuesAreReported" classname="NUnitLite.Tests.CommandLineTests" runstate="Runnable" seed="2019680722" result="Passed" start-time="2018-10-06 20:01:52Z" end-time="2018-10-06 20:01:52Z" duration="0.000114" asserts="2" />
            <test-case id="1176" name="MissingValuesAreReported(&quot;--prefilter&quot;)" fullname="NUnitLite.Tests.CommandLineTests.MissingValuesAreReported(&quot;--prefilter&quot;)" methodname="MissingValuesAreReported" classname="NUnitLite.Tests.CommandLineTests" runstate="Runnable" seed="1900980254" result="Passed" start-time="2018-10-06 20:01:52Z" end-time="2018-10-06 20:01:52Z" duration="0.000138" asserts="2" />
            <test-case id="1177" name="MissingValuesAreReported(&quot;--timeout&quot;)" fullname="NUnitLite.Tests.CommandLineTests.MissingValuesAreReported(&quot;--timeout&quot;)" methodname="MissingValuesAreReported" classname="NUnitLite.Tests.CommandLineTests" runstate="Runnable" seed="1596780202" result="Passed" start-time="2018-10-06 20:01:52Z" end-time="2018-10-06 20:01:52Z" duration="0.000096" asserts="2" />
          </test-suite>
          <test-case id="1180" name="MultipleAssembliesAreInvalidByDefault" fullname="NUnitLite.Tests.CommandLineTests.MultipleAssembliesAreInvalidByDefault" methodname="MultipleAssembliesAreInvalidByDefault" classname="NUnitLite.Tests.CommandLineTests" runstate="Runnable" seed="1260681872" result="Passed" start-time="2018-10-06 20:01:52Z" end-time="2018-10-06 20:01:52Z" duration="0.001425" asserts="4" />
          <test-case id="1182" name="MultipleAssembliesAreInvalidEvenIfOneIsAllowed" fullname="NUnitLite.Tests.CommandLineTests.MultipleAssembliesAreInvalidEvenIfOneIsAllowed" methodname="MultipleAssembliesAreInvalidEvenIfOneIsAllowed" classname="NUnitLite.Tests.CommandLineTests" runstate="Runnable" seed="383893269" result="Passed" start-time="2018-10-06 20:01:52Z" end-time="2018-10-06 20:01:52Z" duration="0.000885" asserts="3" />
          <test-case id="1141" name="NoInputFiles" fullname="NUnitLite.Tests.CommandLineTests.NoInputFiles" methodname="NoInputFiles" classname="NUnitLite.Tests.CommandLineTests" runstate="Runnable" seed="478592056" result="Passed" start-time="2018-10-06 20:01:52Z" end-time="2018-10-06 20:01:52Z" duration="0.000555" asserts="2" />
          <test-case id="1196" name="NoResultSuppressesAllResultSpecifications" fullname="NUnitLite.Tests.CommandLineTests.NoResultSuppressesAllResultSpecifications" methodname="NoResultSuppressesAllResultSpecifications" classname="NUnitLite.Tests.CommandLineTests" runstate="Runnable" seed="930009926" result="Passed" start-time="2018-10-06 20:01:52Z" end-time="2018-10-06 20:01:52Z" duration="0.000652" asserts="1" />
          <test-case id="1195" name="NoResultSuppressesDefaultResultSpecification" fullname="NUnitLite.Tests.CommandLineTests.NoResultSuppressesDefaultResultSpecification" methodname="NoResultSuppressesDefaultResultSpecification" classname="NUnitLite.Tests.CommandLineTests" runstate="Runnable" seed="2141048312" result="Passed" start-time="2018-10-06 20:01:52Z" end-time="2018-10-06 20:01:52Z" duration="0.000425" asserts="1" />
          <test-case id="1213" name="ParameterWithoutEqualSignIsInvalid" fullname="NUnitLite.Tests.CommandLineTests.ParameterWithoutEqualSignIsInvalid" methodname="ParameterWithoutEqualSignIsInvalid" classname="NUnitLite.Tests.CommandLineTests" runstate="Runnable" seed="494020981" result="Passed" start-time="2018-10-06 20:01:52Z" end-time="2018-10-06 20:01:52Z" duration="0.001783" asserts="1" />
          <test-case id="1193" name="ResultOptionMayBeRepeated" fullname="NUnitLite.Tests.CommandLineTests.ResultOptionMayBeRepeated" methodname="ResultOptionMayBeRepeated" classname="NUnitLite.Tests.CommandLineTests" runstate="Runnable" seed="171455157" result="Passed" start-time="2018-10-06 20:01:52Z" end-time="2018-10-06 20:01:52Z" duration="0.002458" asserts="6" />
          <test-case id="1190" name="ResultOptionWithFilePath" fullname="NUnitLite.Tests.CommandLineTests.ResultOptionWithFilePath" methodname="ResultOptionWithFilePath" classname="NUnitLite.Tests.CommandLineTests" runstate="Runnable" seed="1769498192" result="Passed" start-time="2018-10-06 20:01:52Z" end-time="2018-10-06 20:01:52Z" duration="0.001056" asserts="3" />
          <test-case id="1191" name="ResultOptionWithFilePathAndFormat" fullname="NUnitLite.Tests.CommandLineTests.ResultOptionWithFilePathAndFormat" methodname="ResultOptionWithFilePathAndFormat" classname="NUnitLite.Tests.CommandLineTests" runstate="Runnable" seed="128971615" result="Passed" start-time="2018-10-06 20:01:52Z" end-time="2018-10-06 20:01:52Z" duration="0.000936" asserts="3" />
          <test-case id="1192" name="ResultOptionWithoutFileNameIsInvalid" fullname="NUnitLite.Tests.CommandLineTests.ResultOptionWithoutFileNameIsInvalid" methodname="ResultOptionWithoutFileNameIsInvalid" classname="NUnitLite.Tests.CommandLineTests" runstate="Runnable" seed="217182532" result="Passed" start-time="2018-10-06 20:01:52Z" end-time="2018-10-06 20:01:52Z" duration="0.000890" asserts="2" />
          <test-suite type="ParameterizedMethod" id="1208" name="ShouldSetTeamCityFlagAccordingToArgsAndDefaults" fullname="NUnitLite.Tests.CommandLineTests.ShouldSetTeamCityFlagAccordingToArgsAndDefaults" classname="NUnitLite.Tests.CommandLineTests" runstate="Runnable" testcasecount="6" result="Passed" start-time="2018-10-06 20:01:52Z" end-time="2018-10-06 20:01:52Z" duration="0.002978" total="6" passed="6" failed="0" warnings="0" inconclusive="0" skipped="0" asserts="6">
            <test-case id="1202" name="ShouldSetTeamCityFlagAccordingToArgsAndDefaults(True,null,True)" fullname="NUnitLite.Tests.CommandLineTests.ShouldSetTeamCityFlagAccordingToArgsAndDefaults(True,null,True)" methodname="ShouldSetTeamCityFlagAccordingToArgsAndDefaults" classname="NUnitLite.Tests.CommandLineTests" runstate="Runnable" seed="1550015022" result="Passed" start-time="2018-10-06 20:01:52Z" end-time="2018-10-06 20:01:52Z" duration="0.001050" asserts="1" />
            <test-case id="1203" name="ShouldSetTeamCityFlagAccordingToArgsAndDefaults(False,null,False)" fullname="NUnitLite.Tests.CommandLineTests.ShouldSetTeamCityFlagAccordingToArgsAndDefaults(False,null,False)" methodname="ShouldSetTeamCityFlagAccordingToArgsAndDefaults" classname="NUnitLite.Tests.CommandLineTests" runstate="Runnable" seed="382304461" result="Passed" start-time="2018-10-06 20:01:52Z" end-time="2018-10-06 20:01:52Z" duration="0.000108" asserts="1" />
            <test-case id="1204" name="ShouldSetTeamCityFlagAccordingToArgsAndDefaults(True,False,True)" fullname="NUnitLite.Tests.CommandLineTests.ShouldSetTeamCityFlagAccordingToArgsAndDefaults(True,False,True)" methodname="ShouldSetTeamCityFlagAccordingToArgsAndDefaults" classname="NUnitLite.Tests.CommandLineTests" runstate="Runnable" seed="142617888" result="Passed" start-time="2018-10-06 20:01:52Z" end-time="2018-10-06 20:01:52Z" duration="0.001324" asserts="1" />
            <test-case id="1205" name="ShouldSetTeamCityFlagAccordingToArgsAndDefaults(False,False,False)" fullname="NUnitLite.Tests.CommandLineTests.ShouldSetTeamCityFlagAccordingToArgsAndDefaults(False,False,False)" methodname="ShouldSetTeamCityFlagAccordingToArgsAndDefaults" classname="NUnitLite.Tests.CommandLineTests" runstate="Runnable" seed="1697799205" result="Passed" start-time="2018-10-06 20:01:52Z" end-time="2018-10-06 20:01:52Z" duration="0.000127" asserts="1" />
            <test-case id="1206" name="ShouldSetTeamCityFlagAccordingToArgsAndDefaults(True,True,True)" fullname="NUnitLite.Tests.CommandLineTests.ShouldSetTeamCityFlagAccordingToArgsAndDefaults(True,True,True)" methodname="ShouldSetTeamCityFlagAccordingToArgsAndDefaults" classname="NUnitLite.Tests.CommandLineTests" runstate="Runnable" seed="1739645653" result="Passed" start-time="2018-10-06 20:01:52Z" end-time="2018-10-06 20:01:52Z" duration="0.000094" asserts="1" />
            <test-case id="1207" name="ShouldSetTeamCityFlagAccordingToArgsAndDefaults(False,True,True)" fullname="NUnitLite.Tests.CommandLineTests.ShouldSetTeamCityFlagAccordingToArgsAndDefaults(False,True,True)" methodname="ShouldSetTeamCityFlagAccordingToArgsAndDefaults" classname="NUnitLite.Tests.CommandLineTests" runstate="Runnable" seed="1324046129" result="Passed" start-time="2018-10-06 20:01:52Z" end-time="2018-10-06 20:01:52Z" duration="0.000085" asserts="1" />
          </test-suite>
          <test-case id="1209" name="SingleTestParameter" fullname="NUnitLite.Tests.CommandLineTests.SingleTestParameter" methodname="SingleTestParameter" classname="NUnitLite.Tests.CommandLineTests" runstate="Runnable" seed="14043152" result="Passed" start-time="2018-10-06 20:01:52Z" end-time="2018-10-06 20:01:52Z" duration="0.006377" asserts="2" />
          <test-case id="1212" name="ThreeTestParametersInTwoOptions" fullname="NUnitLite.Tests.CommandLineTests.ThreeTestParametersInTwoOptions" methodname="ThreeTestParametersInTwoOptions" classname="NUnitLite.Tests.CommandLineTests" runstate="Runnable" seed="1001565532" result="Passed" start-time="2018-10-06 20:01:52Z" end-time="2018-10-06 20:01:52Z" duration="0.000915" asserts="2" />
          <test-case id="1188" name="TimeoutCausesErrorIfValueIsNotInteger" fullname="NUnitLite.Tests.CommandLineTests.TimeoutCausesErrorIfValueIsNotInteger" methodname="TimeoutCausesErrorIfValueIsNotInteger" classname="NUnitLite.Tests.CommandLineTests" runstate="Runnable" seed="1417749469" result="Passed" start-time="2018-10-06 20:01:52Z" end-time="2018-10-06 20:01:52Z" duration="0.000445" asserts="2" />
          <test-case id="1185" name="TimeoutIsMinusOneIfNoOptionIsProvided" fullname="NUnitLite.Tests.CommandLineTests.TimeoutIsMinusOneIfNoOptionIsProvided" methodname="TimeoutIsMinusOneIfNoOptionIsProvided" classname="NUnitLite.Tests.CommandLineTests" runstate="Runnable" seed="1654195636" result="Passed" start-time="2018-10-06 20:01:52Z" end-time="2018-10-06 20:01:52Z" duration="0.000365" asserts="2" />
          <test-case id="1187" name="TimeoutParsesIntValueCorrectly" fullname="NUnitLite.Tests.CommandLineTests.TimeoutParsesIntValueCorrectly" methodname="TimeoutParsesIntValueCorrectly" classname="NUnitLite.Tests.CommandLineTests" runstate="Runnable" seed="1688776028" result="Passed" start-time="2018-10-06 20:01:52Z" end-time="2018-10-06 20:01:52Z" duration="0.000425" asserts="2" />
          <test-case id="1186" name="TimeoutThrowsExceptionIfOptionHasNoValue" fullname="NUnitLite.Tests.CommandLineTests.TimeoutThrowsExceptionIfOptionHasNoValue" methodname="TimeoutThrowsExceptionIfOptionHasNoValue" classname="NUnitLite.Tests.CommandLineTests" runstate="Runnable" seed="2001394286" result="Passed" start-time="2018-10-06 20:01:52Z" end-time="2018-10-06 20:01:52Z" duration="0.004360" asserts="1" />
          <test-case id="1210" name="TwoTestParametersInOneOption" fullname="NUnitLite.Tests.CommandLineTests.TwoTestParametersInOneOption" methodname="TwoTestParametersInOneOption" classname="NUnitLite.Tests.CommandLineTests" runstate="Runnable" seed="1204740224" result="Passed" start-time="2018-10-06 20:01:52Z" end-time="2018-10-06 20:01:52Z" duration="0.000733" asserts="2" />
          <test-case id="1211" name="TwoTestParametersInSeparateOptions" fullname="NUnitLite.Tests.CommandLineTests.TwoTestParametersInSeparateOptions" methodname="TwoTestParametersInSeparateOptions" classname="NUnitLite.Tests.CommandLineTests" runstate="Runnable" seed="1613824659" result="Passed" start-time="2018-10-06 20:01:52Z" end-time="2018-10-06 20:01:52Z" duration="0.000681" asserts="2" />
        </test-suite>
      </test-suite>
    </test-suite>
  </test-suite>
</test-run>