<?xml version="1.0" encoding="utf-8"?>
<test-run id="2" name="nunitlite.tests.dll" fullname="nunitlite.tests.dll" testcasecount="358" result="Skipped" label="Ignored" start-time="2018-10-06 20:03:02Z" end-time="2018-10-06 20:03:02Z" duration="0.242997" total="358" passed="357" failed="0" inconclusive="0" skipped="1" asserts="714" random-seed="1189387284">
  <command-line><![CDATA[C:\src\nunit\nunit\bin\Release\netcoreapp2.0\nunitlite.tests.dll]]></command-line>
  <filter />
  <test-suite type="Assembly" id="1402" name="nunitlite.tests.dll" fullname="nunitlite.tests.dll" runstate="Runnable" testcasecount="358" result="Skipped" label="Ignored" site="Child" start-time="2018-10-06 20:03:02Z" end-time="2018-10-06 20:03:02Z" duration="0.242997" total="358" passed="357" failed="0" warnings="0" inconclusive="0" skipped="1" asserts="714">
    <environment framework-version="3.11.0.0" clr-version="4.0.30319.42000" os-version="Microsoft Windows 10.0.17134 " platform="Win32NT" cwd="C:\src\nunit\nunit\bin\Release\netcoreapp2.0" machine-name="XPS" user="rob" user-domain="XPS" culture="en-CA" uiculture="en-US" os-architecture="x64" />
    <settings>
      <setting name="WorkDirectory" value="C:\src\nunit\nunit\bin\Release\netcoreapp2.0" />
      <setting name="NumberOfTestWorkers" value="8" />
    </settings>
    <properties>
      <property name="ParallelScope" value="Fixtures" />
      <property name="_PID" value="13792" />
      <property name="_APPDOMAIN" value="nunitlite.tests" />
    </properties>
    <reason>
      <message><![CDATA[One or more child tests were ignored]]></message>
    </reason>
    <test-suite type="TestSuite" id="1403" name="NUnit" fullname="NUnit" runstate="Runnable" testcasecount="79" result="Passed" start-time="2018-10-06 20:03:02Z" end-time="2018-10-06 20:03:02Z" duration="0.071345" total="79" passed="79" failed="0" warnings="0" inconclusive="0" skipped="0" asserts="181">
      <test-suite type="TestSuite" id="1406" name="ConsoleRunner" fullname="NUnit.ConsoleRunner" runstate="Runnable" testcasecount="2" result="Passed" start-time="2018-10-06 20:03:02Z" end-time="2018-10-06 20:03:02Z" duration="0.027562" total="2" passed="2" failed="0" warnings="0" inconclusive="0" skipped="0" asserts="2">
        <test-suite type="TestSuite" id="1407" name="Tests" fullname="NUnit.ConsoleRunner.Tests" runstate="Runnable" testcasecount="2" result="Passed" start-time="2018-10-06 20:03:02Z" end-time="2018-10-06 20:03:02Z" duration="0.027524" total="2" passed="2" failed="0" warnings="0" inconclusive="0" skipped="0" asserts="2">
          <test-suite type="TestFixture" id="1086" name="DefaultOptionsProviderTests" fullname="NUnit.ConsoleRunner.Tests.DefaultOptionsProviderTests" classname="NUnit.ConsoleRunner.Tests.DefaultOptionsProviderTests" runstate="Runnable" testcasecount="2" result="Passed" start-time="2018-10-06 20:03:02Z" end-time="2018-10-06 20:03:02Z" duration="0.025178" total="2" passed="2" failed="0" warnings="0" inconclusive="0" skipped="0" asserts="2">
            <test-case id="1088" name="ShouldRetTeamCityAsFalseWhenHasNotEnvironmentVariable_TEAMCITY_PROJECT_NAME" fullname="NUnit.ConsoleRunner.Tests.DefaultOptionsProviderTests.ShouldRetTeamCityAsFalseWhenHasNotEnvironmentVariable_TEAMCITY_PROJECT_NAME" methodname="ShouldRetTeamCityAsFalseWhenHasNotEnvironmentVariable_TEAMCITY_PROJECT_NAME" classname="NUnit.ConsoleRunner.Tests.DefaultOptionsProviderTests" runstate="Runnable" seed="1421464616" result="Passed" start-time="2018-10-06 20:03:02Z" end-time="2018-10-06 20:03:02Z" duration="0.010981" asserts="1" />
            <test-case id="1087" name="ShouldRetTeamCityAsTrueWhenHasEnvironmentVariable_TEAMCITY_PROJECT_NAME" fullname="NUnit.ConsoleRunner.Tests.DefaultOptionsProviderTests.ShouldRetTeamCityAsTrueWhenHasEnvironmentVariable_TEAMCITY_PROJECT_NAME" methodname="ShouldRetTeamCityAsTrueWhenHasEnvironmentVariable_TEAMCITY_PROJECT_NAME" classname="NUnit.ConsoleRunner.Tests.DefaultOptionsProviderTests" runstate="Runnable" seed="82734160" result="Passed" start-time="2018-10-06 20:03:02Z" end-time="2018-10-06 20:03:02Z" duration="0.000478" asserts="1" />
          </test-suite>
        </test-suite>
      </test-suite>
      <test-suite type="TestSuite" id="1404" name="Common" fullname="NUnit.Common" runstate="Runnable" testcasecount="77" result="Passed" start-time="2018-10-06 20:03:02Z" end-time="2018-10-06 20:03:02Z" duration="0.070718" total="77" passed="77" failed="0" warnings="0" inconclusive="0" skipped="0" asserts="179">
        <test-suite type="TestSuite" id="1405" name="Tests" fullname="NUnit.Common.Tests" runstate="Runnable" testcasecount="77" result="Passed" start-time="2018-10-06 20:03:02Z" end-time="2018-10-06 20:03:02Z" duration="0.070418" total="77" passed="77" failed="0" warnings="0" inconclusive="0" skipped="0" asserts="179">
          <test-suite type="TestFixture" id="1000" name="ExtendedTextWrapperTests" fullname="NUnit.Common.Tests.ExtendedTextWrapperTests" classname="NUnit.Common.Tests.ExtendedTextWrapperTests" runstate="Runnable" testcasecount="8" result="Passed" start-time="2018-10-06 20:03:02Z" end-time="2018-10-06 20:03:02Z" duration="0.031549" total="8" passed="8" failed="0" warnings="0" inconclusive="0" skipped="0" asserts="8">
            <test-case id="1001" name="Write" fullname="NUnit.Common.Tests.ExtendedTextWrapperTests.Write" methodname="Write" classname="NUnit.Common.Tests.ExtendedTextWrapperTests" runstate="Runnable" seed="1310722297" result="Passed" start-time="2018-10-06 20:03:02Z" end-time="2018-10-06 20:03:02Z" duration="0.020798" asserts="1" />
            <test-case id="1002" name="Write_ColorStyle" fullname="NUnit.Common.Tests.ExtendedTextWrapperTests.Write_ColorStyle" methodname="Write_ColorStyle" classname="NUnit.Common.Tests.ExtendedTextWrapperTests" runstate="Runnable" seed="1730324114" result="Passed" start-time="2018-10-06 20:03:02Z" end-time="2018-10-06 20:03:02Z" duration="0.000680" asserts="1" />
            <test-case id="1005" name="WriteLabel" fullname="NUnit.Common.Tests.ExtendedTextWrapperTests.WriteLabel" methodname="WriteLabel" classname="NUnit.Common.Tests.ExtendedTextWrapperTests" runstate="Runnable" seed="651819701" result="Passed" start-time="2018-10-06 20:03:02Z" end-time="2018-10-06 20:03:02Z" duration="0.000838" asserts="1" />
            <test-case id="1006" name="WriteLabel_ColorStyle" fullname="NUnit.Common.Tests.ExtendedTextWrapperTests.WriteLabel_ColorStyle" methodname="WriteLabel_ColorStyle" classname="NUnit.Common.Tests.ExtendedTextWrapperTests" runstate="Runnable" seed="116757293" result="Passed" start-time="2018-10-06 20:03:02Z" end-time="2018-10-06 20:03:02Z" duration="0.000723" asserts="1" />
            <test-case id="1007" name="WriteLabelLine" fullname="NUnit.Common.Tests.ExtendedTextWrapperTests.WriteLabelLine" methodname="WriteLabelLine" classname="NUnit.Common.Tests.ExtendedTextWrapperTests" runstate="Runnable" seed="822345980" result="Passed" start-time="2018-10-06 20:03:02Z" end-time="2018-10-06 20:03:02Z" duration="0.001533" asserts="1" />
            <test-case id="1008" name="WriteLabelLine_ColorStyle" fullname="NUnit.Common.Tests.ExtendedTextWrapperTests.WriteLabelLine_ColorStyle" methodname="WriteLabelLine_ColorStyle" classname="NUnit.Common.Tests.ExtendedTextWrapperTests" runstate="Runnable" seed="1804561273" result="Passed" start-time="2018-10-06 20:03:02Z" end-time="2018-10-06 20:03:02Z" duration="0.000725" asserts="1" />
            <test-case id="1003" name="WriteLine" fullname="NUnit.Common.Tests.ExtendedTextWrapperTests.WriteLine" methodname="WriteLine" classname="NUnit.Common.Tests.ExtendedTextWrapperTests" runstate="Runnable" seed="1557693332" result="Passed" start-time="2018-10-06 20:03:02Z" end-time="2018-10-06 20:03:02Z" duration="0.000475" asserts="1" />
            <test-case id="1004" name="WriteLine_ColorStyle" fullname="NUnit.Common.Tests.ExtendedTextWrapperTests.WriteLine_ColorStyle" methodname="WriteLine_ColorStyle" classname="NUnit.Common.Tests.ExtendedTextWrapperTests" runstate="Runnable" seed="1631653678" result="Passed" start-time="2018-10-06 20:03:02Z" end-time="2018-10-06 20:03:02Z" duration="0.000581" asserts="1" />
          </test-suite>
          <test-suite type="TestFixture" id="1016" name="TestNameParserTests" fullname="NUnit.Common.Tests.TestNameParserTests" classname="NUnit.Common.Tests.TestNameParserTests" runstate="Runnable" testcasecount="13" result="Passed" start-time="2018-10-06 20:03:02Z" end-time="2018-10-06 20:03:02Z" duration="0.036876" total="13" passed="13" failed="0" warnings="0" inconclusive="0" skipped="0" asserts="30">
            <test-suite type="ParameterizedMethod" id="1026" name="SingleName" fullname="NUnit.Common.Tests.TestNameParserTests.SingleName" classname="NUnit.Common.Tests.TestNameParserTests" runstate="Runnable" testcasecount="9" result="Passed" start-time="2018-10-06 20:03:02Z" end-time="2018-10-06 20:03:02Z" duration="0.030735" total="9" passed="9" failed="0" warnings="0" inconclusive="0" skipped="0" asserts="18">
              <test-case id="1017" name="SingleName(&quot;Test.Namespace.Fixture.Method&quot;)" fullname="NUnit.Common.Tests.TestNameParserTests.SingleName(&quot;Test.Namespace.Fixture.Method&quot;)" methodname="SingleName" classname="NUnit.Common.Tests.TestNameParserTests" runstate="Runnable" seed="1670670447" result="Passed" start-time="2018-10-06 20:03:02Z" end-time="2018-10-06 20:03:02Z" duration="0.029280" asserts="2" />
              <test-case id="1018" name="SingleName(&quot;Test.Namespace.Fixture.Method,&quot;)" fullname="NUnit.Common.Tests.TestNameParserTests.SingleName(&quot;Test.Namespace.Fixture.Method,&quot;)" methodname="SingleName" classname="NUnit.Common.Tests.TestNameParserTests" runstate="Runnable" seed="813456006" result="Passed" start-time="2018-10-06 20:03:02Z" end-time="2018-10-06 20:03:02Z" duration="0.000118" asserts="2" />
              <test-case id="1019" name="SingleName(&quot;  Test.Namespace.Fixture.Method  &quot;)" fullname="NUnit.Common.Tests.TestNameParserTests.SingleName(&quot;  Test.Namespace.Fixture.Method  &quot;)" methodname="SingleName" classname="NUnit.Common.Tests.TestNameParserTests" runstate="Runnable" seed="166043731" result="Passed" start-time="2018-10-06 20:03:02Z" end-time="2018-10-06 20:03:02Z" duration="0.000086" asserts="2" />
              <test-case id="1020" name="SingleName(&quot;  Test.Namespace.Fixture.Method  ,&quot;)" fullname="NUnit.Common.Tests.TestNameParserTests.SingleName(&quot;  Test.Namespace.Fixture.Method  ,&quot;)" methodname="SingleName" classname="NUnit.Common.Tests.TestNameParserTests" runstate="Runnable" seed="171051048" result="Passed" start-time="2018-10-06 20:03:02Z" end-time="2018-10-06 20:03:02Z" duration="0.000074" asserts="2" />
              <test-case id="1021" name="SingleName(&quot;Test.Namespace.Fixture.Method()&quot;)" fullname="NUnit.Common.Tests.TestNameParserTests.SingleName(&quot;Test.Namespace.Fixture.Method()&quot;)" methodname="SingleName" classname="NUnit.Common.Tests.TestNameParserTests" runstate="Runnable" seed="1434224359" result="Passed" start-time="2018-10-06 20:03:02Z" end-time="2018-10-06 20:03:02Z" duration="0.000099" asserts="2" />
              <test-case id="1022" name="SingleName(&quot;Test.Namespace.Fixture.Method(\&quot;string,argument\&quot;)&quot;)" fullname="NUnit.Common.Tests.TestNameParserTests.SingleName(&quot;Test.Namespace.Fixture.Method(\&quot;string,argument\&quot;)&quot;)" methodname="SingleName" classname="NUnit.Common.Tests.TestNameParserTests" runstate="Runnable" seed="196217141" result="Passed" start-time="2018-10-06 20:03:02Z" end-time="2018-10-06 20:03:02Z" duration="0.000090" asserts="2" />
              <test-case id="1023" name="SingleName(&quot;Test.Namespace.Fixture.Method(1,2,3)&quot;)" fullname="NUnit.Common.Tests.TestNameParserTests.SingleName(&quot;Test.Namespace.Fixture.Method(1,2,3)&quot;)" methodname="SingleName" classname="NUnit.Common.Tests.TestNameParserTests" runstate="Runnable" seed="1451104096" result="Passed" start-time="2018-10-06 20:03:02Z" end-time="2018-10-06 20:03:02Z" duration="0.000075" asserts="2" />
              <test-case id="1024" name="SingleName(&quot;Test.Namespace.Fixture.Method&lt;int,int&gt;()&quot;)" fullname="NUnit.Common.Tests.TestNameParserTests.SingleName(&quot;Test.Namespace.Fixture.Method&lt;int,int&gt;()&quot;)" methodname="SingleName" classname="NUnit.Common.Tests.TestNameParserTests" runstate="Runnable" seed="85385206" result="Passed" start-time="2018-10-06 20:03:02Z" end-time="2018-10-06 20:03:02Z" duration="0.000090" asserts="2" />
              <test-case id="1025" name="SingleName(&quot;Test.Namespace.Fixture.Method(\&quot;)\&quot;)&quot;)" fullname="NUnit.Common.Tests.TestNameParserTests.SingleName(&quot;Test.Namespace.Fixture.Method(\&quot;)\&quot;)&quot;)" methodname="SingleName" classname="NUnit.Common.Tests.TestNameParserTests" runstate="Runnable" seed="1418952307" result="Passed" start-time="2018-10-06 20:03:02Z" end-time="2018-10-06 20:03:02Z" duration="0.000097" asserts="2" />
            </test-suite>
            <test-suite type="ParameterizedMethod" id="1031" name="TwoNames" fullname="NUnit.Common.Tests.TestNameParserTests.TwoNames" classname="NUnit.Common.Tests.TestNameParserTests" runstate="Runnable" testcasecount="4" result="Passed" start-time="2018-10-06 20:03:02Z" end-time="2018-10-06 20:03:02Z" duration="0.001533" total="4" passed="4" failed="0" warnings="0" inconclusive="0" skipped="0" asserts="12">
              <test-case id="1027" name="TwoNames(&quot;Test.Namespace.Fixture.Method1&quot;,&quot;Test.Namespace.Fixture.Method2&quot;)" fullname="NUnit.Common.Tests.TestNameParserTests.TwoNames(&quot;Test.Namespace.Fixture.Method1&quot;,&quot;Test.Namespace.Fixture.Method2&quot;)" methodname="TwoNames" classname="NUnit.Common.Tests.TestNameParserTests" runstate="Runnable" seed="1493175045" result="Passed" start-time="2018-10-06 20:03:02Z" end-time="2018-10-06 20:03:02Z" duration="0.000803" asserts="3" />
              <test-case id="1028" name="TwoNames(&quot;Test.Namespace.Fixture.Method1&quot;,&quot;Test.Namespace.Fixture.Method2,&quot;)" fullname="NUnit.Common.Tests.TestNameParserTests.TwoNames(&quot;Test.Namespace.Fixture.Method1&quot;,&quot;Test.Namespace.Fixture.Method2,&quot;)" methodname="TwoNames" classname="NUnit.Common.Tests.TestNameParserTests" runstate="Runnable" seed="396119994" result="Passed" start-time="2018-10-06 20:03:02Z" end-time="2018-10-06 20:03:02Z" duration="0.000072" asserts="3" />
              <test-case id="1029" name="TwoNames(&quot;Test.Namespace.Fixture.Method1(1,2)&quot;,&quot;Test.Namespace.Fixture.Method2(3,4)&quot;)" fullname="NUnit.Common.Tests.TestNameParserTests.TwoNames(&quot;Test.Namespace.Fixture.Method1(1,2)&quot;,&quot;Test.Namespace.Fixture.Method2(3,4)&quot;)" methodname="TwoNames" classname="NUnit.Common.Tests.TestNameParserTests" runstate="Runnable" seed="557563294" result="Passed" start-time="2018-10-06 20:03:02Z" end-time="2018-10-06 20:03:02Z" duration="0.000056" asserts="3" />
              <test-case id="1030" name="TwoNames(&quot;Test.Namespace.Fixture.Method1(\&quot;(\&quot;)&quot;,&quot;Test.Namespace.Fixture.Method2(\&quot;&lt;\&quot;)&quot;)" fullname="NUnit.Common.Tests.TestNameParserTests.TwoNames(&quot;Test.Namespace.Fixture.Method1(\&quot;(\&quot;)&quot;,&quot;Test.Namespace.Fixture.Method2(\&quot;&lt;\&quot;)&quot;)" methodname="TwoNames" classname="NUnit.Common.Tests.TestNameParserTests" runstate="Runnable" seed="392821977" result="Passed" start-time="2018-10-06 20:03:02Z" end-time="2018-10-06 20:03:02Z" duration="0.000082" asserts="3" />
            </test-suite>
          </test-suite>
          <test-suite type="TestFixture" id="1009" name="OutputSpecificationTests" fullname="NUnit.Common.Tests.OutputSpecificationTests" classname="NUnit.Common.Tests.OutputSpecificationTests" runstate="Runnable" testcasecount="6" result="Passed" start-time="2018-10-06 20:03:02Z" end-time="2018-10-06 20:03:02Z" duration="0.054524" total="6" passed="6" failed="0" warnings="0" inconclusive="0" skipped="0" asserts="8">
            <test-case id="1013" name="FileNameOnly" fullname="NUnit.Common.Tests.OutputSpecificationTests.FileNameOnly" methodname="FileNameOnly" classname="NUnit.Common.Tests.OutputSpecificationTests" runstate="Runnable" seed="1225642923" result="Passed" start-time="2018-10-06 20:03:02Z" end-time="2018-10-06 20:03:02Z" duration="0.015221" asserts="2" />
            <test-case id="1014" name="FileNamePlusFormat" fullname="NUnit.Common.Tests.OutputSpecificationTests.FileNamePlusFormat" methodname="FileNamePlusFormat" classname="NUnit.Common.Tests.OutputSpecificationTests" runstate="Runnable" seed="1522824410" result="Passed" start-time="2018-10-06 20:03:02Z" end-time="2018-10-06 20:03:02Z" duration="0.004317" asserts="2" />
            <test-case id="1015" name="MultipleFormatSpecifiersNotAllowed" fullname="NUnit.Common.Tests.OutputSpecificationTests.MultipleFormatSpecifiersNotAllowed" methodname="MultipleFormatSpecifiersNotAllowed" classname="NUnit.Common.Tests.OutputSpecificationTests" runstate="Runnable" seed="3833943" result="Passed" start-time="2018-10-06 20:03:02Z" end-time="2018-10-06 20:03:02Z" duration="0.021526" asserts="1" />
            <test-case id="1010" name="SpecMayNotBeNull" fullname="NUnit.Common.Tests.OutputSpecificationTests.SpecMayNotBeNull" methodname="SpecMayNotBeNull" classname="NUnit.Common.Tests.OutputSpecificationTests" runstate="Runnable" seed="416587261" result="Passed" start-time="2018-10-06 20:03:02Z" end-time="2018-10-06 20:03:02Z" duration="0.001909" asserts="1" />
            <test-case id="1011" name="SpecOptionMustContainEqualSign" fullname="NUnit.Common.Tests.OutputSpecificationTests.SpecOptionMustContainEqualSign" methodname="SpecOptionMustContainEqualSign" classname="NUnit.Common.Tests.OutputSpecificationTests" runstate="Runnable" seed="1358275532" result="Passed" start-time="2018-10-06 20:03:02Z" end-time="2018-10-06 20:03:02Z" duration="0.001969" asserts="1" />
            <test-case id="1012" name="SpecOptionMustContainJustOneEqualSign" fullname="NUnit.Common.Tests.OutputSpecificationTests.SpecOptionMustContainJustOneEqualSign" methodname="SpecOptionMustContainJustOneEqualSign" classname="NUnit.Common.Tests.OutputSpecificationTests" runstate="Runnable" seed="576513978" result="Passed" start-time="2018-10-06 20:03:02Z" end-time="2018-10-06 20:03:02Z" duration="0.001897" asserts="1" />
          </test-suite>
          <test-suite type="TestFixture" id="1073" name="TokenizerTests" fullname="NUnit.Common.Tests.TokenizerTests" classname="NUnit.Common.Tests.TokenizerTests" runstate="Runnable" testcasecount="12" result="Passed" start-time="2018-10-06 20:03:02Z" end-time="2018-10-06 20:03:02Z" duration="0.065606" total="12" passed="12" failed="0" warnings="0" inconclusive="0" skipped="0" asserts="61">
            <test-case id="1075" name="BlankStringReturnsEof" fullname="NUnit.Common.Tests.TokenizerTests.BlankStringReturnsEof" methodname="BlankStringReturnsEof" classname="NUnit.Common.Tests.TokenizerTests" runstate="Runnable" seed="580492608" result="Passed" start-time="2018-10-06 20:03:02Z" end-time="2018-10-06 20:03:02Z" duration="0.036060" asserts="3" />
            <test-case id="1076" name="IdentifierTokens" fullname="NUnit.Common.Tests.TokenizerTests.IdentifierTokens" methodname="IdentifierTokens" classname="NUnit.Common.Tests.TokenizerTests" runstate="Runnable" seed="618722437" result="Passed" start-time="2018-10-06 20:03:02Z" end-time="2018-10-06 20:03:02Z" duration="0.001375" asserts="5" />
            <test-case id="1085" name="MixedTokens_Complex" fullname="NUnit.Common.Tests.TokenizerTests.MixedTokens_Complex" methodname="MixedTokens_Complex" classname="NUnit.Common.Tests.TokenizerTests" runstate="Runnable" seed="1917701184" result="Passed" start-time="2018-10-06 20:03:02Z" end-time="2018-10-06 20:03:02Z" duration="0.003037" asserts="14" />
            <test-case id="1084" name="MixedTokens_Simple" fullname="NUnit.Common.Tests.TokenizerTests.MixedTokens_Simple" methodname="MixedTokens_Simple" classname="NUnit.Common.Tests.TokenizerTests" runstate="Runnable" seed="1637354459" result="Passed" start-time="2018-10-06 20:03:02Z" end-time="2018-10-06 20:03:02Z" duration="0.001607" asserts="4" />
            <test-case id="1074" name="NullInputThrowsException" fullname="NUnit.Common.Tests.TokenizerTests.NullInputThrowsException" methodname="NullInputThrowsException" classname="NUnit.Common.Tests.TokenizerTests" runstate="Runnable" seed="1838623608" result="Passed" start-time="2018-10-06 20:03:02Z" end-time="2018-10-06 20:03:02Z" duration="0.002480" asserts="1" />
            <test-case id="1081" name="StringsMayContainEscapedQuoteChar" fullname="NUnit.Common.Tests.TokenizerTests.StringsMayContainEscapedQuoteChar" methodname="StringsMayContainEscapedQuoteChar" classname="NUnit.Common.Tests.TokenizerTests" runstate="Runnable" seed="1920288965" result="Passed" start-time="2018-10-06 20:03:02Z" end-time="2018-10-06 20:03:02Z" duration="0.001302" asserts="4" />
            <test-case id="1078" name="StringWithDoubleQuotes" fullname="NUnit.Common.Tests.TokenizerTests.StringWithDoubleQuotes" methodname="StringWithDoubleQuotes" classname="NUnit.Common.Tests.TokenizerTests" runstate="Runnable" seed="492173979" result="Passed" start-time="2018-10-06 20:03:02Z" end-time="2018-10-06 20:03:02Z" duration="0.001387" asserts="4" />
            <test-case id="1079" name="StringWithSingleQuotes" fullname="NUnit.Common.Tests.TokenizerTests.StringWithSingleQuotes" methodname="StringWithSingleQuotes" classname="NUnit.Common.Tests.TokenizerTests" runstate="Runnable" seed="1325213448" result="Passed" start-time="2018-10-06 20:03:02Z" end-time="2018-10-06 20:03:02Z" duration="0.002086" asserts="4" />
            <test-case id="1080" name="StringWithSlashes" fullname="NUnit.Common.Tests.TokenizerTests.StringWithSlashes" methodname="StringWithSlashes" classname="NUnit.Common.Tests.TokenizerTests" runstate="Runnable" seed="1617088855" result="Passed" start-time="2018-10-06 20:03:02Z" end-time="2018-10-06 20:03:02Z" duration="0.001409" asserts="4" />
            <test-case id="1083" name="SymbolTokens_DoubleChar" fullname="NUnit.Common.Tests.TokenizerTests.SymbolTokens_DoubleChar" methodname="SymbolTokens_DoubleChar" classname="NUnit.Common.Tests.TokenizerTests" runstate="Runnable" seed="1205136311" result="Passed" start-time="2018-10-06 20:03:02Z" end-time="2018-10-06 20:03:02Z" duration="0.001660" asserts="7" />
            <test-case id="1082" name="SymbolTokens_SingleChar" fullname="NUnit.Common.Tests.TokenizerTests.SymbolTokens_SingleChar" methodname="SymbolTokens_SingleChar" classname="NUnit.Common.Tests.TokenizerTests" runstate="Runnable" seed="1673270443" result="Passed" start-time="2018-10-06 20:03:02Z" end-time="2018-10-06 20:03:02Z" duration="0.005604" asserts="7" />
            <test-case id="1077" name="WordsInUnicode" fullname="NUnit.Common.Tests.TokenizerTests.WordsInUnicode" methodname="WordsInUnicode" classname="NUnit.Common.Tests.TokenizerTests" runstate="Runnable" seed="813828818" result="Passed" start-time="2018-10-06 20:03:02Z" end-time="2018-10-06 20:03:02Z" duration="0.001428" asserts="4" />
          </test-suite>
          <test-suite type="TestFixture" id="1032" name="TestSelectionParserTests" fullname="NUnit.Common.Tests.TestSelectionParserTests" classname="NUnit.Common.Tests.TestSelectionParserTests" runstate="Runnable" testcasecount="38" result="Passed" start-time="2018-10-06 20:03:02Z" end-time="2018-10-06 20:03:02Z" duration="0.069903" total="38" passed="38" failed="0" warnings="0" inconclusive="0" skipped="0" asserts="72">
            <test-suite type="ParameterizedMethod" id="1067" name="TestParser" fullname="NUnit.Common.Tests.TestSelectionParserTests.TestParser" classname="NUnit.Common.Tests.TestSelectionParserTests" runstate="Runnable" testcasecount="34" result="Passed" start-time="2018-10-06 20:03:02Z" end-time="2018-10-06 20:03:02Z" duration="0.061366" total="34" passed="34" failed="0" warnings="0" inconclusive="0" skipped="0" asserts="68">
              <test-case id="1033" name="TestParser(&quot;cat=Urgent&quot;,&quot;&lt;cat&gt;Urgent&lt;/cat&gt;&quot;)" fullname="NUnit.Common.Tests.TestSelectionParserTests.TestParser(&quot;cat=Urgent&quot;,&quot;&lt;cat&gt;Urgent&lt;/cat&gt;&quot;)" methodname="TestParser" classname="NUnit.Common.Tests.TestSelectionParserTests" runstate="Runnable" seed="1065756570" result="Passed" start-time="2018-10-06 20:03:02Z" end-time="2018-10-06 20:03:02Z" duration="0.030739" asserts="2" />
              <test-case id="1034" name="TestParser(&quot;cat==Urgent&quot;,&quot;&lt;cat&gt;Urgent&lt;/cat&gt;&quot;)" fullname="NUnit.Common.Tests.TestSelectionParserTests.TestParser(&quot;cat==Urgent&quot;,&quot;&lt;cat&gt;Urgent&lt;/cat&gt;&quot;)" methodname="TestParser" classname="NUnit.Common.Tests.TestSelectionParserTests" runstate="Runnable" seed="1280841898" result="Passed" start-time="2018-10-06 20:03:02Z" end-time="2018-10-06 20:03:02Z" duration="0.000487" asserts="2" />
              <test-case id="1035" name="TestParser(&quot;cat=='Urgent,+-!'&quot;,&quot;&lt;cat&gt;Urgent,+-!&lt;/cat&gt;&quot;)" fullname="NUnit.Common.Tests.TestSelectionParserTests.TestParser(&quot;cat=='Urgent,+-!'&quot;,&quot;&lt;cat&gt;Urgent,+-!&lt;/cat&gt;&quot;)" methodname="TestParser" classname="NUnit.Common.Tests.TestSelectionParserTests" runstate="Runnable" seed="1692667053" result="Passed" start-time="2018-10-06 20:03:02Z" end-time="2018-10-06 20:03:02Z" duration="0.001267" asserts="2" />
              <test-case id="1036" name="TestParser(&quot;cat!=Urgent&quot;,&quot;&lt;not&gt;&lt;cat&gt;Urgent&lt;/cat&gt;&lt;/not&gt;&quot;)" fullname="NUnit.Common.Tests.TestSelectionParserTests.TestParser(&quot;cat!=Urgent&quot;,&quot;&lt;not&gt;&lt;cat&gt;Urgent&lt;/cat&gt;&lt;/not&gt;&quot;)" methodname="TestParser" classname="NUnit.Common.Tests.TestSelectionParserTests" runstate="Runnable" seed="725848752" result="Passed" start-time="2018-10-06 20:03:02Z" end-time="2018-10-06 20:03:02Z" duration="0.000321" asserts="2" />
              <test-case id="1037" name="TestParser(&quot;cat!='Urgent,+-!'&quot;,&quot;&lt;not&gt;&lt;cat&gt;Urgent,+-!&lt;/cat&gt;&lt;/not&gt;&quot;)" fullname="NUnit.Common.Tests.TestSelectionParserTests.TestParser(&quot;cat!='Urgent,+-!'&quot;,&quot;&lt;not&gt;&lt;cat&gt;Urgent,+-!&lt;/cat&gt;&lt;/not&gt;&quot;)" methodname="TestParser" classname="NUnit.Common.Tests.TestSelectionParserTests" runstate="Runnable" seed="936480091" result="Passed" start-time="2018-10-06 20:03:02Z" end-time="2018-10-06 20:03:02Z" duration="0.000339" asserts="2" />
              <test-case id="1038" name="TestParser(&quot;cat =~ Urgent&quot;,&quot;&lt;cat re='1'&gt;Urgent&lt;/cat&gt;&quot;)" fullname="NUnit.Common.Tests.TestSelectionParserTests.TestParser(&quot;cat =~ Urgent&quot;,&quot;&lt;cat re='1'&gt;Urgent&lt;/cat&gt;&quot;)" methodname="TestParser" classname="NUnit.Common.Tests.TestSelectionParserTests" runstate="Runnable" seed="1174433649" result="Passed" start-time="2018-10-06 20:03:02Z" end-time="2018-10-06 20:03:02Z" duration="0.000933" asserts="2" />
              <test-case id="1039" name="TestParser(&quot;cat =~ 'Urgent,+-!'&quot;,&quot;&lt;cat re='1'&gt;Urgent,+-!&lt;/cat&gt;&quot;)" fullname="NUnit.Common.Tests.TestSelectionParserTests.TestParser(&quot;cat =~ 'Urgent,+-!'&quot;,&quot;&lt;cat re='1'&gt;Urgent,+-!&lt;/cat&gt;&quot;)" methodname="TestParser" classname="NUnit.Common.Tests.TestSelectionParserTests" runstate="Runnable" seed="1759013346" result="Passed" start-time="2018-10-06 20:03:02Z" end-time="2018-10-06 20:03:02Z" duration="0.000564" asserts="2" />
              <test-case id="1040" name="TestParser(&quot;cat =~ 'Urgent,\\+-!'&quot;,&quot;&lt;cat re='1'&gt;Urgent,+-!&lt;/cat&gt;&quot;)" fullname="NUnit.Common.Tests.TestSelectionParserTests.TestParser(&quot;cat =~ 'Urgent,\\+-!'&quot;,&quot;&lt;cat re='1'&gt;Urgent,+-!&lt;/cat&gt;&quot;)" methodname="TestParser" classname="NUnit.Common.Tests.TestSelectionParserTests" runstate="Runnable" seed="343470561" result="Passed" start-time="2018-10-06 20:03:02Z" end-time="2018-10-06 20:03:02Z" duration="0.000563" asserts="2" />
              <test-case id="1041" name="TestParser(&quot;cat =~ 'Urgent,\\\\+-!'&quot;,&quot;&lt;cat re='1'&gt;Urgent,\\+-!&lt;/cat&gt;&quot;)" fullname="NUnit.Common.Tests.TestSelectionParserTests.TestParser(&quot;cat =~ 'Urgent,\\\\+-!'&quot;,&quot;&lt;cat re='1'&gt;Urgent,\\+-!&lt;/cat&gt;&quot;)" methodname="TestParser" classname="NUnit.Common.Tests.TestSelectionParserTests" runstate="Runnable" seed="1086150757" result="Passed" start-time="2018-10-06 20:03:02Z" end-time="2018-10-06 20:03:02Z" duration="0.000272" asserts="2" />
              <test-case id="1042" name="TestParser(&quot;cat !~ Urgent&quot;,&quot;&lt;not&gt;&lt;cat re='1'&gt;Urgent&lt;/cat&gt;&lt;/not&gt;&quot;)" fullname="NUnit.Common.Tests.TestSelectionParserTests.TestParser(&quot;cat !~ Urgent&quot;,&quot;&lt;not&gt;&lt;cat re='1'&gt;Urgent&lt;/cat&gt;&lt;/not&gt;&quot;)" methodname="TestParser" classname="NUnit.Common.Tests.TestSelectionParserTests" runstate="Runnable" seed="467251599" result="Passed" start-time="2018-10-06 20:03:02Z" end-time="2018-10-06 20:03:02Z" duration="0.000272" asserts="2" />
              <test-case id="1043" name="TestParser(&quot;cat !~ 'Urgent,+-!'&quot;,&quot;&lt;not&gt;&lt;cat re='1'&gt;Urgent,+-!&lt;/cat&gt;&lt;/not&gt;&quot;)" fullname="NUnit.Common.Tests.TestSelectionParserTests.TestParser(&quot;cat !~ 'Urgent,+-!'&quot;,&quot;&lt;not&gt;&lt;cat re='1'&gt;Urgent,+-!&lt;/cat&gt;&lt;/not&gt;&quot;)" methodname="TestParser" classname="NUnit.Common.Tests.TestSelectionParserTests" runstate="Runnable" seed="1106916840" result="Passed" start-time="2018-10-06 20:03:02Z" end-time="2018-10-06 20:03:02Z" duration="0.000623" asserts="2" />
              <test-case id="1044" name="TestParser(&quot;cat !~ 'Urgent,\\+-!'&quot;,&quot;&lt;not&gt;&lt;cat re='1'&gt;Urgent,+-!&lt;/cat&gt;&lt;/not&gt;&quot;)" fullname="NUnit.Common.Tests.TestSelectionParserTests.TestParser(&quot;cat !~ 'Urgent,\\+-!'&quot;,&quot;&lt;not&gt;&lt;cat re='1'&gt;Urgent,+-!&lt;/cat&gt;&lt;/not&gt;&quot;)" methodname="TestParser" classname="NUnit.Common.Tests.TestSelectionParserTests" runstate="Runnable" seed="746953915" result="Passed" start-time="2018-10-06 20:03:02Z" end-time="2018-10-06 20:03:02Z" duration="0.000378" asserts="2" />
              <test-case id="1045" name="TestParser(&quot;cat !~ 'Urgent,\\\\+-!'&quot;,&quot;&lt;not&gt;&lt;cat re='1'&gt;Urgent,\\+-!&lt;/cat&gt;&lt;/not&gt;&quot;)" fullname="NUnit.Common.Tests.TestSelectionParserTests.TestParser(&quot;cat !~ 'Urgent,\\\\+-!'&quot;,&quot;&lt;not&gt;&lt;cat re='1'&gt;Urgent,\\+-!&lt;/cat&gt;&lt;/not&gt;&quot;)" methodname="TestParser" classname="NUnit.Common.Tests.TestSelectionParserTests" runstate="Runnable" seed="985772324" result="Passed" start-time="2018-10-06 20:03:02Z" end-time="2018-10-06 20:03:02Z" duration="0.000651" asserts="2" />
              <test-case id="1046" name="TestParser(&quot;cat = Urgent || cat = High&quot;,&quot;&lt;or&gt;&lt;cat&gt;Urgent&lt;/cat&gt;&lt;cat&gt;High&lt;/cat&gt;&lt;/or&gt;&quot;)" fullname="NUnit.Common.Tests.TestSelectionParserTests.TestParser(&quot;cat = Urgent || cat = High&quot;,&quot;&lt;or&gt;&lt;cat&gt;Urgent&lt;/cat&gt;&lt;cat&gt;High&lt;/cat&gt;&lt;/or&gt;&quot;)" methodname="TestParser" classname="NUnit.Common.Tests.TestSelectionParserTests" runstate="Runnable" seed="941983869" result="Passed" start-time="2018-10-06 20:03:02Z" end-time="2018-10-06 20:03:02Z" duration="0.000379" asserts="2" />
              <test-case id="1047" name="TestParser(&quot;Priority == High&quot;,&quot;&lt;prop name='Priority'&gt;High&lt;/prop&gt;&quot;)" fullname="NUnit.Common.Tests.TestSelectionParserTests.TestParser(&quot;Priority == High&quot;,&quot;&lt;prop name='Priority'&gt;High&lt;/prop&gt;&quot;)" methodname="TestParser" classname="NUnit.Common.Tests.TestSelectionParserTests" runstate="Runnable" seed="625815734" result="Passed" start-time="2018-10-06 20:03:02Z" end-time="2018-10-06 20:03:02Z" duration="0.000890" asserts="2" />
              <test-case id="1048" name="TestParser(&quot;Priority != Urgent&quot;,&quot;&lt;not&gt;&lt;prop name='Priority'&gt;Urgent&lt;/prop&gt;&lt;/not&gt;&quot;)" fullname="NUnit.Common.Tests.TestSelectionParserTests.TestParser(&quot;Priority != Urgent&quot;,&quot;&lt;not&gt;&lt;prop name='Priority'&gt;Urgent&lt;/prop&gt;&lt;/not&gt;&quot;)" methodname="TestParser" classname="NUnit.Common.Tests.TestSelectionParserTests" runstate="Runnable" seed="153528429" result="Passed" start-time="2018-10-06 20:03:02Z" end-time="2018-10-06 20:03:02Z" duration="0.000510" asserts="2" />
              <test-case id="1049" name="TestParser(&quot;Author =~ Jones&quot;,&quot;&lt;prop name='Author' re='1'&gt;Jones&lt;/prop&gt;&quot;)" fullname="NUnit.Common.Tests.TestSelectionParserTests.TestParser(&quot;Author =~ Jones&quot;,&quot;&lt;prop name='Author' re='1'&gt;Jones&lt;/prop&gt;&quot;)" methodname="TestParser" classname="NUnit.Common.Tests.TestSelectionParserTests" runstate="Runnable" seed="338890227" result="Passed" start-time="2018-10-06 20:03:02Z" end-time="2018-10-06 20:03:02Z" duration="0.000654" asserts="2" />
              <test-case id="1050" name="TestParser(&quot;Author !~ Jones&quot;,&quot;&lt;not&gt;&lt;prop name='Author' re='1'&gt;Jones&lt;/prop&gt;&lt;/not&gt;&quot;)" fullname="NUnit.Common.Tests.TestSelectionParserTests.TestParser(&quot;Author !~ Jones&quot;,&quot;&lt;not&gt;&lt;prop name='Author' re='1'&gt;Jones&lt;/prop&gt;&lt;/not&gt;&quot;)" methodname="TestParser" classname="NUnit.Common.Tests.TestSelectionParserTests" runstate="Runnable" seed="1076024409" result="Passed" start-time="2018-10-06 20:03:02Z" end-time="2018-10-06 20:03:02Z" duration="0.000285" asserts="2" />
              <test-case id="1051" name="TestParser(&quot;name='SomeTest'&quot;,&quot;&lt;name&gt;SomeTest&lt;/name&gt;&quot;)" fullname="NUnit.Common.Tests.TestSelectionParserTests.TestParser(&quot;name='SomeTest'&quot;,&quot;&lt;name&gt;SomeTest&lt;/name&gt;&quot;)" methodname="TestParser" classname="NUnit.Common.Tests.TestSelectionParserTests" runstate="Runnable" seed="230623936" result="Passed" start-time="2018-10-06 20:03:02Z" end-time="2018-10-06 20:03:02Z" duration="0.000769" asserts="2" />
              <test-case id="1052" name="TestParser(&quot;method=TestMethod&quot;,&quot;&lt;method&gt;TestMethod&lt;/method&gt;&quot;)" fullname="NUnit.Common.Tests.TestSelectionParserTests.TestParser(&quot;method=TestMethod&quot;,&quot;&lt;method&gt;TestMethod&lt;/method&gt;&quot;)" methodname="TestParser" classname="NUnit.Common.Tests.TestSelectionParserTests" runstate="Runnable" seed="791945392" result="Passed" start-time="2018-10-06 20:03:02Z" end-time="2018-10-06 20:03:02Z" duration="0.000400" asserts="2" />
              <test-case id="1053" name="TestParser(&quot;method=Test1||method=Test2||method=Test3&quot;,&quot;&lt;or&gt;&lt;method&gt;Test1&lt;/method&gt;&lt;method&gt;Test2&lt;/method&gt;&lt;method&gt;Test3&lt;/method&gt;&lt;/or&gt;&quot;)" fullname="NUnit.Common.Tests.TestSelectionParserTests.TestParser(&quot;method=Test1||method=Test2||method=Test3&quot;,&quot;&lt;or&gt;&lt;method&gt;Test1&lt;/method&gt;&lt;method&gt;Test2&lt;/method&gt;&lt;method&gt;Test3&lt;/method&gt;&lt;/or&gt;&quot;)" methodname="TestParser" classname="NUnit.Common.Tests.TestSelectionParserTests" runstate="Runnable" seed="1251114869" result="Passed" start-time="2018-10-06 20:03:02Z" end-time="2018-10-06 20:03:02Z" duration="0.000372" asserts="2" />
              <test-case id="1054" name="TestParser(&quot;test='My.Test.Fixture.Method(42)'&quot;,&quot;&lt;test&gt;My.Test.Fixture.Method(42)&lt;/test&gt;&quot;)" fullname="NUnit.Common.Tests.TestSelectionParserTests.TestParser(&quot;test='My.Test.Fixture.Method(42)'&quot;,&quot;&lt;test&gt;My.Test.Fixture.Method(42)&lt;/test&gt;&quot;)" methodname="TestParser" classname="NUnit.Common.Tests.TestSelectionParserTests" runstate="Runnable" seed="1693486372" result="Passed" start-time="2018-10-06 20:03:02Z" end-time="2018-10-06 20:03:02Z" duration="0.000283" asserts="2" />
              <test-case id="1055" name="TestParser(&quot;test='My.Test.Fixture.Method(\&quot;xyz\&quot;)'&quot;,&quot;&lt;test&gt;My.Test.Fixture.Method(&amp;quot;xyz&amp;quot;)&lt;/test&gt;&quot;)" fullname="NUnit.Common.Tests.TestSelectionParserTests.TestParser(&quot;test='My.Test.Fixture.Method(\&quot;xyz\&quot;)'&quot;,&quot;&lt;test&gt;My.Test.Fixture.Method(&amp;quot;xyz&amp;quot;)&lt;/test&gt;&quot;)" methodname="TestParser" classname="NUnit.Common.Tests.TestSelectionParserTests" runstate="Runnable" seed="1223348589" result="Passed" start-time="2018-10-06 20:03:02Z" end-time="2018-10-06 20:03:02Z" duration="0.000374" asserts="2" />
              <test-case id="1056" name="TestParser(&quot;test='My.Test.Fixture.Method(\&quot;abc\\'s\&quot;)'&quot;,&quot;&lt;test&gt;My.Test.Fixture.Method(&amp;quot;abc&amp;apos;s&amp;quot;)&lt;/test&gt;&quot;)" fullname="NUnit.Common.Tests.TestSelectionParserTests.TestParser(&quot;test='My.Test.Fixture.Method(\&quot;abc\\'s\&quot;)'&quot;,&quot;&lt;test&gt;My.Test.Fixture.Method(&amp;quot;abc&amp;apos;s&amp;quot;)&lt;/test&gt;&quot;)" methodname="TestParser" classname="NUnit.Common.Tests.TestSelectionParserTests" runstate="Runnable" seed="480591507" result="Passed" start-time="2018-10-06 20:03:02Z" end-time="2018-10-06 20:03:02Z" duration="0.000437" asserts="2" />
              <test-case id="1057" name="TestParser(&quot;test='My.Test.Fixture.Method(\&quot;x&amp;y&amp;z\&quot;)'&quot;,&quot;&lt;test&gt;My.Test.Fixture.Method(&amp;quot;x&amp;amp;y&amp;amp;z&amp;quot;)&lt;/test&gt;&quot;)" fullname="NUnit.Common.Tests.TestSelectionParserTests.TestParser(&quot;test='My.Test.Fixture.Method(\&quot;x&amp;y&amp;z\&quot;)'&quot;,&quot;&lt;test&gt;My.Test.Fixture.Method(&amp;quot;x&amp;amp;y&amp;amp;z&amp;quot;)&lt;/test&gt;&quot;)" methodname="TestParser" classname="NUnit.Common.Tests.TestSelectionParserTests" runstate="Runnable" seed="1805131759" result="Passed" start-time="2018-10-06 20:03:02Z" end-time="2018-10-06 20:03:02Z" duration="0.000554" asserts="2" />
              <test-case id="1058" name="TestParser(&quot;test='My.Test.Fixture.Method(\&quot;&lt;xyz&gt;\&quot;)'&quot;,&quot;&lt;test&gt;My.Test.Fixture.Method(&amp;quot;&amp;lt;xyz&amp;gt;&amp;quot;)&lt;/test&gt;&quot;)" fullname="NUnit.Common.Tests.TestSelectionParserTests.TestParser(&quot;test='My.Test.Fixture.Method(\&quot;&lt;xyz&gt;\&quot;)'&quot;,&quot;&lt;test&gt;My.Test.Fixture.Method(&amp;quot;&amp;lt;xyz&amp;gt;&amp;quot;)&lt;/test&gt;&quot;)" methodname="TestParser" classname="NUnit.Common.Tests.TestSelectionParserTests" runstate="Runnable" seed="575786672" result="Passed" start-time="2018-10-06 20:03:02Z" end-time="2018-10-06 20:03:02Z" duration="0.000432" asserts="2" />
              <test-case id="1059" name="TestParser(&quot;cat==Urgent &amp;&amp; test=='My.Tests'&quot;,&quot;&lt;and&gt;&lt;cat&gt;Urgent&lt;/cat&gt;&lt;test&gt;My.Tests&lt;/test&gt;&lt;/and&gt;&quot;)" fullname="NUnit.Common.Tests.TestSelectionParserTests.TestParser(&quot;cat==Urgent &amp;&amp; test=='My.Tests'&quot;,&quot;&lt;and&gt;&lt;cat&gt;Urgent&lt;/cat&gt;&lt;test&gt;My.Tests&lt;/test&gt;&lt;/and&gt;&quot;)" methodname="TestParser" classname="NUnit.Common.Tests.TestSelectionParserTests" runstate="Runnable" seed="2011439755" result="Passed" start-time="2018-10-06 20:03:02Z" end-time="2018-10-06 20:03:02Z" duration="0.000465" asserts="2" />
              <test-case id="1060" name="TestParser(&quot;cat==Urgent and test=='My.Tests'&quot;,&quot;&lt;and&gt;&lt;cat&gt;Urgent&lt;/cat&gt;&lt;test&gt;My.Tests&lt;/test&gt;&lt;/and&gt;&quot;)" fullname="NUnit.Common.Tests.TestSelectionParserTests.TestParser(&quot;cat==Urgent and test=='My.Tests'&quot;,&quot;&lt;and&gt;&lt;cat&gt;Urgent&lt;/cat&gt;&lt;test&gt;My.Tests&lt;/test&gt;&lt;/and&gt;&quot;)" methodname="TestParser" classname="NUnit.Common.Tests.TestSelectionParserTests" runstate="Runnable" seed="1466766982" result="Passed" start-time="2018-10-06 20:03:02Z" end-time="2018-10-06 20:03:02Z" duration="0.000425" asserts="2" />
              <test-case id="1061" name="TestParser(&quot;cat==Urgent || test=='My.Tests'&quot;,&quot;&lt;or&gt;&lt;cat&gt;Urgent&lt;/cat&gt;&lt;test&gt;My.Tests&lt;/test&gt;&lt;/or&gt;&quot;)" fullname="NUnit.Common.Tests.TestSelectionParserTests.TestParser(&quot;cat==Urgent || test=='My.Tests'&quot;,&quot;&lt;or&gt;&lt;cat&gt;Urgent&lt;/cat&gt;&lt;test&gt;My.Tests&lt;/test&gt;&lt;/or&gt;&quot;)" methodname="TestParser" classname="NUnit.Common.Tests.TestSelectionParserTests" runstate="Runnable" seed="229795664" result="Passed" start-time="2018-10-06 20:03:02Z" end-time="2018-10-06 20:03:02Z" duration="0.000586" asserts="2" />
              <test-case id="1062" name="TestParser(&quot;cat==Urgent or test=='My.Tests'&quot;,&quot;&lt;or&gt;&lt;cat&gt;Urgent&lt;/cat&gt;&lt;test&gt;My.Tests&lt;/test&gt;&lt;/or&gt;&quot;)" fullname="NUnit.Common.Tests.TestSelectionParserTests.TestParser(&quot;cat==Urgent or test=='My.Tests'&quot;,&quot;&lt;or&gt;&lt;cat&gt;Urgent&lt;/cat&gt;&lt;test&gt;My.Tests&lt;/test&gt;&lt;/or&gt;&quot;)" methodname="TestParser" classname="NUnit.Common.Tests.TestSelectionParserTests" runstate="Runnable" seed="1732803471" result="Passed" start-time="2018-10-06 20:03:02Z" end-time="2018-10-06 20:03:02Z" duration="0.000465" asserts="2" />
              <test-case id="1063" name="TestParser(&quot;cat==Urgent || test=='My.Tests' &amp;&amp; cat == high&quot;,&quot;&lt;or&gt;&lt;cat&gt;Urgent&lt;/cat&gt;&lt;and&gt;&lt;test&gt;My.Tests&lt;/test&gt;&lt;cat&gt;high&lt;/cat&gt;&lt;/and&gt;&lt;/or&gt;&quot;)" fullname="NUnit.Common.Tests.TestSelectionParserTests.TestParser(&quot;cat==Urgent || test=='My.Tests' &amp;&amp; cat == high&quot;,&quot;&lt;or&gt;&lt;cat&gt;Urgent&lt;/cat&gt;&lt;and&gt;&lt;test&gt;My.Tests&lt;/test&gt;&lt;cat&gt;high&lt;/cat&gt;&lt;/and&gt;&lt;/or&gt;&quot;)" methodname="TestParser" classname="NUnit.Common.Tests.TestSelectionParserTests" runstate="Runnable" seed="642934479" result="Passed" start-time="2018-10-06 20:03:02Z" end-time="2018-10-06 20:03:02Z" duration="0.000380" asserts="2" />
              <test-case id="1064" name="TestParser(&quot;cat==Urgent &amp;&amp; test=='My.Tests' || cat == high&quot;,&quot;&lt;or&gt;&lt;and&gt;&lt;cat&gt;Urgent&lt;/cat&gt;&lt;test&gt;My.Tests&lt;/test&gt;&lt;/and&gt;&lt;cat&gt;high&lt;/cat&gt;&lt;/or&gt;&quot;)" fullname="NUnit.Common.Tests.TestSelectionParserTests.TestParser(&quot;cat==Urgent &amp;&amp; test=='My.Tests' || cat == high&quot;,&quot;&lt;or&gt;&lt;and&gt;&lt;cat&gt;Urgent&lt;/cat&gt;&lt;test&gt;My.Tests&lt;/test&gt;&lt;/and&gt;&lt;cat&gt;high&lt;/cat&gt;&lt;/or&gt;&quot;)" methodname="TestParser" classname="NUnit.Common.Tests.TestSelectionParserTests" runstate="Runnable" seed="1461376075" result="Passed" start-time="2018-10-06 20:03:02Z" end-time="2018-10-06 20:03:02Z" duration="0.000469" asserts="2" />
              <test-case id="1065" name="TestParser(&quot;cat==Urgent &amp;&amp; (test=='My.Tests' || cat == high)&quot;,&quot;&lt;and&gt;&lt;cat&gt;Urgent&lt;/cat&gt;&lt;or&gt;&lt;test&gt;My.Tests&lt;/test&gt;&lt;cat&gt;high&lt;/cat&gt;&lt;/or&gt;&lt;/and&gt;&quot;)" fullname="NUnit.Common.Tests.TestSelectionParserTests.TestParser(&quot;cat==Urgent &amp;&amp; (test=='My.Tests' || cat == high)&quot;,&quot;&lt;and&gt;&lt;cat&gt;Urgent&lt;/cat&gt;&lt;or&gt;&lt;test&gt;My.Tests&lt;/test&gt;&lt;cat&gt;high&lt;/cat&gt;&lt;/or&gt;&lt;/and&gt;&quot;)" methodname="TestParser" classname="NUnit.Common.Tests.TestSelectionParserTests" runstate="Runnable" seed="448445669" result="Passed" start-time="2018-10-06 20:03:02Z" end-time="2018-10-06 20:03:02Z" duration="0.000939" asserts="2" />
              <test-case id="1066" name="TestParser(&quot;cat==Urgent &amp;&amp; !(test=='My.Tests' || cat == high)&quot;,&quot;&lt;and&gt;&lt;cat&gt;Urgent&lt;/cat&gt;&lt;not&gt;&lt;or&gt;&lt;test&gt;My.Tests&lt;/test&gt;&lt;cat&gt;high&lt;/cat&gt;&lt;/or&gt;&lt;/not&gt;&lt;/and&gt;&quot;)" fullname="NUnit.Common.Tests.TestSelectionParserTests.TestParser(&quot;cat==Urgent &amp;&amp; !(test=='My.Tests' || cat == high)&quot;,&quot;&lt;and&gt;&lt;cat&gt;Urgent&lt;/cat&gt;&lt;not&gt;&lt;or&gt;&lt;test&gt;My.Tests&lt;/test&gt;&lt;cat&gt;high&lt;/cat&gt;&lt;/or&gt;&lt;/not&gt;&lt;/and&gt;&quot;)" methodname="TestParser" classname="NUnit.Common.Tests.TestSelectionParserTests" runstate="Runnable" seed="244932845" result="Passed" start-time="2018-10-06 20:03:02Z" end-time="2018-10-06 20:03:02Z" duration="0.000365" asserts="2" />
            </test-suite>
            <test-suite type="ParameterizedMethod" id="1072" name="TestParser_InvalidInput" fullname="NUnit.Common.Tests.TestSelectionParserTests.TestParser_InvalidInput" classname="NUnit.Common.Tests.TestSelectionParserTests" runstate="Runnable" testcasecount="4" result="Passed" start-time="2018-10-06 20:03:02Z" end-time="2018-10-06 20:03:02Z" duration="0.003843" total="4" passed="4" failed="0" warnings="0" inconclusive="0" skipped="0" asserts="4">
              <test-case id="1068" name="TestParser_InvalidInput(null,System.ArgumentNullException)" fullname="NUnit.Common.Tests.TestSelectionParserTests.TestParser_InvalidInput(null,System.ArgumentNullException)" methodname="TestParser_InvalidInput" classname="NUnit.Common.Tests.TestSelectionParserTests" runstate="Runnable" seed="864224956" result="Passed" start-time="2018-10-06 20:03:02Z" end-time="2018-10-06 20:03:02Z" duration="0.001637" asserts="1" />
              <test-case id="1069" name="TestParser_InvalidInput(&quot;&quot;,NUnit.Common.TestSelectionParserException)" fullname="NUnit.Common.Tests.TestSelectionParserTests.TestParser_InvalidInput(&quot;&quot;,NUnit.Common.TestSelectionParserException)" methodname="TestParser_InvalidInput" classname="NUnit.Common.Tests.TestSelectionParserTests" runstate="Runnable" seed="2052545447" result="Passed" start-time="2018-10-06 20:03:02Z" end-time="2018-10-06 20:03:02Z" duration="0.000322" asserts="1" />
              <test-case id="1070" name="TestParser_InvalidInput(&quot;   &quot;,NUnit.Common.TestSelectionParserException)" fullname="NUnit.Common.Tests.TestSelectionParserTests.TestParser_InvalidInput(&quot;   &quot;,NUnit.Common.TestSelectionParserException)" methodname="TestParser_InvalidInput" classname="NUnit.Common.Tests.TestSelectionParserTests" runstate="Runnable" seed="1389752903" result="Passed" start-time="2018-10-06 20:03:02Z" end-time="2018-10-06 20:03:02Z" duration="0.000567" asserts="1" />
              <test-case id="1071" name="TestParser_InvalidInput(&quot;  \t\t &quot;,NUnit.Common.TestSelectionParserException)" fullname="NUnit.Common.Tests.TestSelectionParserTests.TestParser_InvalidInput(&quot;  \t\t &quot;,NUnit.Common.TestSelectionParserException)" methodname="TestParser_InvalidInput" classname="NUnit.Common.Tests.TestSelectionParserTests" runstate="Runnable" seed="2128268236" result="Passed" start-time="2018-10-06 20:03:02Z" end-time="2018-10-06 20:03:02Z" duration="0.000218" asserts="1" />
            </test-suite>
          </test-suite>
        </test-suite>
      </test-suite>
    </test-suite>
    <test-suite type="TestSuite" id="1408" name="NUnitLite" fullname="NUnitLite" runstate="Runnable" testcasecount="279" result="Skipped" label="Ignored" site="Child" start-time="2018-10-06 20:03:02Z" end-time="2018-10-06 20:03:02Z" duration="0.229428" total="279" passed="278" failed="0" warnings="0" inconclusive="0" skipped="1" asserts="533">
      <reason>
        <message><![CDATA[One or more child tests were ignored]]></message>
      </reason>
      <test-suite type="TestSuite" id="1409" name="Tests" fullname="NUnitLite.Tests" runstate="Runnable" testcasecount="279" result="Skipped" label="Ignored" site="Child" start-time="2018-10-06 20:03:02Z" end-time="2018-10-06 20:03:02Z" duration="0.229417" total="279" passed="278" failed="0" warnings="0" inconclusive="0" skipped="1" asserts="533">
        <reason>
          <message><![CDATA[One or more child tests were ignored]]></message>
        </reason>
        <test-suite type="TestFixture" id="1224" name="MakeRunSettingsTests" fullname="NUnitLite.Tests.MakeRunSettingsTests" classname="NUnitLite.Tests.MakeRunSettingsTests" runstate="Runnable" testcasecount="8" result="Passed" start-time="2018-10-06 20:03:02Z" end-time="2018-10-06 20:03:02Z" duration="0.013746" total="8" passed="8" failed="0" warnings="0" inconclusive="0" skipped="0" asserts="16">
          <test-suite type="ParameterizedMethod" id="1233" name="CheckSetting" fullname="NUnitLite.Tests.MakeRunSettingsTests.CheckSetting" classname="NUnitLite.Tests.MakeRunSettingsTests" runstate="Runnable" testcasecount="8" result="Passed" start-time="2018-10-06 20:03:02Z" end-time="2018-10-06 20:03:02Z" duration="0.013469" total="8" passed="8" failed="0" warnings="0" inconclusive="0" skipped="0" asserts="16">
            <test-case id="1225" name="CheckSetting(&quot;--timeout=50&quot;,&quot;DefaultTimeout&quot;,50)" fullname="NUnitLite.Tests.MakeRunSettingsTests.CheckSetting(&quot;--timeout=50&quot;,&quot;DefaultTimeout&quot;,50)" methodname="CheckSetting" classname="NUnitLite.Tests.MakeRunSettingsTests" runstate="Runnable" seed="410871439" result="Passed" start-time="2018-10-06 20:03:02Z" end-time="2018-10-06 20:03:02Z" duration="0.006116" asserts="2" />
            <test-case id="1226" name="CheckSetting(&quot;--work=results&quot;,&quot;WorkDirectory&quot;,&quot;C:\\src\\nunit\\nunit\\bin\\Release\\netcoreapp2.0\\results&quot;)" fullname="NUnitLite.Tests.MakeRunSettingsTests.CheckSetting(&quot;--work=results&quot;,&quot;WorkDirectory&quot;,&quot;C:\\src\\nunit\\nunit\\bin\\Release\\netcoreapp2.0\\results&quot;)" methodname="CheckSetting" classname="NUnitLite.Tests.MakeRunSettingsTests" runstate="Runnable" seed="1317466403" result="Passed" start-time="2018-10-06 20:03:02Z" end-time="2018-10-06 20:03:02Z" duration="0.000522" asserts="2" />
            <test-case id="1227" name="CheckSetting(&quot;--seed=1234&quot;,&quot;RandomSeed&quot;,1234)" fullname="NUnitLite.Tests.MakeRunSettingsTests.CheckSetting(&quot;--seed=1234&quot;,&quot;RandomSeed&quot;,1234)" methodname="CheckSetting" classname="NUnitLite.Tests.MakeRunSettingsTests" runstate="Runnable" seed="595140828" result="Passed" start-time="2018-10-06 20:03:02Z" end-time="2018-10-06 20:03:02Z" duration="0.000421" asserts="2" />
            <test-case id="1228" name="CheckSetting(&quot;--workers=8&quot;,&quot;NumberOfTestWorkers&quot;,8)" fullname="NUnitLite.Tests.MakeRunSettingsTests.CheckSetting(&quot;--workers=8&quot;,&quot;NumberOfTestWorkers&quot;,8)" methodname="CheckSetting" classname="NUnitLite.Tests.MakeRunSettingsTests" runstate="Runnable" seed="1267276952" result="Passed" start-time="2018-10-06 20:03:02Z" end-time="2018-10-06 20:03:02Z" duration="0.000593" asserts="2" />
            <test-case id="1229" name="CheckSetting(&quot;--prefilter=A.B.C&quot;,&quot;LOAD&quot;,[&quot;A.B.C&quot;])" fullname="NUnitLite.Tests.MakeRunSettingsTests.CheckSetting(&quot;--prefilter=A.B.C&quot;,&quot;LOAD&quot;,[&quot;A.B.C&quot;])" methodname="CheckSetting" classname="NUnitLite.Tests.MakeRunSettingsTests" runstate="Runnable" seed="912546745" result="Passed" start-time="2018-10-06 20:03:02Z" end-time="2018-10-06 20:03:02Z" duration="0.003869" asserts="2" />
            <test-case id="1230" name="CheckSetting(&quot;--test=A.B.C&quot;,&quot;LOAD&quot;,[&quot;A.B.C&quot;])" fullname="NUnitLite.Tests.MakeRunSettingsTests.CheckSetting(&quot;--test=A.B.C&quot;,&quot;LOAD&quot;,[&quot;A.B.C&quot;])" methodname="CheckSetting" classname="NUnitLite.Tests.MakeRunSettingsTests" runstate="Runnable" seed="1929578755" result="Passed" start-time="2018-10-06 20:03:02Z" end-time="2018-10-06 20:03:02Z" duration="0.000241" asserts="2" />
            <test-case id="1231" name="CheckSetting(&quot;--test=A.B.C(arg)&quot;,&quot;LOAD&quot;,[&quot;A.B.C&quot;])" fullname="NUnitLite.Tests.MakeRunSettingsTests.CheckSetting(&quot;--test=A.B.C(arg)&quot;,&quot;LOAD&quot;,[&quot;A.B.C&quot;])" methodname="CheckSetting" classname="NUnitLite.Tests.MakeRunSettingsTests" runstate="Runnable" seed="1845332141" result="Passed" start-time="2018-10-06 20:03:02Z" end-time="2018-10-06 20:03:02Z" duration="0.000180" asserts="2" />
            <test-case id="1232" name="CheckSetting(&quot;--test=A.B&lt;type&gt;.C(arg)&quot;,&quot;LOAD&quot;,[&quot;A.B&quot;])" fullname="NUnitLite.Tests.MakeRunSettingsTests.CheckSetting(&quot;--test=A.B&lt;type&gt;.C(arg)&quot;,&quot;LOAD&quot;,[&quot;A.B&quot;])" methodname="CheckSetting" classname="NUnitLite.Tests.MakeRunSettingsTests" runstate="Runnable" seed="1664370345" result="Passed" start-time="2018-10-06 20:03:02Z" end-time="2018-10-06 20:03:02Z" duration="0.000430" asserts="2" />
          </test-suite>
        </test-suite>
        <test-suite type="TestFixture" id="1280" name="TeamCityEventListenerTests" fullname="NUnitLite.Tests.TeamCityEventListenerTests" classname="NUnitLite.Tests.TeamCityEventListenerTests" runstate="Runnable" testcasecount="7" result="Passed" start-time="2018-10-06 20:03:02Z" end-time="2018-10-06 20:03:02Z" duration="0.023262" total="7" passed="7" failed="0" warnings="0" inconclusive="0" skipped="0" asserts="7">
          <test-case id="1287" name="TestFinished_Failed" fullname="NUnitLite.Tests.TeamCityEventListenerTests.TestFinished_Failed" methodname="TestFinished_Failed" classname="NUnitLite.Tests.TeamCityEventListenerTests" runstate="Runnable" seed="692212006" result="Passed" start-time="2018-10-06 20:03:02Z" end-time="2018-10-06 20:03:02Z" duration="0.005757" asserts="1" />
          <test-case id="1286" name="TestFinished_Ignored" fullname="NUnitLite.Tests.TeamCityEventListenerTests.TestFinished_Ignored" methodname="TestFinished_Ignored" classname="NUnitLite.Tests.TeamCityEventListenerTests" runstate="Runnable" seed="1066514337" result="Passed" start-time="2018-10-06 20:03:02Z" end-time="2018-10-06 20:03:02Z" duration="0.003534" asserts="1" />
          <test-case id="1285" name="TestFinished_Inconclusive" fullname="NUnitLite.Tests.TeamCityEventListenerTests.TestFinished_Inconclusive" methodname="TestFinished_Inconclusive" classname="NUnitLite.Tests.TeamCityEventListenerTests" runstate="Runnable" seed="317693543" result="Passed" start-time="2018-10-06 20:03:02Z" end-time="2018-10-06 20:03:02Z" duration="0.000757" asserts="1" />
          <test-case id="1284" name="TestFinished_Passed" fullname="NUnitLite.Tests.TeamCityEventListenerTests.TestFinished_Passed" methodname="TestFinished_Passed" classname="NUnitLite.Tests.TeamCityEventListenerTests" runstate="Runnable" seed="2072455003" result="Passed" start-time="2018-10-06 20:03:02Z" end-time="2018-10-06 20:03:02Z" duration="0.001179" asserts="1" />
          <test-case id="1283" name="TestStarted" fullname="NUnitLite.Tests.TeamCityEventListenerTests.TestStarted" methodname="TestStarted" classname="NUnitLite.Tests.TeamCityEventListenerTests" runstate="Runnable" seed="1791637485" result="Passed" start-time="2018-10-06 20:03:02Z" end-time="2018-10-06 20:03:02Z" duration="0.003638" asserts="1" />
          <test-case id="1282" name="TestSuiteFinished" fullname="NUnitLite.Tests.TeamCityEventListenerTests.TestSuiteFinished" methodname="TestSuiteFinished" classname="NUnitLite.Tests.TeamCityEventListenerTests" runstate="Runnable" seed="525925150" result="Passed" start-time="2018-10-06 20:03:02Z" end-time="2018-10-06 20:03:02Z" duration="0.004937" asserts="1" />
          <test-case id="1281" name="TestSuiteStarted" fullname="NUnitLite.Tests.TeamCityEventListenerTests.TestSuiteStarted" methodname="TestSuiteStarted" classname="NUnitLite.Tests.TeamCityEventListenerTests" runstate="Runnable" seed="1250955973" result="Passed" start-time="2018-10-06 20:03:02Z" end-time="2018-10-06 20:03:02Z" duration="0.000577" asserts="1" />
        </test-suite>
        <test-suite type="TestFixture" id="1215" name="CreateTestFilterTests" fullname="NUnitLite.Tests.CreateTestFilterTests" classname="NUnitLite.Tests.CreateTestFilterTests" runstate="Runnable" testcasecount="8" result="Passed" start-time="2018-10-06 20:03:02Z" end-time="2018-10-06 20:03:02Z" duration="0.091430" total="8" passed="8" failed="0" warnings="0" inconclusive="0" skipped="0" asserts="48">
          <test-case id="1216" name="EmptyFilter" fullname="NUnitLite.Tests.CreateTestFilterTests.EmptyFilter" methodname="EmptyFilter" classname="NUnitLite.Tests.CreateTestFilterTests" runstate="Runnable" seed="1014569692" result="Passed" start-time="2018-10-06 20:03:02Z" end-time="2018-10-06 20:03:02Z" duration="0.010794" asserts="1" />
          <test-case id="1217" name="OneTestSelected" fullname="NUnitLite.Tests.CreateTestFilterTests.OneTestSelected" methodname="OneTestSelected" classname="NUnitLite.Tests.CreateTestFilterTests" runstate="Runnable" seed="921328350" result="Passed" start-time="2018-10-06 20:03:02Z" end-time="2018-10-06 20:03:02Z" duration="0.021050" asserts="2" />
          <test-case id="1220" name="SixTestsFromTwoTestListFiles" fullname="NUnitLite.Tests.CreateTestFilterTests.SixTestsFromTwoTestListFiles" methodname="SixTestsFromTwoTestListFiles" classname="NUnitLite.Tests.CreateTestFilterTests" runstate="Runnable" seed="1782232713" result="Passed" start-time="2018-10-06 20:03:02Z" end-time="2018-10-06 20:03:02Z" duration="0.024030" asserts="14" />
          <test-case id="1221" name="TestListFileMissing" fullname="NUnitLite.Tests.CreateTestFilterTests.TestListFileMissing" methodname="TestListFileMissing" classname="NUnitLite.Tests.CreateTestFilterTests" runstate="Runnable" seed="1926687782" result="Passed" start-time="2018-10-06 20:03:02Z" end-time="2018-10-06 20:03:02Z" duration="0.005814" asserts="3" />
          <test-case id="1219" name="ThreeTestsFromATestListFile" fullname="NUnitLite.Tests.CreateTestFilterTests.ThreeTestsFromATestListFile" methodname="ThreeTestsFromATestListFile" classname="NUnitLite.Tests.CreateTestFilterTests" runstate="Runnable" seed="2038047872" result="Passed" start-time="2018-10-06 20:03:02Z" end-time="2018-10-06 20:03:02Z" duration="0.004837" asserts="8" />
          <test-case id="1218" name="ThreeTestsSelected" fullname="NUnitLite.Tests.CreateTestFilterTests.ThreeTestsSelected" methodname="ThreeTestsSelected" classname="NUnitLite.Tests.CreateTestFilterTests" runstate="Runnable" seed="2090629955" result="Passed" start-time="2018-10-06 20:03:02Z" end-time="2018-10-06 20:03:02Z" duration="0.002842" asserts="8" />
          <test-case id="1223" name="TwoTestsAndWhereClauseSpecified" fullname="NUnitLite.Tests.CreateTestFilterTests.TwoTestsAndWhereClauseSpecified" methodname="TwoTestsAndWhereClauseSpecified" classname="NUnitLite.Tests.CreateTestFilterTests" runstate="Runnable" seed="1139525890" result="Passed" start-time="2018-10-06 20:03:02Z" end-time="2018-10-06 20:03:02Z" duration="0.010869" asserts="10" />
          <test-case id="1222" name="WhereClauseSpecified" fullname="NUnitLite.Tests.CreateTestFilterTests.WhereClauseSpecified" methodname="WhereClauseSpecified" classname="NUnitLite.Tests.CreateTestFilterTests" runstate="Runnable" seed="1009348322" result="Passed" start-time="2018-10-06 20:03:02Z" end-time="2018-10-06 20:03:02Z" duration="0.000735" asserts="2" />
        </test-suite>
        <test-suite type="TestFixture" id="1288" name="TextUIReportTests" fullname="NUnitLite.Tests.TextUIReportTests" classname="NUnitLite.Tests.TextUIReportTests" runstate="Runnable" testcasecount="5" result="Skipped" label="Ignored" site="Child" start-time="2018-10-06 20:03:02Z" end-time="2018-10-06 20:03:02Z" duration="0.102685" total="5" passed="4" failed="0" warnings="0" inconclusive="0" skipped="1" asserts="14">
          <reason>
            <message><![CDATA[One or more child tests were ignored]]></message>
          </reason>
          <test-case id="1289" name="DisplayHelp" fullname="NUnitLite.Tests.TextUIReportTests.DisplayHelp" methodname="DisplayHelp" classname="NUnitLite.Tests.TextUIReportTests" runstate="Runnable" seed="87122468" result="Passed" start-time="2018-10-06 20:03:02Z" end-time="2018-10-06 20:03:02Z" duration="0.015091" asserts="1" />
          <test-case id="1293" name="ErrorsAndFailuresReportTest" fullname="NUnitLite.Tests.TextUIReportTests.ErrorsAndFailuresReportTest" methodname="ErrorsAndFailuresReportTest" classname="NUnitLite.Tests.TextUIReportTests" runstate="Runnable" seed="1276469111" result="Passed" start-time="2018-10-06 20:03:02Z" end-time="2018-10-06 20:03:02Z" duration="0.010835" asserts="11" />
          <test-case id="1290" name="ReportSequenceTest" fullname="NUnitLite.Tests.TextUIReportTests.ReportSequenceTest" methodname="ReportSequenceTest" classname="NUnitLite.Tests.TextUIReportTests" runstate="Ignored" seed="1123524484" result="Skipped" label="Ignored" start-time="2018-10-06 20:03:02Z" end-time="2018-10-06 20:03:02Z" duration="0.000009" asserts="0">
            <properties>
              <property name="_SKIPREASON" value="Test needs modification" />
            </properties>
            <reason>
              <message><![CDATA[Test needs modification]]></message>
            </reason>
          </test-case>
          <test-case id="1292" name="SummaryReportTest" fullname="NUnitLite.Tests.TextUIReportTests.SummaryReportTest" methodname="SummaryReportTest" classname="NUnitLite.Tests.TextUIReportTests" runstate="Runnable" seed="449227927" result="Passed" start-time="2018-10-06 20:03:02Z" end-time="2018-10-06 20:03:02Z" duration="0.004963" asserts="1" />
          <test-case id="1291" name="TestsNotRunTest" fullname="NUnitLite.Tests.TextUIReportTests.TestsNotRunTest" methodname="TestsNotRunTest" classname="NUnitLite.Tests.TextUIReportTests" runstate="Runnable" seed="420076503" result="Passed" start-time="2018-10-06 20:03:02Z" end-time="2018-10-06 20:03:02Z" duration="0.002539" asserts="1" />
        </test-suite>
        <test-suite type="TestFixture" id="1294" name="TextUITests" fullname="NUnitLite.Tests.TextUITests" classname="NUnitLite.Tests.TextUITests" runstate="Runnable" testcasecount="96" result="Passed" start-time="2018-10-06 20:03:02Z" end-time="2018-10-06 20:03:02Z" duration="0.104470" total="96" passed="96" failed="0" warnings="0" inconclusive="0" skipped="0" asserts="96">
          <test-case id="1296" name="DisplayError" fullname="NUnitLite.Tests.TextUITests.DisplayError" methodname="DisplayError" classname="NUnitLite.Tests.TextUITests" runstate="Runnable" seed="1053026269" result="Passed" start-time="2018-10-06 20:03:02Z" end-time="2018-10-06 20:03:02Z" duration="0.001642" asserts="1" />
          <test-case id="1297" name="DisplayErrors" fullname="NUnitLite.Tests.TextUITests.DisplayErrors" methodname="DisplayErrors" classname="NUnitLite.Tests.TextUITests" runstate="Runnable" seed="39443953" result="Passed" start-time="2018-10-06 20:03:02Z" end-time="2018-10-06 20:03:02Z" duration="0.001057" asserts="1" />
          <test-case id="1298" name="DisplayHeader" fullname="NUnitLite.Tests.TextUITests.DisplayHeader" methodname="DisplayHeader" classname="NUnitLite.Tests.TextUITests" runstate="Runnable" seed="1579510569" result="Passed" start-time="2018-10-06 20:03:02Z" end-time="2018-10-06 20:03:02Z" duration="0.001639" asserts="1" />
          <test-case id="1300" name="DisplayRuntimeEnvironment" fullname="NUnitLite.Tests.TextUITests.DisplayRuntimeEnvironment" methodname="DisplayRuntimeEnvironment" classname="NUnitLite.Tests.TextUITests" runstate="Runnable" seed="162093518" result="Passed" start-time="2018-10-06 20:03:02Z" end-time="2018-10-06 20:03:02Z" duration="0.000537" asserts="1" />
          <test-case id="1299" name="DisplayTestFiles" fullname="NUnitLite.Tests.TextUITests.DisplayTestFiles" methodname="DisplayTestFiles" classname="NUnitLite.Tests.TextUITests" runstate="Runnable" seed="259488921" result="Passed" start-time="2018-10-06 20:03:02Z" end-time="2018-10-06 20:03:02Z" duration="0.000916" asserts="1" />
          <test-case id="1295" name="DisplayWarning" fullname="NUnitLite.Tests.TextUITests.DisplayWarning" methodname="DisplayWarning" classname="NUnitLite.Tests.TextUITests" runstate="Runnable" seed="1145587847" result="Passed" start-time="2018-10-06 20:03:02Z" end-time="2018-10-06 20:03:02Z" duration="0.000747" asserts="1" />
          <test-suite type="ParameterizedMethod" id="1371" name="ImmediateOutput" fullname="NUnitLite.Tests.TextUITests.ImmediateOutput" classname="NUnitLite.Tests.TextUITests" runstate="Runnable" testcasecount="14" result="Passed" start-time="2018-10-06 20:03:02Z" end-time="2018-10-06 20:03:02Z" duration="0.003978" total="14" passed="14" failed="0" warnings="0" inconclusive="0" skipped="0" asserts="14">
            <test-case id="1357" name="ImmediateOutput(&quot;Off&quot;,[: OUTPUT&#xA;],&quot;OUTPUT\n&quot;)" fullname="NUnitLite.Tests.TextUITests.ImmediateOutput(&quot;Off&quot;,[: OUTPUT&#xA;],&quot;OUTPUT\n&quot;)" methodname="ImmediateOutput" classname="NUnitLite.Tests.TextUITests" runstate="Runnable" seed="802147128" result="Passed" start-time="2018-10-06 20:03:02Z" end-time="2018-10-06 20:03:02Z" duration="0.001110" asserts="1" />
            <test-case id="1358" name="ImmediateOutput(&quot;On&quot;,[: OUTPUT&#xA;],&quot;=&gt; SomeMethod\nOUTPUT\n&quot;)" fullname="NUnitLite.Tests.TextUITests.ImmediateOutput(&quot;On&quot;,[: OUTPUT&#xA;],&quot;=&gt; SomeMethod\nOUTPUT\n&quot;)" methodname="ImmediateOutput" classname="NUnitLite.Tests.TextUITests" runstate="Runnable" seed="2099335594" result="Passed" start-time="2018-10-06 20:03:02Z" end-time="2018-10-06 20:03:02Z" duration="0.000149" asserts="1" />
            <test-case id="1359" name="ImmediateOutput(&quot;All&quot;,[: OUTPUT&#xA;],&quot;=&gt; SomeMethod\nOUTPUT\n&quot;)" fullname="NUnitLite.Tests.TextUITests.ImmediateOutput(&quot;All&quot;,[: OUTPUT&#xA;],&quot;=&gt; SomeMethod\nOUTPUT\n&quot;)" methodname="ImmediateOutput" classname="NUnitLite.Tests.TextUITests" runstate="Runnable" seed="1742640228" result="Passed" start-time="2018-10-06 20:03:02Z" end-time="2018-10-06 20:03:02Z" duration="0.000137" asserts="1" />
            <test-case id="1360" name="ImmediateOutput(&quot;Before&quot;,[: OUTPUT&#xA;],&quot;=&gt; SomeMethod\nOUTPUT\n&quot;)" fullname="NUnitLite.Tests.TextUITests.ImmediateOutput(&quot;Before&quot;,[: OUTPUT&#xA;],&quot;=&gt; SomeMethod\nOUTPUT\n&quot;)" methodname="ImmediateOutput" classname="NUnitLite.Tests.TextUITests" runstate="Runnable" seed="84889381" result="Passed" start-time="2018-10-06 20:03:02Z" end-time="2018-10-06 20:03:02Z" duration="0.000149" asserts="1" />
            <test-case id="1361" name="ImmediateOutput(&quot;After&quot;,[: OUTPUT&#xA;],&quot;=&gt; SomeMethod\nOUTPUT\n&quot;)" fullname="NUnitLite.Tests.TextUITests.ImmediateOutput(&quot;After&quot;,[: OUTPUT&#xA;],&quot;=&gt; SomeMethod\nOUTPUT\n&quot;)" methodname="ImmediateOutput" classname="NUnitLite.Tests.TextUITests" runstate="Runnable" seed="279236015" result="Passed" start-time="2018-10-06 20:03:02Z" end-time="2018-10-06 20:03:02Z" duration="0.000120" asserts="1" />
            <test-case id="1362" name="ImmediateOutput(&quot;Off&quot;,[: OUTPUT],&quot;OUTPUT&quot;)" fullname="NUnitLite.Tests.TextUITests.ImmediateOutput(&quot;Off&quot;,[: OUTPUT],&quot;OUTPUT&quot;)" methodname="ImmediateOutput" classname="NUnitLite.Tests.TextUITests" runstate="Runnable" seed="828699460" result="Passed" start-time="2018-10-06 20:03:02Z" end-time="2018-10-06 20:03:02Z" duration="0.000126" asserts="1" />
            <test-case id="1363" name="ImmediateOutput(&quot;On&quot;,[: OUTPUT],&quot;=&gt; SomeMethod\nOUTPUT&quot;)" fullname="NUnitLite.Tests.TextUITests.ImmediateOutput(&quot;On&quot;,[: OUTPUT],&quot;=&gt; SomeMethod\nOUTPUT&quot;)" methodname="ImmediateOutput" classname="NUnitLite.Tests.TextUITests" runstate="Runnable" seed="1638753009" result="Passed" start-time="2018-10-06 20:03:02Z" end-time="2018-10-06 20:03:02Z" duration="0.000152" asserts="1" />
            <test-case id="1364" name="ImmediateOutput(&quot;All&quot;,[: OUTPUT],&quot;=&gt; SomeMethod\nOUTPUT&quot;)" fullname="NUnitLite.Tests.TextUITests.ImmediateOutput(&quot;All&quot;,[: OUTPUT],&quot;=&gt; SomeMethod\nOUTPUT&quot;)" methodname="ImmediateOutput" classname="NUnitLite.Tests.TextUITests" runstate="Runnable" seed="2123263241" result="Passed" start-time="2018-10-06 20:03:02Z" end-time="2018-10-06 20:03:02Z" duration="0.000140" asserts="1" />
            <test-case id="1365" name="ImmediateOutput(&quot;Before&quot;,[: OUTPUT],&quot;=&gt; SomeMethod\nOUTPUT&quot;)" fullname="NUnitLite.Tests.TextUITests.ImmediateOutput(&quot;Before&quot;,[: OUTPUT],&quot;=&gt; SomeMethod\nOUTPUT&quot;)" methodname="ImmediateOutput" classname="NUnitLite.Tests.TextUITests" runstate="Runnable" seed="2078455388" result="Passed" start-time="2018-10-06 20:03:02Z" end-time="2018-10-06 20:03:02Z" duration="0.000138" asserts="1" />
            <test-case id="1366" name="ImmediateOutput(&quot;After&quot;,[: OUTPUT],&quot;=&gt; SomeMethod\nOUTPUT&quot;)" fullname="NUnitLite.Tests.TextUITests.ImmediateOutput(&quot;After&quot;,[: OUTPUT],&quot;=&gt; SomeMethod\nOUTPUT&quot;)" methodname="ImmediateOutput" classname="NUnitLite.Tests.TextUITests" runstate="Runnable" seed="808038400" result="Passed" start-time="2018-10-06 20:03:02Z" end-time="2018-10-06 20:03:02Z" duration="0.000134" asserts="1" />
            <test-case id="1367" name="ImmediateOutput(&quot;On&quot;,[: A, : B, : C],&quot;=&gt; T1\nABC&quot;)" fullname="NUnitLite.Tests.TextUITests.ImmediateOutput(&quot;On&quot;,[: A, : B, : C],&quot;=&gt; T1\nABC&quot;)" methodname="ImmediateOutput" classname="NUnitLite.Tests.TextUITests" runstate="Runnable" seed="1076083593" result="Passed" start-time="2018-10-06 20:03:02Z" end-time="2018-10-06 20:03:02Z" duration="0.000189" asserts="1" />
            <test-case id="1368" name="ImmediateOutput(&quot;On&quot;,[: A, : B, : C, : &#xA;],&quot;=&gt; T1\nABC\n&quot;)" fullname="NUnitLite.Tests.TextUITests.ImmediateOutput(&quot;On&quot;,[: A, : B, : C, : &#xA;],&quot;=&gt; T1\nABC\n&quot;)" methodname="ImmediateOutput" classname="NUnitLite.Tests.TextUITests" runstate="Runnable" seed="1828116252" result="Passed" start-time="2018-10-06 20:03:02Z" end-time="2018-10-06 20:03:02Z" duration="0.000160" asserts="1" />
            <test-case id="1369" name="ImmediateOutput(&quot;On&quot;,[: Hello&#xA;, : Ciao!&#xA;, : World!&#xA;],&quot;=&gt; EN\nHello\n=&gt; IT\nCiao!\n=&gt; EN\nWorld!\n&quot;)" fullname="NUnitLite.Tests.TextUITests.ImmediateOutput(&quot;On&quot;,[: Hello&#xA;, : Ciao!&#xA;, : World!&#xA;],&quot;=&gt; EN\nHello\n=&gt; IT\nCiao!\n=&gt; EN\nWorld!\n&quot;)" methodname="ImmediateOutput" classname="NUnitLite.Tests.TextUITests" runstate="Runnable" seed="821785066" result="Passed" start-time="2018-10-06 20:03:02Z" end-time="2018-10-06 20:03:02Z" duration="0.000156" asserts="1" />
            <test-case id="1370" name="ImmediateOutput(&quot;On&quot;,[: Hello, : Ciao!, : World!],&quot;=&gt; EN\nHello\n=&gt; IT\nCiao!\n=&gt; EN\nWorld!&quot;)" fullname="NUnitLite.Tests.TextUITests.ImmediateOutput(&quot;On&quot;,[: Hello, : Ciao!, : World!],&quot;=&gt; EN\nHello\n=&gt; IT\nCiao!\n=&gt; EN\nWorld!&quot;)" methodname="ImmediateOutput" classname="NUnitLite.Tests.TextUITests" runstate="Runnable" seed="1581662891" result="Passed" start-time="2018-10-06 20:03:02Z" end-time="2018-10-06 20:03:02Z" duration="0.000166" asserts="1" />
          </test-suite>
          <test-suite type="ParameterizedMethod" id="1383" name="SingleTest_ImmediateOutput" fullname="NUnitLite.Tests.TextUITests.SingleTest_ImmediateOutput" classname="NUnitLite.Tests.TextUITests" runstate="Runnable" testcasecount="5" result="Passed" start-time="2018-10-06 20:03:02Z" end-time="2018-10-06 20:03:02Z" duration="0.004155" total="5" passed="5" failed="0" warnings="0" inconclusive="0" skipped="0" asserts="5">
            <test-case id="1378" name="SingleTest_ImmediateOutput(&quot;Off&quot;,&quot;IMMEDIATE OUTPUT\nNORMAL OUTPUT\n&quot;)" fullname="NUnitLite.Tests.TextUITests.SingleTest_ImmediateOutput(&quot;Off&quot;,&quot;IMMEDIATE OUTPUT\nNORMAL OUTPUT\n&quot;)" methodname="SingleTest_ImmediateOutput" classname="NUnitLite.Tests.TextUITests" runstate="Runnable" seed="631530095" result="Passed" start-time="2018-10-06 20:03:02Z" end-time="2018-10-06 20:03:02Z" duration="0.001270" asserts="1" />
            <test-case id="1379" name="SingleTest_ImmediateOutput(&quot;On&quot;,&quot;=&gt; NUnitLite.Tests.TextUITests.MyFakeMethod\nIMMEDIATE OUTPUT\nNORMAL OUTPUT\n&quot;)" fullname="NUnitLite.Tests.TextUITests.SingleTest_ImmediateOutput(&quot;On&quot;,&quot;=&gt; NUnitLite.Tests.TextUITests.MyFakeMethod\nIMMEDIATE OUTPUT\nNORMAL OUTPUT\n&quot;)" methodname="SingleTest_ImmediateOutput" classname="NUnitLite.Tests.TextUITests" runstate="Runnable" seed="1168891948" result="Passed" start-time="2018-10-06 20:03:02Z" end-time="2018-10-06 20:03:02Z" duration="0.000166" asserts="1" />
            <test-case id="1380" name="SingleTest_ImmediateOutput(&quot;All&quot;,&quot;=&gt; NUnitLite.Tests.TextUITests.MyFakeMethod\nIMMEDIATE OUTPUT\nNORMAL OUTPUT\n&quot;)" fullname="NUnitLite.Tests.TextUITests.SingleTest_ImmediateOutput(&quot;All&quot;,&quot;=&gt; NUnitLite.Tests.TextUITests.MyFakeMethod\nIMMEDIATE OUTPUT\nNORMAL OUTPUT\n&quot;)" methodname="SingleTest_ImmediateOutput" classname="NUnitLite.Tests.TextUITests" runstate="Runnable" seed="144541127" result="Passed" start-time="2018-10-06 20:03:02Z" end-time="2018-10-06 20:03:02Z" duration="0.000176" asserts="1" />
            <test-case id="1381" name="SingleTest_ImmediateOutput(&quot;Before&quot;,&quot;=&gt; NUnitLite.Tests.TextUITests.MyFakeMethod\nIMMEDIATE OUTPUT\nNORMAL OUTPUT\n&quot;)" fullname="NUnitLite.Tests.TextUITests.SingleTest_ImmediateOutput(&quot;Before&quot;,&quot;=&gt; NUnitLite.Tests.TextUITests.MyFakeMethod\nIMMEDIATE OUTPUT\nNORMAL OUTPUT\n&quot;)" methodname="SingleTest_ImmediateOutput" classname="NUnitLite.Tests.TextUITests" runstate="Runnable" seed="1334270610" result="Passed" start-time="2018-10-06 20:03:02Z" end-time="2018-10-06 20:03:02Z" duration="0.000210" asserts="1" />
            <test-case id="1382" name="SingleTest_ImmediateOutput(&quot;After&quot;,&quot;=&gt; NUnitLite.Tests.TextUITests.MyFakeMethod\nIMMEDIATE OUTPUT\nNORMAL OUTPUT\nPassed =&gt; NUnitLite.Tests.TextUITests.MyFakeMethod\n&quot;)" fullname="NUnitLite.Tests.TextUITests.SingleTest_ImmediateOutput(&quot;After&quot;,&quot;=&gt; NUnitLite.Tests.TextUITests.MyFakeMethod\nIMMEDIATE OUTPUT\nNORMAL OUTPUT\nPassed =&gt; NUnitLite.Tests.TextUITests.MyFakeMethod\n&quot;)" methodname="SingleTest_ImmediateOutput" classname="NUnitLite.Tests.TextUITests" runstate="Runnable" seed="1311431821" result="Passed" start-time="2018-10-06 20:03:02Z" end-time="2018-10-06 20:03:02Z" duration="0.002178" asserts="1" />
          </test-suite>
          <test-suite type="ParameterizedMethod" id="1377" name="SingleTest_StartAndFinish" fullname="NUnitLite.Tests.TextUITests.SingleTest_StartAndFinish" classname="NUnitLite.Tests.TextUITests" runstate="Runnable" testcasecount="5" result="Passed" start-time="2018-10-06 20:03:02Z" end-time="2018-10-06 20:03:02Z" duration="0.002105" total="5" passed="5" failed="0" warnings="0" inconclusive="0" skipped="0" asserts="5">
            <test-case id="1372" name="SingleTest_StartAndFinish(&quot;Off&quot;,&quot;OUTPUT\n&quot;)" fullname="NUnitLite.Tests.TextUITests.SingleTest_StartAndFinish(&quot;Off&quot;,&quot;OUTPUT\n&quot;)" methodname="SingleTest_StartAndFinish" classname="NUnitLite.Tests.TextUITests" runstate="Runnable" seed="1107098085" result="Passed" start-time="2018-10-06 20:03:02Z" end-time="2018-10-06 20:03:02Z" duration="0.000902" asserts="1" />
            <test-case id="1373" name="SingleTest_StartAndFinish(&quot;On&quot;,&quot;=&gt; NUnitLite.Tests.TextUITests.MyFakeMethod\nOUTPUT\n&quot;)" fullname="NUnitLite.Tests.TextUITests.SingleTest_StartAndFinish(&quot;On&quot;,&quot;=&gt; NUnitLite.Tests.TextUITests.MyFakeMethod\nOUTPUT\n&quot;)" methodname="SingleTest_StartAndFinish" classname="NUnitLite.Tests.TextUITests" runstate="Runnable" seed="1530010969" result="Passed" start-time="2018-10-06 20:03:02Z" end-time="2018-10-06 20:03:02Z" duration="0.000174" asserts="1" />
            <test-case id="1374" name="SingleTest_StartAndFinish(&quot;All&quot;,&quot;=&gt; NUnitLite.Tests.TextUITests.MyFakeMethod\nOUTPUT\n&quot;)" fullname="NUnitLite.Tests.TextUITests.SingleTest_StartAndFinish(&quot;All&quot;,&quot;=&gt; NUnitLite.Tests.TextUITests.MyFakeMethod\nOUTPUT\n&quot;)" methodname="SingleTest_StartAndFinish" classname="NUnitLite.Tests.TextUITests" runstate="Runnable" seed="631089666" result="Passed" start-time="2018-10-06 20:03:02Z" end-time="2018-10-06 20:03:02Z" duration="0.000345" asserts="1" />
            <test-case id="1375" name="SingleTest_StartAndFinish(&quot;Before&quot;,&quot;=&gt; NUnitLite.Tests.TextUITests.MyFakeMethod\nOUTPUT\n&quot;)" fullname="NUnitLite.Tests.TextUITests.SingleTest_StartAndFinish(&quot;Before&quot;,&quot;=&gt; NUnitLite.Tests.TextUITests.MyFakeMethod\nOUTPUT\n&quot;)" methodname="SingleTest_StartAndFinish" classname="NUnitLite.Tests.TextUITests" runstate="Runnable" seed="559271009" result="Passed" start-time="2018-10-06 20:03:02Z" end-time="2018-10-06 20:03:02Z" duration="0.000165" asserts="1" />
            <test-case id="1376" name="SingleTest_StartAndFinish(&quot;After&quot;,&quot;=&gt; NUnitLite.Tests.TextUITests.MyFakeMethod\nOUTPUT\nPassed =&gt; NUnitLite.Tests.TextUITests.MyFakeMethod\n&quot;)" fullname="NUnitLite.Tests.TextUITests.SingleTest_StartAndFinish(&quot;After&quot;,&quot;=&gt; NUnitLite.Tests.TextUITests.MyFakeMethod\nOUTPUT\nPassed =&gt; NUnitLite.Tests.TextUITests.MyFakeMethod\n&quot;)" methodname="SingleTest_StartAndFinish" classname="NUnitLite.Tests.TextUITests" runstate="Runnable" seed="1268635662" result="Passed" start-time="2018-10-06 20:03:02Z" end-time="2018-10-06 20:03:02Z" duration="0.000155" asserts="1" />
          </test-suite>
          <test-suite type="ParameterizedMethod" id="1356" name="SuiteFinished" fullname="NUnitLite.Tests.TextUITests.SuiteFinished" classname="NUnitLite.Tests.TextUITests" runstate="Runnable" testcasecount="10" result="Passed" start-time="2018-10-06 20:03:02Z" end-time="2018-10-06 20:03:02Z" duration="0.009599" total="10" passed="10" failed="0" warnings="0" inconclusive="0" skipped="0" asserts="10">
            <test-case id="1346" name="SuiteFinished(&quot;Off&quot;,Passed,&quot;&quot;,&quot;&quot;,&quot;&quot;)" fullname="NUnitLite.Tests.TextUITests.SuiteFinished(&quot;Off&quot;,Passed,&quot;&quot;,&quot;&quot;,&quot;&quot;)" methodname="SuiteFinished" classname="NUnitLite.Tests.TextUITests" runstate="Runnable" seed="935985556" result="Passed" start-time="2018-10-06 20:03:02Z" end-time="2018-10-06 20:03:02Z" duration="0.001618" asserts="1" />
            <test-case id="1347" name="SuiteFinished(&quot;On&quot;,Passed,&quot;&quot;,&quot;&quot;,&quot;&quot;)" fullname="NUnitLite.Tests.TextUITests.SuiteFinished(&quot;On&quot;,Passed,&quot;&quot;,&quot;&quot;,&quot;&quot;)" methodname="SuiteFinished" classname="NUnitLite.Tests.TextUITests" runstate="Runnable" seed="1400248426" result="Passed" start-time="2018-10-06 20:03:02Z" end-time="2018-10-06 20:03:02Z" duration="0.001782" asserts="1" />
            <test-case id="1348" name="SuiteFinished(&quot;All&quot;,Passed,&quot;&quot;,&quot;&quot;,&quot;&quot;)" fullname="NUnitLite.Tests.TextUITests.SuiteFinished(&quot;All&quot;,Passed,&quot;&quot;,&quot;&quot;,&quot;&quot;)" methodname="SuiteFinished" classname="NUnitLite.Tests.TextUITests" runstate="Runnable" seed="2110744336" result="Passed" start-time="2018-10-06 20:03:02Z" end-time="2018-10-06 20:03:02Z" duration="0.000262" asserts="1" />
            <test-case id="1349" name="SuiteFinished(&quot;Before&quot;,Passed,&quot;&quot;,&quot;&quot;,&quot;&quot;)" fullname="NUnitLite.Tests.TextUITests.SuiteFinished(&quot;Before&quot;,Passed,&quot;&quot;,&quot;&quot;,&quot;&quot;)" methodname="SuiteFinished" classname="NUnitLite.Tests.TextUITests" runstate="Runnable" seed="592159225" result="Passed" start-time="2018-10-06 20:03:02Z" end-time="2018-10-06 20:03:02Z" duration="0.000884" asserts="1" />
            <test-case id="1350" name="SuiteFinished(&quot;After&quot;,Passed,&quot;&quot;,&quot;&quot;,&quot;&quot;)" fullname="NUnitLite.Tests.TextUITests.SuiteFinished(&quot;After&quot;,Passed,&quot;&quot;,&quot;&quot;,&quot;&quot;)" methodname="SuiteFinished" classname="NUnitLite.Tests.TextUITests" runstate="Runnable" seed="1326358902" result="Passed" start-time="2018-10-06 20:03:02Z" end-time="2018-10-06 20:03:02Z" duration="0.000946" asserts="1" />
            <test-case id="1351" name="SuiteFinished(&quot;Off&quot;,Passed,&quot;&quot;,&quot;First line of output\nAnother line of output&quot;,&quot;First line of output\nAnother line of output\n&quot;)" fullname="NUnitLite.Tests.TextUITests.SuiteFinished(&quot;Off&quot;,Passed,&quot;&quot;,&quot;First line of output\nAnother line of output&quot;,&quot;First line of output\nAnother line of output\n&quot;)" methodname="SuiteFinished" classname="NUnitLite.Tests.TextUITests" runstate="Runnable" seed="741078161" result="Passed" start-time="2018-10-06 20:03:02Z" end-time="2018-10-06 20:03:02Z" duration="0.000694" asserts="1" />
            <test-case id="1352" name="SuiteFinished(&quot;On&quot;,Passed,&quot;&quot;,&quot;First line of output\nAnother line of output&quot;,&quot;=&gt; DummySuite\nFirst line of output\nAnother line of output\n&quot;)" fullname="NUnitLite.Tests.TextUITests.SuiteFinished(&quot;On&quot;,Passed,&quot;&quot;,&quot;First line of output\nAnother line of output&quot;,&quot;=&gt; DummySuite\nFirst line of output\nAnother line of output\n&quot;)" methodname="SuiteFinished" classname="NUnitLite.Tests.TextUITests" runstate="Runnable" seed="876691903" result="Passed" start-time="2018-10-06 20:03:02Z" end-time="2018-10-06 20:03:02Z" duration="0.000338" asserts="1" />
            <test-case id="1353" name="SuiteFinished(&quot;All&quot;,Passed,&quot;&quot;,&quot;First line of output\nAnother line of output&quot;,&quot;=&gt; DummySuite\nFirst line of output\nAnother line of output\n&quot;)" fullname="NUnitLite.Tests.TextUITests.SuiteFinished(&quot;All&quot;,Passed,&quot;&quot;,&quot;First line of output\nAnother line of output&quot;,&quot;=&gt; DummySuite\nFirst line of output\nAnother line of output\n&quot;)" methodname="SuiteFinished" classname="NUnitLite.Tests.TextUITests" runstate="Runnable" seed="1671431762" result="Passed" start-time="2018-10-06 20:03:02Z" end-time="2018-10-06 20:03:02Z" duration="0.000453" asserts="1" />
            <test-case id="1354" name="SuiteFinished(&quot;Before&quot;,Passed,&quot;&quot;,&quot;First line of output\nAnother line of output&quot;,&quot;=&gt; DummySuite\nFirst line of output\nAnother line of output\n&quot;)" fullname="NUnitLite.Tests.TextUITests.SuiteFinished(&quot;Before&quot;,Passed,&quot;&quot;,&quot;First line of output\nAnother line of output&quot;,&quot;=&gt; DummySuite\nFirst line of output\nAnother line of output\n&quot;)" methodname="SuiteFinished" classname="NUnitLite.Tests.TextUITests" runstate="Runnable" seed="1399694729" result="Passed" start-time="2018-10-06 20:03:02Z" end-time="2018-10-06 20:03:02Z" duration="0.000266" asserts="1" />
            <test-case id="1355" name="SuiteFinished(&quot;After&quot;,Passed,&quot;&quot;,&quot;First line of output\nAnother line of output&quot;,&quot;=&gt; DummySuite\nFirst line of output\nAnother line of output\n&quot;)" fullname="NUnitLite.Tests.TextUITests.SuiteFinished(&quot;After&quot;,Passed,&quot;&quot;,&quot;First line of output\nAnother line of output&quot;,&quot;=&gt; DummySuite\nFirst line of output\nAnother line of output\n&quot;)" methodname="SuiteFinished" classname="NUnitLite.Tests.TextUITests" runstate="Runnable" seed="1711888325" result="Passed" start-time="2018-10-06 20:03:02Z" end-time="2018-10-06 20:03:02Z" duration="0.000324" asserts="1" />
          </test-suite>
          <test-suite type="ParameterizedMethod" id="1312" name="SuiteStarted" fullname="NUnitLite.Tests.TextUITests.SuiteStarted" classname="NUnitLite.Tests.TextUITests" runstate="Runnable" testcasecount="5" result="Passed" start-time="2018-10-06 20:03:02Z" end-time="2018-10-06 20:03:02Z" duration="0.001816" total="5" passed="5" failed="0" warnings="0" inconclusive="0" skipped="0" asserts="5">
            <test-case id="1307" name="SuiteStarted(&quot;Off&quot;,&quot;&quot;)" fullname="NUnitLite.Tests.TextUITests.SuiteStarted(&quot;Off&quot;,&quot;&quot;)" methodname="SuiteStarted" classname="NUnitLite.Tests.TextUITests" runstate="Runnable" seed="2052437726" result="Passed" start-time="2018-10-06 20:03:02Z" end-time="2018-10-06 20:03:02Z" duration="0.000758" asserts="1" />
            <test-case id="1308" name="SuiteStarted(&quot;On&quot;,&quot;&quot;)" fullname="NUnitLite.Tests.TextUITests.SuiteStarted(&quot;On&quot;,&quot;&quot;)" methodname="SuiteStarted" classname="NUnitLite.Tests.TextUITests" runstate="Runnable" seed="1188515596" result="Passed" start-time="2018-10-06 20:03:02Z" end-time="2018-10-06 20:03:02Z" duration="0.000196" asserts="1" />
            <test-case id="1309" name="SuiteStarted(&quot;All&quot;,&quot;&quot;)" fullname="NUnitLite.Tests.TextUITests.SuiteStarted(&quot;All&quot;,&quot;&quot;)" methodname="SuiteStarted" classname="NUnitLite.Tests.TextUITests" runstate="Runnable" seed="783672881" result="Passed" start-time="2018-10-06 20:03:02Z" end-time="2018-10-06 20:03:02Z" duration="0.000193" asserts="1" />
            <test-case id="1310" name="SuiteStarted(&quot;Before&quot;,&quot;&quot;)" fullname="NUnitLite.Tests.TextUITests.SuiteStarted(&quot;Before&quot;,&quot;&quot;)" methodname="SuiteStarted" classname="NUnitLite.Tests.TextUITests" runstate="Runnable" seed="1899101181" result="Passed" start-time="2018-10-06 20:03:02Z" end-time="2018-10-06 20:03:02Z" duration="0.000165" asserts="1" />
            <test-case id="1311" name="SuiteStarted(&quot;After&quot;,&quot;&quot;)" fullname="NUnitLite.Tests.TextUITests.SuiteStarted(&quot;After&quot;,&quot;&quot;)" methodname="SuiteStarted" classname="NUnitLite.Tests.TextUITests" runstate="Runnable" seed="1635778810" result="Passed" start-time="2018-10-06 20:03:02Z" end-time="2018-10-06 20:03:02Z" duration="0.000164" asserts="1" />
          </test-suite>
          <test-suite type="ParameterizedMethod" id="1339" name="TestFinished" fullname="NUnitLite.Tests.TextUITests.TestFinished" classname="NUnitLite.Tests.TextUITests" runstate="Runnable" testcasecount="26" result="Passed" start-time="2018-10-06 20:03:02Z" end-time="2018-10-06 20:03:02Z" duration="0.031342" total="26" passed="26" failed="0" warnings="0" inconclusive="0" skipped="0" asserts="26">
            <test-case id="1313" name="TestFinished(&quot;Off&quot;,Passed,&quot;&quot;,&quot;&quot;,&quot;&quot;)" fullname="NUnitLite.Tests.TextUITests.TestFinished(&quot;Off&quot;,Passed,&quot;&quot;,&quot;&quot;,&quot;&quot;)" methodname="TestFinished" classname="NUnitLite.Tests.TextUITests" runstate="Runnable" seed="1035338975" result="Passed" start-time="2018-10-06 20:03:02Z" end-time="2018-10-06 20:03:02Z" duration="0.001852" asserts="1" />
            <test-case id="1314" name="TestFinished(&quot;On&quot;,Passed,&quot;&quot;,&quot;&quot;,&quot;&quot;)" fullname="NUnitLite.Tests.TextUITests.TestFinished(&quot;On&quot;,Passed,&quot;&quot;,&quot;&quot;,&quot;&quot;)" methodname="TestFinished" classname="NUnitLite.Tests.TextUITests" runstate="Runnable" seed="419805930" result="Passed" start-time="2018-10-06 20:03:02Z" end-time="2018-10-06 20:03:02Z" duration="0.000656" asserts="1" />
            <test-case id="1315" name="TestFinished(&quot;All&quot;,Passed,&quot;&quot;,&quot;&quot;,&quot;&quot;)" fullname="NUnitLite.Tests.TextUITests.TestFinished(&quot;All&quot;,Passed,&quot;&quot;,&quot;&quot;,&quot;&quot;)" methodname="TestFinished" classname="NUnitLite.Tests.TextUITests" runstate="Runnable" seed="250544307" result="Passed" start-time="2018-10-06 20:03:02Z" end-time="2018-10-06 20:03:02Z" duration="0.000613" asserts="1" />
            <test-case id="1316" name="TestFinished(&quot;Before&quot;,Passed,&quot;&quot;,&quot;&quot;,&quot;&quot;)" fullname="NUnitLite.Tests.TextUITests.TestFinished(&quot;Before&quot;,Passed,&quot;&quot;,&quot;&quot;,&quot;&quot;)" methodname="TestFinished" classname="NUnitLite.Tests.TextUITests" runstate="Runnable" seed="600819978" result="Passed" start-time="2018-10-06 20:03:02Z" end-time="2018-10-06 20:03:02Z" duration="0.000637" asserts="1" />
            <test-case id="1317" name="TestFinished(&quot;After&quot;,Passed,&quot;&quot;,&quot;&quot;,&quot;Passed =&gt; NUnitLite.Tests.TextUITests.MyFakeMethod\n&quot;)" fullname="NUnitLite.Tests.TextUITests.TestFinished(&quot;After&quot;,Passed,&quot;&quot;,&quot;&quot;,&quot;Passed =&gt; NUnitLite.Tests.TextUITests.MyFakeMethod\n&quot;)" methodname="TestFinished" classname="NUnitLite.Tests.TextUITests" runstate="Runnable" seed="1760945029" result="Passed" start-time="2018-10-06 20:03:02Z" end-time="2018-10-06 20:03:02Z" duration="0.000923" asserts="1" />
            <test-case id="1318" name="TestFinished(&quot;After&quot;,Failed,&quot;&quot;,&quot;&quot;,&quot;Failed =&gt; NUnitLite.Tests.TextUITests.MyFakeMethod\n&quot;)" fullname="NUnitLite.Tests.TextUITests.TestFinished(&quot;After&quot;,Failed,&quot;&quot;,&quot;&quot;,&quot;Failed =&gt; NUnitLite.Tests.TextUITests.MyFakeMethod\n&quot;)" methodname="TestFinished" classname="NUnitLite.Tests.TextUITests" runstate="Runnable" seed="419389738" result="Passed" start-time="2018-10-06 20:03:02Z" end-time="2018-10-06 20:03:02Z" duration="0.001473" asserts="1" />
            <test-case id="1319" name="TestFinished(&quot;After&quot;,Failed,&quot;Invalid&quot;,&quot;&quot;,&quot;Invalid =&gt; NUnitLite.Tests.TextUITests.MyFakeMethod\n&quot;)" fullname="NUnitLite.Tests.TextUITests.TestFinished(&quot;After&quot;,Failed,&quot;Invalid&quot;,&quot;&quot;,&quot;Invalid =&gt; NUnitLite.Tests.TextUITests.MyFakeMethod\n&quot;)" methodname="TestFinished" classname="NUnitLite.Tests.TextUITests" runstate="Runnable" seed="1480522036" result="Passed" start-time="2018-10-06 20:03:02Z" end-time="2018-10-06 20:03:02Z" duration="0.001374" asserts="1" />
            <test-case id="1320" name="TestFinished(&quot;After&quot;,Failed,&quot;Cancelled&quot;,&quot;&quot;,&quot;Cancelled =&gt; NUnitLite.Tests.TextUITests.MyFakeMethod\n&quot;)" fullname="NUnitLite.Tests.TextUITests.TestFinished(&quot;After&quot;,Failed,&quot;Cancelled&quot;,&quot;&quot;,&quot;Cancelled =&gt; NUnitLite.Tests.TextUITests.MyFakeMethod\n&quot;)" methodname="TestFinished" classname="NUnitLite.Tests.TextUITests" runstate="Runnable" seed="1851237878" result="Passed" start-time="2018-10-06 20:03:02Z" end-time="2018-10-06 20:03:02Z" duration="0.000759" asserts="1" />
            <test-case id="1321" name="TestFinished(&quot;After&quot;,Failed,&quot;Error&quot;,&quot;&quot;,&quot;Error =&gt; NUnitLite.Tests.TextUITests.MyFakeMethod\n&quot;)" fullname="NUnitLite.Tests.TextUITests.TestFinished(&quot;After&quot;,Failed,&quot;Error&quot;,&quot;&quot;,&quot;Error =&gt; NUnitLite.Tests.TextUITests.MyFakeMethod\n&quot;)" methodname="TestFinished" classname="NUnitLite.Tests.TextUITests" runstate="Runnable" seed="639917939" result="Passed" start-time="2018-10-06 20:03:02Z" end-time="2018-10-06 20:03:02Z" duration="0.000461" asserts="1" />
            <test-case id="1322" name="TestFinished(&quot;After&quot;,Inconclusive,&quot;&quot;,&quot;&quot;,&quot;Inconclusive =&gt; NUnitLite.Tests.TextUITests.MyFakeMethod\n&quot;)" fullname="NUnitLite.Tests.TextUITests.TestFinished(&quot;After&quot;,Inconclusive,&quot;&quot;,&quot;&quot;,&quot;Inconclusive =&gt; NUnitLite.Tests.TextUITests.MyFakeMethod\n&quot;)" methodname="TestFinished" classname="NUnitLite.Tests.TextUITests" runstate="Runnable" seed="1198781283" result="Passed" start-time="2018-10-06 20:03:02Z" end-time="2018-10-06 20:03:02Z" duration="0.001606" asserts="1" />
            <test-case id="1323" name="TestFinished(&quot;After&quot;,Skipped,&quot;&quot;,&quot;&quot;,&quot;Skipped =&gt; NUnitLite.Tests.TextUITests.MyFakeMethod\n&quot;)" fullname="NUnitLite.Tests.TextUITests.TestFinished(&quot;After&quot;,Skipped,&quot;&quot;,&quot;&quot;,&quot;Skipped =&gt; NUnitLite.Tests.TextUITests.MyFakeMethod\n&quot;)" methodname="TestFinished" classname="NUnitLite.Tests.TextUITests" runstate="Runnable" seed="687821831" result="Passed" start-time="2018-10-06 20:03:02Z" end-time="2018-10-06 20:03:02Z" duration="0.000686" asserts="1" />
            <test-case id="1324" name="TestFinished(&quot;After&quot;,Skipped,&quot;Ignored&quot;,&quot;&quot;,&quot;Ignored =&gt; NUnitLite.Tests.TextUITests.MyFakeMethod\n&quot;)" fullname="NUnitLite.Tests.TextUITests.TestFinished(&quot;After&quot;,Skipped,&quot;Ignored&quot;,&quot;&quot;,&quot;Ignored =&gt; NUnitLite.Tests.TextUITests.MyFakeMethod\n&quot;)" methodname="TestFinished" classname="NUnitLite.Tests.TextUITests" runstate="Runnable" seed="16424250" result="Passed" start-time="2018-10-06 20:03:02Z" end-time="2018-10-06 20:03:02Z" duration="0.000516" asserts="1" />
            <test-case id="1325" name="TestFinished(&quot;After&quot;,Warning,&quot;&quot;,&quot;&quot;,&quot;Warning =&gt; NUnitLite.Tests.TextUITests.MyFakeMethod\n&quot;)" fullname="NUnitLite.Tests.TextUITests.TestFinished(&quot;After&quot;,Warning,&quot;&quot;,&quot;&quot;,&quot;Warning =&gt; NUnitLite.Tests.TextUITests.MyFakeMethod\n&quot;)" methodname="TestFinished" classname="NUnitLite.Tests.TextUITests" runstate="Runnable" seed="1607274061" result="Passed" start-time="2018-10-06 20:03:02Z" end-time="2018-10-06 20:03:02Z" duration="0.004667" asserts="1" />
            <test-case id="1326" name="TestFinished(&quot;Off&quot;,Passed,&quot;&quot;,&quot;First line of output\nAnother line of output&quot;,&quot;First line of output\nAnother line of output\n&quot;)" fullname="NUnitLite.Tests.TextUITests.TestFinished(&quot;Off&quot;,Passed,&quot;&quot;,&quot;First line of output\nAnother line of output&quot;,&quot;First line of output\nAnother line of output\n&quot;)" methodname="TestFinished" classname="NUnitLite.Tests.TextUITests" runstate="Runnable" seed="860065408" result="Passed" start-time="2018-10-06 20:03:02Z" end-time="2018-10-06 20:03:02Z" duration="0.000514" asserts="1" />
            <test-case id="1327" name="TestFinished(&quot;On&quot;,Passed,&quot;&quot;,&quot;First line of output\nAnother line of output&quot;,&quot;=&gt; NUnitLite.Tests.TextUITests.MyFakeMethod\nFirst line of output\nAnother line of output\n&quot;)" fullname="NUnitLite.Tests.TextUITests.TestFinished(&quot;On&quot;,Passed,&quot;&quot;,&quot;First line of output\nAnother line of output&quot;,&quot;=&gt; NUnitLite.Tests.TextUITests.MyFakeMethod\nFirst line of output\nAnother line of output\n&quot;)" methodname="TestFinished" classname="NUnitLite.Tests.TextUITests" runstate="Runnable" seed="175955407" result="Passed" start-time="2018-10-06 20:03:02Z" end-time="2018-10-06 20:03:02Z" duration="0.000485" asserts="1" />
            <test-case id="1328" name="TestFinished(&quot;All&quot;,Passed,&quot;&quot;,&quot;First line of output\nAnother line of output&quot;,&quot;=&gt; NUnitLite.Tests.TextUITests.MyFakeMethod\nFirst line of output\nAnother line of output\n&quot;)" fullname="NUnitLite.Tests.TextUITests.TestFinished(&quot;All&quot;,Passed,&quot;&quot;,&quot;First line of output\nAnother line of output&quot;,&quot;=&gt; NUnitLite.Tests.TextUITests.MyFakeMethod\nFirst line of output\nAnother line of output\n&quot;)" methodname="TestFinished" classname="NUnitLite.Tests.TextUITests" runstate="Runnable" seed="1103609461" result="Passed" start-time="2018-10-06 20:03:02Z" end-time="2018-10-06 20:03:02Z" duration="0.000597" asserts="1" />
            <test-case id="1329" name="TestFinished(&quot;Before&quot;,Passed,&quot;&quot;,&quot;First line of output\nAnother line of output&quot;,&quot;=&gt; NUnitLite.Tests.TextUITests.MyFakeMethod\nFirst line of output\nAnother line of output\n&quot;)" fullname="NUnitLite.Tests.TextUITests.TestFinished(&quot;Before&quot;,Passed,&quot;&quot;,&quot;First line of output\nAnother line of output&quot;,&quot;=&gt; NUnitLite.Tests.TextUITests.MyFakeMethod\nFirst line of output\nAnother line of output\n&quot;)" methodname="TestFinished" classname="NUnitLite.Tests.TextUITests" runstate="Runnable" seed="821669692" result="Passed" start-time="2018-10-06 20:03:02Z" end-time="2018-10-06 20:03:02Z" duration="0.000487" asserts="1" />
            <test-case id="1330" name="TestFinished(&quot;After&quot;,Passed,&quot;&quot;,&quot;First line of output\nAnother line of output&quot;,&quot;=&gt; NUnitLite.Tests.TextUITests.MyFakeMethod\nFirst line of output\nAnother line of output\nPassed =&gt; NUnitLite.Tests.TextUITests.MyFakeMethod\n&quot;)" fullname="NUnitLite.Tests.TextUITests.TestFinished(&quot;After&quot;,Passed,&quot;&quot;,&quot;First line of output\nAnother line of output&quot;,&quot;=&gt; NUnitLite.Tests.TextUITests.MyFakeMethod\nFirst line of output\nAnother line of output\nPassed =&gt; NUnitLite.Tests.TextUITests.MyFakeMethod\n&quot;)" methodname="TestFinished" classname="NUnitLite.Tests.TextUITests" runstate="Runnable" seed="372563365" result="Passed" start-time="2018-10-06 20:03:02Z" end-time="2018-10-06 20:03:02Z" duration="0.000840" asserts="1" />
            <test-case id="1331" name="TestFinished(&quot;After&quot;,Failed,&quot;&quot;,&quot;First line of output\nAnother line of output&quot;,&quot;=&gt; NUnitLite.Tests.TextUITests.MyFakeMethod\nFirst line of output\nAnother line of output\nFailed =&gt; NUnitLite.Tests.TextUITests.MyFakeMethod\n&quot;)" fullname="NUnitLite.Tests.TextUITests.TestFinished(&quot;After&quot;,Failed,&quot;&quot;,&quot;First line of output\nAnother line of output&quot;,&quot;=&gt; NUnitLite.Tests.TextUITests.MyFakeMethod\nFirst line of output\nAnother line of output\nFailed =&gt; NUnitLite.Tests.TextUITests.MyFakeMethod\n&quot;)" methodname="TestFinished" classname="NUnitLite.Tests.TextUITests" runstate="Runnable" seed="1720183128" result="Passed" start-time="2018-10-06 20:03:02Z" end-time="2018-10-06 20:03:02Z" duration="0.000810" asserts="1" />
            <test-case id="1332" name="TestFinished(&quot;After&quot;,Failed,&quot;Invalid&quot;,&quot;First line of output\nAnother line of output&quot;,&quot;=&gt; NUnitLite.Tests.TextUITests.MyFakeMethod\nFirst line of output\nAnother line of output\nInvalid =&gt; NUnitLite.Tests.TextUITests.MyFakeMethod\n&quot;)" fullname="NUnitLite.Tests.TextUITests.TestFinished(&quot;After&quot;,Failed,&quot;Invalid&quot;,&quot;First line of output\nAnother line of output&quot;,&quot;=&gt; NUnitLite.Tests.TextUITests.MyFakeMethod\nFirst line of output\nAnother line of output\nInvalid =&gt; NUnitLite.Tests.TextUITests.MyFakeMethod\n&quot;)" methodname="TestFinished" classname="NUnitLite.Tests.TextUITests" runstate="Runnable" seed="390334507" result="Passed" start-time="2018-10-06 20:03:02Z" end-time="2018-10-06 20:03:02Z" duration="0.000632" asserts="1" />
            <test-case id="1333" name="TestFinished(&quot;After&quot;,Failed,&quot;Cancelled&quot;,&quot;First line of output\nAnother line of output&quot;,&quot;=&gt; NUnitLite.Tests.TextUITests.MyFakeMethod\nFirst line of output\nAnother line of output\nCancelled =&gt; NUnitLite.Tests.TextUITests.MyFakeMethod\n&quot;)" fullname="NUnitLite.Tests.TextUITests.TestFinished(&quot;After&quot;,Failed,&quot;Cancelled&quot;,&quot;First line of output\nAnother line of output&quot;,&quot;=&gt; NUnitLite.Tests.TextUITests.MyFakeMethod\nFirst line of output\nAnother line of output\nCancelled =&gt; NUnitLite.Tests.TextUITests.MyFakeMethod\n&quot;)" methodname="TestFinished" classname="NUnitLite.Tests.TextUITests" runstate="Runnable" seed="1248407756" result="Passed" start-time="2018-10-06 20:03:02Z" end-time="2018-10-06 20:03:02Z" duration="0.000877" asserts="1" />
            <test-case id="1334" name="TestFinished(&quot;After&quot;,Failed,&quot;Error&quot;,&quot;First line of output\nAnother line of output&quot;,&quot;=&gt; NUnitLite.Tests.TextUITests.MyFakeMethod\nFirst line of output\nAnother line of output\nError =&gt; NUnitLite.Tests.TextUITests.MyFakeMethod\n&quot;)" fullname="NUnitLite.Tests.TextUITests.TestFinished(&quot;After&quot;,Failed,&quot;Error&quot;,&quot;First line of output\nAnother line of output&quot;,&quot;=&gt; NUnitLite.Tests.TextUITests.MyFakeMethod\nFirst line of output\nAnother line of output\nError =&gt; NUnitLite.Tests.TextUITests.MyFakeMethod\n&quot;)" methodname="TestFinished" classname="NUnitLite.Tests.TextUITests" runstate="Runnable" seed="1846729955" result="Passed" start-time="2018-10-06 20:03:02Z" end-time="2018-10-06 20:03:02Z" duration="0.000460" asserts="1" />
            <test-case id="1335" name="TestFinished(&quot;After&quot;,Inconclusive,&quot;&quot;,&quot;First line of output\nAnother line of output&quot;,&quot;=&gt; NUnitLite.Tests.TextUITests.MyFakeMethod\nFirst line of output\nAnother line of output\nInconclusive =&gt; NUnitLite.Tests.TextUITests.MyFakeMethod\n&quot;)" fullname="NUnitLite.Tests.TextUITests.TestFinished(&quot;After&quot;,Inconclusive,&quot;&quot;,&quot;First line of output\nAnother line of output&quot;,&quot;=&gt; NUnitLite.Tests.TextUITests.MyFakeMethod\nFirst line of output\nAnother line of output\nInconclusive =&gt; NUnitLite.Tests.TextUITests.MyFakeMethod\n&quot;)" methodname="TestFinished" classname="NUnitLite.Tests.TextUITests" runstate="Runnable" seed="872303391" result="Passed" start-time="2018-10-06 20:03:02Z" end-time="2018-10-06 20:03:02Z" duration="0.002822" asserts="1" />
            <test-case id="1336" name="TestFinished(&quot;After&quot;,Skipped,&quot;&quot;,&quot;First line of output\nAnother line of output&quot;,&quot;=&gt; NUnitLite.Tests.TextUITests.MyFakeMethod\nFirst line of output\nAnother line of output\nSkipped =&gt; NUnitLite.Tests.TextUITests.MyFakeMethod\n&quot;)" fullname="NUnitLite.Tests.TextUITests.TestFinished(&quot;After&quot;,Skipped,&quot;&quot;,&quot;First line of output\nAnother line of output&quot;,&quot;=&gt; NUnitLite.Tests.TextUITests.MyFakeMethod\nFirst line of output\nAnother line of output\nSkipped =&gt; NUnitLite.Tests.TextUITests.MyFakeMethod\n&quot;)" methodname="TestFinished" classname="NUnitLite.Tests.TextUITests" runstate="Runnable" seed="280128884" result="Passed" start-time="2018-10-06 20:03:02Z" end-time="2018-10-06 20:03:02Z" duration="0.000560" asserts="1" />
            <test-case id="1337" name="TestFinished(&quot;After&quot;,Skipped,&quot;Ignored&quot;,&quot;First line of output\nAnother line of output&quot;,&quot;=&gt; NUnitLite.Tests.TextUITests.MyFakeMethod\nFirst line of output\nAnother line of output\nIgnored =&gt; NUnitLite.Tests.TextUITests.MyFakeMethod\n&quot;)" fullname="NUnitLite.Tests.TextUITests.TestFinished(&quot;After&quot;,Skipped,&quot;Ignored&quot;,&quot;First line of output\nAnother line of output&quot;,&quot;=&gt; NUnitLite.Tests.TextUITests.MyFakeMethod\nFirst line of output\nAnother line of output\nIgnored =&gt; NUnitLite.Tests.TextUITests.MyFakeMethod\n&quot;)" methodname="TestFinished" classname="NUnitLite.Tests.TextUITests" runstate="Runnable" seed="1529325858" result="Passed" start-time="2018-10-06 20:03:02Z" end-time="2018-10-06 20:03:02Z" duration="0.000539" asserts="1" />
            <test-case id="1338" name="TestFinished(&quot;After&quot;,Warning,&quot;&quot;,&quot;First line of output\nAnother line of output&quot;,&quot;=&gt; NUnitLite.Tests.TextUITests.MyFakeMethod\nFirst line of output\nAnother line of output\nWarning =&gt; NUnitLite.Tests.TextUITests.MyFakeMethod\n&quot;)" fullname="NUnitLite.Tests.TextUITests.TestFinished(&quot;After&quot;,Warning,&quot;&quot;,&quot;First line of output\nAnother line of output&quot;,&quot;=&gt; NUnitLite.Tests.TextUITests.MyFakeMethod\nFirst line of output\nAnother line of output\nWarning =&gt; NUnitLite.Tests.TextUITests.MyFakeMethod\n&quot;)" methodname="TestFinished" classname="NUnitLite.Tests.TextUITests" runstate="Runnable" seed="613785919" result="Passed" start-time="2018-10-06 20:03:02Z" end-time="2018-10-06 20:03:02Z" duration="0.000525" asserts="1" />
          </test-suite>
          <test-suite type="ParameterizedMethod" id="1306" name="TestStarted" fullname="NUnitLite.Tests.TextUITests.TestStarted" classname="NUnitLite.Tests.TextUITests" runstate="Runnable" testcasecount="5" result="Passed" start-time="2018-10-06 20:03:02Z" end-time="2018-10-06 20:03:02Z" duration="0.010910" total="5" passed="5" failed="0" warnings="0" inconclusive="0" skipped="0" asserts="5">
            <test-case id="1301" name="TestStarted(&quot;Off&quot;,&quot;&quot;)" fullname="NUnitLite.Tests.TextUITests.TestStarted(&quot;Off&quot;,&quot;&quot;)" methodname="TestStarted" classname="NUnitLite.Tests.TextUITests" runstate="Runnable" seed="1306738799" result="Passed" start-time="2018-10-06 20:03:02Z" end-time="2018-10-06 20:03:02Z" duration="0.001483" asserts="1" />
            <test-case id="1302" name="TestStarted(&quot;On&quot;,&quot;&quot;)" fullname="NUnitLite.Tests.TextUITests.TestStarted(&quot;On&quot;,&quot;&quot;)" methodname="TestStarted" classname="NUnitLite.Tests.TextUITests" runstate="Runnable" seed="575945404" result="Passed" start-time="2018-10-06 20:03:02Z" end-time="2018-10-06 20:03:02Z" duration="0.000267" asserts="1" />
            <test-case id="1303" name="TestStarted(&quot;All&quot;,&quot;=&gt; NUnitLite.Tests.TextUITests.MyFakeMethod\n&quot;)" fullname="NUnitLite.Tests.TextUITests.TestStarted(&quot;All&quot;,&quot;=&gt; NUnitLite.Tests.TextUITests.MyFakeMethod\n&quot;)" methodname="TestStarted" classname="NUnitLite.Tests.TextUITests" runstate="Runnable" seed="1995621388" result="Passed" start-time="2018-10-06 20:03:02Z" end-time="2018-10-06 20:03:02Z" duration="0.000498" asserts="1" />
            <test-case id="1304" name="TestStarted(&quot;Before&quot;,&quot;=&gt; NUnitLite.Tests.TextUITests.MyFakeMethod\n&quot;)" fullname="NUnitLite.Tests.TextUITests.TestStarted(&quot;Before&quot;,&quot;=&gt; NUnitLite.Tests.TextUITests.MyFakeMethod\n&quot;)" methodname="TestStarted" classname="NUnitLite.Tests.TextUITests" runstate="Runnable" seed="296595906" result="Passed" start-time="2018-10-06 20:03:02Z" end-time="2018-10-06 20:03:02Z" duration="0.000267" asserts="1" />
            <test-case id="1305" name="TestStarted(&quot;After&quot;,&quot;&quot;)" fullname="NUnitLite.Tests.TextUITests.TestStarted(&quot;After&quot;,&quot;&quot;)" methodname="TestStarted" classname="NUnitLite.Tests.TextUITests" runstate="Runnable" seed="961996212" result="Passed" start-time="2018-10-06 20:03:02Z" end-time="2018-10-06 20:03:02Z" duration="0.000277" asserts="1" />
          </test-suite>
          <test-suite type="ParameterizedMethod" id="1345" name="TestWritesSingleCharacters" fullname="NUnitLite.Tests.TextUITests.TestWritesSingleCharacters" classname="NUnitLite.Tests.TextUITests" runstate="Runnable" testcasecount="5" result="Passed" start-time="2018-10-06 20:03:02Z" end-time="2018-10-06 20:03:02Z" duration="0.008461" total="5" passed="5" failed="0" warnings="0" inconclusive="0" skipped="0" asserts="5">
            <test-case id="1340" name="TestWritesSingleCharacters(&quot;Off&quot;,&quot;ABC+XYZ\n&quot;)" fullname="NUnitLite.Tests.TextUITests.TestWritesSingleCharacters(&quot;Off&quot;,&quot;ABC+XYZ\n&quot;)" methodname="TestWritesSingleCharacters" classname="NUnitLite.Tests.TextUITests" runstate="Runnable" seed="710349622" result="Passed" start-time="2018-10-06 20:03:02Z" end-time="2018-10-06 20:03:02Z" duration="0.003846" asserts="1" />
            <test-case id="1341" name="TestWritesSingleCharacters(&quot;On&quot;,&quot;=&gt; NUnitLite.Tests.TextUITests.MyFakeMethod\nABC+XYZ\n&quot;)" fullname="NUnitLite.Tests.TextUITests.TestWritesSingleCharacters(&quot;On&quot;,&quot;=&gt; NUnitLite.Tests.TextUITests.MyFakeMethod\nABC+XYZ\n&quot;)" methodname="TestWritesSingleCharacters" classname="NUnitLite.Tests.TextUITests" runstate="Runnable" seed="261103840" result="Passed" start-time="2018-10-06 20:03:02Z" end-time="2018-10-06 20:03:02Z" duration="0.000302" asserts="1" />
            <test-case id="1342" name="TestWritesSingleCharacters(&quot;All&quot;,&quot;=&gt; NUnitLite.Tests.TextUITests.MyFakeMethod\nABC+XYZ\n&quot;)" fullname="NUnitLite.Tests.TextUITests.TestWritesSingleCharacters(&quot;All&quot;,&quot;=&gt; NUnitLite.Tests.TextUITests.MyFakeMethod\nABC+XYZ\n&quot;)" methodname="TestWritesSingleCharacters" classname="NUnitLite.Tests.TextUITests" runstate="Runnable" seed="94457829" result="Passed" start-time="2018-10-06 20:03:02Z" end-time="2018-10-06 20:03:02Z" duration="0.000714" asserts="1" />
            <test-case id="1343" name="TestWritesSingleCharacters(&quot;Before&quot;,&quot;=&gt; NUnitLite.Tests.TextUITests.MyFakeMethod\nABC+XYZ\n&quot;)" fullname="NUnitLite.Tests.TextUITests.TestWritesSingleCharacters(&quot;Before&quot;,&quot;=&gt; NUnitLite.Tests.TextUITests.MyFakeMethod\nABC+XYZ\n&quot;)" methodname="TestWritesSingleCharacters" classname="NUnitLite.Tests.TextUITests" runstate="Runnable" seed="2054972358" result="Passed" start-time="2018-10-06 20:03:02Z" end-time="2018-10-06 20:03:02Z" duration="0.000673" asserts="1" />
            <test-case id="1344" name="TestWritesSingleCharacters(&quot;After&quot;,&quot;=&gt; NUnitLite.Tests.TextUITests.MyFakeMethod\nABC+XYZ\nPassed =&gt; NUnitLite.Tests.TextUITests.MyFakeMethod\n&quot;)" fullname="NUnitLite.Tests.TextUITests.TestWritesSingleCharacters(&quot;After&quot;,&quot;=&gt; NUnitLite.Tests.TextUITests.MyFakeMethod\nABC+XYZ\nPassed =&gt; NUnitLite.Tests.TextUITests.MyFakeMethod\n&quot;)" methodname="TestWritesSingleCharacters" classname="NUnitLite.Tests.TextUITests" runstate="Runnable" seed="1424106219" result="Passed" start-time="2018-10-06 20:03:02Z" end-time="2018-10-06 20:03:02Z" duration="0.000316" asserts="1" />
          </test-suite>
          <test-suite type="ParameterizedMethod" id="1395" name="TwoTests_InterleavedExecution" fullname="NUnitLite.Tests.TextUITests.TwoTests_InterleavedExecution" classname="NUnitLite.Tests.TextUITests" runstate="Runnable" testcasecount="5" result="Passed" start-time="2018-10-06 20:03:02Z" end-time="2018-10-06 20:03:02Z" duration="0.010556" total="5" passed="5" failed="0" warnings="0" inconclusive="0" skipped="0" asserts="5">
            <test-case id="1390" name="TwoTests_InterleavedExecution(&quot;Off&quot;,&quot;Immediate output from first test\nAnother immediate output from first test\nImmediate output from second test\nOUTPUT1\nOUTPUT2\n&quot;)" fullname="NUnitLite.Tests.TextUITests.TwoTests_InterleavedExecution(&quot;Off&quot;,&quot;Immediate output from first test\nAnother immediate output from first test\nImmediate output from second test\nOUTPUT1\nOUTPUT2\n&quot;)" methodname="TwoTests_InterleavedExecution" classname="NUnitLite.Tests.TextUITests" runstate="Runnable" seed="1504573335" result="Passed" start-time="2018-10-06 20:03:02Z" end-time="2018-10-06 20:03:02Z" duration="0.002128" asserts="1" />
            <test-case id="1391" name="TwoTests_InterleavedExecution(&quot;On&quot;,&quot;=&gt; NUnitLite.Tests.TextUITests.MyFakeMethod\nImmediate output from first test\nAnother immediate output from first test\n=&gt; NUnitLite.Tests.TextUITests.AnotherFakeMethod\nImmediate output from second test\n=&gt; NUnitLite.Tests.TextUITests.MyFakeMethod\nOUTPUT1\n=&gt; NUnitLite.Tests.TextUITests.AnotherFakeMethod\nOUTPUT2\n&quot;)" fullname="NUnitLite.Tests.TextUITests.TwoTests_InterleavedExecution(&quot;On&quot;,&quot;=&gt; NUnitLite.Tests.TextUITests.MyFakeMethod\nImmediate output from first test\nAnother immediate output from first test\n=&gt; NUnitLite.Tests.TextUITests.AnotherFakeMethod\nImmediate output from second test\n=&gt; NUnitLite.Tests.TextUITests.MyFakeMethod\nOUTPUT1\n=&gt; NUnitLite.Tests.TextUITests.AnotherFakeMethod\nOUTPUT2\n&quot;)" methodname="TwoTests_InterleavedExecution" classname="NUnitLite.Tests.TextUITests" runstate="Runnable" seed="260727149" result="Passed" start-time="2018-10-06 20:03:02Z" end-time="2018-10-06 20:03:02Z" duration="0.000397" asserts="1" />
            <test-case id="1392" name="TwoTests_InterleavedExecution(&quot;All&quot;,&quot;=&gt; NUnitLite.Tests.TextUITests.MyFakeMethod\nImmediate output from first test\n=&gt; NUnitLite.Tests.TextUITests.AnotherFakeMethod\n=&gt; NUnitLite.Tests.TextUITests.MyFakeMethod\nAnother immediate output from first test\n=&gt; NUnitLite.Tests.TextUITests.AnotherFakeMethod\nImmediate output from second test\n=&gt; NUnitLite.Tests.TextUITests.MyFakeMethod\nOUTPUT1\n=&gt; NUnitLite.Tests.TextUITests.AnotherFakeMethod\nOUTPUT2\n&quot;)" fullname="NUnitLite.Tests.TextUITests.TwoTests_InterleavedExecution(&quot;All&quot;,&quot;=&gt; NUnitLite.Tests.TextUITests.MyFakeMethod\nImmediate output from first test\n=&gt; NUnitLite.Tests.TextUITests.AnotherFakeMethod\n=&gt; NUnitLite.Tests.TextUITests.MyFakeMethod\nAnother immediate output from first test\n=&gt; NUnitLite.Tests.TextUITests.AnotherFakeMethod\nImmediate output from second test\n=&gt; NUnitLite.Tests.TextUITests.MyFakeMethod\nOUTPUT1\n=&gt; NUnitLite.Tests.TextUITests.AnotherFakeMethod\nOUTPUT2\n&quot;)" methodname="TwoTests_InterleavedExecution" classname="NUnitLite.Tests.TextUITests" runstate="Runnable" seed="1880083945" result="Passed" start-time="2018-10-06 20:03:02Z" end-time="2018-10-06 20:03:02Z" duration="0.000380" asserts="1" />
            <test-case id="1393" name="TwoTests_InterleavedExecution(&quot;Before&quot;,&quot;=&gt; NUnitLite.Tests.TextUITests.MyFakeMethod\nImmediate output from first test\n=&gt; NUnitLite.Tests.TextUITests.AnotherFakeMethod\n=&gt; NUnitLite.Tests.TextUITests.MyFakeMethod\nAnother immediate output from first test\n=&gt; NUnitLite.Tests.TextUITests.AnotherFakeMethod\nImmediate output from second test\n=&gt; NUnitLite.Tests.TextUITests.MyFakeMethod\nOUTPUT1\n=&gt; NUnitLite.Tests.TextUITests.AnotherFakeMethod\nOUTPUT2\n&quot;)" fullname="NUnitLite.Tests.TextUITests.TwoTests_InterleavedExecution(&quot;Before&quot;,&quot;=&gt; NUnitLite.Tests.TextUITests.MyFakeMethod\nImmediate output from first test\n=&gt; NUnitLite.Tests.TextUITests.AnotherFakeMethod\n=&gt; NUnitLite.Tests.TextUITests.MyFakeMethod\nAnother immediate output from first test\n=&gt; NUnitLite.Tests.TextUITests.AnotherFakeMethod\nImmediate output from second test\n=&gt; NUnitLite.Tests.TextUITests.MyFakeMethod\nOUTPUT1\n=&gt; NUnitLite.Tests.TextUITests.AnotherFakeMethod\nOUTPUT2\n&quot;)" methodname="TwoTests_InterleavedExecution" classname="NUnitLite.Tests.TextUITests" runstate="Runnable" seed="238041728" result="Passed" start-time="2018-10-06 20:03:02Z" end-time="2018-10-06 20:03:02Z" duration="0.000218" asserts="1" />
            <test-case id="1394" name="TwoTests_InterleavedExecution(&quot;After&quot;,&quot;=&gt; NUnitLite.Tests.TextUITests.MyFakeMethod\nImmediate output from first test\nAnother immediate output from first test\n=&gt; NUnitLite.Tests.TextUITests.AnotherFakeMethod\nImmediate output from second test\n=&gt; NUnitLite.Tests.TextUITests.MyFakeMethod\nOUTPUT1\nFailed =&gt; NUnitLite.Tests.TextUITests.MyFakeMethod\n=&gt; NUnitLite.Tests.TextUITests.AnotherFakeMethod\nOUTPUT2\nPassed =&gt; NUnitLite.Tests.TextUITests.AnotherFakeMethod\n&quot;)" fullname="NUnitLite.Tests.TextUITests.TwoTests_InterleavedExecution(&quot;After&quot;,&quot;=&gt; NUnitLite.Tests.TextUITests.MyFakeMethod\nImmediate output from first test\nAnother immediate output from first test\n=&gt; NUnitLite.Tests.TextUITests.AnotherFakeMethod\nImmediate output from second test\n=&gt; NUnitLite.Tests.TextUITests.MyFakeMethod\nOUTPUT1\nFailed =&gt; NUnitLite.Tests.TextUITests.MyFakeMethod\n=&gt; NUnitLite.Tests.TextUITests.AnotherFakeMethod\nOUTPUT2\nPassed =&gt; NUnitLite.Tests.TextUITests.AnotherFakeMethod\n&quot;)" methodname="TwoTests_InterleavedExecution" classname="NUnitLite.Tests.TextUITests" runstate="Runnable" seed="2005856174" result="Passed" start-time="2018-10-06 20:03:02Z" end-time="2018-10-06 20:03:02Z" duration="0.000141" asserts="1" />
          </test-suite>
          <test-suite type="ParameterizedMethod" id="1401" name="TwoTests_NestedExecution" fullname="NUnitLite.Tests.TextUITests.TwoTests_NestedExecution" classname="NUnitLite.Tests.TextUITests" runstate="Runnable" testcasecount="5" result="Passed" start-time="2018-10-06 20:03:02Z" end-time="2018-10-06 20:03:02Z" duration="0.005252" total="5" passed="5" failed="0" warnings="0" inconclusive="0" skipped="0" asserts="5">
            <test-case id="1396" name="TwoTests_NestedExecution(&quot;Off&quot;,&quot;Immediate output from first test\nAnother immediate output from first test\nImmediate output from second test\nOUTPUT2\nOUTPUT1\n&quot;)" fullname="NUnitLite.Tests.TextUITests.TwoTests_NestedExecution(&quot;Off&quot;,&quot;Immediate output from first test\nAnother immediate output from first test\nImmediate output from second test\nOUTPUT2\nOUTPUT1\n&quot;)" methodname="TwoTests_NestedExecution" classname="NUnitLite.Tests.TextUITests" runstate="Runnable" seed="177070729" result="Passed" start-time="2018-10-06 20:03:02Z" end-time="2018-10-06 20:03:02Z" duration="0.001778" asserts="1" />
            <test-case id="1397" name="TwoTests_NestedExecution(&quot;On&quot;,&quot;=&gt; NUnitLite.Tests.TextUITests.MyFakeMethod\nImmediate output from first test\nAnother immediate output from first test\n=&gt; NUnitLite.Tests.TextUITests.AnotherFakeMethod\nImmediate output from second test\nOUTPUT2\n=&gt; NUnitLite.Tests.TextUITests.MyFakeMethod\nOUTPUT1\n&quot;)" fullname="NUnitLite.Tests.TextUITests.TwoTests_NestedExecution(&quot;On&quot;,&quot;=&gt; NUnitLite.Tests.TextUITests.MyFakeMethod\nImmediate output from first test\nAnother immediate output from first test\n=&gt; NUnitLite.Tests.TextUITests.AnotherFakeMethod\nImmediate output from second test\nOUTPUT2\n=&gt; NUnitLite.Tests.TextUITests.MyFakeMethod\nOUTPUT1\n&quot;)" methodname="TwoTests_NestedExecution" classname="NUnitLite.Tests.TextUITests" runstate="Runnable" seed="2077395865" result="Passed" start-time="2018-10-06 20:03:02Z" end-time="2018-10-06 20:03:02Z" duration="0.000237" asserts="1" />
            <test-case id="1398" name="TwoTests_NestedExecution(&quot;All&quot;,&quot;=&gt; NUnitLite.Tests.TextUITests.MyFakeMethod\nImmediate output from first test\n=&gt; NUnitLite.Tests.TextUITests.AnotherFakeMethod\n=&gt; NUnitLite.Tests.TextUITests.MyFakeMethod\nAnother immediate output from first test\n=&gt; NUnitLite.Tests.TextUITests.AnotherFakeMethod\nImmediate output from second test\nOUTPUT2\n=&gt; NUnitLite.Tests.TextUITests.MyFakeMethod\nOUTPUT1\n&quot;)" fullname="NUnitLite.Tests.TextUITests.TwoTests_NestedExecution(&quot;All&quot;,&quot;=&gt; NUnitLite.Tests.TextUITests.MyFakeMethod\nImmediate output from first test\n=&gt; NUnitLite.Tests.TextUITests.AnotherFakeMethod\n=&gt; NUnitLite.Tests.TextUITests.MyFakeMethod\nAnother immediate output from first test\n=&gt; NUnitLite.Tests.TextUITests.AnotherFakeMethod\nImmediate output from second test\nOUTPUT2\n=&gt; NUnitLite.Tests.TextUITests.MyFakeMethod\nOUTPUT1\n&quot;)" methodname="TwoTests_NestedExecution" classname="NUnitLite.Tests.TextUITests" runstate="Runnable" seed="1960034423" result="Passed" start-time="2018-10-06 20:03:02Z" end-time="2018-10-06 20:03:02Z" duration="0.002565" asserts="1" />
            <test-case id="1399" name="TwoTests_NestedExecution(&quot;Before&quot;,&quot;=&gt; NUnitLite.Tests.TextUITests.MyFakeMethod\nImmediate output from first test\n=&gt; NUnitLite.Tests.TextUITests.AnotherFakeMethod\n=&gt; NUnitLite.Tests.TextUITests.MyFakeMethod\nAnother immediate output from first test\n=&gt; NUnitLite.Tests.TextUITests.AnotherFakeMethod\nImmediate output from second test\nOUTPUT2\n=&gt; NUnitLite.Tests.TextUITests.MyFakeMethod\nOUTPUT1\n&quot;)" fullname="NUnitLite.Tests.TextUITests.TwoTests_NestedExecution(&quot;Before&quot;,&quot;=&gt; NUnitLite.Tests.TextUITests.MyFakeMethod\nImmediate output from first test\n=&gt; NUnitLite.Tests.TextUITests.AnotherFakeMethod\n=&gt; NUnitLite.Tests.TextUITests.MyFakeMethod\nAnother immediate output from first test\n=&gt; NUnitLite.Tests.TextUITests.AnotherFakeMethod\nImmediate output from second test\nOUTPUT2\n=&gt; NUnitLite.Tests.TextUITests.MyFakeMethod\nOUTPUT1\n&quot;)" methodname="TwoTests_NestedExecution" classname="NUnitLite.Tests.TextUITests" runstate="Runnable" seed="239011309" result="Passed" start-time="2018-10-06 20:03:02Z" end-time="2018-10-06 20:03:02Z" duration="0.000257" asserts="1" />
            <test-case id="1400" name="TwoTests_NestedExecution(&quot;After&quot;,&quot;=&gt; NUnitLite.Tests.TextUITests.MyFakeMethod\nImmediate output from first test\nAnother immediate output from first test\n=&gt; NUnitLite.Tests.TextUITests.AnotherFakeMethod\nImmediate output from second test\nOUTPUT2\nPassed =&gt; NUnitLite.Tests.TextUITests.AnotherFakeMethod\n=&gt; NUnitLite.Tests.TextUITests.MyFakeMethod\nOUTPUT1\nFailed =&gt; NUnitLite.Tests.TextUITests.MyFakeMethod\n&quot;)" fullname="NUnitLite.Tests.TextUITests.TwoTests_NestedExecution(&quot;After&quot;,&quot;=&gt; NUnitLite.Tests.TextUITests.MyFakeMethod\nImmediate output from first test\nAnother immediate output from first test\n=&gt; NUnitLite.Tests.TextUITests.AnotherFakeMethod\nImmediate output from second test\nOUTPUT2\nPassed =&gt; NUnitLite.Tests.TextUITests.AnotherFakeMethod\n=&gt; NUnitLite.Tests.TextUITests.MyFakeMethod\nOUTPUT1\nFailed =&gt; NUnitLite.Tests.TextUITests.MyFakeMethod\n&quot;)" methodname="TwoTests_NestedExecution" classname="NUnitLite.Tests.TextUITests" runstate="Runnable" seed="1645114576" result="Passed" start-time="2018-10-06 20:03:02Z" end-time="2018-10-06 20:03:02Z" duration="0.000167" asserts="1" />
          </test-suite>
          <test-suite type="ParameterizedMethod" id="1389" name="TwoTests_SequentialExecution" fullname="NUnitLite.Tests.TextUITests.TwoTests_SequentialExecution" classname="NUnitLite.Tests.TextUITests" runstate="Runnable" testcasecount="5" result="Passed" start-time="2018-10-06 20:03:02Z" end-time="2018-10-06 20:03:02Z" duration="0.002472" total="5" passed="5" failed="0" warnings="0" inconclusive="0" skipped="0" asserts="5">
            <test-case id="1384" name="TwoTests_SequentialExecution(&quot;Off&quot;,&quot;OUTPUT1\nOUTPUT2\n&quot;)" fullname="NUnitLite.Tests.TextUITests.TwoTests_SequentialExecution(&quot;Off&quot;,&quot;OUTPUT1\nOUTPUT2\n&quot;)" methodname="TwoTests_SequentialExecution" classname="NUnitLite.Tests.TextUITests" runstate="Runnable" seed="175771370" result="Passed" start-time="2018-10-06 20:03:02Z" end-time="2018-10-06 20:03:02Z" duration="0.001445" asserts="1" />
            <test-case id="1385" name="TwoTests_SequentialExecution(&quot;On&quot;,&quot;=&gt; NUnitLite.Tests.TextUITests.MyFakeMethod\nOUTPUT1\n=&gt; NUnitLite.Tests.TextUITests.AnotherFakeMethod\nOUTPUT2\n&quot;)" fullname="NUnitLite.Tests.TextUITests.TwoTests_SequentialExecution(&quot;On&quot;,&quot;=&gt; NUnitLite.Tests.TextUITests.MyFakeMethod\nOUTPUT1\n=&gt; NUnitLite.Tests.TextUITests.AnotherFakeMethod\nOUTPUT2\n&quot;)" methodname="TwoTests_SequentialExecution" classname="NUnitLite.Tests.TextUITests" runstate="Runnable" seed="1056125271" result="Passed" start-time="2018-10-06 20:03:02Z" end-time="2018-10-06 20:03:02Z" duration="0.000213" asserts="1" />
            <test-case id="1386" name="TwoTests_SequentialExecution(&quot;All&quot;,&quot;=&gt; NUnitLite.Tests.TextUITests.MyFakeMethod\nOUTPUT1\n=&gt; NUnitLite.Tests.TextUITests.AnotherFakeMethod\nOUTPUT2\n&quot;)" fullname="NUnitLite.Tests.TextUITests.TwoTests_SequentialExecution(&quot;All&quot;,&quot;=&gt; NUnitLite.Tests.TextUITests.MyFakeMethod\nOUTPUT1\n=&gt; NUnitLite.Tests.TextUITests.AnotherFakeMethod\nOUTPUT2\n&quot;)" methodname="TwoTests_SequentialExecution" classname="NUnitLite.Tests.TextUITests" runstate="Runnable" seed="1827501729" result="Passed" start-time="2018-10-06 20:03:02Z" end-time="2018-10-06 20:03:02Z" duration="0.000195" asserts="1" />
            <test-case id="1387" name="TwoTests_SequentialExecution(&quot;Before&quot;,&quot;=&gt; NUnitLite.Tests.TextUITests.MyFakeMethod\nOUTPUT1\n=&gt; NUnitLite.Tests.TextUITests.AnotherFakeMethod\nOUTPUT2\n&quot;)" fullname="NUnitLite.Tests.TextUITests.TwoTests_SequentialExecution(&quot;Before&quot;,&quot;=&gt; NUnitLite.Tests.TextUITests.MyFakeMethod\nOUTPUT1\n=&gt; NUnitLite.Tests.TextUITests.AnotherFakeMethod\nOUTPUT2\n&quot;)" methodname="TwoTests_SequentialExecution" classname="NUnitLite.Tests.TextUITests" runstate="Runnable" seed="409192051" result="Passed" start-time="2018-10-06 20:03:02Z" end-time="2018-10-06 20:03:02Z" duration="0.000190" asserts="1" />
            <test-case id="1388" name="TwoTests_SequentialExecution(&quot;After&quot;,&quot;=&gt; NUnitLite.Tests.TextUITests.MyFakeMethod\nOUTPUT1\nFailed =&gt; NUnitLite.Tests.TextUITests.MyFakeMethod\n=&gt; NUnitLite.Tests.TextUITests.AnotherFakeMethod\nOUTPUT2\nPassed =&gt; NUnitLite.Tests.TextUITests.AnotherFakeMethod\n&quot;)" fullname="NUnitLite.Tests.TextUITests.TwoTests_SequentialExecution(&quot;After&quot;,&quot;=&gt; NUnitLite.Tests.TextUITests.MyFakeMethod\nOUTPUT1\nFailed =&gt; NUnitLite.Tests.TextUITests.MyFakeMethod\n=&gt; NUnitLite.Tests.TextUITests.AnotherFakeMethod\nOUTPUT2\nPassed =&gt; NUnitLite.Tests.TextUITests.AnotherFakeMethod\n&quot;)" methodname="TwoTests_SequentialExecution" classname="NUnitLite.Tests.TextUITests" runstate="Runnable" seed="1922126846" result="Passed" start-time="2018-10-06 20:03:02Z" end-time="2018-10-06 20:03:02Z" duration="0.000287" asserts="1" />
          </test-suite>
        </test-suite>
        <test-suite type="TestFixture" id="1234" name="NUnit2XmlOutputWriterTests" fullname="NUnitLite.Tests.NUnit2XmlOutputWriterTests" classname="NUnitLite.Tests.NUnit2XmlOutputWriterTests" runstate="Runnable" testcasecount="38" result="Passed" start-time="2018-10-06 20:03:02Z" end-time="2018-10-06 20:03:02Z" duration="0.148993" total="38" passed="38" failed="0" warnings="0" inconclusive="0" skipped="0" asserts="60">
          <test-case id="1262" name="CultureInfo_HasCultureInfoElement" fullname="NUnitLite.Tests.NUnit2XmlOutputWriterTests.CultureInfo_HasCultureInfoElement" methodname="CultureInfo_HasCultureInfoElement" classname="NUnitLite.Tests.NUnit2XmlOutputWriterTests" runstate="Runnable" seed="43691836" result="Passed" start-time="2018-10-06 20:03:02Z" end-time="2018-10-06 20:03:02Z" duration="0.000647" asserts="1" />
          <test-suite type="ParameterizedMethod" id="1265" name="CultureInfo_HasRequiredAttribute" fullname="NUnitLite.Tests.NUnit2XmlOutputWriterTests.CultureInfo_HasRequiredAttribute" classname="NUnitLite.Tests.NUnit2XmlOutputWriterTests" runstate="Runnable" testcasecount="2" result="Passed" start-time="2018-10-06 20:03:02Z" end-time="2018-10-06 20:03:02Z" duration="0.009543" total="2" passed="2" failed="0" warnings="0" inconclusive="0" skipped="0" asserts="4">
            <test-case id="1263" name="CultureInfo_HasRequiredAttribute(&quot;current-culture&quot;)" fullname="NUnitLite.Tests.NUnit2XmlOutputWriterTests.CultureInfo_HasRequiredAttribute(&quot;current-culture&quot;)" methodname="CultureInfo_HasRequiredAttribute" classname="NUnitLite.Tests.NUnit2XmlOutputWriterTests" runstate="Runnable" seed="1168073671" result="Passed" start-time="2018-10-06 20:03:02Z" end-time="2018-10-06 20:03:02Z" duration="0.005875" asserts="2" />
            <test-case id="1264" name="CultureInfo_HasRequiredAttribute(&quot;current-uiculture&quot;)" fullname="NUnitLite.Tests.NUnit2XmlOutputWriterTests.CultureInfo_HasRequiredAttribute(&quot;current-uiculture&quot;)" methodname="CultureInfo_HasRequiredAttribute" classname="NUnitLite.Tests.NUnit2XmlOutputWriterTests" runstate="Runnable" seed="1495398594" result="Passed" start-time="2018-10-06 20:03:02Z" end-time="2018-10-06 20:03:02Z" duration="0.000128" asserts="2" />
          </test-suite>
          <test-case id="1236" name="Document_FirstChildIsXmlDeclaration" fullname="NUnitLite.Tests.NUnit2XmlOutputWriterTests.Document_FirstChildIsXmlDeclaration" methodname="Document_FirstChildIsXmlDeclaration" classname="NUnitLite.Tests.NUnit2XmlOutputWriterTests" runstate="Runnable" seed="801776953" result="Passed" start-time="2018-10-06 20:03:02Z" end-time="2018-10-06 20:03:02Z" duration="0.004817" asserts="2" />
          <test-case id="1239" name="Document_HasTestResults" fullname="NUnitLite.Tests.NUnit2XmlOutputWriterTests.Document_HasTestResults" methodname="Document_HasTestResults" classname="NUnitLite.Tests.NUnit2XmlOutputWriterTests" runstate="Runnable" seed="802393314" result="Passed" start-time="2018-10-06 20:03:02Z" end-time="2018-10-06 20:03:02Z" duration="0.000854" asserts="2" />
          <test-case id="1235" name="Document_HasThreeChildren" fullname="NUnitLite.Tests.NUnit2XmlOutputWriterTests.Document_HasThreeChildren" methodname="Document_HasThreeChildren" classname="NUnitLite.Tests.NUnit2XmlOutputWriterTests" runstate="Runnable" seed="926062505" result="Passed" start-time="2018-10-06 20:03:02Z" end-time="2018-10-06 20:03:02Z" duration="0.000446" asserts="1" />
          <test-case id="1237" name="Document_SecondChildIsComment" fullname="NUnitLite.Tests.NUnit2XmlOutputWriterTests.Document_SecondChildIsComment" methodname="Document_SecondChildIsComment" classname="NUnitLite.Tests.NUnit2XmlOutputWriterTests" runstate="Runnable" seed="1977567307" result="Passed" start-time="2018-10-06 20:03:02Z" end-time="2018-10-06 20:03:02Z" duration="0.000757" asserts="1" />
          <test-case id="1238" name="Document_ThirdChildIsTestResults" fullname="NUnitLite.Tests.NUnit2XmlOutputWriterTests.Document_ThirdChildIsTestResults" methodname="Document_ThirdChildIsTestResults" classname="NUnitLite.Tests.NUnit2XmlOutputWriterTests" runstate="Runnable" seed="507945953" result="Passed" start-time="2018-10-06 20:03:02Z" end-time="2018-10-06 20:03:02Z" duration="0.000618" asserts="1" />
          <test-case id="1252" name="Environment_HasEnvironmentElement" fullname="NUnitLite.Tests.NUnit2XmlOutputWriterTests.Environment_HasEnvironmentElement" methodname="Environment_HasEnvironmentElement" classname="NUnitLite.Tests.NUnit2XmlOutputWriterTests" runstate="Runnable" seed="729593038" result="Passed" start-time="2018-10-06 20:03:02Z" end-time="2018-10-06 20:03:02Z" duration="0.000663" asserts="1" />
          <test-suite type="ParameterizedMethod" id="1261" name="Environment_HasRequiredAttribute" fullname="NUnitLite.Tests.NUnit2XmlOutputWriterTests.Environment_HasRequiredAttribute" classname="NUnitLite.Tests.NUnit2XmlOutputWriterTests" runstate="Runnable" testcasecount="8" result="Passed" start-time="2018-10-06 20:03:02Z" end-time="2018-10-06 20:03:02Z" duration="0.002528" total="8" passed="8" failed="0" warnings="0" inconclusive="0" skipped="0" asserts="8">
            <test-case id="1253" name="Environment_HasRequiredAttribute(&quot;nunit-version&quot;)" fullname="NUnitLite.Tests.NUnit2XmlOutputWriterTests.Environment_HasRequiredAttribute(&quot;nunit-version&quot;)" methodname="Environment_HasRequiredAttribute" classname="NUnitLite.Tests.NUnit2XmlOutputWriterTests" runstate="Runnable" seed="1767688792" result="Passed" start-time="2018-10-06 20:03:02Z" end-time="2018-10-06 20:03:02Z" duration="0.000308" asserts="1" />
            <test-case id="1254" name="Environment_HasRequiredAttribute(&quot;clr-version&quot;)" fullname="NUnitLite.Tests.NUnit2XmlOutputWriterTests.Environment_HasRequiredAttribute(&quot;clr-version&quot;)" methodname="Environment_HasRequiredAttribute" classname="NUnitLite.Tests.NUnit2XmlOutputWriterTests" runstate="Runnable" seed="13643910" result="Passed" start-time="2018-10-06 20:03:02Z" end-time="2018-10-06 20:03:02Z" duration="0.000089" asserts="1" />
            <test-case id="1255" name="Environment_HasRequiredAttribute(&quot;os-version&quot;)" fullname="NUnitLite.Tests.NUnit2XmlOutputWriterTests.Environment_HasRequiredAttribute(&quot;os-version&quot;)" methodname="Environment_HasRequiredAttribute" classname="NUnitLite.Tests.NUnit2XmlOutputWriterTests" runstate="Runnable" seed="537022728" result="Passed" start-time="2018-10-06 20:03:02Z" end-time="2018-10-06 20:03:02Z" duration="0.000331" asserts="1" />
            <test-case id="1256" name="Environment_HasRequiredAttribute(&quot;platform&quot;)" fullname="NUnitLite.Tests.NUnit2XmlOutputWriterTests.Environment_HasRequiredAttribute(&quot;platform&quot;)" methodname="Environment_HasRequiredAttribute" classname="NUnitLite.Tests.NUnit2XmlOutputWriterTests" runstate="Runnable" seed="479365320" result="Passed" start-time="2018-10-06 20:03:02Z" end-time="2018-10-06 20:03:02Z" duration="0.000119" asserts="1" />
            <test-case id="1257" name="Environment_HasRequiredAttribute(&quot;cwd&quot;)" fullname="NUnitLite.Tests.NUnit2XmlOutputWriterTests.Environment_HasRequiredAttribute(&quot;cwd&quot;)" methodname="Environment_HasRequiredAttribute" classname="NUnitLite.Tests.NUnit2XmlOutputWriterTests" runstate="Runnable" seed="298209646" result="Passed" start-time="2018-10-06 20:03:02Z" end-time="2018-10-06 20:03:02Z" duration="0.000198" asserts="1" />
            <test-case id="1258" name="Environment_HasRequiredAttribute(&quot;machine-name&quot;)" fullname="NUnitLite.Tests.NUnit2XmlOutputWriterTests.Environment_HasRequiredAttribute(&quot;machine-name&quot;)" methodname="Environment_HasRequiredAttribute" classname="NUnitLite.Tests.NUnit2XmlOutputWriterTests" runstate="Runnable" seed="591376561" result="Passed" start-time="2018-10-06 20:03:02Z" end-time="2018-10-06 20:03:02Z" duration="0.000092" asserts="1" />
            <test-case id="1259" name="Environment_HasRequiredAttribute(&quot;user&quot;)" fullname="NUnitLite.Tests.NUnit2XmlOutputWriterTests.Environment_HasRequiredAttribute(&quot;user&quot;)" methodname="Environment_HasRequiredAttribute" classname="NUnitLite.Tests.NUnit2XmlOutputWriterTests" runstate="Runnable" seed="1418308124" result="Passed" start-time="2018-10-06 20:03:02Z" end-time="2018-10-06 20:03:02Z" duration="0.000072" asserts="1" />
            <test-case id="1260" name="Environment_HasRequiredAttribute(&quot;user-domain&quot;)" fullname="NUnitLite.Tests.NUnit2XmlOutputWriterTests.Environment_HasRequiredAttribute(&quot;user-domain&quot;)" methodname="Environment_HasRequiredAttribute" classname="NUnitLite.Tests.NUnit2XmlOutputWriterTests" runstate="Runnable" seed="1861511282" result="Passed" start-time="2018-10-06 20:03:02Z" end-time="2018-10-06 20:03:02Z" duration="0.000066" asserts="1" />
          </test-suite>
          <test-case id="1240" name="TestResults_AssemblyPathIsCorrect" fullname="NUnitLite.Tests.NUnit2XmlOutputWriterTests.TestResults_AssemblyPathIsCorrect" methodname="TestResults_AssemblyPathIsCorrect" classname="NUnitLite.Tests.NUnit2XmlOutputWriterTests" runstate="Runnable" seed="1852487984" result="Passed" start-time="2018-10-06 20:03:02Z" end-time="2018-10-06 20:03:02Z" duration="0.000433" asserts="2" />
          <test-suite type="ParameterizedMethod" id="1249" name="TestResults_CounterIsCorrect" fullname="NUnitLite.Tests.NUnit2XmlOutputWriterTests.TestResults_CounterIsCorrect" classname="NUnitLite.Tests.NUnit2XmlOutputWriterTests" runstate="Runnable" testcasecount="8" result="Passed" start-time="2018-10-06 20:03:02Z" end-time="2018-10-06 20:03:02Z" duration="0.001181" total="8" passed="8" failed="0" warnings="0" inconclusive="0" skipped="0" asserts="16">
            <test-case id="1241" name="TestResults_CounterIsCorrect(&quot;total&quot;,10)" fullname="NUnitLite.Tests.NUnit2XmlOutputWriterTests.TestResults_CounterIsCorrect(&quot;total&quot;,10)" methodname="TestResults_CounterIsCorrect" classname="NUnitLite.Tests.NUnit2XmlOutputWriterTests" runstate="Runnable" seed="1412022897" result="Passed" start-time="2018-10-06 20:03:02Z" end-time="2018-10-06 20:03:02Z" duration="0.000407" asserts="2" />
            <test-case id="1242" name="TestResults_CounterIsCorrect(&quot;errors&quot;,1)" fullname="NUnitLite.Tests.NUnit2XmlOutputWriterTests.TestResults_CounterIsCorrect(&quot;errors&quot;,1)" methodname="TestResults_CounterIsCorrect" classname="NUnitLite.Tests.NUnit2XmlOutputWriterTests" runstate="Runnable" seed="852097323" result="Passed" start-time="2018-10-06 20:03:02Z" end-time="2018-10-06 20:03:02Z" duration="0.000078" asserts="2" />
            <test-case id="1243" name="TestResults_CounterIsCorrect(&quot;failures&quot;,1)" fullname="NUnitLite.Tests.NUnit2XmlOutputWriterTests.TestResults_CounterIsCorrect(&quot;failures&quot;,1)" methodname="TestResults_CounterIsCorrect" classname="NUnitLite.Tests.NUnit2XmlOutputWriterTests" runstate="Runnable" seed="173381692" result="Passed" start-time="2018-10-06 20:03:02Z" end-time="2018-10-06 20:03:02Z" duration="0.000058" asserts="2" />
            <test-case id="1244" name="TestResults_CounterIsCorrect(&quot;inconclusive&quot;,1)" fullname="NUnitLite.Tests.NUnit2XmlOutputWriterTests.TestResults_CounterIsCorrect(&quot;inconclusive&quot;,1)" methodname="TestResults_CounterIsCorrect" classname="NUnitLite.Tests.NUnit2XmlOutputWriterTests" runstate="Runnable" seed="2093553221" result="Passed" start-time="2018-10-06 20:03:02Z" end-time="2018-10-06 20:03:02Z" duration="0.000069" asserts="2" />
            <test-case id="1245" name="TestResults_CounterIsCorrect(&quot;not-run&quot;,3)" fullname="NUnitLite.Tests.NUnit2XmlOutputWriterTests.TestResults_CounterIsCorrect(&quot;not-run&quot;,3)" methodname="TestResults_CounterIsCorrect" classname="NUnitLite.Tests.NUnit2XmlOutputWriterTests" runstate="Runnable" seed="1434639348" result="Passed" start-time="2018-10-06 20:03:02Z" end-time="2018-10-06 20:03:02Z" duration="0.000068" asserts="2" />
            <test-case id="1246" name="TestResults_CounterIsCorrect(&quot;ignored&quot;,1)" fullname="NUnitLite.Tests.NUnit2XmlOutputWriterTests.TestResults_CounterIsCorrect(&quot;ignored&quot;,1)" methodname="TestResults_CounterIsCorrect" classname="NUnitLite.Tests.NUnit2XmlOutputWriterTests" runstate="Runnable" seed="2139857547" result="Passed" start-time="2018-10-06 20:03:02Z" end-time="2018-10-06 20:03:02Z" duration="0.000060" asserts="2" />
            <test-case id="1247" name="TestResults_CounterIsCorrect(&quot;skipped&quot;,0)" fullname="NUnitLite.Tests.NUnit2XmlOutputWriterTests.TestResults_CounterIsCorrect(&quot;skipped&quot;,0)" methodname="TestResults_CounterIsCorrect" classname="NUnitLite.Tests.NUnit2XmlOutputWriterTests" runstate="Runnable" seed="1780610388" result="Passed" start-time="2018-10-06 20:03:02Z" end-time="2018-10-06 20:03:02Z" duration="0.000108" asserts="2" />
            <test-case id="1248" name="TestResults_CounterIsCorrect(&quot;invalid&quot;,2)" fullname="NUnitLite.Tests.NUnit2XmlOutputWriterTests.TestResults_CounterIsCorrect(&quot;invalid&quot;,2)" methodname="TestResults_CounterIsCorrect" classname="NUnitLite.Tests.NUnit2XmlOutputWriterTests" runstate="Runnable" seed="2070052457" result="Passed" start-time="2018-10-06 20:03:02Z" end-time="2018-10-06 20:03:02Z" duration="0.000069" asserts="2" />
          </test-suite>
          <test-case id="1250" name="TestResults_HasValidDateAttribute" fullname="NUnitLite.Tests.NUnit2XmlOutputWriterTests.TestResults_HasValidDateAttribute" methodname="TestResults_HasValidDateAttribute" classname="NUnitLite.Tests.NUnit2XmlOutputWriterTests" runstate="Runnable" seed="650168733" result="Passed" start-time="2018-10-06 20:03:02Z" end-time="2018-10-06 20:03:02Z" duration="0.000613" asserts="2" />
          <test-case id="1251" name="TestResults_HasValidTimeAttribute" fullname="NUnitLite.Tests.NUnit2XmlOutputWriterTests.TestResults_HasValidTimeAttribute" methodname="TestResults_HasValidTimeAttribute" classname="NUnitLite.Tests.NUnit2XmlOutputWriterTests" runstate="Runnable" seed="2132719680" result="Passed" start-time="2018-10-06 20:03:02Z" end-time="2018-10-06 20:03:02Z" duration="0.002851" asserts="2" />
          <test-suite type="ParameterizedMethod" id="1274" name="TestSuite_ExpectedAttribute" fullname="NUnitLite.Tests.NUnit2XmlOutputWriterTests.TestSuite_ExpectedAttribute" classname="NUnitLite.Tests.NUnit2XmlOutputWriterTests" runstate="Runnable" testcasecount="7" result="Passed" start-time="2018-10-06 20:03:02Z" end-time="2018-10-06 20:03:02Z" duration="0.001048" total="7" passed="7" failed="0" warnings="0" inconclusive="0" skipped="0" asserts="14">
            <test-case id="1267" name="TestSuite_ExpectedAttribute(&quot;type&quot;,&quot;TestFixture&quot;)" fullname="NUnitLite.Tests.NUnit2XmlOutputWriterTests.TestSuite_ExpectedAttribute(&quot;type&quot;,&quot;TestFixture&quot;)" methodname="TestSuite_ExpectedAttribute" classname="NUnitLite.Tests.NUnit2XmlOutputWriterTests" runstate="Runnable" seed="1420889102" result="Passed" start-time="2018-10-06 20:03:02Z" end-time="2018-10-06 20:03:02Z" duration="0.000502" asserts="2" />
            <test-case id="1268" name="TestSuite_ExpectedAttribute(&quot;name&quot;,&quot;MockTestFixture&quot;)" fullname="NUnitLite.Tests.NUnit2XmlOutputWriterTests.TestSuite_ExpectedAttribute(&quot;name&quot;,&quot;MockTestFixture&quot;)" methodname="TestSuite_ExpectedAttribute" classname="NUnitLite.Tests.NUnit2XmlOutputWriterTests" runstate="Runnable" seed="610671746" result="Passed" start-time="2018-10-06 20:03:02Z" end-time="2018-10-06 20:03:02Z" duration="0.000082" asserts="2" />
            <test-case id="1269" name="TestSuite_ExpectedAttribute(&quot;description&quot;,&quot;Fake Test Fixture&quot;)" fullname="NUnitLite.Tests.NUnit2XmlOutputWriterTests.TestSuite_ExpectedAttribute(&quot;description&quot;,&quot;Fake Test Fixture&quot;)" methodname="TestSuite_ExpectedAttribute" classname="NUnitLite.Tests.NUnit2XmlOutputWriterTests" runstate="Runnable" seed="661051653" result="Passed" start-time="2018-10-06 20:03:02Z" end-time="2018-10-06 20:03:02Z" duration="0.000067" asserts="2" />
            <test-case id="1270" name="TestSuite_ExpectedAttribute(&quot;executed&quot;,&quot;True&quot;)" fullname="NUnitLite.Tests.NUnit2XmlOutputWriterTests.TestSuite_ExpectedAttribute(&quot;executed&quot;,&quot;True&quot;)" methodname="TestSuite_ExpectedAttribute" classname="NUnitLite.Tests.NUnit2XmlOutputWriterTests" runstate="Runnable" seed="1955583484" result="Passed" start-time="2018-10-06 20:03:02Z" end-time="2018-10-06 20:03:02Z" duration="0.000061" asserts="2" />
            <test-case id="1271" name="TestSuite_ExpectedAttribute(&quot;result&quot;,&quot;Failure&quot;)" fullname="NUnitLite.Tests.NUnit2XmlOutputWriterTests.TestSuite_ExpectedAttribute(&quot;result&quot;,&quot;Failure&quot;)" methodname="TestSuite_ExpectedAttribute" classname="NUnitLite.Tests.NUnit2XmlOutputWriterTests" runstate="Runnable" seed="392104830" result="Passed" start-time="2018-10-06 20:03:02Z" end-time="2018-10-06 20:03:02Z" duration="0.000060" asserts="2" />
            <test-case id="1272" name="TestSuite_ExpectedAttribute(&quot;success&quot;,&quot;False&quot;)" fullname="NUnitLite.Tests.NUnit2XmlOutputWriterTests.TestSuite_ExpectedAttribute(&quot;success&quot;,&quot;False&quot;)" methodname="TestSuite_ExpectedAttribute" classname="NUnitLite.Tests.NUnit2XmlOutputWriterTests" runstate="Runnable" seed="983217926" result="Passed" start-time="2018-10-06 20:03:02Z" end-time="2018-10-06 20:03:02Z" duration="0.000062" asserts="2" />
            <test-case id="1273" name="TestSuite_ExpectedAttribute(&quot;asserts&quot;,&quot;0&quot;)" fullname="NUnitLite.Tests.NUnit2XmlOutputWriterTests.TestSuite_ExpectedAttribute(&quot;asserts&quot;,&quot;0&quot;)" methodname="TestSuite_ExpectedAttribute" classname="NUnitLite.Tests.NUnit2XmlOutputWriterTests" runstate="Runnable" seed="1486116988" result="Passed" start-time="2018-10-06 20:03:02Z" end-time="2018-10-06 20:03:02Z" duration="0.000055" asserts="2" />
          </test-suite>
          <test-case id="1266" name="TestSuite_HasTestSuiteElement" fullname="NUnitLite.Tests.NUnit2XmlOutputWriterTests.TestSuite_HasTestSuiteElement" methodname="TestSuite_HasTestSuiteElement" classname="NUnitLite.Tests.NUnit2XmlOutputWriterTests" runstate="Runnable" seed="1808083230" result="Passed" start-time="2018-10-06 20:03:02Z" end-time="2018-10-06 20:03:02Z" duration="0.000596" asserts="1" />
          <test-case id="1275" name="TestSuite_HasValidTimeAttribute" fullname="NUnitLite.Tests.NUnit2XmlOutputWriterTests.TestSuite_HasValidTimeAttribute" methodname="TestSuite_HasValidTimeAttribute" classname="NUnitLite.Tests.NUnit2XmlOutputWriterTests" runstate="Runnable" seed="580762111" result="Passed" start-time="2018-10-06 20:03:02Z" end-time="2018-10-06 20:03:02Z" duration="0.000465" asserts="2" />
          <test-case id="1276" name="TestSuite_ResultIsFailure" fullname="NUnitLite.Tests.NUnit2XmlOutputWriterTests.TestSuite_ResultIsFailure" methodname="TestSuite_ResultIsFailure" classname="NUnitLite.Tests.NUnit2XmlOutputWriterTests" runstate="Runnable" seed="823497979" result="Passed" start-time="2018-10-06 20:03:02Z" end-time="2018-10-06 20:03:02Z" duration="0.000107" asserts="0" />
        </test-suite>
        <test-suite type="TestFixture" id="1277" name="SchemaTests" fullname="NUnitLite.Tests.SchemaTests" classname="NUnitLite.Tests.SchemaTests" runstate="Runnable" testcasecount="2" result="Passed" start-time="2018-10-06 20:03:02Z" end-time="2018-10-06 20:03:02Z" duration="0.143667" total="2" passed="2" failed="0" warnings="0" inconclusive="0" skipped="0" asserts="0">
          <test-case id="1278" name="TestResultSchemaIsValid" fullname="NUnitLite.Tests.SchemaTests.TestResultSchemaIsValid" methodname="TestResultSchemaIsValid" classname="NUnitLite.Tests.SchemaTests" runstate="Runnable" seed="1139733606" result="Passed" start-time="2018-10-06 20:03:02Z" end-time="2018-10-06 20:03:02Z" duration="0.021309" asserts="0" />
          <test-case id="1279" name="TestResultSchemaMatches" fullname="NUnitLite.Tests.SchemaTests.TestResultSchemaMatches" methodname="TestResultSchemaMatches" classname="NUnitLite.Tests.SchemaTests" runstate="Runnable" seed="1273788916" result="Passed" start-time="2018-10-06 20:03:02Z" end-time="2018-10-06 20:03:02Z" duration="0.121807" asserts="0" />
        </test-suite>
        <test-suite type="TestFixture" id="1089" name="CommandLineTests" fullname="NUnitLite.Tests.CommandLineTests" classname="NUnitLite.Tests.CommandLineTests" runstate="Runnable" testcasecount="115" result="Passed" start-time="2018-10-06 20:03:02Z" end-time="2018-10-06 20:03:02Z" duration="0.229388" total="115" passed="115" failed="0" warnings="0" inconclusive="0" skipped="0" asserts="292">
          <test-case id="1179" name="AssemblyIsInvalidByDefault" fullname="NUnitLite.Tests.CommandLineTests.AssemblyIsInvalidByDefault" methodname="AssemblyIsInvalidByDefault" classname="NUnitLite.Tests.CommandLineTests" runstate="Runnable" seed="414763944" result="Passed" start-time="2018-10-06 20:03:02Z" end-time="2018-10-06 20:03:02Z" duration="0.031100" asserts="3" />
          <test-case id="1181" name="AssemblyIsValidIfAllowed" fullname="NUnitLite.Tests.CommandLineTests.AssemblyIsValidIfAllowed" methodname="AssemblyIsValidIfAllowed" classname="NUnitLite.Tests.CommandLineTests" runstate="Runnable" seed="1798809219" result="Passed" start-time="2018-10-06 20:03:02Z" end-time="2018-10-06 20:03:02Z" duration="0.000932" asserts="2" />
          <test-suite type="ParameterizedMethod" id="1148" name="CanRecognizeBooleanOptions" fullname="NUnitLite.Tests.CommandLineTests.CanRecognizeBooleanOptions" classname="NUnitLite.Tests.CommandLineTests" runstate="Runnable" testcasecount="6" result="Passed" start-time="2018-10-06 20:03:02Z" end-time="2018-10-06 20:03:02Z" duration="0.015933" total="6" passed="6" failed="0" warnings="0" inconclusive="0" skipped="0" asserts="30">
            <test-case id="1142" name="CanRecognizeBooleanOptions(&quot;ShowHelp&quot;,&quot;help|h&quot;)" fullname="NUnitLite.Tests.CommandLineTests.CanRecognizeBooleanOptions(&quot;ShowHelp&quot;,&quot;help|h&quot;)" methodname="CanRecognizeBooleanOptions" classname="NUnitLite.Tests.CommandLineTests" runstate="Runnable" seed="2007878490" result="Passed" start-time="2018-10-06 20:03:02Z" end-time="2018-10-06 20:03:02Z" duration="0.010865" asserts="6">
              <output><![CDATA[Testing ShowHelp
]]></output>
            </test-case>
            <test-case id="1143" name="CanRecognizeBooleanOptions(&quot;ShowVersion&quot;,&quot;version|V&quot;)" fullname="NUnitLite.Tests.CommandLineTests.CanRecognizeBooleanOptions(&quot;ShowVersion&quot;,&quot;version|V&quot;)" methodname="CanRecognizeBooleanOptions" classname="NUnitLite.Tests.CommandLineTests" runstate="Runnable" seed="1107962092" result="Passed" start-time="2018-10-06 20:03:02Z" end-time="2018-10-06 20:03:02Z" duration="0.000891" asserts="6">
              <output><![CDATA[Testing ShowVersion
]]></output>
            </test-case>
            <test-case id="1144" name="CanRecognizeBooleanOptions(&quot;StopOnError&quot;,&quot;stoponerror&quot;)" fullname="NUnitLite.Tests.CommandLineTests.CanRecognizeBooleanOptions(&quot;StopOnError&quot;,&quot;stoponerror&quot;)" methodname="CanRecognizeBooleanOptions" classname="NUnitLite.Tests.CommandLineTests" runstate="Runnable" seed="419722081" result="Passed" start-time="2018-10-06 20:03:02Z" end-time="2018-10-06 20:03:02Z" duration="0.000834" asserts="4">
              <output><![CDATA[Testing StopOnError
]]></output>
            </test-case>
            <test-case id="1145" name="CanRecognizeBooleanOptions(&quot;WaitBeforeExit&quot;,&quot;wait&quot;)" fullname="NUnitLite.Tests.CommandLineTests.CanRecognizeBooleanOptions(&quot;WaitBeforeExit&quot;,&quot;wait&quot;)" methodname="CanRecognizeBooleanOptions" classname="NUnitLite.Tests.CommandLineTests" runstate="Runnable" seed="1433248477" result="Passed" start-time="2018-10-06 20:03:02Z" end-time="2018-10-06 20:03:02Z" duration="0.000781" asserts="4">
              <output><![CDATA[Testing WaitBeforeExit
]]></output>
            </test-case>
            <test-case id="1146" name="CanRecognizeBooleanOptions(&quot;NoHeader&quot;,&quot;noheader|noh&quot;)" fullname="NUnitLite.Tests.CommandLineTests.CanRecognizeBooleanOptions(&quot;NoHeader&quot;,&quot;noheader|noh&quot;)" methodname="CanRecognizeBooleanOptions" classname="NUnitLite.Tests.CommandLineTests" runstate="Runnable" seed="536944192" result="Passed" start-time="2018-10-06 20:03:02Z" end-time="2018-10-06 20:03:02Z" duration="0.001104" asserts="6">
              <output><![CDATA[Testing NoHeader
]]></output>
            </test-case>
            <test-case id="1147" name="CanRecognizeBooleanOptions(&quot;TeamCity&quot;,&quot;teamcity&quot;)" fullname="NUnitLite.Tests.CommandLineTests.CanRecognizeBooleanOptions(&quot;TeamCity&quot;,&quot;teamcity&quot;)" methodname="CanRecognizeBooleanOptions" classname="NUnitLite.Tests.CommandLineTests" runstate="Runnable" seed="1277341283" result="Passed" start-time="2018-10-06 20:03:02Z" end-time="2018-10-06 20:03:02Z" duration="0.000520" asserts="4">
              <output><![CDATA[Testing TeamCity
]]></output>
            </test-case>
          </test-suite>
          <test-suite type="ParameterizedMethod" id="1162" name="CanRecognizeIntOptions" fullname="NUnitLite.Tests.CommandLineTests.CanRecognizeIntOptions" classname="NUnitLite.Tests.CommandLineTests" runstate="Runnable" testcasecount="3" result="Passed" start-time="2018-10-06 20:03:02Z" end-time="2018-10-06 20:03:02Z" duration="0.003257" total="3" passed="3" failed="0" warnings="0" inconclusive="0" skipped="0" asserts="9">
            <test-case id="1159" name="CanRecognizeIntOptions(&quot;DefaultTimeout&quot;,&quot;timeout&quot;)" fullname="NUnitLite.Tests.CommandLineTests.CanRecognizeIntOptions(&quot;DefaultTimeout&quot;,&quot;timeout&quot;)" methodname="CanRecognizeIntOptions" classname="NUnitLite.Tests.CommandLineTests" runstate="Runnable" seed="813306036" result="Passed" start-time="2018-10-06 20:03:02Z" end-time="2018-10-06 20:03:02Z" duration="0.001785" asserts="3" />
            <test-case id="1160" name="CanRecognizeIntOptions(&quot;RandomSeed&quot;,&quot;seed&quot;)" fullname="NUnitLite.Tests.CommandLineTests.CanRecognizeIntOptions(&quot;RandomSeed&quot;,&quot;seed&quot;)" methodname="CanRecognizeIntOptions" classname="NUnitLite.Tests.CommandLineTests" runstate="Runnable" seed="1832459508" result="Passed" start-time="2018-10-06 20:03:02Z" end-time="2018-10-06 20:03:02Z" duration="0.000512" asserts="3" />
            <test-case id="1161" name="CanRecognizeIntOptions(&quot;NumberOfTestWorkers&quot;,&quot;workers&quot;)" fullname="NUnitLite.Tests.CommandLineTests.CanRecognizeIntOptions(&quot;NumberOfTestWorkers&quot;,&quot;workers&quot;)" methodname="CanRecognizeIntOptions" classname="NUnitLite.Tests.CommandLineTests" runstate="Runnable" seed="1113135342" result="Passed" start-time="2018-10-06 20:03:02Z" end-time="2018-10-06 20:03:02Z" duration="0.000378" asserts="3" />
          </test-suite>
          <test-suite type="ParameterizedMethod" id="1158" name="CanRecognizeLowerCaseOptionValues" fullname="NUnitLite.Tests.CommandLineTests.CanRecognizeLowerCaseOptionValues" classname="NUnitLite.Tests.CommandLineTests" runstate="Runnable" testcasecount="2" result="Passed" start-time="2018-10-06 20:03:02Z" end-time="2018-10-06 20:03:02Z" duration="0.009351" total="2" passed="2" failed="0" warnings="0" inconclusive="0" skipped="0" asserts="22">
            <test-case id="1156" name="CanRecognizeLowerCaseOptionValues(&quot;DisplayTestLabels&quot;,&quot;labels&quot;,[&quot;Off&quot;, &quot;On&quot;, &quot;All&quot;])" fullname="NUnitLite.Tests.CommandLineTests.CanRecognizeLowerCaseOptionValues(&quot;DisplayTestLabels&quot;,&quot;labels&quot;,[&quot;Off&quot;, &quot;On&quot;, &quot;All&quot;])" methodname="CanRecognizeLowerCaseOptionValues" classname="NUnitLite.Tests.CommandLineTests" runstate="Runnable" seed="1255107465" result="Passed" start-time="2018-10-06 20:03:02Z" end-time="2018-10-06 20:03:02Z" duration="0.007261" asserts="8" />
            <test-case id="1157" name="CanRecognizeLowerCaseOptionValues(&quot;InternalTraceLevel&quot;,&quot;trace&quot;,[&quot;Off&quot;, &quot;Error&quot;, &quot;Warning&quot;, &quot;Info&quot;, &quot;Debug&quot;, ...])" fullname="NUnitLite.Tests.CommandLineTests.CanRecognizeLowerCaseOptionValues(&quot;InternalTraceLevel&quot;,&quot;trace&quot;,[&quot;Off&quot;, &quot;Error&quot;, &quot;Warning&quot;, &quot;Info&quot;, &quot;Debug&quot;, ...])" methodname="CanRecognizeLowerCaseOptionValues" classname="NUnitLite.Tests.CommandLineTests" runstate="Runnable" seed="974954528" result="Passed" start-time="2018-10-06 20:03:02Z" end-time="2018-10-06 20:03:02Z" duration="0.001863" asserts="14" />
          </test-suite>
          <test-suite type="ParameterizedMethod" id="1155" name="CanRecognizeStringOptions" fullname="NUnitLite.Tests.CommandLineTests.CanRecognizeStringOptions" classname="NUnitLite.Tests.CommandLineTests" runstate="Runnable" testcasecount="6" result="Passed" start-time="2018-10-06 20:03:02Z" end-time="2018-10-06 20:03:02Z" duration="0.007424" total="6" passed="6" failed="0" warnings="0" inconclusive="0" skipped="0" asserts="46">
            <test-case id="1149" name="CanRecognizeStringOptions(&quot;WhereClause&quot;,&quot;where&quot;,[&quot;cat==Fast&quot;],[])" fullname="NUnitLite.Tests.CommandLineTests.CanRecognizeStringOptions(&quot;WhereClause&quot;,&quot;where&quot;,[&quot;cat==Fast&quot;],[])" methodname="CanRecognizeStringOptions" classname="NUnitLite.Tests.CommandLineTests" runstate="Runnable" seed="2078268596" result="Passed" start-time="2018-10-06 20:03:02Z" end-time="2018-10-06 20:03:02Z" duration="0.003735" asserts="4" />
            <test-case id="1150" name="CanRecognizeStringOptions(&quot;DisplayTestLabels&quot;,&quot;labels&quot;,[&quot;Off&quot;, &quot;On&quot;, &quot;Before&quot;, &quot;After&quot;, &quot;All&quot;],[&quot;JUNK&quot;])" fullname="NUnitLite.Tests.CommandLineTests.CanRecognizeStringOptions(&quot;DisplayTestLabels&quot;,&quot;labels&quot;,[&quot;Off&quot;, &quot;On&quot;, &quot;Before&quot;, &quot;After&quot;, &quot;All&quot;],[&quot;JUNK&quot;])" methodname="CanRecognizeStringOptions" classname="NUnitLite.Tests.CommandLineTests" runstate="Runnable" seed="1193517655" result="Passed" start-time="2018-10-06 20:03:02Z" end-time="2018-10-06 20:03:02Z" duration="0.000729" asserts="13" />
            <test-case id="1151" name="CanRecognizeStringOptions(&quot;OutFile&quot;,&quot;output|out&quot;,[&quot;output.txt&quot;],[])" fullname="NUnitLite.Tests.CommandLineTests.CanRecognizeStringOptions(&quot;OutFile&quot;,&quot;output|out&quot;,[&quot;output.txt&quot;],[])" methodname="CanRecognizeStringOptions" classname="NUnitLite.Tests.CommandLineTests" runstate="Runnable" seed="972012055" result="Passed" start-time="2018-10-06 20:03:02Z" end-time="2018-10-06 20:03:02Z" duration="0.000576" asserts="6" />
            <test-case id="1152" name="CanRecognizeStringOptions(&quot;ErrFile&quot;,&quot;err&quot;,[&quot;error.txt&quot;],[])" fullname="NUnitLite.Tests.CommandLineTests.CanRecognizeStringOptions(&quot;ErrFile&quot;,&quot;err&quot;,[&quot;error.txt&quot;],[])" methodname="CanRecognizeStringOptions" classname="NUnitLite.Tests.CommandLineTests" runstate="Runnable" seed="419750466" result="Passed" start-time="2018-10-06 20:03:02Z" end-time="2018-10-06 20:03:02Z" duration="0.001324" asserts="4" />
            <test-case id="1153" name="CanRecognizeStringOptions(&quot;WorkDirectory&quot;,&quot;work&quot;,[&quot;results&quot;],[])" fullname="NUnitLite.Tests.CommandLineTests.CanRecognizeStringOptions(&quot;WorkDirectory&quot;,&quot;work&quot;,[&quot;results&quot;],[])" methodname="CanRecognizeStringOptions" classname="NUnitLite.Tests.CommandLineTests" runstate="Runnable" seed="484657243" result="Passed" start-time="2018-10-06 20:03:02Z" end-time="2018-10-06 20:03:02Z" duration="0.000335" asserts="4" />
            <test-case id="1154" name="CanRecognizeStringOptions(&quot;InternalTraceLevel&quot;,&quot;trace&quot;,[&quot;Off&quot;, &quot;Error&quot;, &quot;Warning&quot;, &quot;Info&quot;, &quot;Debug&quot;, ...],[&quot;JUNK&quot;])" fullname="NUnitLite.Tests.CommandLineTests.CanRecognizeStringOptions(&quot;InternalTraceLevel&quot;,&quot;trace&quot;,[&quot;Off&quot;, &quot;Error&quot;, &quot;Warning&quot;, &quot;Info&quot;, &quot;Debug&quot;, ...],[&quot;JUNK&quot;])" methodname="CanRecognizeStringOptions" classname="NUnitLite.Tests.CommandLineTests" runstate="Runnable" seed="1669055696" result="Passed" start-time="2018-10-06 20:03:02Z" end-time="2018-10-06 20:03:02Z" duration="0.000571" asserts="15" />
          </test-suite>
          <test-suite type="ParameterizedMethod" id="1169" name="CanRecognizeTestSelectionOptions" fullname="NUnitLite.Tests.CommandLineTests.CanRecognizeTestSelectionOptions" classname="NUnitLite.Tests.CommandLineTests" runstate="Runnable" testcasecount="6" result="Passed" start-time="2018-10-06 20:03:02Z" end-time="2018-10-06 20:03:02Z" duration="0.003197" total="6" passed="6" failed="0" warnings="0" inconclusive="0" skipped="0" asserts="18">
            <test-case id="1163" name="CanRecognizeTestSelectionOptions(&quot;TestList&quot;,&quot;--test=Some.Name.Space.TestFixture&quot;,&quot;Some.Name.Space.TestFixture&quot;)" fullname="NUnitLite.Tests.CommandLineTests.CanRecognizeTestSelectionOptions(&quot;TestList&quot;,&quot;--test=Some.Name.Space.TestFixture&quot;,&quot;Some.Name.Space.TestFixture&quot;)" methodname="CanRecognizeTestSelectionOptions" classname="NUnitLite.Tests.CommandLineTests" runstate="Runnable" seed="1934278784" result="Passed" start-time="2018-10-06 20:03:02Z" end-time="2018-10-06 20:03:02Z" duration="0.001456" asserts="3" />
            <test-case id="1164" name="CanRecognizeTestSelectionOptions(&quot;TestList&quot;,&quot;--test=A.B.C,E.F.G&quot;,&quot;A.B.C&quot;,&quot;E.F.G&quot;)" fullname="NUnitLite.Tests.CommandLineTests.CanRecognizeTestSelectionOptions(&quot;TestList&quot;,&quot;--test=A.B.C,E.F.G&quot;,&quot;A.B.C&quot;,&quot;E.F.G&quot;)" methodname="CanRecognizeTestSelectionOptions" classname="NUnitLite.Tests.CommandLineTests" runstate="Runnable" seed="1238969802" result="Passed" start-time="2018-10-06 20:03:02Z" end-time="2018-10-06 20:03:02Z" duration="0.000162" asserts="3" />
            <test-case id="1165" name="CanRecognizeTestSelectionOptions(&quot;TestList&quot;,&quot;--test=A.B.C|--test=E.F.G&quot;,&quot;A.B.C&quot;,&quot;E.F.G&quot;)" fullname="NUnitLite.Tests.CommandLineTests.CanRecognizeTestSelectionOptions(&quot;TestList&quot;,&quot;--test=A.B.C|--test=E.F.G&quot;,&quot;A.B.C&quot;,&quot;E.F.G&quot;)" methodname="CanRecognizeTestSelectionOptions" classname="NUnitLite.Tests.CommandLineTests" runstate="Runnable" seed="383082862" result="Passed" start-time="2018-10-06 20:03:02Z" end-time="2018-10-06 20:03:02Z" duration="0.000189" asserts="3" />
            <test-case id="1166" name="CanRecognizeTestSelectionOptions(&quot;PreFilters&quot;,&quot;--prefilter=Some.Name.Space.TestFixture&quot;,&quot;Some.Name.Space.TestFixture&quot;)" fullname="NUnitLite.Tests.CommandLineTests.CanRecognizeTestSelectionOptions(&quot;PreFilters&quot;,&quot;--prefilter=Some.Name.Space.TestFixture&quot;,&quot;Some.Name.Space.TestFixture&quot;)" methodname="CanRecognizeTestSelectionOptions" classname="NUnitLite.Tests.CommandLineTests" runstate="Runnable" seed="923354010" result="Passed" start-time="2018-10-06 20:03:02Z" end-time="2018-10-06 20:03:02Z" duration="0.000371" asserts="3" />
            <test-case id="1167" name="CanRecognizeTestSelectionOptions(&quot;PreFilters&quot;,&quot;--prefilter=A.B.C,E.F.G&quot;,&quot;A.B.C&quot;,&quot;E.F.G&quot;)" fullname="NUnitLite.Tests.CommandLineTests.CanRecognizeTestSelectionOptions(&quot;PreFilters&quot;,&quot;--prefilter=A.B.C,E.F.G&quot;,&quot;A.B.C&quot;,&quot;E.F.G&quot;)" methodname="CanRecognizeTestSelectionOptions" classname="NUnitLite.Tests.CommandLineTests" runstate="Runnable" seed="1063925378" result="Passed" start-time="2018-10-06 20:03:02Z" end-time="2018-10-06 20:03:02Z" duration="0.000164" asserts="3" />
            <test-case id="1168" name="CanRecognizeTestSelectionOptions(&quot;PreFilters&quot;,&quot;--prefilter=A.B.C|--prefilter=E.F.G&quot;,&quot;A.B.C&quot;,&quot;E.F.G&quot;)" fullname="NUnitLite.Tests.CommandLineTests.CanRecognizeTestSelectionOptions(&quot;PreFilters&quot;,&quot;--prefilter=A.B.C|--prefilter=E.F.G&quot;,&quot;A.B.C&quot;,&quot;E.F.G&quot;)" methodname="CanRecognizeTestSelectionOptions" classname="NUnitLite.Tests.CommandLineTests" runstate="Runnable" seed="1657392055" result="Passed" start-time="2018-10-06 20:03:02Z" end-time="2018-10-06 20:03:02Z" duration="0.000173" asserts="3" />
          </test-suite>
          <test-case id="1194" name="DefaultResultSpecification" fullname="NUnitLite.Tests.CommandLineTests.DefaultResultSpecification" methodname="DefaultResultSpecification" classname="NUnitLite.Tests.CommandLineTests" runstate="Runnable" seed="567085593" result="Passed" start-time="2018-10-06 20:03:02Z" end-time="2018-10-06 20:03:02Z" duration="0.001683" asserts="3" />
          <test-case id="1214" name="DisplayTestParameters" fullname="NUnitLite.Tests.CommandLineTests.DisplayTestParameters" methodname="DisplayTestParameters" classname="NUnitLite.Tests.CommandLineTests" runstate="Runnable" seed="301850099" result="Passed" start-time="2018-10-06 20:03:02Z" end-time="2018-10-06 20:03:02Z" duration="0.001036" asserts="0">
            <output><![CDATA[No Test Parameters were passed
]]></output>
          </test-case>
          <test-case id="1199" name="ExploreOptionWithFilePath" fullname="NUnitLite.Tests.CommandLineTests.ExploreOptionWithFilePath" methodname="ExploreOptionWithFilePath" classname="NUnitLite.Tests.CommandLineTests" runstate="Runnable" seed="1995216425" result="Passed" start-time="2018-10-06 20:03:02Z" end-time="2018-10-06 20:03:02Z" duration="0.002128" asserts="4" />
          <test-case id="1200" name="ExploreOptionWithFilePathAndFormat" fullname="NUnitLite.Tests.CommandLineTests.ExploreOptionWithFilePathAndFormat" methodname="ExploreOptionWithFilePathAndFormat" classname="NUnitLite.Tests.CommandLineTests" runstate="Runnable" seed="226855870" result="Passed" start-time="2018-10-06 20:03:02Z" end-time="2018-10-06 20:03:02Z" duration="0.000675" asserts="4" />
          <test-case id="1201" name="ExploreOptionWithFilePathUsingEqualSign" fullname="NUnitLite.Tests.CommandLineTests.ExploreOptionWithFilePathUsingEqualSign" methodname="ExploreOptionWithFilePathUsingEqualSign" classname="NUnitLite.Tests.CommandLineTests" runstate="Runnable" seed="645181441" result="Passed" start-time="2018-10-06 20:03:02Z" end-time="2018-10-06 20:03:02Z" duration="0.000603" asserts="3" />
          <test-case id="1198" name="ExploreOptionWithoutPath" fullname="NUnitLite.Tests.CommandLineTests.ExploreOptionWithoutPath" methodname="ExploreOptionWithoutPath" classname="NUnitLite.Tests.CommandLineTests" runstate="Runnable" seed="1924492338" result="Passed" start-time="2018-10-06 20:03:02Z" end-time="2018-10-06 20:03:02Z" duration="0.000638" asserts="2" />
          <test-case id="1189" name="FileNameWithoutResultOptionLooksLikeParameter" fullname="NUnitLite.Tests.CommandLineTests.FileNameWithoutResultOptionLooksLikeParameter" methodname="FileNameWithoutResultOptionLooksLikeParameter" classname="NUnitLite.Tests.CommandLineTests" runstate="Runnable" seed="66462095" result="Passed" start-time="2018-10-06 20:03:02Z" end-time="2018-10-06 20:03:02Z" duration="0.001150" asserts="3" />
          <test-suite type="ParameterizedMethod" id="1113" name="GetArgsFromCommandLine" fullname="NUnitLite.Tests.CommandLineTests.GetArgsFromCommandLine" classname="NUnitLite.Tests.CommandLineTests" runstate="Runnable" testcasecount="23" result="Passed" start-time="2018-10-06 20:03:02Z" end-time="2018-10-06 20:03:02Z" duration="0.012046" total="23" passed="23" failed="0" warnings="0" inconclusive="0" skipped="0" asserts="23">
            <test-case id="1090" name="GetArgsFromCommandLine(&quot;--arg&quot;,&quot;--arg&quot;)" fullname="NUnitLite.Tests.CommandLineTests.GetArgsFromCommandLine(&quot;--arg&quot;,&quot;--arg&quot;)" methodname="GetArgsFromCommandLine" classname="NUnitLite.Tests.CommandLineTests" runstate="Runnable" seed="641478620" result="Passed" start-time="2018-10-06 20:03:02Z" end-time="2018-10-06 20:03:02Z" duration="0.005866" asserts="1" />
            <test-case id="1091" name="GetArgsFromCommandLine(&quot;--ArG&quot;,&quot;--ArG&quot;)" fullname="NUnitLite.Tests.CommandLineTests.GetArgsFromCommandLine(&quot;--ArG&quot;,&quot;--ArG&quot;)" methodname="GetArgsFromCommandLine" classname="NUnitLite.Tests.CommandLineTests" runstate="Runnable" seed="297938887" result="Passed" start-time="2018-10-06 20:03:02Z" end-time="2018-10-06 20:03:02Z" duration="0.000520" asserts="1" />
            <test-case id="1092" name="GetArgsFromCommandLine(&quot;--arg1 --arg2&quot;,&quot;--arg1&quot;,&quot;--arg2&quot;)" fullname="NUnitLite.Tests.CommandLineTests.GetArgsFromCommandLine(&quot;--arg1 --arg2&quot;,&quot;--arg1&quot;,&quot;--arg2&quot;)" methodname="GetArgsFromCommandLine" classname="NUnitLite.Tests.CommandLineTests" runstate="Runnable" seed="652741391" result="Passed" start-time="2018-10-06 20:03:02Z" end-time="2018-10-06 20:03:02Z" duration="0.000204" asserts="1" />
            <test-case id="1093" name="GetArgsFromCommandLine(&quot;--arg1 data --arg2&quot;,&quot;--arg1&quot;,&quot;data&quot;,&quot;--arg2&quot;)" fullname="NUnitLite.Tests.CommandLineTests.GetArgsFromCommandLine(&quot;--arg1 data --arg2&quot;,&quot;--arg1&quot;,&quot;data&quot;,&quot;--arg2&quot;)" methodname="GetArgsFromCommandLine" classname="NUnitLite.Tests.CommandLineTests" runstate="Runnable" seed="225783843" result="Passed" start-time="2018-10-06 20:03:02Z" end-time="2018-10-06 20:03:02Z" duration="0.000343" asserts="1" />
            <test-case id="1094" name="GetArgsFromCommandLine(&quot;&quot;)" fullname="NUnitLite.Tests.CommandLineTests.GetArgsFromCommandLine(&quot;&quot;)" methodname="GetArgsFromCommandLine" classname="NUnitLite.Tests.CommandLineTests" runstate="Runnable" seed="1295880017" result="Passed" start-time="2018-10-06 20:03:02Z" end-time="2018-10-06 20:03:02Z" duration="0.000129" asserts="1" />
            <test-case id="1095" name="GetArgsFromCommandLine(&quot;   &quot;)" fullname="NUnitLite.Tests.CommandLineTests.GetArgsFromCommandLine(&quot;   &quot;)" methodname="GetArgsFromCommandLine" classname="NUnitLite.Tests.CommandLineTests" runstate="Runnable" seed="682827767" result="Passed" start-time="2018-10-06 20:03:02Z" end-time="2018-10-06 20:03:02Z" duration="0.000165" asserts="1" />
            <test-case id="1096" name="GetArgsFromCommandLine(&quot;\&quot;--arg 1\&quot; --arg2&quot;,&quot;--arg 1&quot;,&quot;--arg2&quot;)" fullname="NUnitLite.Tests.CommandLineTests.GetArgsFromCommandLine(&quot;\&quot;--arg 1\&quot; --arg2&quot;,&quot;--arg 1&quot;,&quot;--arg2&quot;)" methodname="GetArgsFromCommandLine" classname="NUnitLite.Tests.CommandLineTests" runstate="Runnable" seed="1103225737" result="Passed" start-time="2018-10-06 20:03:02Z" end-time="2018-10-06 20:03:02Z" duration="0.000198" asserts="1" />
            <test-case id="1097" name="GetArgsFromCommandLine(&quot;--arg1 \&quot;--arg 2\&quot;&quot;,&quot;--arg1&quot;,&quot;--arg 2&quot;)" fullname="NUnitLite.Tests.CommandLineTests.GetArgsFromCommandLine(&quot;--arg1 \&quot;--arg 2\&quot;&quot;,&quot;--arg1&quot;,&quot;--arg 2&quot;)" methodname="GetArgsFromCommandLine" classname="NUnitLite.Tests.CommandLineTests" runstate="Runnable" seed="1491954758" result="Passed" start-time="2018-10-06 20:03:02Z" end-time="2018-10-06 20:03:02Z" duration="0.000174" asserts="1" />
            <test-case id="1098" name="GetArgsFromCommandLine(&quot;\&quot;--arg 1\&quot; \&quot;--arg 2\&quot;&quot;,&quot;--arg 1&quot;,&quot;--arg 2&quot;)" fullname="NUnitLite.Tests.CommandLineTests.GetArgsFromCommandLine(&quot;\&quot;--arg 1\&quot; \&quot;--arg 2\&quot;&quot;,&quot;--arg 1&quot;,&quot;--arg 2&quot;)" methodname="GetArgsFromCommandLine" classname="NUnitLite.Tests.CommandLineTests" runstate="Runnable" seed="1995052138" result="Passed" start-time="2018-10-06 20:03:02Z" end-time="2018-10-06 20:03:02Z" duration="0.000115" asserts="1" />
            <test-case id="1099" name="GetArgsFromCommandLine(&quot;\&quot;--arg 1\&quot; \&quot;--arg 2\&quot; arg3 \&quot;arg 4\&quot;&quot;,&quot;--arg 1&quot;,&quot;--arg 2&quot;,&quot;arg3&quot;,&quot;arg 4&quot;)" fullname="NUnitLite.Tests.CommandLineTests.GetArgsFromCommandLine(&quot;\&quot;--arg 1\&quot; \&quot;--arg 2\&quot; arg3 \&quot;arg 4\&quot;&quot;,&quot;--arg 1&quot;,&quot;--arg 2&quot;,&quot;arg3&quot;,&quot;arg 4&quot;)" methodname="GetArgsFromCommandLine" classname="NUnitLite.Tests.CommandLineTests" runstate="Runnable" seed="177677357" result="Passed" start-time="2018-10-06 20:03:02Z" end-time="2018-10-06 20:03:02Z" duration="0.000295" asserts="1" />
            <test-case id="1100" name="GetArgsFromCommandLine(&quot;--arg1 \&quot;--arg 2\&quot; arg3 \&quot;arg 4\&quot;&quot;,&quot;--arg1&quot;,&quot;--arg 2&quot;,&quot;arg3&quot;,&quot;arg 4&quot;)" fullname="NUnitLite.Tests.CommandLineTests.GetArgsFromCommandLine(&quot;--arg1 \&quot;--arg 2\&quot; arg3 \&quot;arg 4\&quot;&quot;,&quot;--arg1&quot;,&quot;--arg 2&quot;,&quot;arg3&quot;,&quot;arg 4&quot;)" methodname="GetArgsFromCommandLine" classname="NUnitLite.Tests.CommandLineTests" runstate="Runnable" seed="1060067596" result="Passed" start-time="2018-10-06 20:03:02Z" end-time="2018-10-06 20:03:02Z" duration="0.000323" asserts="1" />
            <test-case id="1101" name="GetArgsFromCommandLine(&quot;\&quot;--arg 1\&quot; \&quot;--arg 2\&quot; arg3 \&quot;arg 4\&quot; \&quot;--arg 1\&quot; \&quot;--arg 2\&quot; arg3 \&quot;arg 4\&quot;&quot;,&quot;--arg 1&quot;,&quot;--arg 2&quot;,&quot;arg3&quot;,&quot;arg 4&quot;,&quot;--arg 1&quot;,&quot;--arg 2&quot;,&quot;arg3&quot;,&quot;arg 4&quot;)" fullname="NUnitLite.Tests.CommandLineTests.GetArgsFromCommandLine(&quot;\&quot;--arg 1\&quot; \&quot;--arg 2\&quot; arg3 \&quot;arg 4\&quot; \&quot;--arg 1\&quot; \&quot;--arg 2\&quot; arg3 \&quot;arg 4\&quot;&quot;,&quot;--arg 1&quot;,&quot;--arg 2&quot;,&quot;arg3&quot;,&quot;arg 4&quot;,&quot;--arg 1&quot;,&quot;--arg 2&quot;,&quot;arg3&quot;,&quot;arg 4&quot;)" methodname="GetArgsFromCommandLine" classname="NUnitLite.Tests.CommandLineTests" runstate="Runnable" seed="1477930189" result="Passed" start-time="2018-10-06 20:03:02Z" end-time="2018-10-06 20:03:02Z" duration="0.000210" asserts="1" />
            <test-case id="1102" name="GetArgsFromCommandLine(&quot;\&quot;--arg\&quot;&quot;,&quot;--arg&quot;)" fullname="NUnitLite.Tests.CommandLineTests.GetArgsFromCommandLine(&quot;\&quot;--arg\&quot;&quot;,&quot;--arg&quot;)" methodname="GetArgsFromCommandLine" classname="NUnitLite.Tests.CommandLineTests" runstate="Runnable" seed="1226001946" result="Passed" start-time="2018-10-06 20:03:02Z" end-time="2018-10-06 20:03:02Z" duration="0.000223" asserts="1" />
            <test-case id="1103" name="GetArgsFromCommandLine(&quot;\&quot;--arg 1\&quot;&quot;,&quot;--arg 1&quot;)" fullname="NUnitLite.Tests.CommandLineTests.GetArgsFromCommandLine(&quot;\&quot;--arg 1\&quot;&quot;,&quot;--arg 1&quot;)" methodname="GetArgsFromCommandLine" classname="NUnitLite.Tests.CommandLineTests" runstate="Runnable" seed="997158427" result="Passed" start-time="2018-10-06 20:03:02Z" end-time="2018-10-06 20:03:02Z" duration="0.000252" asserts="1" />
            <test-case id="1104" name="GetArgsFromCommandLine(&quot;\&quot;--arg abc\&quot;&quot;,&quot;--arg abc&quot;)" fullname="NUnitLite.Tests.CommandLineTests.GetArgsFromCommandLine(&quot;\&quot;--arg abc\&quot;&quot;,&quot;--arg abc&quot;)" methodname="GetArgsFromCommandLine" classname="NUnitLite.Tests.CommandLineTests" runstate="Runnable" seed="466817711" result="Passed" start-time="2018-10-06 20:03:02Z" end-time="2018-10-06 20:03:02Z" duration="0.000149" asserts="1" />
            <test-case id="1105" name="GetArgsFromCommandLine(&quot;\&quot;--arg   abc\&quot;&quot;,&quot;--arg   abc&quot;)" fullname="NUnitLite.Tests.CommandLineTests.GetArgsFromCommandLine(&quot;\&quot;--arg   abc\&quot;&quot;,&quot;--arg   abc&quot;)" methodname="GetArgsFromCommandLine" classname="NUnitLite.Tests.CommandLineTests" runstate="Runnable" seed="643284303" result="Passed" start-time="2018-10-06 20:03:02Z" end-time="2018-10-06 20:03:02Z" duration="0.000239" asserts="1" />
            <test-case id="1106" name="GetArgsFromCommandLine(&quot;\&quot; --arg   abc \&quot;&quot;,&quot; --arg   abc &quot;)" fullname="NUnitLite.Tests.CommandLineTests.GetArgsFromCommandLine(&quot;\&quot; --arg   abc \&quot;&quot;,&quot; --arg   abc &quot;)" methodname="GetArgsFromCommandLine" classname="NUnitLite.Tests.CommandLineTests" runstate="Runnable" seed="2081482833" result="Passed" start-time="2018-10-06 20:03:02Z" end-time="2018-10-06 20:03:02Z" duration="0.000213" asserts="1" />
            <test-case id="1107" name="GetArgsFromCommandLine(&quot;\&quot;--arg=abc\&quot;&quot;,&quot;--arg=abc&quot;)" fullname="NUnitLite.Tests.CommandLineTests.GetArgsFromCommandLine(&quot;\&quot;--arg=abc\&quot;&quot;,&quot;--arg=abc&quot;)" methodname="GetArgsFromCommandLine" classname="NUnitLite.Tests.CommandLineTests" runstate="Runnable" seed="973181672" result="Passed" start-time="2018-10-06 20:03:02Z" end-time="2018-10-06 20:03:02Z" duration="0.000236" asserts="1" />
            <test-case id="1108" name="GetArgsFromCommandLine(&quot;\&quot;--arg=aBc\&quot;&quot;,&quot;--arg=aBc&quot;)" fullname="NUnitLite.Tests.CommandLineTests.GetArgsFromCommandLine(&quot;\&quot;--arg=aBc\&quot;&quot;,&quot;--arg=aBc&quot;)" methodname="GetArgsFromCommandLine" classname="NUnitLite.Tests.CommandLineTests" runstate="Runnable" seed="685184433" result="Passed" start-time="2018-10-06 20:03:02Z" end-time="2018-10-06 20:03:02Z" duration="0.000163" asserts="1" />
            <test-case id="1109" name="GetArgsFromCommandLine(&quot;\&quot;--arg = abc\&quot;&quot;,&quot;--arg = abc&quot;)" fullname="NUnitLite.Tests.CommandLineTests.GetArgsFromCommandLine(&quot;\&quot;--arg = abc\&quot;&quot;,&quot;--arg = abc&quot;)" methodname="GetArgsFromCommandLine" classname="NUnitLite.Tests.CommandLineTests" runstate="Runnable" seed="1267208102" result="Passed" start-time="2018-10-06 20:03:02Z" end-time="2018-10-06 20:03:02Z" duration="0.000286" asserts="1" />
            <test-case id="1110" name="GetArgsFromCommandLine(&quot;\&quot;--arg=abc,xyz\&quot;&quot;,&quot;--arg=abc,xyz&quot;)" fullname="NUnitLite.Tests.CommandLineTests.GetArgsFromCommandLine(&quot;\&quot;--arg=abc,xyz\&quot;&quot;,&quot;--arg=abc,xyz&quot;)" methodname="GetArgsFromCommandLine" classname="NUnitLite.Tests.CommandLineTests" runstate="Runnable" seed="736069905" result="Passed" start-time="2018-10-06 20:03:02Z" end-time="2018-10-06 20:03:02Z" duration="0.000243" asserts="1" />
            <test-case id="1111" name="GetArgsFromCommandLine(&quot;\&quot;--arg=abc, xyz\&quot;&quot;,&quot;--arg=abc, xyz&quot;)" fullname="NUnitLite.Tests.CommandLineTests.GetArgsFromCommandLine(&quot;\&quot;--arg=abc, xyz\&quot;&quot;,&quot;--arg=abc, xyz&quot;)" methodname="GetArgsFromCommandLine" classname="NUnitLite.Tests.CommandLineTests" runstate="Runnable" seed="1664129974" result="Passed" start-time="2018-10-06 20:03:02Z" end-time="2018-10-06 20:03:02Z" duration="0.000295" asserts="1" />
            <test-case id="1112" name="GetArgsFromCommandLine(&quot;\&quot;@arg = ~ ` ! @ # $ % ^ &amp; * ( ) _ - : ; + ' ' { } [ ] | \\ ? / . , , xYz\&quot;&quot;,&quot;@arg = ~ ` ! @ # $ % ^ &amp; * ( ) _ - : ; + ' ' { } [ ] | \\ ? / . , , xYz&quot;)" fullname="NUnitLite.Tests.CommandLineTests.GetArgsFromCommandLine(&quot;\&quot;@arg = ~ ` ! @ # $ % ^ &amp; * ( ) _ - : ; + ' ' { } [ ] | \\ ? / . , , xYz\&quot;&quot;,&quot;@arg = ~ ` ! @ # $ % ^ &amp; * ( ) _ - : ; + ' ' { } [ ] | \\ ? / . , , xYz&quot;)" methodname="GetArgsFromCommandLine" classname="NUnitLite.Tests.CommandLineTests" runstate="Runnable" seed="580193150" result="Passed" start-time="2018-10-06 20:03:02Z" end-time="2018-10-06 20:03:02Z" duration="0.000243" asserts="1" />
          </test-suite>
          <test-suite type="ParameterizedMethod" id="1137" name="GetArgsFromFiles" fullname="NUnitLite.Tests.CommandLineTests.GetArgsFromFiles" classname="NUnitLite.Tests.CommandLineTests" runstate="Runnable" testcasecount="23" result="Passed" start-time="2018-10-06 20:03:02Z" end-time="2018-10-06 20:03:02Z" duration="0.101113" total="23" passed="23" failed="0" warnings="0" inconclusive="0" skipped="0" asserts="46">
            <test-case id="1114" name="GetArgsFromFiles(&quot;--arg1 @file1.txt --arg2&quot;,&quot;file1.txt:--filearg1 --filearg2&quot;,&quot;--arg1&quot;,&quot;--filearg1&quot;,&quot;--filearg2&quot;,&quot;--arg2&quot;)" fullname="NUnitLite.Tests.CommandLineTests.GetArgsFromFiles(&quot;--arg1 @file1.txt --arg2&quot;,&quot;file1.txt:--filearg1 --filearg2&quot;,&quot;--arg1&quot;,&quot;--filearg1&quot;,&quot;--filearg2&quot;,&quot;--arg2&quot;)" methodname="GetArgsFromFiles" classname="NUnitLite.Tests.CommandLineTests" runstate="Runnable" seed="134068341" result="Passed" start-time="2018-10-06 20:03:02Z" end-time="2018-10-06 20:03:02Z" duration="0.008199" asserts="2" />
            <test-case id="1115" name="GetArgsFromFiles(&quot;--arg1 @file1.txt --arg2&quot;,&quot;file1.txt:--filearg1\r\n--filearg2&quot;,&quot;--arg1&quot;,&quot;--filearg1&quot;,&quot;--filearg2&quot;,&quot;--arg2&quot;)" fullname="NUnitLite.Tests.CommandLineTests.GetArgsFromFiles(&quot;--arg1 @file1.txt --arg2&quot;,&quot;file1.txt:--filearg1\r\n--filearg2&quot;,&quot;--arg1&quot;,&quot;--filearg1&quot;,&quot;--filearg2&quot;,&quot;--arg2&quot;)" methodname="GetArgsFromFiles" classname="NUnitLite.Tests.CommandLineTests" runstate="Runnable" seed="591861734" result="Passed" start-time="2018-10-06 20:03:02Z" end-time="2018-10-06 20:03:02Z" duration="0.007268" asserts="2" />
            <test-case id="1116" name="GetArgsFromFiles(&quot;--arg1 @file1.txt --arg2&quot;,&quot;file1.txt:--filearg1 data&quot;,&quot;--arg1&quot;,&quot;--filearg1&quot;,&quot;data&quot;,&quot;--arg2&quot;)" fullname="NUnitLite.Tests.CommandLineTests.GetArgsFromFiles(&quot;--arg1 @file1.txt --arg2&quot;,&quot;file1.txt:--filearg1 data&quot;,&quot;--arg1&quot;,&quot;--filearg1&quot;,&quot;data&quot;,&quot;--arg2&quot;)" methodname="GetArgsFromFiles" classname="NUnitLite.Tests.CommandLineTests" runstate="Runnable" seed="1883463508" result="Passed" start-time="2018-10-06 20:03:02Z" end-time="2018-10-06 20:03:02Z" duration="0.002889" asserts="2" />
            <test-case id="1117" name="GetArgsFromFiles(&quot;--arg1 @file1.txt --arg2&quot;,&quot;file1.txt:--filearg1 \&quot;data in quotes\&quot;&quot;,&quot;--arg1&quot;,&quot;--filearg1&quot;,&quot;data in quotes&quot;,&quot;--arg2&quot;)" fullname="NUnitLite.Tests.CommandLineTests.GetArgsFromFiles(&quot;--arg1 @file1.txt --arg2&quot;,&quot;file1.txt:--filearg1 \&quot;data in quotes\&quot;&quot;,&quot;--arg1&quot;,&quot;--filearg1&quot;,&quot;data in quotes&quot;,&quot;--arg2&quot;)" methodname="GetArgsFromFiles" classname="NUnitLite.Tests.CommandLineTests" runstate="Runnable" seed="1822672847" result="Passed" start-time="2018-10-06 20:03:02Z" end-time="2018-10-06 20:03:02Z" duration="0.003810" asserts="2" />
            <test-case id="1118" name="GetArgsFromFiles(&quot;--arg1 @file1.txt --arg2&quot;,&quot;file1.txt:--filearg1 \&quot;data in quotes with 'single' quotes\&quot;&quot;,&quot;--arg1&quot;,&quot;--filearg1&quot;,&quot;data in quotes with 'single' quotes&quot;,&quot;--arg2&quot;)" fullname="NUnitLite.Tests.CommandLineTests.GetArgsFromFiles(&quot;--arg1 @file1.txt --arg2&quot;,&quot;file1.txt:--filearg1 \&quot;data in quotes with 'single' quotes\&quot;&quot;,&quot;--arg1&quot;,&quot;--filearg1&quot;,&quot;data in quotes with 'single' quotes&quot;,&quot;--arg2&quot;)" methodname="GetArgsFromFiles" classname="NUnitLite.Tests.CommandLineTests" runstate="Runnable" seed="30680393" result="Passed" start-time="2018-10-06 20:03:02Z" end-time="2018-10-06 20:03:02Z" duration="0.004981" asserts="2" />
            <test-case id="1119" name="GetArgsFromFiles(&quot;--arg1 @file1.txt --arg2&quot;,&quot;file1.txt:--filearg1 \&quot;data in quotes with /slashes/\&quot;&quot;,&quot;--arg1&quot;,&quot;--filearg1&quot;,&quot;data in quotes with /slashes/&quot;,&quot;--arg2&quot;)" fullname="NUnitLite.Tests.CommandLineTests.GetArgsFromFiles(&quot;--arg1 @file1.txt --arg2&quot;,&quot;file1.txt:--filearg1 \&quot;data in quotes with /slashes/\&quot;&quot;,&quot;--arg1&quot;,&quot;--filearg1&quot;,&quot;data in quotes with /slashes/&quot;,&quot;--arg2&quot;)" methodname="GetArgsFromFiles" classname="NUnitLite.Tests.CommandLineTests" runstate="Runnable" seed="1382494608" result="Passed" start-time="2018-10-06 20:03:02Z" end-time="2018-10-06 20:03:02Z" duration="0.006444" asserts="2" />
            <test-case id="1120" name="GetArgsFromFiles(&quot;--arg1 @file1.txt --arg2 @file2.txt&quot;,&quot;file1.txt:--filearg1 --filearg2,file2.txt:--filearg3&quot;,&quot;--arg1&quot;,&quot;--filearg1&quot;,&quot;--filearg2&quot;,&quot;--arg2&quot;,&quot;--filearg3&quot;)" fullname="NUnitLite.Tests.CommandLineTests.GetArgsFromFiles(&quot;--arg1 @file1.txt --arg2 @file2.txt&quot;,&quot;file1.txt:--filearg1 --filearg2,file2.txt:--filearg3&quot;,&quot;--arg1&quot;,&quot;--filearg1&quot;,&quot;--filearg2&quot;,&quot;--arg2&quot;,&quot;--filearg3&quot;)" methodname="GetArgsFromFiles" classname="NUnitLite.Tests.CommandLineTests" runstate="Runnable" seed="152056572" result="Passed" start-time="2018-10-06 20:03:02Z" end-time="2018-10-06 20:03:02Z" duration="0.008594" asserts="2" />
            <test-case id="1121" name="GetArgsFromFiles(&quot;--arg1 @file1.txt --arg2&quot;,&quot;file1.txt:&quot;,&quot;--arg1&quot;,&quot;--arg2&quot;)" fullname="NUnitLite.Tests.CommandLineTests.GetArgsFromFiles(&quot;--arg1 @file1.txt --arg2&quot;,&quot;file1.txt:&quot;,&quot;--arg1&quot;,&quot;--arg2&quot;)" methodname="GetArgsFromFiles" classname="NUnitLite.Tests.CommandLineTests" runstate="Runnable" seed="762318375" result="Passed" start-time="2018-10-06 20:03:02Z" end-time="2018-10-06 20:03:02Z" duration="0.002041" asserts="2" />
            <test-case id="1122" name="GetArgsFromFiles(&quot;--arg1 @file1.txt --arg2&quot;,&quot;file1.txt:--fileArg1\n\n\n--fileArg2&quot;,&quot;--arg1&quot;,&quot;--fileArg1&quot;,&quot;--fileArg2&quot;,&quot;--arg2&quot;)" fullname="NUnitLite.Tests.CommandLineTests.GetArgsFromFiles(&quot;--arg1 @file1.txt --arg2&quot;,&quot;file1.txt:--fileArg1\n\n\n--fileArg2&quot;,&quot;--arg1&quot;,&quot;--fileArg1&quot;,&quot;--fileArg2&quot;,&quot;--arg2&quot;)" methodname="GetArgsFromFiles" classname="NUnitLite.Tests.CommandLineTests" runstate="Runnable" seed="1806357106" result="Passed" start-time="2018-10-06 20:03:02Z" end-time="2018-10-06 20:03:02Z" duration="0.009839" asserts="2" />
            <test-case id="1123" name="GetArgsFromFiles(&quot;--arg1 @file1.txt --arg2&quot;,&quot;file1.txt:--fileArg1\n    \n\t\t\n--fileArg2&quot;,&quot;--arg1&quot;,&quot;--fileArg1&quot;,&quot;--fileArg2&quot;,&quot;--arg2&quot;)" fullname="NUnitLite.Tests.CommandLineTests.GetArgsFromFiles(&quot;--arg1 @file1.txt --arg2&quot;,&quot;file1.txt:--fileArg1\n    \n\t\t\n--fileArg2&quot;,&quot;--arg1&quot;,&quot;--fileArg1&quot;,&quot;--fileArg2&quot;,&quot;--arg2&quot;)" methodname="GetArgsFromFiles" classname="NUnitLite.Tests.CommandLineTests" runstate="Runnable" seed="1205066227" result="Passed" start-time="2018-10-06 20:03:02Z" end-time="2018-10-06 20:03:02Z" duration="0.005263" asserts="2" />
            <test-case id="1124" name="GetArgsFromFiles(&quot;--arg1 @file1.txt --arg2&quot;,&quot;file1.txt:--fileArg1\r\n\r\n\r\n--fileArg2&quot;,&quot;--arg1&quot;,&quot;--fileArg1&quot;,&quot;--fileArg2&quot;,&quot;--arg2&quot;)" fullname="NUnitLite.Tests.CommandLineTests.GetArgsFromFiles(&quot;--arg1 @file1.txt --arg2&quot;,&quot;file1.txt:--fileArg1\r\n\r\n\r\n--fileArg2&quot;,&quot;--arg1&quot;,&quot;--fileArg1&quot;,&quot;--fileArg2&quot;,&quot;--arg2&quot;)" methodname="GetArgsFromFiles" classname="NUnitLite.Tests.CommandLineTests" runstate="Runnable" seed="1672462150" result="Passed" start-time="2018-10-06 20:03:02Z" end-time="2018-10-06 20:03:02Z" duration="0.005549" asserts="2" />
            <test-case id="1125" name="GetArgsFromFiles(&quot;--arg1 @file1.txt --arg2&quot;,&quot;file1.txt:--fileArg1\r\n    \r\n\t\t\r\n--fileArg2&quot;,&quot;--arg1&quot;,&quot;--fileArg1&quot;,&quot;--fileArg2&quot;,&quot;--arg2&quot;)" fullname="NUnitLite.Tests.CommandLineTests.GetArgsFromFiles(&quot;--arg1 @file1.txt --arg2&quot;,&quot;file1.txt:--fileArg1\r\n    \r\n\t\t\r\n--fileArg2&quot;,&quot;--arg1&quot;,&quot;--fileArg1&quot;,&quot;--fileArg2&quot;,&quot;--arg2&quot;)" methodname="GetArgsFromFiles" classname="NUnitLite.Tests.CommandLineTests" runstate="Runnable" seed="622475189" result="Passed" start-time="2018-10-06 20:03:02Z" end-time="2018-10-06 20:03:02Z" duration="0.002890" asserts="2" />
            <test-case id="1126" name="GetArgsFromFiles(&quot;--arg1 @file1.txt --arg2&quot;,&quot;file1.txt:--filearg1 --filearg2\r\n\n--filearg3 --filearg4&quot;,&quot;--arg1&quot;,&quot;--filearg1&quot;,&quot;--filearg2&quot;,&quot;--filearg3&quot;,&quot;--filearg4&quot;,&quot;--arg2&quot;)" fullname="NUnitLite.Tests.CommandLineTests.GetArgsFromFiles(&quot;--arg1 @file1.txt --arg2&quot;,&quot;file1.txt:--filearg1 --filearg2\r\n\n--filearg3 --filearg4&quot;,&quot;--arg1&quot;,&quot;--filearg1&quot;,&quot;--filearg2&quot;,&quot;--filearg3&quot;,&quot;--filearg4&quot;,&quot;--arg2&quot;)" methodname="GetArgsFromFiles" classname="NUnitLite.Tests.CommandLineTests" runstate="Runnable" seed="787443455" result="Passed" start-time="2018-10-06 20:03:02Z" end-time="2018-10-06 20:03:02Z" duration="0.003617" asserts="2" />
            <test-case id="1127" name="GetArgsFromFiles(&quot;--arg1 @file1.txt --arg2&quot;,&quot;file1.txt:--fileArg1\nThis is NOT treated as a COMMENT\n--fileArg2&quot;,&quot;--arg1&quot;,&quot;--fileArg1&quot;,&quot;This&quot;,&quot;is&quot;,&quot;NOT&quot;,&quot;treated&quot;,&quot;as&quot;,&quot;a&quot;,&quot;COMMENT&quot;,&quot;--fileArg2&quot;,&quot;--arg2&quot;)" fullname="NUnitLite.Tests.CommandLineTests.GetArgsFromFiles(&quot;--arg1 @file1.txt --arg2&quot;,&quot;file1.txt:--fileArg1\nThis is NOT treated as a COMMENT\n--fileArg2&quot;,&quot;--arg1&quot;,&quot;--fileArg1&quot;,&quot;This&quot;,&quot;is&quot;,&quot;NOT&quot;,&quot;treated&quot;,&quot;as&quot;,&quot;a&quot;,&quot;COMMENT&quot;,&quot;--fileArg2&quot;,&quot;--arg2&quot;)" methodname="GetArgsFromFiles" classname="NUnitLite.Tests.CommandLineTests" runstate="Runnable" seed="1819796987" result="Passed" start-time="2018-10-06 20:03:02Z" end-time="2018-10-06 20:03:02Z" duration="0.003135" asserts="2" />
            <test-case id="1128" name="GetArgsFromFiles(&quot;--arg1 @file1.txt --arg2&quot;,&quot;file1.txt:--fileArg1\n#This is treated as a COMMENT\n--fileArg2&quot;,&quot;--arg1&quot;,&quot;--fileArg1&quot;,&quot;--fileArg2&quot;,&quot;--arg2&quot;)" fullname="NUnitLite.Tests.CommandLineTests.GetArgsFromFiles(&quot;--arg1 @file1.txt --arg2&quot;,&quot;file1.txt:--fileArg1\n#This is treated as a COMMENT\n--fileArg2&quot;,&quot;--arg1&quot;,&quot;--fileArg1&quot;,&quot;--fileArg2&quot;,&quot;--arg2&quot;)" methodname="GetArgsFromFiles" classname="NUnitLite.Tests.CommandLineTests" runstate="Runnable" seed="570240722" result="Passed" start-time="2018-10-06 20:03:02Z" end-time="2018-10-06 20:03:02Z" duration="0.003643" asserts="2" />
            <test-case id="1129" name="GetArgsFromFiles(&quot;--arg1 @file1.txt --arg2 @file2.txt&quot;,&quot;file1.txt:--filearg1 --filearg2,file2.txt:--filearg3 @file3.txt,file3.txt:--filearg4&quot;,&quot;--arg1&quot;,&quot;--filearg1&quot;,&quot;--filearg2&quot;,&quot;--arg2&quot;,&quot;--filearg3&quot;,&quot;--filearg4&quot;)" fullname="NUnitLite.Tests.CommandLineTests.GetArgsFromFiles(&quot;--arg1 @file1.txt --arg2 @file2.txt&quot;,&quot;file1.txt:--filearg1 --filearg2,file2.txt:--filearg3 @file3.txt,file3.txt:--filearg4&quot;,&quot;--arg1&quot;,&quot;--filearg1&quot;,&quot;--filearg2&quot;,&quot;--arg2&quot;,&quot;--filearg3&quot;,&quot;--filearg4&quot;)" methodname="GetArgsFromFiles" classname="NUnitLite.Tests.CommandLineTests" runstate="Runnable" seed="1468851840" result="Passed" start-time="2018-10-06 20:03:02Z" end-time="2018-10-06 20:03:02Z" duration="0.005257" asserts="2" />
            <test-case id="1130" name="GetArgsFromFiles(&quot;testfile.dll @file1.txt --arg2&quot;,&quot;file1.txt:--where test==somelongname&quot;,&quot;testfile.dll&quot;,&quot;--where&quot;,&quot;test==somelongname&quot;,&quot;--arg2&quot;)" fullname="NUnitLite.Tests.CommandLineTests.GetArgsFromFiles(&quot;testfile.dll @file1.txt --arg2&quot;,&quot;file1.txt:--where test==somelongname&quot;,&quot;testfile.dll&quot;,&quot;--where&quot;,&quot;test==somelongname&quot;,&quot;--arg2&quot;)" methodname="GetArgsFromFiles" classname="NUnitLite.Tests.CommandLineTests" runstate="Runnable" seed="587387924" result="Passed" start-time="2018-10-06 20:03:02Z" end-time="2018-10-06 20:03:02Z" duration="0.001656" asserts="2" />
            <test-case id="1131" name="GetArgsFromFiles(&quot;testfile.dll @file1.txt --arg2&quot;,&quot;file1.txt:--where test == somelongname&quot;,&quot;testfile.dll&quot;,&quot;--where&quot;,&quot;test&quot;,&quot;==&quot;,&quot;somelongname&quot;,&quot;--arg2&quot;)" fullname="NUnitLite.Tests.CommandLineTests.GetArgsFromFiles(&quot;testfile.dll @file1.txt --arg2&quot;,&quot;file1.txt:--where test == somelongname&quot;,&quot;testfile.dll&quot;,&quot;--where&quot;,&quot;test&quot;,&quot;==&quot;,&quot;somelongname&quot;,&quot;--arg2&quot;)" methodname="GetArgsFromFiles" classname="NUnitLite.Tests.CommandLineTests" runstate="Runnable" seed="609321187" result="Passed" start-time="2018-10-06 20:03:02Z" end-time="2018-10-06 20:03:02Z" duration="0.001870" asserts="2" />
            <test-case id="1132" name="GetArgsFromFiles(&quot;testfile.dll @file1.txt --arg2&quot;,&quot;file1.txt:--where \&quot;test == somelongname\&quot;&quot;,&quot;testfile.dll&quot;,&quot;--where&quot;,&quot;test == somelongname&quot;,&quot;--arg2&quot;)" fullname="NUnitLite.Tests.CommandLineTests.GetArgsFromFiles(&quot;testfile.dll @file1.txt --arg2&quot;,&quot;file1.txt:--where \&quot;test == somelongname\&quot;&quot;,&quot;testfile.dll&quot;,&quot;--where&quot;,&quot;test == somelongname&quot;,&quot;--arg2&quot;)" methodname="GetArgsFromFiles" classname="NUnitLite.Tests.CommandLineTests" runstate="Runnable" seed="1704995247" result="Passed" start-time="2018-10-06 20:03:02Z" end-time="2018-10-06 20:03:02Z" duration="0.001715" asserts="2" />
            <test-case id="1133" name="GetArgsFromFiles(&quot;testfile.dll @file1.txt --arg2&quot;,&quot;file1.txt:--where\n    \&quot;test == somelongname\&quot;&quot;,&quot;testfile.dll&quot;,&quot;--where&quot;,&quot;test == somelongname&quot;,&quot;--arg2&quot;)" fullname="NUnitLite.Tests.CommandLineTests.GetArgsFromFiles(&quot;testfile.dll @file1.txt --arg2&quot;,&quot;file1.txt:--where\n    \&quot;test == somelongname\&quot;&quot;,&quot;testfile.dll&quot;,&quot;--where&quot;,&quot;test == somelongname&quot;,&quot;--arg2&quot;)" methodname="GetArgsFromFiles" classname="NUnitLite.Tests.CommandLineTests" runstate="Runnable" seed="1844892888" result="Passed" start-time="2018-10-06 20:03:02Z" end-time="2018-10-06 20:03:02Z" duration="0.001608" asserts="2" />
            <test-case id="1134" name="GetArgsFromFiles(&quot;testfile.dll @file1.txt --arg2&quot;,&quot;file1.txt:--where\n    \&quot;test == somelongname or test == /another long name/ or cat == SomeCategory\&quot;&quot;,&quot;testfile.dll&quot;,&quot;--where&quot;,&quot;test == somelongname or test == /another long name/ or cat == SomeCategory&quot;,&quot;--arg2&quot;)" fullname="NUnitLite.Tests.CommandLineTests.GetArgsFromFiles(&quot;testfile.dll @file1.txt --arg2&quot;,&quot;file1.txt:--where\n    \&quot;test == somelongname or test == /another long name/ or cat == SomeCategory\&quot;&quot;,&quot;testfile.dll&quot;,&quot;--where&quot;,&quot;test == somelongname or test == /another long name/ or cat == SomeCategory&quot;,&quot;--arg2&quot;)" methodname="GetArgsFromFiles" classname="NUnitLite.Tests.CommandLineTests" runstate="Runnable" seed="1705289261" result="Passed" start-time="2018-10-06 20:03:02Z" end-time="2018-10-06 20:03:02Z" duration="0.001573" asserts="2" />
            <test-case id="1135" name="GetArgsFromFiles(&quot;testfile.dll @file1.txt --arg2&quot;,&quot;file1.txt:--where\n    \&quot;test == somelongname or\ntest == /another long name/ or\ncat == SomeCategory\&quot;&quot;,&quot;testfile.dll&quot;,&quot;--where&quot;,&quot;test == somelongname or test == /another long name/ or cat == SomeCategory&quot;,&quot;--arg2&quot;)" fullname="NUnitLite.Tests.CommandLineTests.GetArgsFromFiles(&quot;testfile.dll @file1.txt --arg2&quot;,&quot;file1.txt:--where\n    \&quot;test == somelongname or\ntest == /another long name/ or\ncat == SomeCategory\&quot;&quot;,&quot;testfile.dll&quot;,&quot;--where&quot;,&quot;test == somelongname or test == /another long name/ or cat == SomeCategory&quot;,&quot;--arg2&quot;)" methodname="GetArgsFromFiles" classname="NUnitLite.Tests.CommandLineTests" runstate="Runnable" seed="269745487" result="Passed" start-time="2018-10-06 20:03:02Z" end-time="2018-10-06 20:03:02Z" duration="0.001432" asserts="2" />
            <test-case id="1136" name="GetArgsFromFiles(&quot;testfile.dll @file1.txt --arg2&quot;,&quot;file1.txt:--where\n    \&quot;test == somelongname ||\ntest == /another long name/ ||\ncat == SomeCategory\&quot;&quot;,&quot;testfile.dll&quot;,&quot;--where&quot;,&quot;test == somelongname || test == /another long name/ || cat == SomeCategory&quot;,&quot;--arg2&quot;)" fullname="NUnitLite.Tests.CommandLineTests.GetArgsFromFiles(&quot;testfile.dll @file1.txt --arg2&quot;,&quot;file1.txt:--where\n    \&quot;test == somelongname ||\ntest == /another long name/ ||\ncat == SomeCategory\&quot;&quot;,&quot;testfile.dll&quot;,&quot;--where&quot;,&quot;test == somelongname || test == /another long name/ || cat == SomeCategory&quot;,&quot;--arg2&quot;)" methodname="GetArgsFromFiles" classname="NUnitLite.Tests.CommandLineTests" runstate="Runnable" seed="878661704" result="Passed" start-time="2018-10-06 20:03:02Z" end-time="2018-10-06 20:03:02Z" duration="0.001842" asserts="2" />
          </test-suite>
          <test-suite type="ParameterizedMethod" id="1140" name="GetArgsFromFiles_FailureTests" fullname="NUnitLite.Tests.CommandLineTests.GetArgsFromFiles_FailureTests" classname="NUnitLite.Tests.CommandLineTests" runstate="Runnable" testcasecount="2" result="Passed" start-time="2018-10-06 20:03:02Z" end-time="2018-10-06 20:03:02Z" duration="0.000957" total="2" passed="2" failed="0" warnings="0" inconclusive="0" skipped="0" asserts="2">
            <test-case id="1138" name="GetArgsFromFiles_FailureTests(&quot;--arg1 @file1.txt --arg2&quot;,&quot;The file \&quot;file1.txt\&quot; was not found.&quot;)" fullname="NUnitLite.Tests.CommandLineTests.GetArgsFromFiles_FailureTests(&quot;--arg1 @file1.txt --arg2&quot;,&quot;The file \&quot;file1.txt\&quot; was not found.&quot;)" methodname="GetArgsFromFiles_FailureTests" classname="NUnitLite.Tests.CommandLineTests" runstate="Runnable" seed="1734817242" result="Passed" start-time="2018-10-06 20:03:02Z" end-time="2018-10-06 20:03:02Z" duration="0.000805" asserts="1" />
            <test-case id="1139" name="GetArgsFromFiles_FailureTests(&quot;--arg1 @ --arg2&quot;,&quot;You must include a file name after @.&quot;)" fullname="NUnitLite.Tests.CommandLineTests.GetArgsFromFiles_FailureTests(&quot;--arg1 @ --arg2&quot;,&quot;You must include a file name after @.&quot;)" methodname="GetArgsFromFiles_FailureTests" classname="NUnitLite.Tests.CommandLineTests" runstate="Runnable" seed="1624573266" result="Passed" start-time="2018-10-06 20:03:02Z" end-time="2018-10-06 20:03:02Z" duration="0.000103" asserts="1" />
          </test-suite>
          <test-case id="1184" name="InvalidCommandLineParms" fullname="NUnitLite.Tests.CommandLineTests.InvalidCommandLineParms" methodname="InvalidCommandLineParms" classname="NUnitLite.Tests.CommandLineTests" runstate="Runnable" seed="1897322" result="Passed" start-time="2018-10-06 20:03:02Z" end-time="2018-10-06 20:03:02Z" duration="0.002138" asserts="4" />
          <test-case id="1183" name="InvalidOption" fullname="NUnitLite.Tests.CommandLineTests.InvalidOption" methodname="InvalidOption" classname="NUnitLite.Tests.CommandLineTests" runstate="Runnable" seed="1727233004" result="Passed" start-time="2018-10-06 20:03:02Z" end-time="2018-10-06 20:03:02Z" duration="0.000460" asserts="3" />
          <test-case id="1197" name="InvalidResultSpecRecordsError" fullname="NUnitLite.Tests.CommandLineTests.InvalidResultSpecRecordsError" methodname="InvalidResultSpecRecordsError" classname="NUnitLite.Tests.CommandLineTests" runstate="Runnable" seed="2067400645" result="Passed" start-time="2018-10-06 20:03:02Z" end-time="2018-10-06 20:03:02Z" duration="0.007183" asserts="2" />
          <test-suite type="ParameterizedMethod" id="1178" name="MissingValuesAreReported" fullname="NUnitLite.Tests.CommandLineTests.MissingValuesAreReported" classname="NUnitLite.Tests.CommandLineTests" runstate="Runnable" testcasecount="8" result="Passed" start-time="2018-10-06 20:03:02Z" end-time="2018-10-06 20:03:02Z" duration="0.001155" total="8" passed="8" failed="0" warnings="0" inconclusive="0" skipped="0" asserts="16">
            <test-case id="1170" name="MissingValuesAreReported(&quot;--where&quot;)" fullname="NUnitLite.Tests.CommandLineTests.MissingValuesAreReported(&quot;--where&quot;)" methodname="MissingValuesAreReported" classname="NUnitLite.Tests.CommandLineTests" runstate="Runnable" seed="69998814" result="Passed" start-time="2018-10-06 20:03:02Z" end-time="2018-10-06 20:03:02Z" duration="0.000528" asserts="2" />
            <test-case id="1171" name="MissingValuesAreReported(&quot;--output&quot;)" fullname="NUnitLite.Tests.CommandLineTests.MissingValuesAreReported(&quot;--output&quot;)" methodname="MissingValuesAreReported" classname="NUnitLite.Tests.CommandLineTests" runstate="Runnable" seed="590670204" result="Passed" start-time="2018-10-06 20:03:02Z" end-time="2018-10-06 20:03:02Z" duration="0.000092" asserts="2" />
            <test-case id="1172" name="MissingValuesAreReported(&quot;--err&quot;)" fullname="NUnitLite.Tests.CommandLineTests.MissingValuesAreReported(&quot;--err&quot;)" methodname="MissingValuesAreReported" classname="NUnitLite.Tests.CommandLineTests" runstate="Runnable" seed="1378832632" result="Passed" start-time="2018-10-06 20:03:02Z" end-time="2018-10-06 20:03:02Z" duration="0.000080" asserts="2" />
            <test-case id="1173" name="MissingValuesAreReported(&quot;--work&quot;)" fullname="NUnitLite.Tests.CommandLineTests.MissingValuesAreReported(&quot;--work&quot;)" methodname="MissingValuesAreReported" classname="NUnitLite.Tests.CommandLineTests" runstate="Runnable" seed="434499435" result="Passed" start-time="2018-10-06 20:03:02Z" end-time="2018-10-06 20:03:02Z" duration="0.000075" asserts="2" />
            <test-case id="1174" name="MissingValuesAreReported(&quot;--trace&quot;)" fullname="NUnitLite.Tests.CommandLineTests.MissingValuesAreReported(&quot;--trace&quot;)" methodname="MissingValuesAreReported" classname="NUnitLite.Tests.CommandLineTests" runstate="Runnable" seed="1423918400" result="Passed" start-time="2018-10-06 20:03:02Z" end-time="2018-10-06 20:03:02Z" duration="0.000076" asserts="2" />
            <test-case id="1175" name="MissingValuesAreReported(&quot;--test&quot;)" fullname="NUnitLite.Tests.CommandLineTests.MissingValuesAreReported(&quot;--test&quot;)" methodname="MissingValuesAreReported" classname="NUnitLite.Tests.CommandLineTests" runstate="Runnable" seed="1272795576" result="Passed" start-time="2018-10-06 20:03:02Z" end-time="2018-10-06 20:03:02Z" duration="0.000074" asserts="2" />
            <test-case id="1176" name="MissingValuesAreReported(&quot;--prefilter&quot;)" fullname="NUnitLite.Tests.CommandLineTests.MissingValuesAreReported(&quot;--prefilter&quot;)" methodname="MissingValuesAreReported" classname="NUnitLite.Tests.CommandLineTests" runstate="Runnable" seed="1708241812" result="Passed" start-time="2018-10-06 20:03:02Z" end-time="2018-10-06 20:03:02Z" duration="0.000074" asserts="2" />
            <test-case id="1177" name="MissingValuesAreReported(&quot;--timeout&quot;)" fullname="NUnitLite.Tests.CommandLineTests.MissingValuesAreReported(&quot;--timeout&quot;)" methodname="MissingValuesAreReported" classname="NUnitLite.Tests.CommandLineTests" runstate="Runnable" seed="1757695127" result="Passed" start-time="2018-10-06 20:03:02Z" end-time="2018-10-06 20:03:02Z" duration="0.000075" asserts="2" />
          </test-suite>
          <test-case id="1180" name="MultipleAssembliesAreInvalidByDefault" fullname="NUnitLite.Tests.CommandLineTests.MultipleAssembliesAreInvalidByDefault" methodname="MultipleAssembliesAreInvalidByDefault" classname="NUnitLite.Tests.CommandLineTests" runstate="Runnable" seed="314035431" result="Passed" start-time="2018-10-06 20:03:02Z" end-time="2018-10-06 20:03:02Z" duration="0.000638" asserts="4" />
          <test-case id="1182" name="MultipleAssembliesAreInvalidEvenIfOneIsAllowed" fullname="NUnitLite.Tests.CommandLineTests.MultipleAssembliesAreInvalidEvenIfOneIsAllowed" methodname="MultipleAssembliesAreInvalidEvenIfOneIsAllowed" classname="NUnitLite.Tests.CommandLineTests" runstate="Runnable" seed="1301123937" result="Passed" start-time="2018-10-06 20:03:02Z" end-time="2018-10-06 20:03:02Z" duration="0.000496" asserts="3" />
          <test-case id="1141" name="NoInputFiles" fullname="NUnitLite.Tests.CommandLineTests.NoInputFiles" methodname="NoInputFiles" classname="NUnitLite.Tests.CommandLineTests" runstate="Runnable" seed="1175511995" result="Passed" start-time="2018-10-06 20:03:02Z" end-time="2018-10-06 20:03:02Z" duration="0.000315" asserts="2" />
          <test-case id="1196" name="NoResultSuppressesAllResultSpecifications" fullname="NUnitLite.Tests.CommandLineTests.NoResultSuppressesAllResultSpecifications" methodname="NoResultSuppressesAllResultSpecifications" classname="NUnitLite.Tests.CommandLineTests" runstate="Runnable" seed="1967478949" result="Passed" start-time="2018-10-06 20:03:02Z" end-time="2018-10-06 20:03:02Z" duration="0.000408" asserts="1" />
          <test-case id="1195" name="NoResultSuppressesDefaultResultSpecification" fullname="NUnitLite.Tests.CommandLineTests.NoResultSuppressesDefaultResultSpecification" methodname="NoResultSuppressesDefaultResultSpecification" classname="NUnitLite.Tests.CommandLineTests" runstate="Runnable" seed="554730653" result="Passed" start-time="2018-10-06 20:03:02Z" end-time="2018-10-06 20:03:02Z" duration="0.000370" asserts="1" />
          <test-case id="1213" name="ParameterWithoutEqualSignIsInvalid" fullname="NUnitLite.Tests.CommandLineTests.ParameterWithoutEqualSignIsInvalid" methodname="ParameterWithoutEqualSignIsInvalid" classname="NUnitLite.Tests.CommandLineTests" runstate="Runnable" seed="1296401423" result="Passed" start-time="2018-10-06 20:03:02Z" end-time="2018-10-06 20:03:02Z" duration="0.000943" asserts="1" />
          <test-case id="1193" name="ResultOptionMayBeRepeated" fullname="NUnitLite.Tests.CommandLineTests.ResultOptionMayBeRepeated" methodname="ResultOptionMayBeRepeated" classname="NUnitLite.Tests.CommandLineTests" runstate="Runnable" seed="1728867630" result="Passed" start-time="2018-10-06 20:03:02Z" end-time="2018-10-06 20:03:02Z" duration="0.001107" asserts="6" />
          <test-case id="1190" name="ResultOptionWithFilePath" fullname="NUnitLite.Tests.CommandLineTests.ResultOptionWithFilePath" methodname="ResultOptionWithFilePath" classname="NUnitLite.Tests.CommandLineTests" runstate="Runnable" seed="221650885" result="Passed" start-time="2018-10-06 20:03:02Z" end-time="2018-10-06 20:03:02Z" duration="0.000406" asserts="3" />
          <test-case id="1191" name="ResultOptionWithFilePathAndFormat" fullname="NUnitLite.Tests.CommandLineTests.ResultOptionWithFilePathAndFormat" methodname="ResultOptionWithFilePathAndFormat" classname="NUnitLite.Tests.CommandLineTests" runstate="Runnable" seed="1458307788" result="Passed" start-time="2018-10-06 20:03:02Z" end-time="2018-10-06 20:03:02Z" duration="0.000403" asserts="3" />
          <test-case id="1192" name="ResultOptionWithoutFileNameIsInvalid" fullname="NUnitLite.Tests.CommandLineTests.ResultOptionWithoutFileNameIsInvalid" methodname="ResultOptionWithoutFileNameIsInvalid" classname="NUnitLite.Tests.CommandLineTests" runstate="Runnable" seed="1047115362" result="Passed" start-time="2018-10-06 20:03:02Z" end-time="2018-10-06 20:03:02Z" duration="0.000430" asserts="2" />
          <test-suite type="ParameterizedMethod" id="1208" name="ShouldSetTeamCityFlagAccordingToArgsAndDefaults" fullname="NUnitLite.Tests.CommandLineTests.ShouldSetTeamCityFlagAccordingToArgsAndDefaults" classname="NUnitLite.Tests.CommandLineTests" runstate="Runnable" testcasecount="6" result="Passed" start-time="2018-10-06 20:03:02Z" end-time="2018-10-06 20:03:02Z" duration="0.001897" total="6" passed="6" failed="0" warnings="0" inconclusive="0" skipped="0" asserts="6">
            <test-case id="1202" name="ShouldSetTeamCityFlagAccordingToArgsAndDefaults(True,null,True)" fullname="NUnitLite.Tests.CommandLineTests.ShouldSetTeamCityFlagAccordingToArgsAndDefaults(True,null,True)" methodname="ShouldSetTeamCityFlagAccordingToArgsAndDefaults" classname="NUnitLite.Tests.CommandLineTests" runstate="Runnable" seed="843291630" result="Passed" start-time="2018-10-06 20:03:02Z" end-time="2018-10-06 20:03:02Z" duration="0.000805" asserts="1" />
            <test-case id="1203" name="ShouldSetTeamCityFlagAccordingToArgsAndDefaults(False,null,False)" fullname="NUnitLite.Tests.CommandLineTests.ShouldSetTeamCityFlagAccordingToArgsAndDefaults(False,null,False)" methodname="ShouldSetTeamCityFlagAccordingToArgsAndDefaults" classname="NUnitLite.Tests.CommandLineTests" runstate="Runnable" seed="103185080" result="Passed" start-time="2018-10-06 20:03:02Z" end-time="2018-10-06 20:03:02Z" duration="0.000089" asserts="1" />
            <test-case id="1204" name="ShouldSetTeamCityFlagAccordingToArgsAndDefaults(True,False,True)" fullname="NUnitLite.Tests.CommandLineTests.ShouldSetTeamCityFlagAccordingToArgsAndDefaults(True,False,True)" methodname="ShouldSetTeamCityFlagAccordingToArgsAndDefaults" classname="NUnitLite.Tests.CommandLineTests" runstate="Runnable" seed="1629011182" result="Passed" start-time="2018-10-06 20:03:02Z" end-time="2018-10-06 20:03:02Z" duration="0.000659" asserts="1" />
            <test-case id="1205" name="ShouldSetTeamCityFlagAccordingToArgsAndDefaults(False,False,False)" fullname="NUnitLite.Tests.CommandLineTests.ShouldSetTeamCityFlagAccordingToArgsAndDefaults(False,False,False)" methodname="ShouldSetTeamCityFlagAccordingToArgsAndDefaults" classname="NUnitLite.Tests.CommandLineTests" runstate="Runnable" seed="313235874" result="Passed" start-time="2018-10-06 20:03:02Z" end-time="2018-10-06 20:03:02Z" duration="0.000112" asserts="1" />
            <test-case id="1206" name="ShouldSetTeamCityFlagAccordingToArgsAndDefaults(True,True,True)" fullname="NUnitLite.Tests.CommandLineTests.ShouldSetTeamCityFlagAccordingToArgsAndDefaults(True,True,True)" methodname="ShouldSetTeamCityFlagAccordingToArgsAndDefaults" classname="NUnitLite.Tests.CommandLineTests" runstate="Runnable" seed="1118277926" result="Passed" start-time="2018-10-06 20:03:02Z" end-time="2018-10-06 20:03:02Z" duration="0.000082" asserts="1" />
            <test-case id="1207" name="ShouldSetTeamCityFlagAccordingToArgsAndDefaults(False,True,True)" fullname="NUnitLite.Tests.CommandLineTests.ShouldSetTeamCityFlagAccordingToArgsAndDefaults(False,True,True)" methodname="ShouldSetTeamCityFlagAccordingToArgsAndDefaults" classname="NUnitLite.Tests.CommandLineTests" runstate="Runnable" seed="719467676" result="Passed" start-time="2018-10-06 20:03:02Z" end-time="2018-10-06 20:03:02Z" duration="0.000076" asserts="1" />
          </test-suite>
          <test-case id="1209" name="SingleTestParameter" fullname="NUnitLite.Tests.CommandLineTests.SingleTestParameter" methodname="SingleTestParameter" classname="NUnitLite.Tests.CommandLineTests" runstate="Runnable" seed="960737787" result="Passed" start-time="2018-10-06 20:03:02Z" end-time="2018-10-06 20:03:02Z" duration="0.005594" asserts="2" />
          <test-case id="1212" name="ThreeTestParametersInTwoOptions" fullname="NUnitLite.Tests.CommandLineTests.ThreeTestParametersInTwoOptions" methodname="ThreeTestParametersInTwoOptions" classname="NUnitLite.Tests.CommandLineTests" runstate="Runnable" seed="2110384591" result="Passed" start-time="2018-10-06 20:03:02Z" end-time="2018-10-06 20:03:02Z" duration="0.000850" asserts="2" />
          <test-case id="1188" name="TimeoutCausesErrorIfValueIsNotInteger" fullname="NUnitLite.Tests.CommandLineTests.TimeoutCausesErrorIfValueIsNotInteger" methodname="TimeoutCausesErrorIfValueIsNotInteger" classname="NUnitLite.Tests.CommandLineTests" runstate="Runnable" seed="254690172" result="Passed" start-time="2018-10-06 20:03:02Z" end-time="2018-10-06 20:03:02Z" duration="0.000506" asserts="2" />
          <test-case id="1185" name="TimeoutIsMinusOneIfNoOptionIsProvided" fullname="NUnitLite.Tests.CommandLineTests.TimeoutIsMinusOneIfNoOptionIsProvided" methodname="TimeoutIsMinusOneIfNoOptionIsProvided" classname="NUnitLite.Tests.CommandLineTests" runstate="Runnable" seed="605797742" result="Passed" start-time="2018-10-06 20:03:02Z" end-time="2018-10-06 20:03:02Z" duration="0.000454" asserts="2" />
          <test-case id="1187" name="TimeoutParsesIntValueCorrectly" fullname="NUnitLite.Tests.CommandLineTests.TimeoutParsesIntValueCorrectly" methodname="TimeoutParsesIntValueCorrectly" classname="NUnitLite.Tests.CommandLineTests" runstate="Runnable" seed="356065011" result="Passed" start-time="2018-10-06 20:03:02Z" end-time="2018-10-06 20:03:02Z" duration="0.000462" asserts="2" />
          <test-case id="1186" name="TimeoutThrowsExceptionIfOptionHasNoValue" fullname="NUnitLite.Tests.CommandLineTests.TimeoutThrowsExceptionIfOptionHasNoValue" methodname="TimeoutThrowsExceptionIfOptionHasNoValue" classname="NUnitLite.Tests.CommandLineTests" runstate="Runnable" seed="1496137739" result="Passed" start-time="2018-10-06 20:03:02Z" end-time="2018-10-06 20:03:02Z" duration="0.002536" asserts="1" />
          <test-case id="1210" name="TwoTestParametersInOneOption" fullname="NUnitLite.Tests.CommandLineTests.TwoTestParametersInOneOption" methodname="TwoTestParametersInOneOption" classname="NUnitLite.Tests.CommandLineTests" runstate="Runnable" seed="1004463034" result="Passed" start-time="2018-10-06 20:03:02Z" end-time="2018-10-06 20:03:02Z" duration="0.000780" asserts="2" />
          <test-case id="1211" name="TwoTestParametersInSeparateOptions" fullname="NUnitLite.Tests.CommandLineTests.TwoTestParametersInSeparateOptions" methodname="TwoTestParametersInSeparateOptions" classname="NUnitLite.Tests.CommandLineTests" runstate="Runnable" seed="1376095842" result="Passed" start-time="2018-10-06 20:03:02Z" end-time="2018-10-06 20:03:02Z" duration="0.000726" asserts="2" />
        </test-suite>
      </test-suite>
    </test-suite>
  </test-suite>
</test-run>