<?xml version="1.0" encoding="utf-8"?>
<test-run id="2" name="nunitlite.tests.exe" fullname="nunitlite.tests.exe" testcasecount="356" result="Skipped" label="Ignored" start-time="2018-10-06 20:00:45Z" end-time="2018-10-06 20:00:45Z" duration="0.348114" total="356" passed="355" failed="0" inconclusive="0" skipped="1" asserts="714" random-seed="1603143192">
  <command-line><![CDATA["C:/src/nunit/nunit/bin/Release/net35/nunitlite.tests.exe"]]></command-line>
  <filter />
  <test-suite type="Assembly" id="1399" name="nunitlite.tests.exe" fullname="nunitlite.tests.exe" runstate="Runnable" testcasecount="356" result="Skipped" label="Ignored" site="Child" start-time="2018-10-06 20:00:45Z" end-time="2018-10-06 20:00:45Z" duration="0.348114" total="356" passed="355" failed="0" warnings="0" inconclusive="0" skipped="1" asserts="714">
    <environment framework-version="3.11.0.0" clr-version="2.0.50727.8936" os-version="Microsoft Windows NT 10.0.17134" platform="Win32NT" cwd="C:\src\nunit\nunit\bin\Release\net35" machine-name="XPS" user="rob" user-domain="XPS" culture="en-CA" uiculture="en-US" os-architecture="x64" />
    <settings>
      <setting name="WorkDirectory" value="C:\src\nunit\nunit\bin\Release\net35" />
      <setting name="NumberOfTestWorkers" value="8" />
    </settings>
    <properties>
      <property name="ParallelScope" value="Fixtures" />
      <property name="_PID" value="21168" />
      <property name="_APPDOMAIN" value="nunitlite.tests.exe" />
    </properties>
    <reason>
      <message><![CDATA[One or more child tests were ignored]]></message>
    </reason>
    <test-suite type="TestSuite" id="1400" name="NUnit" fullname="NUnit" runstate="Runnable" testcasecount="79" result="Passed" start-time="2018-10-06 20:00:45Z" end-time="2018-10-06 20:00:45Z" duration="0.114275" total="79" passed="79" failed="0" warnings="0" inconclusive="0" skipped="0" asserts="181">
      <test-suite type="TestSuite" id="1403" name="ConsoleRunner" fullname="NUnit.ConsoleRunner" runstate="Runnable" testcasecount="2" result="Passed" start-time="2018-10-06 20:00:45Z" end-time="2018-10-06 20:00:45Z" duration="0.055952" total="2" passed="2" failed="0" warnings="0" inconclusive="0" skipped="0" asserts="2">
        <test-suite type="TestSuite" id="1404" name="Tests" fullname="NUnit.ConsoleRunner.Tests" runstate="Runnable" testcasecount="2" result="Passed" start-time="2018-10-06 20:00:45Z" end-time="2018-10-06 20:00:45Z" duration="0.055706" total="2" passed="2" failed="0" warnings="0" inconclusive="0" skipped="0" asserts="2">
          <test-suite type="TestFixture" id="1086" name="DefaultOptionsProviderTests" fullname="NUnit.ConsoleRunner.Tests.DefaultOptionsProviderTests" classname="NUnit.ConsoleRunner.Tests.DefaultOptionsProviderTests" runstate="Runnable" testcasecount="2" result="Passed" start-time="2018-10-06 20:00:45Z" end-time="2018-10-06 20:00:45Z" duration="0.051356" total="2" passed="2" failed="0" warnings="0" inconclusive="0" skipped="0" asserts="2">
            <test-case id="1088" name="ShouldRetTeamCityAsFalseWhenHasNotEnvironmentVariable_TEAMCITY_PROJECT_NAME" fullname="NUnit.ConsoleRunner.Tests.DefaultOptionsProviderTests.ShouldRetTeamCityAsFalseWhenHasNotEnvironmentVariable_TEAMCITY_PROJECT_NAME" methodname="ShouldRetTeamCityAsFalseWhenHasNotEnvironmentVariable_TEAMCITY_PROJECT_NAME" classname="NUnit.ConsoleRunner.Tests.DefaultOptionsProviderTests" runstate="Runnable" seed="1904399139" result="Passed" start-time="2018-10-06 20:00:45Z" end-time="2018-10-06 20:00:45Z" duration="0.019019" asserts="1" />
            <test-case id="1087" name="ShouldRetTeamCityAsTrueWhenHasEnvironmentVariable_TEAMCITY_PROJECT_NAME" fullname="NUnit.ConsoleRunner.Tests.DefaultOptionsProviderTests.ShouldRetTeamCityAsTrueWhenHasEnvironmentVariable_TEAMCITY_PROJECT_NAME" methodname="ShouldRetTeamCityAsTrueWhenHasEnvironmentVariable_TEAMCITY_PROJECT_NAME" classname="NUnit.ConsoleRunner.Tests.DefaultOptionsProviderTests" runstate="Runnable" seed="1206037026" result="Passed" start-time="2018-10-06 20:00:45Z" end-time="2018-10-06 20:00:45Z" duration="0.000888" asserts="1" />
          </test-suite>
        </test-suite>
      </test-suite>
      <test-suite type="TestSuite" id="1401" name="Common" fullname="NUnit.Common" runstate="Runnable" testcasecount="77" result="Passed" start-time="2018-10-06 20:00:45Z" end-time="2018-10-06 20:00:45Z" duration="0.113489" total="77" passed="77" failed="0" warnings="0" inconclusive="0" skipped="0" asserts="179">
        <test-suite type="TestSuite" id="1402" name="Tests" fullname="NUnit.Common.Tests" runstate="Runnable" testcasecount="77" result="Passed" start-time="2018-10-06 20:00:45Z" end-time="2018-10-06 20:00:45Z" duration="0.113455" total="77" passed="77" failed="0" warnings="0" inconclusive="0" skipped="0" asserts="179">
          <test-suite type="TestFixture" id="1000" name="ExtendedTextWrapperTests" fullname="NUnit.Common.Tests.ExtendedTextWrapperTests" classname="NUnit.Common.Tests.ExtendedTextWrapperTests" runstate="Runnable" testcasecount="8" result="Passed" start-time="2018-10-06 20:00:45Z" end-time="2018-10-06 20:00:45Z" duration="0.067225" total="8" passed="8" failed="0" warnings="0" inconclusive="0" skipped="0" asserts="8">
            <test-case id="1001" name="Write" fullname="NUnit.Common.Tests.ExtendedTextWrapperTests.Write" methodname="Write" classname="NUnit.Common.Tests.ExtendedTextWrapperTests" runstate="Runnable" seed="763201375" result="Passed" start-time="2018-10-06 20:00:45Z" end-time="2018-10-06 20:00:45Z" duration="0.037318" asserts="1" />
            <test-case id="1002" name="Write_ColorStyle" fullname="NUnit.Common.Tests.ExtendedTextWrapperTests.Write_ColorStyle" methodname="Write_ColorStyle" classname="NUnit.Common.Tests.ExtendedTextWrapperTests" runstate="Runnable" seed="650078" result="Passed" start-time="2018-10-06 20:00:45Z" end-time="2018-10-06 20:00:45Z" duration="0.001287" asserts="1" />
            <test-case id="1005" name="WriteLabel" fullname="NUnit.Common.Tests.ExtendedTextWrapperTests.WriteLabel" methodname="WriteLabel" classname="NUnit.Common.Tests.ExtendedTextWrapperTests" runstate="Runnable" seed="580621462" result="Passed" start-time="2018-10-06 20:00:45Z" end-time="2018-10-06 20:00:45Z" duration="0.000789" asserts="1" />
            <test-case id="1006" name="WriteLabel_ColorStyle" fullname="NUnit.Common.Tests.ExtendedTextWrapperTests.WriteLabel_ColorStyle" methodname="WriteLabel_ColorStyle" classname="NUnit.Common.Tests.ExtendedTextWrapperTests" runstate="Runnable" seed="9169659" result="Passed" start-time="2018-10-06 20:00:45Z" end-time="2018-10-06 20:00:45Z" duration="0.000959" asserts="1" />
            <test-case id="1007" name="WriteLabelLine" fullname="NUnit.Common.Tests.ExtendedTextWrapperTests.WriteLabelLine" methodname="WriteLabelLine" classname="NUnit.Common.Tests.ExtendedTextWrapperTests" runstate="Runnable" seed="341218801" result="Passed" start-time="2018-10-06 20:00:45Z" end-time="2018-10-06 20:00:45Z" duration="0.000788" asserts="1" />
            <test-case id="1008" name="WriteLabelLine_ColorStyle" fullname="NUnit.Common.Tests.ExtendedTextWrapperTests.WriteLabelLine_ColorStyle" methodname="WriteLabelLine_ColorStyle" classname="NUnit.Common.Tests.ExtendedTextWrapperTests" runstate="Runnable" seed="495780105" result="Passed" start-time="2018-10-06 20:00:45Z" end-time="2018-10-06 20:00:45Z" duration="0.000968" asserts="1" />
            <test-case id="1003" name="WriteLine" fullname="NUnit.Common.Tests.ExtendedTextWrapperTests.WriteLine" methodname="WriteLine" classname="NUnit.Common.Tests.ExtendedTextWrapperTests" runstate="Runnable" seed="1902321902" result="Passed" start-time="2018-10-06 20:00:45Z" end-time="2018-10-06 20:00:45Z" duration="0.000733" asserts="1" />
            <test-case id="1004" name="WriteLine_ColorStyle" fullname="NUnit.Common.Tests.ExtendedTextWrapperTests.WriteLine_ColorStyle" methodname="WriteLine_ColorStyle" classname="NUnit.Common.Tests.ExtendedTextWrapperTests" runstate="Runnable" seed="1392835290" result="Passed" start-time="2018-10-06 20:00:45Z" end-time="2018-10-06 20:00:45Z" duration="0.000796" asserts="1" />
          </test-suite>
          <test-suite type="TestFixture" id="1016" name="TestNameParserTests" fullname="NUnit.Common.Tests.TestNameParserTests" classname="NUnit.Common.Tests.TestNameParserTests" runstate="Runnable" testcasecount="13" result="Passed" start-time="2018-10-06 20:00:45Z" end-time="2018-10-06 20:00:45Z" duration="0.072866" total="13" passed="13" failed="0" warnings="0" inconclusive="0" skipped="0" asserts="30">
            <test-suite type="ParameterizedMethod" id="1026" name="SingleName" fullname="NUnit.Common.Tests.TestNameParserTests.SingleName" classname="NUnit.Common.Tests.TestNameParserTests" runstate="Runnable" testcasecount="9" result="Passed" start-time="2018-10-06 20:00:45Z" end-time="2018-10-06 20:00:45Z" duration="0.063468" total="9" passed="9" failed="0" warnings="0" inconclusive="0" skipped="0" asserts="18">
              <test-case id="1017" name="SingleName(&quot;Test.Namespace.Fixture.Method&quot;)" fullname="NUnit.Common.Tests.TestNameParserTests.SingleName(&quot;Test.Namespace.Fixture.Method&quot;)" methodname="SingleName" classname="NUnit.Common.Tests.TestNameParserTests" runstate="Runnable" seed="1799572620" result="Passed" start-time="2018-10-06 20:00:45Z" end-time="2018-10-06 20:00:45Z" duration="0.060657" asserts="2" />
              <test-case id="1018" name="SingleName(&quot;Test.Namespace.Fixture.Method,&quot;)" fullname="NUnit.Common.Tests.TestNameParserTests.SingleName(&quot;Test.Namespace.Fixture.Method,&quot;)" methodname="SingleName" classname="NUnit.Common.Tests.TestNameParserTests" runstate="Runnable" seed="134920245" result="Passed" start-time="2018-10-06 20:00:45Z" end-time="2018-10-06 20:00:45Z" duration="0.000114" asserts="2" />
              <test-case id="1019" name="SingleName(&quot;  Test.Namespace.Fixture.Method  &quot;)" fullname="NUnit.Common.Tests.TestNameParserTests.SingleName(&quot;  Test.Namespace.Fixture.Method  &quot;)" methodname="SingleName" classname="NUnit.Common.Tests.TestNameParserTests" runstate="Runnable" seed="1669721933" result="Passed" start-time="2018-10-06 20:00:45Z" end-time="2018-10-06 20:00:45Z" duration="0.000068" asserts="2" />
              <test-case id="1020" name="SingleName(&quot;  Test.Namespace.Fixture.Method  ,&quot;)" fullname="NUnit.Common.Tests.TestNameParserTests.SingleName(&quot;  Test.Namespace.Fixture.Method  ,&quot;)" methodname="SingleName" classname="NUnit.Common.Tests.TestNameParserTests" runstate="Runnable" seed="1906191442" result="Passed" start-time="2018-10-06 20:00:45Z" end-time="2018-10-06 20:00:45Z" duration="0.000087" asserts="2" />
              <test-case id="1021" name="SingleName(&quot;Test.Namespace.Fixture.Method()&quot;)" fullname="NUnit.Common.Tests.TestNameParserTests.SingleName(&quot;Test.Namespace.Fixture.Method()&quot;)" methodname="SingleName" classname="NUnit.Common.Tests.TestNameParserTests" runstate="Runnable" seed="1046268317" result="Passed" start-time="2018-10-06 20:00:45Z" end-time="2018-10-06 20:00:45Z" duration="0.000085" asserts="2" />
              <test-case id="1022" name="SingleName(&quot;Test.Namespace.Fixture.Method(\&quot;string,argument\&quot;)&quot;)" fullname="NUnit.Common.Tests.TestNameParserTests.SingleName(&quot;Test.Namespace.Fixture.Method(\&quot;string,argument\&quot;)&quot;)" methodname="SingleName" classname="NUnit.Common.Tests.TestNameParserTests" runstate="Runnable" seed="858934209" result="Passed" start-time="2018-10-06 20:00:45Z" end-time="2018-10-06 20:00:45Z" duration="0.000138" asserts="2" />
              <test-case id="1023" name="SingleName(&quot;Test.Namespace.Fixture.Method(1,2,3)&quot;)" fullname="NUnit.Common.Tests.TestNameParserTests.SingleName(&quot;Test.Namespace.Fixture.Method(1,2,3)&quot;)" methodname="SingleName" classname="NUnit.Common.Tests.TestNameParserTests" runstate="Runnable" seed="1636762951" result="Passed" start-time="2018-10-06 20:00:45Z" end-time="2018-10-06 20:00:45Z" duration="0.000070" asserts="2" />
              <test-case id="1024" name="SingleName(&quot;Test.Namespace.Fixture.Method&lt;int,int&gt;()&quot;)" fullname="NUnit.Common.Tests.TestNameParserTests.SingleName(&quot;Test.Namespace.Fixture.Method&lt;int,int&gt;()&quot;)" methodname="SingleName" classname="NUnit.Common.Tests.TestNameParserTests" runstate="Runnable" seed="1405847788" result="Passed" start-time="2018-10-06 20:00:45Z" end-time="2018-10-06 20:00:45Z" duration="0.000068" asserts="2" />
              <test-case id="1025" name="SingleName(&quot;Test.Namespace.Fixture.Method(\&quot;)\&quot;)&quot;)" fullname="NUnit.Common.Tests.TestNameParserTests.SingleName(&quot;Test.Namespace.Fixture.Method(\&quot;)\&quot;)&quot;)" methodname="SingleName" classname="NUnit.Common.Tests.TestNameParserTests" runstate="Runnable" seed="1459972014" result="Passed" start-time="2018-10-06 20:00:45Z" end-time="2018-10-06 20:00:45Z" duration="0.000079" asserts="2" />
            </test-suite>
            <test-suite type="ParameterizedMethod" id="1031" name="TwoNames" fullname="NUnit.Common.Tests.TestNameParserTests.TwoNames" classname="NUnit.Common.Tests.TestNameParserTests" runstate="Runnable" testcasecount="4" result="Passed" start-time="2018-10-06 20:00:45Z" end-time="2018-10-06 20:00:45Z" duration="0.001635" total="4" passed="4" failed="0" warnings="0" inconclusive="0" skipped="0" asserts="12">
              <test-case id="1027" name="TwoNames(&quot;Test.Namespace.Fixture.Method1&quot;,&quot;Test.Namespace.Fixture.Method2&quot;)" fullname="NUnit.Common.Tests.TestNameParserTests.TwoNames(&quot;Test.Namespace.Fixture.Method1&quot;,&quot;Test.Namespace.Fixture.Method2&quot;)" methodname="TwoNames" classname="NUnit.Common.Tests.TestNameParserTests" runstate="Runnable" seed="687216948" result="Passed" start-time="2018-10-06 20:00:45Z" end-time="2018-10-06 20:00:45Z" duration="0.001060" asserts="3" />
              <test-case id="1028" name="TwoNames(&quot;Test.Namespace.Fixture.Method1&quot;,&quot;Test.Namespace.Fixture.Method2,&quot;)" fullname="NUnit.Common.Tests.TestNameParserTests.TwoNames(&quot;Test.Namespace.Fixture.Method1&quot;,&quot;Test.Namespace.Fixture.Method2,&quot;)" methodname="TwoNames" classname="NUnit.Common.Tests.TestNameParserTests" runstate="Runnable" seed="592235163" result="Passed" start-time="2018-10-06 20:00:45Z" end-time="2018-10-06 20:00:45Z" duration="0.000079" asserts="3" />
              <test-case id="1029" name="TwoNames(&quot;Test.Namespace.Fixture.Method1(1,2)&quot;,&quot;Test.Namespace.Fixture.Method2(3,4)&quot;)" fullname="NUnit.Common.Tests.TestNameParserTests.TwoNames(&quot;Test.Namespace.Fixture.Method1(1,2)&quot;,&quot;Test.Namespace.Fixture.Method2(3,4)&quot;)" methodname="TwoNames" classname="NUnit.Common.Tests.TestNameParserTests" runstate="Runnable" seed="47360603" result="Passed" start-time="2018-10-06 20:00:45Z" end-time="2018-10-06 20:00:45Z" duration="0.000075" asserts="3" />
              <test-case id="1030" name="TwoNames(&quot;Test.Namespace.Fixture.Method1(\&quot;(\&quot;)&quot;,&quot;Test.Namespace.Fixture.Method2(\&quot;&lt;\&quot;)&quot;)" fullname="NUnit.Common.Tests.TestNameParserTests.TwoNames(&quot;Test.Namespace.Fixture.Method1(\&quot;(\&quot;)&quot;,&quot;Test.Namespace.Fixture.Method2(\&quot;&lt;\&quot;)&quot;)" methodname="TwoNames" classname="NUnit.Common.Tests.TestNameParserTests" runstate="Runnable" seed="1054154659" result="Passed" start-time="2018-10-06 20:00:45Z" end-time="2018-10-06 20:00:45Z" duration="0.000065" asserts="3" />
            </test-suite>
          </test-suite>
          <test-suite type="TestFixture" id="1009" name="OutputSpecificationTests" fullname="NUnit.Common.Tests.OutputSpecificationTests" classname="NUnit.Common.Tests.OutputSpecificationTests" runstate="Runnable" testcasecount="6" result="Passed" start-time="2018-10-06 20:00:45Z" end-time="2018-10-06 20:00:45Z" duration="0.098899" total="6" passed="6" failed="0" warnings="0" inconclusive="0" skipped="0" asserts="8">
            <test-case id="1013" name="FileNameOnly" fullname="NUnit.Common.Tests.OutputSpecificationTests.FileNameOnly" methodname="FileNameOnly" classname="NUnit.Common.Tests.OutputSpecificationTests" runstate="Runnable" seed="523099279" result="Passed" start-time="2018-10-06 20:00:45Z" end-time="2018-10-06 20:00:45Z" duration="0.026877" asserts="2" />
            <test-case id="1014" name="FileNamePlusFormat" fullname="NUnit.Common.Tests.OutputSpecificationTests.FileNamePlusFormat" methodname="FileNamePlusFormat" classname="NUnit.Common.Tests.OutputSpecificationTests" runstate="Runnable" seed="1929639973" result="Passed" start-time="2018-10-06 20:00:45Z" end-time="2018-10-06 20:00:45Z" duration="0.012304" asserts="2" />
            <test-case id="1015" name="MultipleFormatSpecifiersNotAllowed" fullname="NUnit.Common.Tests.OutputSpecificationTests.MultipleFormatSpecifiersNotAllowed" methodname="MultipleFormatSpecifiersNotAllowed" classname="NUnit.Common.Tests.OutputSpecificationTests" runstate="Runnable" seed="349410078" result="Passed" start-time="2018-10-06 20:00:45Z" end-time="2018-10-06 20:00:45Z" duration="0.039552" asserts="1" />
            <test-case id="1010" name="SpecMayNotBeNull" fullname="NUnit.Common.Tests.OutputSpecificationTests.SpecMayNotBeNull" methodname="SpecMayNotBeNull" classname="NUnit.Common.Tests.OutputSpecificationTests" runstate="Runnable" seed="2093004093" result="Passed" start-time="2018-10-06 20:00:45Z" end-time="2018-10-06 20:00:45Z" duration="0.001050" asserts="1" />
            <test-case id="1011" name="SpecOptionMustContainEqualSign" fullname="NUnit.Common.Tests.OutputSpecificationTests.SpecOptionMustContainEqualSign" methodname="SpecOptionMustContainEqualSign" classname="NUnit.Common.Tests.OutputSpecificationTests" runstate="Runnable" seed="358390074" result="Passed" start-time="2018-10-06 20:00:45Z" end-time="2018-10-06 20:00:45Z" duration="0.001166" asserts="1" />
            <test-case id="1012" name="SpecOptionMustContainJustOneEqualSign" fullname="NUnit.Common.Tests.OutputSpecificationTests.SpecOptionMustContainJustOneEqualSign" methodname="SpecOptionMustContainJustOneEqualSign" classname="NUnit.Common.Tests.OutputSpecificationTests" runstate="Runnable" seed="1973693107" result="Passed" start-time="2018-10-06 20:00:45Z" end-time="2018-10-06 20:00:45Z" duration="0.004449" asserts="1" />
          </test-suite>
          <test-suite type="TestFixture" id="1073" name="TokenizerTests" fullname="NUnit.Common.Tests.TokenizerTests" classname="NUnit.Common.Tests.TokenizerTests" runstate="Runnable" testcasecount="12" result="Passed" start-time="2018-10-06 20:00:45Z" end-time="2018-10-06 20:00:45Z" duration="0.109357" total="12" passed="12" failed="0" warnings="0" inconclusive="0" skipped="0" asserts="61">
            <test-case id="1075" name="BlankStringReturnsEof" fullname="NUnit.Common.Tests.TokenizerTests.BlankStringReturnsEof" methodname="BlankStringReturnsEof" classname="NUnit.Common.Tests.TokenizerTests" runstate="Runnable" seed="492949997" result="Passed" start-time="2018-10-06 20:00:45Z" end-time="2018-10-06 20:00:45Z" duration="0.075689" asserts="3" />
            <test-case id="1076" name="IdentifierTokens" fullname="NUnit.Common.Tests.TokenizerTests.IdentifierTokens" methodname="IdentifierTokens" classname="NUnit.Common.Tests.TokenizerTests" runstate="Runnable" seed="23868605" result="Passed" start-time="2018-10-06 20:00:45Z" end-time="2018-10-06 20:00:45Z" duration="0.001532" asserts="5" />
            <test-case id="1085" name="MixedTokens_Complex" fullname="NUnit.Common.Tests.TokenizerTests.MixedTokens_Complex" methodname="MixedTokens_Complex" classname="NUnit.Common.Tests.TokenizerTests" runstate="Runnable" seed="1033667549" result="Passed" start-time="2018-10-06 20:00:45Z" end-time="2018-10-06 20:00:45Z" duration="0.002660" asserts="14" />
            <test-case id="1084" name="MixedTokens_Simple" fullname="NUnit.Common.Tests.TokenizerTests.MixedTokens_Simple" methodname="MixedTokens_Simple" classname="NUnit.Common.Tests.TokenizerTests" runstate="Runnable" seed="150630395" result="Passed" start-time="2018-10-06 20:00:45Z" end-time="2018-10-06 20:00:45Z" duration="0.001119" asserts="4" />
            <test-case id="1074" name="NullInputThrowsException" fullname="NUnit.Common.Tests.TokenizerTests.NullInputThrowsException" methodname="NullInputThrowsException" classname="NUnit.Common.Tests.TokenizerTests" runstate="Runnable" seed="646479997" result="Passed" start-time="2018-10-06 20:00:45Z" end-time="2018-10-06 20:00:45Z" duration="0.007150" asserts="1" />
            <test-case id="1081" name="StringsMayContainEscapedQuoteChar" fullname="NUnit.Common.Tests.TokenizerTests.StringsMayContainEscapedQuoteChar" methodname="StringsMayContainEscapedQuoteChar" classname="NUnit.Common.Tests.TokenizerTests" runstate="Runnable" seed="1427173979" result="Passed" start-time="2018-10-06 20:00:45Z" end-time="2018-10-06 20:00:45Z" duration="0.001163" asserts="4" />
            <test-case id="1078" name="StringWithDoubleQuotes" fullname="NUnit.Common.Tests.TokenizerTests.StringWithDoubleQuotes" methodname="StringWithDoubleQuotes" classname="NUnit.Common.Tests.TokenizerTests" runstate="Runnable" seed="1809947918" result="Passed" start-time="2018-10-06 20:00:45Z" end-time="2018-10-06 20:00:45Z" duration="0.001023" asserts="4" />
            <test-case id="1079" name="StringWithSingleQuotes" fullname="NUnit.Common.Tests.TokenizerTests.StringWithSingleQuotes" methodname="StringWithSingleQuotes" classname="NUnit.Common.Tests.TokenizerTests" runstate="Runnable" seed="1292721403" result="Passed" start-time="2018-10-06 20:00:45Z" end-time="2018-10-06 20:00:45Z" duration="0.001196" asserts="4" />
            <test-case id="1080" name="StringWithSlashes" fullname="NUnit.Common.Tests.TokenizerTests.StringWithSlashes" methodname="StringWithSlashes" classname="NUnit.Common.Tests.TokenizerTests" runstate="Runnable" seed="284706266" result="Passed" start-time="2018-10-06 20:00:45Z" end-time="2018-10-06 20:00:45Z" duration="0.001773" asserts="4" />
            <test-case id="1083" name="SymbolTokens_DoubleChar" fullname="NUnit.Common.Tests.TokenizerTests.SymbolTokens_DoubleChar" methodname="SymbolTokens_DoubleChar" classname="NUnit.Common.Tests.TokenizerTests" runstate="Runnable" seed="1821942222" result="Passed" start-time="2018-10-06 20:00:45Z" end-time="2018-10-06 20:00:45Z" duration="0.001474" asserts="7" />
            <test-case id="1082" name="SymbolTokens_SingleChar" fullname="NUnit.Common.Tests.TokenizerTests.SymbolTokens_SingleChar" methodname="SymbolTokens_SingleChar" classname="NUnit.Common.Tests.TokenizerTests" runstate="Runnable" seed="518273787" result="Passed" start-time="2018-10-06 20:00:45Z" end-time="2018-10-06 20:00:45Z" duration="0.001596" asserts="7" />
            <test-case id="1077" name="WordsInUnicode" fullname="NUnit.Common.Tests.TokenizerTests.WordsInUnicode" methodname="WordsInUnicode" classname="NUnit.Common.Tests.TokenizerTests" runstate="Runnable" seed="1240045349" result="Passed" start-time="2018-10-06 20:00:45Z" end-time="2018-10-06 20:00:45Z" duration="0.001126" asserts="4" />
          </test-suite>
          <test-suite type="TestFixture" id="1032" name="TestSelectionParserTests" fullname="NUnit.Common.Tests.TestSelectionParserTests" classname="NUnit.Common.Tests.TestSelectionParserTests" runstate="Runnable" testcasecount="38" result="Passed" start-time="2018-10-06 20:00:45Z" end-time="2018-10-06 20:00:45Z" duration="0.113276" total="38" passed="38" failed="0" warnings="0" inconclusive="0" skipped="0" asserts="72">
            <test-suite type="ParameterizedMethod" id="1067" name="TestParser" fullname="NUnit.Common.Tests.TestSelectionParserTests.TestParser" classname="NUnit.Common.Tests.TestSelectionParserTests" runstate="Runnable" testcasecount="34" result="Passed" start-time="2018-10-06 20:00:45Z" end-time="2018-10-06 20:00:45Z" duration="0.093532" total="34" passed="34" failed="0" warnings="0" inconclusive="0" skipped="0" asserts="68">
              <test-case id="1033" name="TestParser(&quot;cat=Urgent&quot;,&quot;&lt;cat&gt;Urgent&lt;/cat&gt;&quot;)" fullname="NUnit.Common.Tests.TestSelectionParserTests.TestParser(&quot;cat=Urgent&quot;,&quot;&lt;cat&gt;Urgent&lt;/cat&gt;&quot;)" methodname="TestParser" classname="NUnit.Common.Tests.TestSelectionParserTests" runstate="Runnable" seed="2080105798" result="Passed" start-time="2018-10-06 20:00:45Z" end-time="2018-10-06 20:00:45Z" duration="0.049659" asserts="2" />
              <test-case id="1034" name="TestParser(&quot;cat==Urgent&quot;,&quot;&lt;cat&gt;Urgent&lt;/cat&gt;&quot;)" fullname="NUnit.Common.Tests.TestSelectionParserTests.TestParser(&quot;cat==Urgent&quot;,&quot;&lt;cat&gt;Urgent&lt;/cat&gt;&quot;)" methodname="TestParser" classname="NUnit.Common.Tests.TestSelectionParserTests" runstate="Runnable" seed="120159792" result="Passed" start-time="2018-10-06 20:00:45Z" end-time="2018-10-06 20:00:45Z" duration="0.000249" asserts="2" />
              <test-case id="1035" name="TestParser(&quot;cat=='Urgent,+-!'&quot;,&quot;&lt;cat&gt;Urgent,+-!&lt;/cat&gt;&quot;)" fullname="NUnit.Common.Tests.TestSelectionParserTests.TestParser(&quot;cat=='Urgent,+-!'&quot;,&quot;&lt;cat&gt;Urgent,+-!&lt;/cat&gt;&quot;)" methodname="TestParser" classname="NUnit.Common.Tests.TestSelectionParserTests" runstate="Runnable" seed="332740567" result="Passed" start-time="2018-10-06 20:00:45Z" end-time="2018-10-06 20:00:45Z" duration="0.000915" asserts="2" />
              <test-case id="1036" name="TestParser(&quot;cat!=Urgent&quot;,&quot;&lt;not&gt;&lt;cat&gt;Urgent&lt;/cat&gt;&lt;/not&gt;&quot;)" fullname="NUnit.Common.Tests.TestSelectionParserTests.TestParser(&quot;cat!=Urgent&quot;,&quot;&lt;not&gt;&lt;cat&gt;Urgent&lt;/cat&gt;&lt;/not&gt;&quot;)" methodname="TestParser" classname="NUnit.Common.Tests.TestSelectionParserTests" runstate="Runnable" seed="401092259" result="Passed" start-time="2018-10-06 20:00:45Z" end-time="2018-10-06 20:00:45Z" duration="0.000218" asserts="2" />
              <test-case id="1037" name="TestParser(&quot;cat!='Urgent,+-!'&quot;,&quot;&lt;not&gt;&lt;cat&gt;Urgent,+-!&lt;/cat&gt;&lt;/not&gt;&quot;)" fullname="NUnit.Common.Tests.TestSelectionParserTests.TestParser(&quot;cat!='Urgent,+-!'&quot;,&quot;&lt;not&gt;&lt;cat&gt;Urgent,+-!&lt;/cat&gt;&lt;/not&gt;&quot;)" methodname="TestParser" classname="NUnit.Common.Tests.TestSelectionParserTests" runstate="Runnable" seed="695271875" result="Passed" start-time="2018-10-06 20:00:45Z" end-time="2018-10-06 20:00:45Z" duration="0.000224" asserts="2" />
              <test-case id="1038" name="TestParser(&quot;cat =~ Urgent&quot;,&quot;&lt;cat re='1'&gt;Urgent&lt;/cat&gt;&quot;)" fullname="NUnit.Common.Tests.TestSelectionParserTests.TestParser(&quot;cat =~ Urgent&quot;,&quot;&lt;cat re='1'&gt;Urgent&lt;/cat&gt;&quot;)" methodname="TestParser" classname="NUnit.Common.Tests.TestSelectionParserTests" runstate="Runnable" seed="515952141" result="Passed" start-time="2018-10-06 20:00:45Z" end-time="2018-10-06 20:00:45Z" duration="0.000485" asserts="2" />
              <test-case id="1039" name="TestParser(&quot;cat =~ 'Urgent,+-!'&quot;,&quot;&lt;cat re='1'&gt;Urgent,+-!&lt;/cat&gt;&quot;)" fullname="NUnit.Common.Tests.TestSelectionParserTests.TestParser(&quot;cat =~ 'Urgent,+-!'&quot;,&quot;&lt;cat re='1'&gt;Urgent,+-!&lt;/cat&gt;&quot;)" methodname="TestParser" classname="NUnit.Common.Tests.TestSelectionParserTests" runstate="Runnable" seed="1416055627" result="Passed" start-time="2018-10-06 20:00:45Z" end-time="2018-10-06 20:00:45Z" duration="0.000290" asserts="2" />
              <test-case id="1040" name="TestParser(&quot;cat =~ 'Urgent,\\+-!'&quot;,&quot;&lt;cat re='1'&gt;Urgent,+-!&lt;/cat&gt;&quot;)" fullname="NUnit.Common.Tests.TestSelectionParserTests.TestParser(&quot;cat =~ 'Urgent,\\+-!'&quot;,&quot;&lt;cat re='1'&gt;Urgent,+-!&lt;/cat&gt;&quot;)" methodname="TestParser" classname="NUnit.Common.Tests.TestSelectionParserTests" runstate="Runnable" seed="1806823208" result="Passed" start-time="2018-10-06 20:00:45Z" end-time="2018-10-06 20:00:45Z" duration="0.000447" asserts="2" />
              <test-case id="1041" name="TestParser(&quot;cat =~ 'Urgent,\\\\+-!'&quot;,&quot;&lt;cat re='1'&gt;Urgent,\\+-!&lt;/cat&gt;&quot;)" fullname="NUnit.Common.Tests.TestSelectionParserTests.TestParser(&quot;cat =~ 'Urgent,\\\\+-!'&quot;,&quot;&lt;cat re='1'&gt;Urgent,\\+-!&lt;/cat&gt;&quot;)" methodname="TestParser" classname="NUnit.Common.Tests.TestSelectionParserTests" runstate="Runnable" seed="1187815914" result="Passed" start-time="2018-10-06 20:00:45Z" end-time="2018-10-06 20:00:45Z" duration="0.000247" asserts="2" />
              <test-case id="1042" name="TestParser(&quot;cat !~ Urgent&quot;,&quot;&lt;not&gt;&lt;cat re='1'&gt;Urgent&lt;/cat&gt;&lt;/not&gt;&quot;)" fullname="NUnit.Common.Tests.TestSelectionParserTests.TestParser(&quot;cat !~ Urgent&quot;,&quot;&lt;not&gt;&lt;cat re='1'&gt;Urgent&lt;/cat&gt;&lt;/not&gt;&quot;)" methodname="TestParser" classname="NUnit.Common.Tests.TestSelectionParserTests" runstate="Runnable" seed="451074026" result="Passed" start-time="2018-10-06 20:00:45Z" end-time="2018-10-06 20:00:45Z" duration="0.000240" asserts="2" />
              <test-case id="1043" name="TestParser(&quot;cat !~ 'Urgent,+-!'&quot;,&quot;&lt;not&gt;&lt;cat re='1'&gt;Urgent,+-!&lt;/cat&gt;&lt;/not&gt;&quot;)" fullname="NUnit.Common.Tests.TestSelectionParserTests.TestParser(&quot;cat !~ 'Urgent,+-!'&quot;,&quot;&lt;not&gt;&lt;cat re='1'&gt;Urgent,+-!&lt;/cat&gt;&lt;/not&gt;&quot;)" methodname="TestParser" classname="NUnit.Common.Tests.TestSelectionParserTests" runstate="Runnable" seed="1989272130" result="Passed" start-time="2018-10-06 20:00:45Z" end-time="2018-10-06 20:00:45Z" duration="0.000248" asserts="2" />
              <test-case id="1044" name="TestParser(&quot;cat !~ 'Urgent,\\+-!'&quot;,&quot;&lt;not&gt;&lt;cat re='1'&gt;Urgent,+-!&lt;/cat&gt;&lt;/not&gt;&quot;)" fullname="NUnit.Common.Tests.TestSelectionParserTests.TestParser(&quot;cat !~ 'Urgent,\\+-!'&quot;,&quot;&lt;not&gt;&lt;cat re='1'&gt;Urgent,+-!&lt;/cat&gt;&lt;/not&gt;&quot;)" methodname="TestParser" classname="NUnit.Common.Tests.TestSelectionParserTests" runstate="Runnable" seed="1821825609" result="Passed" start-time="2018-10-06 20:00:45Z" end-time="2018-10-06 20:00:45Z" duration="0.000213" asserts="2" />
              <test-case id="1045" name="TestParser(&quot;cat !~ 'Urgent,\\\\+-!'&quot;,&quot;&lt;not&gt;&lt;cat re='1'&gt;Urgent,\\+-!&lt;/cat&gt;&lt;/not&gt;&quot;)" fullname="NUnit.Common.Tests.TestSelectionParserTests.TestParser(&quot;cat !~ 'Urgent,\\\\+-!'&quot;,&quot;&lt;not&gt;&lt;cat re='1'&gt;Urgent,\\+-!&lt;/cat&gt;&lt;/not&gt;&quot;)" methodname="TestParser" classname="NUnit.Common.Tests.TestSelectionParserTests" runstate="Runnable" seed="795915945" result="Passed" start-time="2018-10-06 20:00:45Z" end-time="2018-10-06 20:00:45Z" duration="0.000230" asserts="2" />
              <test-case id="1046" name="TestParser(&quot;cat = Urgent || cat = High&quot;,&quot;&lt;or&gt;&lt;cat&gt;Urgent&lt;/cat&gt;&lt;cat&gt;High&lt;/cat&gt;&lt;/or&gt;&quot;)" fullname="NUnit.Common.Tests.TestSelectionParserTests.TestParser(&quot;cat = Urgent || cat = High&quot;,&quot;&lt;or&gt;&lt;cat&gt;Urgent&lt;/cat&gt;&lt;cat&gt;High&lt;/cat&gt;&lt;/or&gt;&quot;)" methodname="TestParser" classname="NUnit.Common.Tests.TestSelectionParserTests" runstate="Runnable" seed="100823059" result="Passed" start-time="2018-10-06 20:00:45Z" end-time="2018-10-06 20:00:45Z" duration="0.000226" asserts="2" />
              <test-case id="1047" name="TestParser(&quot;Priority == High&quot;,&quot;&lt;prop name='Priority'&gt;High&lt;/prop&gt;&quot;)" fullname="NUnit.Common.Tests.TestSelectionParserTests.TestParser(&quot;Priority == High&quot;,&quot;&lt;prop name='Priority'&gt;High&lt;/prop&gt;&quot;)" methodname="TestParser" classname="NUnit.Common.Tests.TestSelectionParserTests" runstate="Runnable" seed="1903637094" result="Passed" start-time="2018-10-06 20:00:45Z" end-time="2018-10-06 20:00:45Z" duration="0.001508" asserts="2" />
              <test-case id="1048" name="TestParser(&quot;Priority != Urgent&quot;,&quot;&lt;not&gt;&lt;prop name='Priority'&gt;Urgent&lt;/prop&gt;&lt;/not&gt;&quot;)" fullname="NUnit.Common.Tests.TestSelectionParserTests.TestParser(&quot;Priority != Urgent&quot;,&quot;&lt;not&gt;&lt;prop name='Priority'&gt;Urgent&lt;/prop&gt;&lt;/not&gt;&quot;)" methodname="TestParser" classname="NUnit.Common.Tests.TestSelectionParserTests" runstate="Runnable" seed="938414957" result="Passed" start-time="2018-10-06 20:00:45Z" end-time="2018-10-06 20:00:45Z" duration="0.008542" asserts="2" />
              <test-case id="1049" name="TestParser(&quot;Author =~ Jones&quot;,&quot;&lt;prop name='Author' re='1'&gt;Jones&lt;/prop&gt;&quot;)" fullname="NUnit.Common.Tests.TestSelectionParserTests.TestParser(&quot;Author =~ Jones&quot;,&quot;&lt;prop name='Author' re='1'&gt;Jones&lt;/prop&gt;&quot;)" methodname="TestParser" classname="NUnit.Common.Tests.TestSelectionParserTests" runstate="Runnable" seed="587377647" result="Passed" start-time="2018-10-06 20:00:45Z" end-time="2018-10-06 20:00:45Z" duration="0.000278" asserts="2" />
              <test-case id="1050" name="TestParser(&quot;Author !~ Jones&quot;,&quot;&lt;not&gt;&lt;prop name='Author' re='1'&gt;Jones&lt;/prop&gt;&lt;/not&gt;&quot;)" fullname="NUnit.Common.Tests.TestSelectionParserTests.TestParser(&quot;Author !~ Jones&quot;,&quot;&lt;not&gt;&lt;prop name='Author' re='1'&gt;Jones&lt;/prop&gt;&lt;/not&gt;&quot;)" methodname="TestParser" classname="NUnit.Common.Tests.TestSelectionParserTests" runstate="Runnable" seed="2119596544" result="Passed" start-time="2018-10-06 20:00:45Z" end-time="2018-10-06 20:00:45Z" duration="0.000215" asserts="2" />
              <test-case id="1051" name="TestParser(&quot;name='SomeTest'&quot;,&quot;&lt;name&gt;SomeTest&lt;/name&gt;&quot;)" fullname="NUnit.Common.Tests.TestSelectionParserTests.TestParser(&quot;name='SomeTest'&quot;,&quot;&lt;name&gt;SomeTest&lt;/name&gt;&quot;)" methodname="TestParser" classname="NUnit.Common.Tests.TestSelectionParserTests" runstate="Runnable" seed="724656730" result="Passed" start-time="2018-10-06 20:00:45Z" end-time="2018-10-06 20:00:45Z" duration="0.000277" asserts="2" />
              <test-case id="1052" name="TestParser(&quot;method=TestMethod&quot;,&quot;&lt;method&gt;TestMethod&lt;/method&gt;&quot;)" fullname="NUnit.Common.Tests.TestSelectionParserTests.TestParser(&quot;method=TestMethod&quot;,&quot;&lt;method&gt;TestMethod&lt;/method&gt;&quot;)" methodname="TestParser" classname="NUnit.Common.Tests.TestSelectionParserTests" runstate="Runnable" seed="1474261083" result="Passed" start-time="2018-10-06 20:00:45Z" end-time="2018-10-06 20:00:45Z" duration="0.000244" asserts="2" />
              <test-case id="1053" name="TestParser(&quot;method=Test1||method=Test2||method=Test3&quot;,&quot;&lt;or&gt;&lt;method&gt;Test1&lt;/method&gt;&lt;method&gt;Test2&lt;/method&gt;&lt;method&gt;Test3&lt;/method&gt;&lt;/or&gt;&quot;)" fullname="NUnit.Common.Tests.TestSelectionParserTests.TestParser(&quot;method=Test1||method=Test2||method=Test3&quot;,&quot;&lt;or&gt;&lt;method&gt;Test1&lt;/method&gt;&lt;method&gt;Test2&lt;/method&gt;&lt;method&gt;Test3&lt;/method&gt;&lt;/or&gt;&quot;)" methodname="TestParser" classname="NUnit.Common.Tests.TestSelectionParserTests" runstate="Runnable" seed="2095476418" result="Passed" start-time="2018-10-06 20:00:45Z" end-time="2018-10-06 20:00:45Z" duration="0.000253" asserts="2" />
              <test-case id="1054" name="TestParser(&quot;test='My.Test.Fixture.Method(42)'&quot;,&quot;&lt;test&gt;My.Test.Fixture.Method(42)&lt;/test&gt;&quot;)" fullname="NUnit.Common.Tests.TestSelectionParserTests.TestParser(&quot;test='My.Test.Fixture.Method(42)'&quot;,&quot;&lt;test&gt;My.Test.Fixture.Method(42)&lt;/test&gt;&quot;)" methodname="TestParser" classname="NUnit.Common.Tests.TestSelectionParserTests" runstate="Runnable" seed="955938213" result="Passed" start-time="2018-10-06 20:00:45Z" end-time="2018-10-06 20:00:45Z" duration="0.000262" asserts="2" />
              <test-case id="1055" name="TestParser(&quot;test='My.Test.Fixture.Method(\&quot;xyz\&quot;)'&quot;,&quot;&lt;test&gt;My.Test.Fixture.Method(&amp;quot;xyz&amp;quot;)&lt;/test&gt;&quot;)" fullname="NUnit.Common.Tests.TestSelectionParserTests.TestParser(&quot;test='My.Test.Fixture.Method(\&quot;xyz\&quot;)'&quot;,&quot;&lt;test&gt;My.Test.Fixture.Method(&amp;quot;xyz&amp;quot;)&lt;/test&gt;&quot;)" methodname="TestParser" classname="NUnit.Common.Tests.TestSelectionParserTests" runstate="Runnable" seed="2005296763" result="Passed" start-time="2018-10-06 20:00:45Z" end-time="2018-10-06 20:00:45Z" duration="0.000326" asserts="2" />
              <test-case id="1056" name="TestParser(&quot;test='My.Test.Fixture.Method(\&quot;abc\\'s\&quot;)'&quot;,&quot;&lt;test&gt;My.Test.Fixture.Method(&amp;quot;abc&amp;apos;s&amp;quot;)&lt;/test&gt;&quot;)" fullname="NUnit.Common.Tests.TestSelectionParserTests.TestParser(&quot;test='My.Test.Fixture.Method(\&quot;abc\\'s\&quot;)'&quot;,&quot;&lt;test&gt;My.Test.Fixture.Method(&amp;quot;abc&amp;apos;s&amp;quot;)&lt;/test&gt;&quot;)" methodname="TestParser" classname="NUnit.Common.Tests.TestSelectionParserTests" runstate="Runnable" seed="1197324070" result="Passed" start-time="2018-10-06 20:00:45Z" end-time="2018-10-06 20:00:45Z" duration="0.000186" asserts="2" />
              <test-case id="1057" name="TestParser(&quot;test='My.Test.Fixture.Method(\&quot;x&amp;y&amp;z\&quot;)'&quot;,&quot;&lt;test&gt;My.Test.Fixture.Method(&amp;quot;x&amp;amp;y&amp;amp;z&amp;quot;)&lt;/test&gt;&quot;)" fullname="NUnit.Common.Tests.TestSelectionParserTests.TestParser(&quot;test='My.Test.Fixture.Method(\&quot;x&amp;y&amp;z\&quot;)'&quot;,&quot;&lt;test&gt;My.Test.Fixture.Method(&amp;quot;x&amp;amp;y&amp;amp;z&amp;quot;)&lt;/test&gt;&quot;)" methodname="TestParser" classname="NUnit.Common.Tests.TestSelectionParserTests" runstate="Runnable" seed="1810057410" result="Passed" start-time="2018-10-06 20:00:45Z" end-time="2018-10-06 20:00:45Z" duration="0.000208" asserts="2" />
              <test-case id="1058" name="TestParser(&quot;test='My.Test.Fixture.Method(\&quot;&lt;xyz&gt;\&quot;)'&quot;,&quot;&lt;test&gt;My.Test.Fixture.Method(&amp;quot;&amp;lt;xyz&amp;gt;&amp;quot;)&lt;/test&gt;&quot;)" fullname="NUnit.Common.Tests.TestSelectionParserTests.TestParser(&quot;test='My.Test.Fixture.Method(\&quot;&lt;xyz&gt;\&quot;)'&quot;,&quot;&lt;test&gt;My.Test.Fixture.Method(&amp;quot;&amp;lt;xyz&amp;gt;&amp;quot;)&lt;/test&gt;&quot;)" methodname="TestParser" classname="NUnit.Common.Tests.TestSelectionParserTests" runstate="Runnable" seed="1774346995" result="Passed" start-time="2018-10-06 20:00:45Z" end-time="2018-10-06 20:00:45Z" duration="0.000265" asserts="2" />
              <test-case id="1059" name="TestParser(&quot;cat==Urgent &amp;&amp; test=='My.Tests'&quot;,&quot;&lt;and&gt;&lt;cat&gt;Urgent&lt;/cat&gt;&lt;test&gt;My.Tests&lt;/test&gt;&lt;/and&gt;&quot;)" fullname="NUnit.Common.Tests.TestSelectionParserTests.TestParser(&quot;cat==Urgent &amp;&amp; test=='My.Tests'&quot;,&quot;&lt;and&gt;&lt;cat&gt;Urgent&lt;/cat&gt;&lt;test&gt;My.Tests&lt;/test&gt;&lt;/and&gt;&quot;)" methodname="TestParser" classname="NUnit.Common.Tests.TestSelectionParserTests" runstate="Runnable" seed="1041880138" result="Passed" start-time="2018-10-06 20:00:45Z" end-time="2018-10-06 20:00:45Z" duration="0.000263" asserts="2" />
              <test-case id="1060" name="TestParser(&quot;cat==Urgent and test=='My.Tests'&quot;,&quot;&lt;and&gt;&lt;cat&gt;Urgent&lt;/cat&gt;&lt;test&gt;My.Tests&lt;/test&gt;&lt;/and&gt;&quot;)" fullname="NUnit.Common.Tests.TestSelectionParserTests.TestParser(&quot;cat==Urgent and test=='My.Tests'&quot;,&quot;&lt;and&gt;&lt;cat&gt;Urgent&lt;/cat&gt;&lt;test&gt;My.Tests&lt;/test&gt;&lt;/and&gt;&quot;)" methodname="TestParser" classname="NUnit.Common.Tests.TestSelectionParserTests" runstate="Runnable" seed="1393388557" result="Passed" start-time="2018-10-06 20:00:45Z" end-time="2018-10-06 20:00:45Z" duration="0.000307" asserts="2" />
              <test-case id="1061" name="TestParser(&quot;cat==Urgent || test=='My.Tests'&quot;,&quot;&lt;or&gt;&lt;cat&gt;Urgent&lt;/cat&gt;&lt;test&gt;My.Tests&lt;/test&gt;&lt;/or&gt;&quot;)" fullname="NUnit.Common.Tests.TestSelectionParserTests.TestParser(&quot;cat==Urgent || test=='My.Tests'&quot;,&quot;&lt;or&gt;&lt;cat&gt;Urgent&lt;/cat&gt;&lt;test&gt;My.Tests&lt;/test&gt;&lt;/or&gt;&quot;)" methodname="TestParser" classname="NUnit.Common.Tests.TestSelectionParserTests" runstate="Runnable" seed="649527863" result="Passed" start-time="2018-10-06 20:00:45Z" end-time="2018-10-06 20:00:45Z" duration="0.000272" asserts="2" />
              <test-case id="1062" name="TestParser(&quot;cat==Urgent or test=='My.Tests'&quot;,&quot;&lt;or&gt;&lt;cat&gt;Urgent&lt;/cat&gt;&lt;test&gt;My.Tests&lt;/test&gt;&lt;/or&gt;&quot;)" fullname="NUnit.Common.Tests.TestSelectionParserTests.TestParser(&quot;cat==Urgent or test=='My.Tests'&quot;,&quot;&lt;or&gt;&lt;cat&gt;Urgent&lt;/cat&gt;&lt;test&gt;My.Tests&lt;/test&gt;&lt;/or&gt;&quot;)" methodname="TestParser" classname="NUnit.Common.Tests.TestSelectionParserTests" runstate="Runnable" seed="1541374434" result="Passed" start-time="2018-10-06 20:00:45Z" end-time="2018-10-06 20:00:45Z" duration="0.000252" asserts="2" />
              <test-case id="1063" name="TestParser(&quot;cat==Urgent || test=='My.Tests' &amp;&amp; cat == high&quot;,&quot;&lt;or&gt;&lt;cat&gt;Urgent&lt;/cat&gt;&lt;and&gt;&lt;test&gt;My.Tests&lt;/test&gt;&lt;cat&gt;high&lt;/cat&gt;&lt;/and&gt;&lt;/or&gt;&quot;)" fullname="NUnit.Common.Tests.TestSelectionParserTests.TestParser(&quot;cat==Urgent || test=='My.Tests' &amp;&amp; cat == high&quot;,&quot;&lt;or&gt;&lt;cat&gt;Urgent&lt;/cat&gt;&lt;and&gt;&lt;test&gt;My.Tests&lt;/test&gt;&lt;cat&gt;high&lt;/cat&gt;&lt;/and&gt;&lt;/or&gt;&quot;)" methodname="TestParser" classname="NUnit.Common.Tests.TestSelectionParserTests" runstate="Runnable" seed="817899044" result="Passed" start-time="2018-10-06 20:00:45Z" end-time="2018-10-06 20:00:45Z" duration="0.000257" asserts="2" />
              <test-case id="1064" name="TestParser(&quot;cat==Urgent &amp;&amp; test=='My.Tests' || cat == high&quot;,&quot;&lt;or&gt;&lt;and&gt;&lt;cat&gt;Urgent&lt;/cat&gt;&lt;test&gt;My.Tests&lt;/test&gt;&lt;/and&gt;&lt;cat&gt;high&lt;/cat&gt;&lt;/or&gt;&quot;)" fullname="NUnit.Common.Tests.TestSelectionParserTests.TestParser(&quot;cat==Urgent &amp;&amp; test=='My.Tests' || cat == high&quot;,&quot;&lt;or&gt;&lt;and&gt;&lt;cat&gt;Urgent&lt;/cat&gt;&lt;test&gt;My.Tests&lt;/test&gt;&lt;/and&gt;&lt;cat&gt;high&lt;/cat&gt;&lt;/or&gt;&quot;)" methodname="TestParser" classname="NUnit.Common.Tests.TestSelectionParserTests" runstate="Runnable" seed="1644468537" result="Passed" start-time="2018-10-06 20:00:45Z" end-time="2018-10-06 20:00:45Z" duration="0.000221" asserts="2" />
              <test-case id="1065" name="TestParser(&quot;cat==Urgent &amp;&amp; (test=='My.Tests' || cat == high)&quot;,&quot;&lt;and&gt;&lt;cat&gt;Urgent&lt;/cat&gt;&lt;or&gt;&lt;test&gt;My.Tests&lt;/test&gt;&lt;cat&gt;high&lt;/cat&gt;&lt;/or&gt;&lt;/and&gt;&quot;)" fullname="NUnit.Common.Tests.TestSelectionParserTests.TestParser(&quot;cat==Urgent &amp;&amp; (test=='My.Tests' || cat == high)&quot;,&quot;&lt;and&gt;&lt;cat&gt;Urgent&lt;/cat&gt;&lt;or&gt;&lt;test&gt;My.Tests&lt;/test&gt;&lt;cat&gt;high&lt;/cat&gt;&lt;/or&gt;&lt;/and&gt;&quot;)" methodname="TestParser" classname="NUnit.Common.Tests.TestSelectionParserTests" runstate="Runnable" seed="1870625017" result="Passed" start-time="2018-10-06 20:00:45Z" end-time="2018-10-06 20:00:45Z" duration="0.000942" asserts="2" />
              <test-case id="1066" name="TestParser(&quot;cat==Urgent &amp;&amp; !(test=='My.Tests' || cat == high)&quot;,&quot;&lt;and&gt;&lt;cat&gt;Urgent&lt;/cat&gt;&lt;not&gt;&lt;or&gt;&lt;test&gt;My.Tests&lt;/test&gt;&lt;cat&gt;high&lt;/cat&gt;&lt;/or&gt;&lt;/not&gt;&lt;/and&gt;&quot;)" fullname="NUnit.Common.Tests.TestSelectionParserTests.TestParser(&quot;cat==Urgent &amp;&amp; !(test=='My.Tests' || cat == high)&quot;,&quot;&lt;and&gt;&lt;cat&gt;Urgent&lt;/cat&gt;&lt;not&gt;&lt;or&gt;&lt;test&gt;My.Tests&lt;/test&gt;&lt;cat&gt;high&lt;/cat&gt;&lt;/or&gt;&lt;/not&gt;&lt;/and&gt;&quot;)" methodname="TestParser" classname="NUnit.Common.Tests.TestSelectionParserTests" runstate="Runnable" seed="2053150312" result="Passed" start-time="2018-10-06 20:00:45Z" end-time="2018-10-06 20:00:45Z" duration="0.000487" asserts="2" />
            </test-suite>
            <test-suite type="ParameterizedMethod" id="1072" name="TestParser_InvalidInput" fullname="NUnit.Common.Tests.TestSelectionParserTests.TestParser_InvalidInput" classname="NUnit.Common.Tests.TestSelectionParserTests" runstate="Runnable" testcasecount="4" result="Passed" start-time="2018-10-06 20:00:45Z" end-time="2018-10-06 20:00:45Z" duration="0.010277" total="4" passed="4" failed="0" warnings="0" inconclusive="0" skipped="0" asserts="4">
              <test-case id="1068" name="TestParser_InvalidInput(null,System.ArgumentNullException)" fullname="NUnit.Common.Tests.TestSelectionParserTests.TestParser_InvalidInput(null,System.ArgumentNullException)" methodname="TestParser_InvalidInput" classname="NUnit.Common.Tests.TestSelectionParserTests" runstate="Runnable" seed="1453182855" result="Passed" start-time="2018-10-06 20:00:45Z" end-time="2018-10-06 20:00:45Z" duration="0.002407" asserts="1" />
              <test-case id="1069" name="TestParser_InvalidInput(&quot;&quot;,NUnit.Common.TestSelectionParserException)" fullname="NUnit.Common.Tests.TestSelectionParserTests.TestParser_InvalidInput(&quot;&quot;,NUnit.Common.TestSelectionParserException)" methodname="TestParser_InvalidInput" classname="NUnit.Common.Tests.TestSelectionParserTests" runstate="Runnable" seed="1858595581" result="Passed" start-time="2018-10-06 20:00:45Z" end-time="2018-10-06 20:00:45Z" duration="0.000544" asserts="1" />
              <test-case id="1070" name="TestParser_InvalidInput(&quot;   &quot;,NUnit.Common.TestSelectionParserException)" fullname="NUnit.Common.Tests.TestSelectionParserTests.TestParser_InvalidInput(&quot;   &quot;,NUnit.Common.TestSelectionParserException)" methodname="TestParser_InvalidInput" classname="NUnit.Common.Tests.TestSelectionParserTests" runstate="Runnable" seed="1749954258" result="Passed" start-time="2018-10-06 20:00:45Z" end-time="2018-10-06 20:00:45Z" duration="0.000237" asserts="1" />
              <test-case id="1071" name="TestParser_InvalidInput(&quot;  \t\t &quot;,NUnit.Common.TestSelectionParserException)" fullname="NUnit.Common.Tests.TestSelectionParserTests.TestParser_InvalidInput(&quot;  \t\t &quot;,NUnit.Common.TestSelectionParserException)" methodname="TestParser_InvalidInput" classname="NUnit.Common.Tests.TestSelectionParserTests" runstate="Runnable" seed="2131371264" result="Passed" start-time="2018-10-06 20:00:45Z" end-time="2018-10-06 20:00:45Z" duration="0.000153" asserts="1" />
            </test-suite>
          </test-suite>
        </test-suite>
      </test-suite>
    </test-suite>
    <test-suite type="TestSuite" id="1405" name="NUnitLite" fullname="NUnitLite" runstate="Runnable" testcasecount="277" result="Skipped" label="Ignored" site="Child" start-time="2018-10-06 20:00:45Z" end-time="2018-10-06 20:00:45Z" duration="0.315071" total="277" passed="276" failed="0" warnings="0" inconclusive="0" skipped="1" asserts="533">
      <reason>
        <message><![CDATA[One or more child tests were ignored]]></message>
      </reason>
      <test-suite type="TestSuite" id="1406" name="Tests" fullname="NUnitLite.Tests" runstate="Runnable" testcasecount="277" result="Skipped" label="Ignored" site="Child" start-time="2018-10-06 20:00:45Z" end-time="2018-10-06 20:00:45Z" duration="0.315050" total="277" passed="276" failed="0" warnings="0" inconclusive="0" skipped="1" asserts="533">
        <reason>
          <message><![CDATA[One or more child tests were ignored]]></message>
        </reason>
        <test-suite type="TestFixture" id="1224" name="MakeRunSettingsTests" fullname="NUnitLite.Tests.MakeRunSettingsTests" classname="NUnitLite.Tests.MakeRunSettingsTests" runstate="Runnable" testcasecount="8" result="Passed" start-time="2018-10-06 20:00:45Z" end-time="2018-10-06 20:00:45Z" duration="0.030910" total="8" passed="8" failed="0" warnings="0" inconclusive="0" skipped="0" asserts="16">
          <test-suite type="ParameterizedMethod" id="1233" name="CheckSetting" fullname="NUnitLite.Tests.MakeRunSettingsTests.CheckSetting" classname="NUnitLite.Tests.MakeRunSettingsTests" runstate="Runnable" testcasecount="8" result="Passed" start-time="2018-10-06 20:00:45Z" end-time="2018-10-06 20:00:45Z" duration="0.030445" total="8" passed="8" failed="0" warnings="0" inconclusive="0" skipped="0" asserts="16">
            <test-case id="1225" name="CheckSetting(&quot;--timeout=50&quot;,&quot;DefaultTimeout&quot;,50)" fullname="NUnitLite.Tests.MakeRunSettingsTests.CheckSetting(&quot;--timeout=50&quot;,&quot;DefaultTimeout&quot;,50)" methodname="CheckSetting" classname="NUnitLite.Tests.MakeRunSettingsTests" runstate="Runnable" seed="1981977723" result="Passed" start-time="2018-10-06 20:00:45Z" end-time="2018-10-06 20:00:45Z" duration="0.010467" asserts="2" />
            <test-case id="1226" name="CheckSetting(&quot;--work=results&quot;,&quot;WorkDirectory&quot;,&quot;C:\\src\\nunit\\nunit\\bin\\Release\\net35\\results&quot;)" fullname="NUnitLite.Tests.MakeRunSettingsTests.CheckSetting(&quot;--work=results&quot;,&quot;WorkDirectory&quot;,&quot;C:\\src\\nunit\\nunit\\bin\\Release\\net35\\results&quot;)" methodname="CheckSetting" classname="NUnitLite.Tests.MakeRunSettingsTests" runstate="Runnable" seed="1954837225" result="Passed" start-time="2018-10-06 20:00:45Z" end-time="2018-10-06 20:00:45Z" duration="0.000774" asserts="2" />
            <test-case id="1227" name="CheckSetting(&quot;--seed=1234&quot;,&quot;RandomSeed&quot;,1234)" fullname="NUnitLite.Tests.MakeRunSettingsTests.CheckSetting(&quot;--seed=1234&quot;,&quot;RandomSeed&quot;,1234)" methodname="CheckSetting" classname="NUnitLite.Tests.MakeRunSettingsTests" runstate="Runnable" seed="2074030176" result="Passed" start-time="2018-10-06 20:00:45Z" end-time="2018-10-06 20:00:45Z" duration="0.000465" asserts="2" />
            <test-case id="1228" name="CheckSetting(&quot;--workers=8&quot;,&quot;NumberOfTestWorkers&quot;,8)" fullname="NUnitLite.Tests.MakeRunSettingsTests.CheckSetting(&quot;--workers=8&quot;,&quot;NumberOfTestWorkers&quot;,8)" methodname="CheckSetting" classname="NUnitLite.Tests.MakeRunSettingsTests" runstate="Runnable" seed="1660077358" result="Passed" start-time="2018-10-06 20:00:45Z" end-time="2018-10-06 20:00:45Z" duration="0.000386" asserts="2" />
            <test-case id="1229" name="CheckSetting(&quot;--prefilter=A.B.C&quot;,&quot;LOAD&quot;,[&quot;A.B.C&quot;])" fullname="NUnitLite.Tests.MakeRunSettingsTests.CheckSetting(&quot;--prefilter=A.B.C&quot;,&quot;LOAD&quot;,[&quot;A.B.C&quot;])" methodname="CheckSetting" classname="NUnitLite.Tests.MakeRunSettingsTests" runstate="Runnable" seed="695474664" result="Passed" start-time="2018-10-06 20:00:45Z" end-time="2018-10-06 20:00:45Z" duration="0.014570" asserts="2" />
            <test-case id="1230" name="CheckSetting(&quot;--test=A.B.C&quot;,&quot;LOAD&quot;,[&quot;A.B.C&quot;])" fullname="NUnitLite.Tests.MakeRunSettingsTests.CheckSetting(&quot;--test=A.B.C&quot;,&quot;LOAD&quot;,[&quot;A.B.C&quot;])" methodname="CheckSetting" classname="NUnitLite.Tests.MakeRunSettingsTests" runstate="Runnable" seed="2051289719" result="Passed" start-time="2018-10-06 20:00:45Z" end-time="2018-10-06 20:00:45Z" duration="0.000226" asserts="2" />
            <test-case id="1231" name="CheckSetting(&quot;--test=A.B.C(arg)&quot;,&quot;LOAD&quot;,[&quot;A.B.C&quot;])" fullname="NUnitLite.Tests.MakeRunSettingsTests.CheckSetting(&quot;--test=A.B.C(arg)&quot;,&quot;LOAD&quot;,[&quot;A.B.C&quot;])" methodname="CheckSetting" classname="NUnitLite.Tests.MakeRunSettingsTests" runstate="Runnable" seed="187823465" result="Passed" start-time="2018-10-06 20:00:45Z" end-time="2018-10-06 20:00:45Z" duration="0.000276" asserts="2" />
            <test-case id="1232" name="CheckSetting(&quot;--test=A.B&lt;type&gt;.C(arg)&quot;,&quot;LOAD&quot;,[&quot;A.B&quot;])" fullname="NUnitLite.Tests.MakeRunSettingsTests.CheckSetting(&quot;--test=A.B&lt;type&gt;.C(arg)&quot;,&quot;LOAD&quot;,[&quot;A.B&quot;])" methodname="CheckSetting" classname="NUnitLite.Tests.MakeRunSettingsTests" runstate="Runnable" seed="768656065" result="Passed" start-time="2018-10-06 20:00:45Z" end-time="2018-10-06 20:00:45Z" duration="0.000202" asserts="2" />
          </test-suite>
        </test-suite>
        <test-suite type="TestFixture" id="1277" name="TeamCityEventListenerTests" fullname="NUnitLite.Tests.TeamCityEventListenerTests" classname="NUnitLite.Tests.TeamCityEventListenerTests" runstate="Runnable" testcasecount="7" result="Passed" start-time="2018-10-06 20:00:45Z" end-time="2018-10-06 20:00:45Z" duration="0.025487" total="7" passed="7" failed="0" warnings="0" inconclusive="0" skipped="0" asserts="7">
          <test-case id="1284" name="TestFinished_Failed" fullname="NUnitLite.Tests.TeamCityEventListenerTests.TestFinished_Failed" methodname="TestFinished_Failed" classname="NUnitLite.Tests.TeamCityEventListenerTests" runstate="Runnable" seed="1348782764" result="Passed" start-time="2018-10-06 20:00:45Z" end-time="2018-10-06 20:00:45Z" duration="0.008227" asserts="1" />
          <test-case id="1283" name="TestFinished_Ignored" fullname="NUnitLite.Tests.TeamCityEventListenerTests.TestFinished_Ignored" methodname="TestFinished_Ignored" classname="NUnitLite.Tests.TeamCityEventListenerTests" runstate="Runnable" seed="1610311977" result="Passed" start-time="2018-10-06 20:00:45Z" end-time="2018-10-06 20:00:45Z" duration="0.001414" asserts="1" />
          <test-case id="1282" name="TestFinished_Inconclusive" fullname="NUnitLite.Tests.TeamCityEventListenerTests.TestFinished_Inconclusive" methodname="TestFinished_Inconclusive" classname="NUnitLite.Tests.TeamCityEventListenerTests" runstate="Runnable" seed="1019385290" result="Passed" start-time="2018-10-06 20:00:45Z" end-time="2018-10-06 20:00:45Z" duration="0.001239" asserts="1" />
          <test-case id="1281" name="TestFinished_Passed" fullname="NUnitLite.Tests.TeamCityEventListenerTests.TestFinished_Passed" methodname="TestFinished_Passed" classname="NUnitLite.Tests.TeamCityEventListenerTests" runstate="Runnable" seed="789000664" result="Passed" start-time="2018-10-06 20:00:45Z" end-time="2018-10-06 20:00:45Z" duration="0.001222" asserts="1" />
          <test-case id="1280" name="TestStarted" fullname="NUnitLite.Tests.TeamCityEventListenerTests.TestStarted" methodname="TestStarted" classname="NUnitLite.Tests.TeamCityEventListenerTests" runstate="Runnable" seed="839776804" result="Passed" start-time="2018-10-06 20:00:45Z" end-time="2018-10-06 20:00:45Z" duration="0.001321" asserts="1" />
          <test-case id="1279" name="TestSuiteFinished" fullname="NUnitLite.Tests.TeamCityEventListenerTests.TestSuiteFinished" methodname="TestSuiteFinished" classname="NUnitLite.Tests.TeamCityEventListenerTests" runstate="Runnable" seed="416344842" result="Passed" start-time="2018-10-06 20:00:45Z" end-time="2018-10-06 20:00:45Z" duration="0.000841" asserts="1" />
          <test-case id="1278" name="TestSuiteStarted" fullname="NUnitLite.Tests.TeamCityEventListenerTests.TestSuiteStarted" methodname="TestSuiteStarted" classname="NUnitLite.Tests.TeamCityEventListenerTests" runstate="Runnable" seed="1958192776" result="Passed" start-time="2018-10-06 20:00:45Z" end-time="2018-10-06 20:00:45Z" duration="0.000736" asserts="1" />
        </test-suite>
        <test-suite type="TestFixture" id="1215" name="CreateTestFilterTests" fullname="NUnitLite.Tests.CreateTestFilterTests" classname="NUnitLite.Tests.CreateTestFilterTests" runstate="Runnable" testcasecount="8" result="Passed" start-time="2018-10-06 20:00:45Z" end-time="2018-10-06 20:00:45Z" duration="0.160148" total="8" passed="8" failed="0" warnings="0" inconclusive="0" skipped="0" asserts="48">
          <test-case id="1216" name="EmptyFilter" fullname="NUnitLite.Tests.CreateTestFilterTests.EmptyFilter" methodname="EmptyFilter" classname="NUnitLite.Tests.CreateTestFilterTests" runstate="Runnable" seed="1767065263" result="Passed" start-time="2018-10-06 20:00:45Z" end-time="2018-10-06 20:00:45Z" duration="0.018690" asserts="1" />
          <test-case id="1217" name="OneTestSelected" fullname="NUnitLite.Tests.CreateTestFilterTests.OneTestSelected" methodname="OneTestSelected" classname="NUnitLite.Tests.CreateTestFilterTests" runstate="Runnable" seed="1696552671" result="Passed" start-time="2018-10-06 20:00:45Z" end-time="2018-10-06 20:00:45Z" duration="0.030759" asserts="2" />
          <test-case id="1220" name="SixTestsFromTwoTestListFiles" fullname="NUnitLite.Tests.CreateTestFilterTests.SixTestsFromTwoTestListFiles" methodname="SixTestsFromTwoTestListFiles" classname="NUnitLite.Tests.CreateTestFilterTests" runstate="Runnable" seed="745899051" result="Passed" start-time="2018-10-06 20:00:45Z" end-time="2018-10-06 20:00:45Z" duration="0.044023" asserts="14" />
          <test-case id="1221" name="TestListFileMissing" fullname="NUnitLite.Tests.CreateTestFilterTests.TestListFileMissing" methodname="TestListFileMissing" classname="NUnitLite.Tests.CreateTestFilterTests" runstate="Runnable" seed="1838567384" result="Passed" start-time="2018-10-06 20:00:45Z" end-time="2018-10-06 20:00:45Z" duration="0.007065" asserts="3" />
          <test-case id="1219" name="ThreeTestsFromATestListFile" fullname="NUnitLite.Tests.CreateTestFilterTests.ThreeTestsFromATestListFile" methodname="ThreeTestsFromATestListFile" classname="NUnitLite.Tests.CreateTestFilterTests" runstate="Runnable" seed="89638419" result="Passed" start-time="2018-10-06 20:00:45Z" end-time="2018-10-06 20:00:45Z" duration="0.005806" asserts="8" />
          <test-case id="1218" name="ThreeTestsSelected" fullname="NUnitLite.Tests.CreateTestFilterTests.ThreeTestsSelected" methodname="ThreeTestsSelected" classname="NUnitLite.Tests.CreateTestFilterTests" runstate="Runnable" seed="907858143" result="Passed" start-time="2018-10-06 20:00:45Z" end-time="2018-10-06 20:00:45Z" duration="0.002789" asserts="8" />
          <test-case id="1223" name="TwoTestsAndWhereClauseSpecified" fullname="NUnitLite.Tests.CreateTestFilterTests.TwoTestsAndWhereClauseSpecified" methodname="TwoTestsAndWhereClauseSpecified" classname="NUnitLite.Tests.CreateTestFilterTests" runstate="Runnable" seed="1815372110" result="Passed" start-time="2018-10-06 20:00:45Z" end-time="2018-10-06 20:00:45Z" duration="0.027295" asserts="10" />
          <test-case id="1222" name="WhereClauseSpecified" fullname="NUnitLite.Tests.CreateTestFilterTests.WhereClauseSpecified" methodname="WhereClauseSpecified" classname="NUnitLite.Tests.CreateTestFilterTests" runstate="Runnable" seed="576921346" result="Passed" start-time="2018-10-06 20:00:45Z" end-time="2018-10-06 20:00:45Z" duration="0.001231" asserts="2" />
        </test-suite>
        <test-suite type="TestFixture" id="1291" name="TextUITests" fullname="NUnitLite.Tests.TextUITests" classname="NUnitLite.Tests.TextUITests" runstate="Runnable" testcasecount="96" result="Passed" start-time="2018-10-06 20:00:45Z" end-time="2018-10-06 20:00:45Z" duration="0.078011" total="96" passed="96" failed="0" warnings="0" inconclusive="0" skipped="0" asserts="96">
          <test-case id="1293" name="DisplayError" fullname="NUnitLite.Tests.TextUITests.DisplayError" methodname="DisplayError" classname="NUnitLite.Tests.TextUITests" runstate="Runnable" seed="991493826" result="Passed" start-time="2018-10-06 20:00:45Z" end-time="2018-10-06 20:00:45Z" duration="0.003113" asserts="1" />
          <test-case id="1294" name="DisplayErrors" fullname="NUnitLite.Tests.TextUITests.DisplayErrors" methodname="DisplayErrors" classname="NUnitLite.Tests.TextUITests" runstate="Runnable" seed="1493577008" result="Passed" start-time="2018-10-06 20:00:45Z" end-time="2018-10-06 20:00:45Z" duration="0.003090" asserts="1" />
          <test-case id="1295" name="DisplayHeader" fullname="NUnitLite.Tests.TextUITests.DisplayHeader" methodname="DisplayHeader" classname="NUnitLite.Tests.TextUITests" runstate="Runnable" seed="600887797" result="Passed" start-time="2018-10-06 20:00:45Z" end-time="2018-10-06 20:00:45Z" duration="0.003415" asserts="1" />
          <test-case id="1297" name="DisplayRuntimeEnvironment" fullname="NUnitLite.Tests.TextUITests.DisplayRuntimeEnvironment" methodname="DisplayRuntimeEnvironment" classname="NUnitLite.Tests.TextUITests" runstate="Runnable" seed="1863738189" result="Passed" start-time="2018-10-06 20:00:45Z" end-time="2018-10-06 20:00:45Z" duration="0.001217" asserts="1" />
          <test-case id="1296" name="DisplayTestFiles" fullname="NUnitLite.Tests.TextUITests.DisplayTestFiles" methodname="DisplayTestFiles" classname="NUnitLite.Tests.TextUITests" runstate="Runnable" seed="504763982" result="Passed" start-time="2018-10-06 20:00:45Z" end-time="2018-10-06 20:00:45Z" duration="0.001498" asserts="1" />
          <test-case id="1292" name="DisplayWarning" fullname="NUnitLite.Tests.TextUITests.DisplayWarning" methodname="DisplayWarning" classname="NUnitLite.Tests.TextUITests" runstate="Runnable" seed="197314285" result="Passed" start-time="2018-10-06 20:00:45Z" end-time="2018-10-06 20:00:45Z" duration="0.001313" asserts="1" />
          <test-suite type="ParameterizedMethod" id="1368" name="ImmediateOutput" fullname="NUnitLite.Tests.TextUITests.ImmediateOutput" classname="NUnitLite.Tests.TextUITests" runstate="Runnable" testcasecount="14" result="Passed" start-time="2018-10-06 20:00:45Z" end-time="2018-10-06 20:00:45Z" duration="0.005451" total="14" passed="14" failed="0" warnings="0" inconclusive="0" skipped="0" asserts="14">
            <test-case id="1354" name="ImmediateOutput(&quot;Off&quot;,[: OUTPUT&#xA;],&quot;OUTPUT\n&quot;)" fullname="NUnitLite.Tests.TextUITests.ImmediateOutput(&quot;Off&quot;,[: OUTPUT&#xA;],&quot;OUTPUT\n&quot;)" methodname="ImmediateOutput" classname="NUnitLite.Tests.TextUITests" runstate="Runnable" seed="698609933" result="Passed" start-time="2018-10-06 20:00:45Z" end-time="2018-10-06 20:00:45Z" duration="0.002030" asserts="1" />
            <test-case id="1355" name="ImmediateOutput(&quot;On&quot;,[: OUTPUT&#xA;],&quot;=&gt; SomeMethod\nOUTPUT\n&quot;)" fullname="NUnitLite.Tests.TextUITests.ImmediateOutput(&quot;On&quot;,[: OUTPUT&#xA;],&quot;=&gt; SomeMethod\nOUTPUT\n&quot;)" methodname="ImmediateOutput" classname="NUnitLite.Tests.TextUITests" runstate="Runnable" seed="853511148" result="Passed" start-time="2018-10-06 20:00:45Z" end-time="2018-10-06 20:00:45Z" duration="0.000185" asserts="1" />
            <test-case id="1356" name="ImmediateOutput(&quot;All&quot;,[: OUTPUT&#xA;],&quot;=&gt; SomeMethod\nOUTPUT\n&quot;)" fullname="NUnitLite.Tests.TextUITests.ImmediateOutput(&quot;All&quot;,[: OUTPUT&#xA;],&quot;=&gt; SomeMethod\nOUTPUT\n&quot;)" methodname="ImmediateOutput" classname="NUnitLite.Tests.TextUITests" runstate="Runnable" seed="1614787672" result="Passed" start-time="2018-10-06 20:00:45Z" end-time="2018-10-06 20:00:45Z" duration="0.000164" asserts="1" />
            <test-case id="1357" name="ImmediateOutput(&quot;Before&quot;,[: OUTPUT&#xA;],&quot;=&gt; SomeMethod\nOUTPUT\n&quot;)" fullname="NUnitLite.Tests.TextUITests.ImmediateOutput(&quot;Before&quot;,[: OUTPUT&#xA;],&quot;=&gt; SomeMethod\nOUTPUT\n&quot;)" methodname="ImmediateOutput" classname="NUnitLite.Tests.TextUITests" runstate="Runnable" seed="297324651" result="Passed" start-time="2018-10-06 20:00:45Z" end-time="2018-10-06 20:00:45Z" duration="0.000147" asserts="1" />
            <test-case id="1358" name="ImmediateOutput(&quot;After&quot;,[: OUTPUT&#xA;],&quot;=&gt; SomeMethod\nOUTPUT\n&quot;)" fullname="NUnitLite.Tests.TextUITests.ImmediateOutput(&quot;After&quot;,[: OUTPUT&#xA;],&quot;=&gt; SomeMethod\nOUTPUT\n&quot;)" methodname="ImmediateOutput" classname="NUnitLite.Tests.TextUITests" runstate="Runnable" seed="933092447" result="Passed" start-time="2018-10-06 20:00:45Z" end-time="2018-10-06 20:00:45Z" duration="0.000146" asserts="1" />
            <test-case id="1359" name="ImmediateOutput(&quot;Off&quot;,[: OUTPUT],&quot;OUTPUT&quot;)" fullname="NUnitLite.Tests.TextUITests.ImmediateOutput(&quot;Off&quot;,[: OUTPUT],&quot;OUTPUT&quot;)" methodname="ImmediateOutput" classname="NUnitLite.Tests.TextUITests" runstate="Runnable" seed="991566513" result="Passed" start-time="2018-10-06 20:00:45Z" end-time="2018-10-06 20:00:45Z" duration="0.000169" asserts="1" />
            <test-case id="1360" name="ImmediateOutput(&quot;On&quot;,[: OUTPUT],&quot;=&gt; SomeMethod\nOUTPUT&quot;)" fullname="NUnitLite.Tests.TextUITests.ImmediateOutput(&quot;On&quot;,[: OUTPUT],&quot;=&gt; SomeMethod\nOUTPUT&quot;)" methodname="ImmediateOutput" classname="NUnitLite.Tests.TextUITests" runstate="Runnable" seed="1027913310" result="Passed" start-time="2018-10-06 20:00:45Z" end-time="2018-10-06 20:00:45Z" duration="0.000144" asserts="1" />
            <test-case id="1361" name="ImmediateOutput(&quot;All&quot;,[: OUTPUT],&quot;=&gt; SomeMethod\nOUTPUT&quot;)" fullname="NUnitLite.Tests.TextUITests.ImmediateOutput(&quot;All&quot;,[: OUTPUT],&quot;=&gt; SomeMethod\nOUTPUT&quot;)" methodname="ImmediateOutput" classname="NUnitLite.Tests.TextUITests" runstate="Runnable" seed="1722814455" result="Passed" start-time="2018-10-06 20:00:45Z" end-time="2018-10-06 20:00:45Z" duration="0.000166" asserts="1" />
            <test-case id="1362" name="ImmediateOutput(&quot;Before&quot;,[: OUTPUT],&quot;=&gt; SomeMethod\nOUTPUT&quot;)" fullname="NUnitLite.Tests.TextUITests.ImmediateOutput(&quot;Before&quot;,[: OUTPUT],&quot;=&gt; SomeMethod\nOUTPUT&quot;)" methodname="ImmediateOutput" classname="NUnitLite.Tests.TextUITests" runstate="Runnable" seed="624625896" result="Passed" start-time="2018-10-06 20:00:45Z" end-time="2018-10-06 20:00:45Z" duration="0.000247" asserts="1" />
            <test-case id="1363" name="ImmediateOutput(&quot;After&quot;,[: OUTPUT],&quot;=&gt; SomeMethod\nOUTPUT&quot;)" fullname="NUnitLite.Tests.TextUITests.ImmediateOutput(&quot;After&quot;,[: OUTPUT],&quot;=&gt; SomeMethod\nOUTPUT&quot;)" methodname="ImmediateOutput" classname="NUnitLite.Tests.TextUITests" runstate="Runnable" seed="707738219" result="Passed" start-time="2018-10-06 20:00:45Z" end-time="2018-10-06 20:00:45Z" duration="0.000162" asserts="1" />
            <test-case id="1364" name="ImmediateOutput(&quot;On&quot;,[: A, : B, : C],&quot;=&gt; T1\nABC&quot;)" fullname="NUnitLite.Tests.TextUITests.ImmediateOutput(&quot;On&quot;,[: A, : B, : C],&quot;=&gt; T1\nABC&quot;)" methodname="ImmediateOutput" classname="NUnitLite.Tests.TextUITests" runstate="Runnable" seed="1058109850" result="Passed" start-time="2018-10-06 20:00:45Z" end-time="2018-10-06 20:00:45Z" duration="0.000190" asserts="1" />
            <test-case id="1365" name="ImmediateOutput(&quot;On&quot;,[: A, : B, : C, : &#xA;],&quot;=&gt; T1\nABC\n&quot;)" fullname="NUnitLite.Tests.TextUITests.ImmediateOutput(&quot;On&quot;,[: A, : B, : C, : &#xA;],&quot;=&gt; T1\nABC\n&quot;)" methodname="ImmediateOutput" classname="NUnitLite.Tests.TextUITests" runstate="Runnable" seed="983625687" result="Passed" start-time="2018-10-06 20:00:45Z" end-time="2018-10-06 20:00:45Z" duration="0.000250" asserts="1" />
            <test-case id="1366" name="ImmediateOutput(&quot;On&quot;,[: Hello&#xA;, : Ciao!&#xA;, : World!&#xA;],&quot;=&gt; EN\nHello\n=&gt; IT\nCiao!\n=&gt; EN\nWorld!\n&quot;)" fullname="NUnitLite.Tests.TextUITests.ImmediateOutput(&quot;On&quot;,[: Hello&#xA;, : Ciao!&#xA;, : World!&#xA;],&quot;=&gt; EN\nHello\n=&gt; IT\nCiao!\n=&gt; EN\nWorld!\n&quot;)" methodname="ImmediateOutput" classname="NUnitLite.Tests.TextUITests" runstate="Runnable" seed="1482900100" result="Passed" start-time="2018-10-06 20:00:45Z" end-time="2018-10-06 20:00:45Z" duration="0.000193" asserts="1" />
            <test-case id="1367" name="ImmediateOutput(&quot;On&quot;,[: Hello, : Ciao!, : World!],&quot;=&gt; EN\nHello\n=&gt; IT\nCiao!\n=&gt; EN\nWorld!&quot;)" fullname="NUnitLite.Tests.TextUITests.ImmediateOutput(&quot;On&quot;,[: Hello, : Ciao!, : World!],&quot;=&gt; EN\nHello\n=&gt; IT\nCiao!\n=&gt; EN\nWorld!&quot;)" methodname="ImmediateOutput" classname="NUnitLite.Tests.TextUITests" runstate="Runnable" seed="847260482" result="Passed" start-time="2018-10-06 20:00:45Z" end-time="2018-10-06 20:00:45Z" duration="0.000158" asserts="1" />
          </test-suite>
          <test-suite type="ParameterizedMethod" id="1380" name="SingleTest_ImmediateOutput" fullname="NUnitLite.Tests.TextUITests.SingleTest_ImmediateOutput" classname="NUnitLite.Tests.TextUITests" runstate="Runnable" testcasecount="5" result="Passed" start-time="2018-10-06 20:00:45Z" end-time="2018-10-06 20:00:45Z" duration="0.004717" total="5" passed="5" failed="0" warnings="0" inconclusive="0" skipped="0" asserts="5">
            <test-case id="1375" name="SingleTest_ImmediateOutput(&quot;Off&quot;,&quot;IMMEDIATE OUTPUT\nNORMAL OUTPUT\n&quot;)" fullname="NUnitLite.Tests.TextUITests.SingleTest_ImmediateOutput(&quot;Off&quot;,&quot;IMMEDIATE OUTPUT\nNORMAL OUTPUT\n&quot;)" methodname="SingleTest_ImmediateOutput" classname="NUnitLite.Tests.TextUITests" runstate="Runnable" seed="1525373060" result="Passed" start-time="2018-10-06 20:00:45Z" end-time="2018-10-06 20:00:45Z" duration="0.001494" asserts="1" />
            <test-case id="1376" name="SingleTest_ImmediateOutput(&quot;On&quot;,&quot;=&gt; NUnitLite.Tests.TextUITests.MyFakeMethod\nIMMEDIATE OUTPUT\nNORMAL OUTPUT\n&quot;)" fullname="NUnitLite.Tests.TextUITests.SingleTest_ImmediateOutput(&quot;On&quot;,&quot;=&gt; NUnitLite.Tests.TextUITests.MyFakeMethod\nIMMEDIATE OUTPUT\nNORMAL OUTPUT\n&quot;)" methodname="SingleTest_ImmediateOutput" classname="NUnitLite.Tests.TextUITests" runstate="Runnable" seed="1137436659" result="Passed" start-time="2018-10-06 20:00:45Z" end-time="2018-10-06 20:00:45Z" duration="0.000234" asserts="1" />
            <test-case id="1377" name="SingleTest_ImmediateOutput(&quot;All&quot;,&quot;=&gt; NUnitLite.Tests.TextUITests.MyFakeMethod\nIMMEDIATE OUTPUT\nNORMAL OUTPUT\n&quot;)" fullname="NUnitLite.Tests.TextUITests.SingleTest_ImmediateOutput(&quot;All&quot;,&quot;=&gt; NUnitLite.Tests.TextUITests.MyFakeMethod\nIMMEDIATE OUTPUT\nNORMAL OUTPUT\n&quot;)" methodname="SingleTest_ImmediateOutput" classname="NUnitLite.Tests.TextUITests" runstate="Runnable" seed="203457726" result="Passed" start-time="2018-10-06 20:00:45Z" end-time="2018-10-06 20:00:45Z" duration="0.000256" asserts="1" />
            <test-case id="1378" name="SingleTest_ImmediateOutput(&quot;Before&quot;,&quot;=&gt; NUnitLite.Tests.TextUITests.MyFakeMethod\nIMMEDIATE OUTPUT\nNORMAL OUTPUT\n&quot;)" fullname="NUnitLite.Tests.TextUITests.SingleTest_ImmediateOutput(&quot;Before&quot;,&quot;=&gt; NUnitLite.Tests.TextUITests.MyFakeMethod\nIMMEDIATE OUTPUT\nNORMAL OUTPUT\n&quot;)" methodname="SingleTest_ImmediateOutput" classname="NUnitLite.Tests.TextUITests" runstate="Runnable" seed="1793730224" result="Passed" start-time="2018-10-06 20:00:45Z" end-time="2018-10-06 20:00:45Z" duration="0.000242" asserts="1" />
            <test-case id="1379" name="SingleTest_ImmediateOutput(&quot;After&quot;,&quot;=&gt; NUnitLite.Tests.TextUITests.MyFakeMethod\nIMMEDIATE OUTPUT\nNORMAL OUTPUT\nPassed =&gt; NUnitLite.Tests.TextUITests.MyFakeMethod\n&quot;)" fullname="NUnitLite.Tests.TextUITests.SingleTest_ImmediateOutput(&quot;After&quot;,&quot;=&gt; NUnitLite.Tests.TextUITests.MyFakeMethod\nIMMEDIATE OUTPUT\nNORMAL OUTPUT\nPassed =&gt; NUnitLite.Tests.TextUITests.MyFakeMethod\n&quot;)" methodname="SingleTest_ImmediateOutput" classname="NUnitLite.Tests.TextUITests" runstate="Runnable" seed="190013887" result="Passed" start-time="2018-10-06 20:00:45Z" end-time="2018-10-06 20:00:45Z" duration="0.002148" asserts="1" />
          </test-suite>
          <test-suite type="ParameterizedMethod" id="1374" name="SingleTest_StartAndFinish" fullname="NUnitLite.Tests.TextUITests.SingleTest_StartAndFinish" classname="NUnitLite.Tests.TextUITests" runstate="Runnable" testcasecount="5" result="Passed" start-time="2018-10-06 20:00:45Z" end-time="2018-10-06 20:00:45Z" duration="0.002265" total="5" passed="5" failed="0" warnings="0" inconclusive="0" skipped="0" asserts="5">
            <test-case id="1369" name="SingleTest_StartAndFinish(&quot;Off&quot;,&quot;OUTPUT\n&quot;)" fullname="NUnitLite.Tests.TextUITests.SingleTest_StartAndFinish(&quot;Off&quot;,&quot;OUTPUT\n&quot;)" methodname="SingleTest_StartAndFinish" classname="NUnitLite.Tests.TextUITests" runstate="Runnable" seed="1916499009" result="Passed" start-time="2018-10-06 20:00:45Z" end-time="2018-10-06 20:00:45Z" duration="0.001388" asserts="1" />
            <test-case id="1370" name="SingleTest_StartAndFinish(&quot;On&quot;,&quot;=&gt; NUnitLite.Tests.TextUITests.MyFakeMethod\nOUTPUT\n&quot;)" fullname="NUnitLite.Tests.TextUITests.SingleTest_StartAndFinish(&quot;On&quot;,&quot;=&gt; NUnitLite.Tests.TextUITests.MyFakeMethod\nOUTPUT\n&quot;)" methodname="SingleTest_StartAndFinish" classname="NUnitLite.Tests.TextUITests" runstate="Runnable" seed="1655944501" result="Passed" start-time="2018-10-06 20:00:45Z" end-time="2018-10-06 20:00:45Z" duration="0.000159" asserts="1" />
            <test-case id="1371" name="SingleTest_StartAndFinish(&quot;All&quot;,&quot;=&gt; NUnitLite.Tests.TextUITests.MyFakeMethod\nOUTPUT\n&quot;)" fullname="NUnitLite.Tests.TextUITests.SingleTest_StartAndFinish(&quot;All&quot;,&quot;=&gt; NUnitLite.Tests.TextUITests.MyFakeMethod\nOUTPUT\n&quot;)" methodname="SingleTest_StartAndFinish" classname="NUnitLite.Tests.TextUITests" runstate="Runnable" seed="1211740695" result="Passed" start-time="2018-10-06 20:00:45Z" end-time="2018-10-06 20:00:45Z" duration="0.000182" asserts="1" />
            <test-case id="1372" name="SingleTest_StartAndFinish(&quot;Before&quot;,&quot;=&gt; NUnitLite.Tests.TextUITests.MyFakeMethod\nOUTPUT\n&quot;)" fullname="NUnitLite.Tests.TextUITests.SingleTest_StartAndFinish(&quot;Before&quot;,&quot;=&gt; NUnitLite.Tests.TextUITests.MyFakeMethod\nOUTPUT\n&quot;)" methodname="SingleTest_StartAndFinish" classname="NUnitLite.Tests.TextUITests" runstate="Runnable" seed="2076359700" result="Passed" start-time="2018-10-06 20:00:45Z" end-time="2018-10-06 20:00:45Z" duration="0.000175" asserts="1" />
            <test-case id="1373" name="SingleTest_StartAndFinish(&quot;After&quot;,&quot;=&gt; NUnitLite.Tests.TextUITests.MyFakeMethod\nOUTPUT\nPassed =&gt; NUnitLite.Tests.TextUITests.MyFakeMethod\n&quot;)" fullname="NUnitLite.Tests.TextUITests.SingleTest_StartAndFinish(&quot;After&quot;,&quot;=&gt; NUnitLite.Tests.TextUITests.MyFakeMethod\nOUTPUT\nPassed =&gt; NUnitLite.Tests.TextUITests.MyFakeMethod\n&quot;)" methodname="SingleTest_StartAndFinish" classname="NUnitLite.Tests.TextUITests" runstate="Runnable" seed="1013164407" result="Passed" start-time="2018-10-06 20:00:45Z" end-time="2018-10-06 20:00:45Z" duration="0.000187" asserts="1" />
          </test-suite>
          <test-suite type="ParameterizedMethod" id="1353" name="SuiteFinished" fullname="NUnitLite.Tests.TextUITests.SuiteFinished" classname="NUnitLite.Tests.TextUITests" runstate="Runnable" testcasecount="10" result="Passed" start-time="2018-10-06 20:00:45Z" end-time="2018-10-06 20:00:45Z" duration="0.012317" total="10" passed="10" failed="0" warnings="0" inconclusive="0" skipped="0" asserts="10">
            <test-case id="1343" name="SuiteFinished(&quot;Off&quot;,Passed,&quot;&quot;,&quot;&quot;,&quot;&quot;)" fullname="NUnitLite.Tests.TextUITests.SuiteFinished(&quot;Off&quot;,Passed,&quot;&quot;,&quot;&quot;,&quot;&quot;)" methodname="SuiteFinished" classname="NUnitLite.Tests.TextUITests" runstate="Runnable" seed="1410496986" result="Passed" start-time="2018-10-06 20:00:45Z" end-time="2018-10-06 20:00:45Z" duration="0.002080" asserts="1" />
            <test-case id="1344" name="SuiteFinished(&quot;On&quot;,Passed,&quot;&quot;,&quot;&quot;,&quot;&quot;)" fullname="NUnitLite.Tests.TextUITests.SuiteFinished(&quot;On&quot;,Passed,&quot;&quot;,&quot;&quot;,&quot;&quot;)" methodname="SuiteFinished" classname="NUnitLite.Tests.TextUITests" runstate="Runnable" seed="1821791901" result="Passed" start-time="2018-10-06 20:00:45Z" end-time="2018-10-06 20:00:45Z" duration="0.000334" asserts="1" />
            <test-case id="1345" name="SuiteFinished(&quot;All&quot;,Passed,&quot;&quot;,&quot;&quot;,&quot;&quot;)" fullname="NUnitLite.Tests.TextUITests.SuiteFinished(&quot;All&quot;,Passed,&quot;&quot;,&quot;&quot;,&quot;&quot;)" methodname="SuiteFinished" classname="NUnitLite.Tests.TextUITests" runstate="Runnable" seed="326640289" result="Passed" start-time="2018-10-06 20:00:45Z" end-time="2018-10-06 20:00:45Z" duration="0.000201" asserts="1" />
            <test-case id="1346" name="SuiteFinished(&quot;Before&quot;,Passed,&quot;&quot;,&quot;&quot;,&quot;&quot;)" fullname="NUnitLite.Tests.TextUITests.SuiteFinished(&quot;Before&quot;,Passed,&quot;&quot;,&quot;&quot;,&quot;&quot;)" methodname="SuiteFinished" classname="NUnitLite.Tests.TextUITests" runstate="Runnable" seed="2021062526" result="Passed" start-time="2018-10-06 20:00:45Z" end-time="2018-10-06 20:00:45Z" duration="0.000291" asserts="1" />
            <test-case id="1347" name="SuiteFinished(&quot;After&quot;,Passed,&quot;&quot;,&quot;&quot;,&quot;&quot;)" fullname="NUnitLite.Tests.TextUITests.SuiteFinished(&quot;After&quot;,Passed,&quot;&quot;,&quot;&quot;,&quot;&quot;)" methodname="SuiteFinished" classname="NUnitLite.Tests.TextUITests" runstate="Runnable" seed="22471697" result="Passed" start-time="2018-10-06 20:00:45Z" end-time="2018-10-06 20:00:45Z" duration="0.000200" asserts="1" />
            <test-case id="1348" name="SuiteFinished(&quot;Off&quot;,Passed,&quot;&quot;,&quot;First line of output\nAnother line of output&quot;,&quot;First line of output\nAnother line of output\n&quot;)" fullname="NUnitLite.Tests.TextUITests.SuiteFinished(&quot;Off&quot;,Passed,&quot;&quot;,&quot;First line of output\nAnother line of output&quot;,&quot;First line of output\nAnother line of output\n&quot;)" methodname="SuiteFinished" classname="NUnitLite.Tests.TextUITests" runstate="Runnable" seed="987817085" result="Passed" start-time="2018-10-06 20:00:45Z" end-time="2018-10-06 20:00:45Z" duration="0.000265" asserts="1" />
            <test-case id="1349" name="SuiteFinished(&quot;On&quot;,Passed,&quot;&quot;,&quot;First line of output\nAnother line of output&quot;,&quot;=&gt; DummySuite\nFirst line of output\nAnother line of output\n&quot;)" fullname="NUnitLite.Tests.TextUITests.SuiteFinished(&quot;On&quot;,Passed,&quot;&quot;,&quot;First line of output\nAnother line of output&quot;,&quot;=&gt; DummySuite\nFirst line of output\nAnother line of output\n&quot;)" methodname="SuiteFinished" classname="NUnitLite.Tests.TextUITests" runstate="Runnable" seed="1752678108" result="Passed" start-time="2018-10-06 20:00:45Z" end-time="2018-10-06 20:00:45Z" duration="0.007584" asserts="1" />
            <test-case id="1350" name="SuiteFinished(&quot;All&quot;,Passed,&quot;&quot;,&quot;First line of output\nAnother line of output&quot;,&quot;=&gt; DummySuite\nFirst line of output\nAnother line of output\n&quot;)" fullname="NUnitLite.Tests.TextUITests.SuiteFinished(&quot;All&quot;,Passed,&quot;&quot;,&quot;First line of output\nAnother line of output&quot;,&quot;=&gt; DummySuite\nFirst line of output\nAnother line of output\n&quot;)" methodname="SuiteFinished" classname="NUnitLite.Tests.TextUITests" runstate="Runnable" seed="1258820239" result="Passed" start-time="2018-10-06 20:00:45Z" end-time="2018-10-06 20:00:45Z" duration="0.000287" asserts="1" />
            <test-case id="1351" name="SuiteFinished(&quot;Before&quot;,Passed,&quot;&quot;,&quot;First line of output\nAnother line of output&quot;,&quot;=&gt; DummySuite\nFirst line of output\nAnother line of output\n&quot;)" fullname="NUnitLite.Tests.TextUITests.SuiteFinished(&quot;Before&quot;,Passed,&quot;&quot;,&quot;First line of output\nAnother line of output&quot;,&quot;=&gt; DummySuite\nFirst line of output\nAnother line of output\n&quot;)" methodname="SuiteFinished" classname="NUnitLite.Tests.TextUITests" runstate="Runnable" seed="1365688230" result="Passed" start-time="2018-10-06 20:00:45Z" end-time="2018-10-06 20:00:45Z" duration="0.000253" asserts="1" />
            <test-case id="1352" name="SuiteFinished(&quot;After&quot;,Passed,&quot;&quot;,&quot;First line of output\nAnother line of output&quot;,&quot;=&gt; DummySuite\nFirst line of output\nAnother line of output\n&quot;)" fullname="NUnitLite.Tests.TextUITests.SuiteFinished(&quot;After&quot;,Passed,&quot;&quot;,&quot;First line of output\nAnother line of output&quot;,&quot;=&gt; DummySuite\nFirst line of output\nAnother line of output\n&quot;)" methodname="SuiteFinished" classname="NUnitLite.Tests.TextUITests" runstate="Runnable" seed="1501313291" result="Passed" start-time="2018-10-06 20:00:45Z" end-time="2018-10-06 20:00:45Z" duration="0.000222" asserts="1" />
          </test-suite>
          <test-suite type="ParameterizedMethod" id="1309" name="SuiteStarted" fullname="NUnitLite.Tests.TextUITests.SuiteStarted" classname="NUnitLite.Tests.TextUITests" runstate="Runnable" testcasecount="5" result="Passed" start-time="2018-10-06 20:00:45Z" end-time="2018-10-06 20:00:45Z" duration="0.002723" total="5" passed="5" failed="0" warnings="0" inconclusive="0" skipped="0" asserts="5">
            <test-case id="1304" name="SuiteStarted(&quot;Off&quot;,&quot;&quot;)" fullname="NUnitLite.Tests.TextUITests.SuiteStarted(&quot;Off&quot;,&quot;&quot;)" methodname="SuiteStarted" classname="NUnitLite.Tests.TextUITests" runstate="Runnable" seed="700887730" result="Passed" start-time="2018-10-06 20:00:45Z" end-time="2018-10-06 20:00:45Z" duration="0.001122" asserts="1" />
            <test-case id="1305" name="SuiteStarted(&quot;On&quot;,&quot;&quot;)" fullname="NUnitLite.Tests.TextUITests.SuiteStarted(&quot;On&quot;,&quot;&quot;)" methodname="SuiteStarted" classname="NUnitLite.Tests.TextUITests" runstate="Runnable" seed="286935516" result="Passed" start-time="2018-10-06 20:00:45Z" end-time="2018-10-06 20:00:45Z" duration="0.000197" asserts="1" />
            <test-case id="1306" name="SuiteStarted(&quot;All&quot;,&quot;&quot;)" fullname="NUnitLite.Tests.TextUITests.SuiteStarted(&quot;All&quot;,&quot;&quot;)" methodname="SuiteStarted" classname="NUnitLite.Tests.TextUITests" runstate="Runnable" seed="835507241" result="Passed" start-time="2018-10-06 20:00:45Z" end-time="2018-10-06 20:00:45Z" duration="0.000255" asserts="1" />
            <test-case id="1307" name="SuiteStarted(&quot;Before&quot;,&quot;&quot;)" fullname="NUnitLite.Tests.TextUITests.SuiteStarted(&quot;Before&quot;,&quot;&quot;)" methodname="SuiteStarted" classname="NUnitLite.Tests.TextUITests" runstate="Runnable" seed="1005264918" result="Passed" start-time="2018-10-06 20:00:45Z" end-time="2018-10-06 20:00:45Z" duration="0.000165" asserts="1" />
            <test-case id="1308" name="SuiteStarted(&quot;After&quot;,&quot;&quot;)" fullname="NUnitLite.Tests.TextUITests.SuiteStarted(&quot;After&quot;,&quot;&quot;)" methodname="SuiteStarted" classname="NUnitLite.Tests.TextUITests" runstate="Runnable" seed="1430269542" result="Passed" start-time="2018-10-06 20:00:45Z" end-time="2018-10-06 20:00:45Z" duration="0.000722" asserts="1" />
          </test-suite>
          <test-suite type="ParameterizedMethod" id="1336" name="TestFinished" fullname="NUnitLite.Tests.TextUITests.TestFinished" classname="NUnitLite.Tests.TextUITests" runstate="Runnable" testcasecount="26" result="Passed" start-time="2018-10-06 20:00:45Z" end-time="2018-10-06 20:00:45Z" duration="0.016558" total="26" passed="26" failed="0" warnings="0" inconclusive="0" skipped="0" asserts="26">
            <test-case id="1310" name="TestFinished(&quot;Off&quot;,Passed,&quot;&quot;,&quot;&quot;,&quot;&quot;)" fullname="NUnitLite.Tests.TextUITests.TestFinished(&quot;Off&quot;,Passed,&quot;&quot;,&quot;&quot;,&quot;&quot;)" methodname="TestFinished" classname="NUnitLite.Tests.TextUITests" runstate="Runnable" seed="338183912" result="Passed" start-time="2018-10-06 20:00:45Z" end-time="2018-10-06 20:00:45Z" duration="0.002800" asserts="1" />
            <test-case id="1311" name="TestFinished(&quot;On&quot;,Passed,&quot;&quot;,&quot;&quot;,&quot;&quot;)" fullname="NUnitLite.Tests.TextUITests.TestFinished(&quot;On&quot;,Passed,&quot;&quot;,&quot;&quot;,&quot;&quot;)" methodname="TestFinished" classname="NUnitLite.Tests.TextUITests" runstate="Runnable" seed="381134028" result="Passed" start-time="2018-10-06 20:00:45Z" end-time="2018-10-06 20:00:45Z" duration="0.000301" asserts="1" />
            <test-case id="1312" name="TestFinished(&quot;All&quot;,Passed,&quot;&quot;,&quot;&quot;,&quot;&quot;)" fullname="NUnitLite.Tests.TextUITests.TestFinished(&quot;All&quot;,Passed,&quot;&quot;,&quot;&quot;,&quot;&quot;)" methodname="TestFinished" classname="NUnitLite.Tests.TextUITests" runstate="Runnable" seed="1109069010" result="Passed" start-time="2018-10-06 20:00:45Z" end-time="2018-10-06 20:00:45Z" duration="0.000500" asserts="1" />
            <test-case id="1313" name="TestFinished(&quot;Before&quot;,Passed,&quot;&quot;,&quot;&quot;,&quot;&quot;)" fullname="NUnitLite.Tests.TextUITests.TestFinished(&quot;Before&quot;,Passed,&quot;&quot;,&quot;&quot;,&quot;&quot;)" methodname="TestFinished" classname="NUnitLite.Tests.TextUITests" runstate="Runnable" seed="1300494446" result="Passed" start-time="2018-10-06 20:00:45Z" end-time="2018-10-06 20:00:45Z" duration="0.000348" asserts="1" />
            <test-case id="1314" name="TestFinished(&quot;After&quot;,Passed,&quot;&quot;,&quot;&quot;,&quot;Passed =&gt; NUnitLite.Tests.TextUITests.MyFakeMethod\n&quot;)" fullname="NUnitLite.Tests.TextUITests.TestFinished(&quot;After&quot;,Passed,&quot;&quot;,&quot;&quot;,&quot;Passed =&gt; NUnitLite.Tests.TextUITests.MyFakeMethod\n&quot;)" methodname="TestFinished" classname="NUnitLite.Tests.TextUITests" runstate="Runnable" seed="1223238968" result="Passed" start-time="2018-10-06 20:00:45Z" end-time="2018-10-06 20:00:45Z" duration="0.000324" asserts="1" />
            <test-case id="1315" name="TestFinished(&quot;After&quot;,Failed,&quot;&quot;,&quot;&quot;,&quot;Failed =&gt; NUnitLite.Tests.TextUITests.MyFakeMethod\n&quot;)" fullname="NUnitLite.Tests.TextUITests.TestFinished(&quot;After&quot;,Failed,&quot;&quot;,&quot;&quot;,&quot;Failed =&gt; NUnitLite.Tests.TextUITests.MyFakeMethod\n&quot;)" methodname="TestFinished" classname="NUnitLite.Tests.TextUITests" runstate="Runnable" seed="794795113" result="Passed" start-time="2018-10-06 20:00:45Z" end-time="2018-10-06 20:00:45Z" duration="0.000325" asserts="1" />
            <test-case id="1316" name="TestFinished(&quot;After&quot;,Failed,&quot;Invalid&quot;,&quot;&quot;,&quot;Invalid =&gt; NUnitLite.Tests.TextUITests.MyFakeMethod\n&quot;)" fullname="NUnitLite.Tests.TextUITests.TestFinished(&quot;After&quot;,Failed,&quot;Invalid&quot;,&quot;&quot;,&quot;Invalid =&gt; NUnitLite.Tests.TextUITests.MyFakeMethod\n&quot;)" methodname="TestFinished" classname="NUnitLite.Tests.TextUITests" runstate="Runnable" seed="778966156" result="Passed" start-time="2018-10-06 20:00:45Z" end-time="2018-10-06 20:00:45Z" duration="0.000247" asserts="1" />
            <test-case id="1317" name="TestFinished(&quot;After&quot;,Failed,&quot;Cancelled&quot;,&quot;&quot;,&quot;Cancelled =&gt; NUnitLite.Tests.TextUITests.MyFakeMethod\n&quot;)" fullname="NUnitLite.Tests.TextUITests.TestFinished(&quot;After&quot;,Failed,&quot;Cancelled&quot;,&quot;&quot;,&quot;Cancelled =&gt; NUnitLite.Tests.TextUITests.MyFakeMethod\n&quot;)" methodname="TestFinished" classname="NUnitLite.Tests.TextUITests" runstate="Runnable" seed="1365749595" result="Passed" start-time="2018-10-06 20:00:45Z" end-time="2018-10-06 20:00:45Z" duration="0.000402" asserts="1" />
            <test-case id="1318" name="TestFinished(&quot;After&quot;,Failed,&quot;Error&quot;,&quot;&quot;,&quot;Error =&gt; NUnitLite.Tests.TextUITests.MyFakeMethod\n&quot;)" fullname="NUnitLite.Tests.TextUITests.TestFinished(&quot;After&quot;,Failed,&quot;Error&quot;,&quot;&quot;,&quot;Error =&gt; NUnitLite.Tests.TextUITests.MyFakeMethod\n&quot;)" methodname="TestFinished" classname="NUnitLite.Tests.TextUITests" runstate="Runnable" seed="921733669" result="Passed" start-time="2018-10-06 20:00:45Z" end-time="2018-10-06 20:00:45Z" duration="0.000411" asserts="1" />
            <test-case id="1319" name="TestFinished(&quot;After&quot;,Inconclusive,&quot;&quot;,&quot;&quot;,&quot;Inconclusive =&gt; NUnitLite.Tests.TextUITests.MyFakeMethod\n&quot;)" fullname="NUnitLite.Tests.TextUITests.TestFinished(&quot;After&quot;,Inconclusive,&quot;&quot;,&quot;&quot;,&quot;Inconclusive =&gt; NUnitLite.Tests.TextUITests.MyFakeMethod\n&quot;)" methodname="TestFinished" classname="NUnitLite.Tests.TextUITests" runstate="Runnable" seed="1767389234" result="Passed" start-time="2018-10-06 20:00:45Z" end-time="2018-10-06 20:00:45Z" duration="0.000293" asserts="1" />
            <test-case id="1320" name="TestFinished(&quot;After&quot;,Skipped,&quot;&quot;,&quot;&quot;,&quot;Skipped =&gt; NUnitLite.Tests.TextUITests.MyFakeMethod\n&quot;)" fullname="NUnitLite.Tests.TextUITests.TestFinished(&quot;After&quot;,Skipped,&quot;&quot;,&quot;&quot;,&quot;Skipped =&gt; NUnitLite.Tests.TextUITests.MyFakeMethod\n&quot;)" methodname="TestFinished" classname="NUnitLite.Tests.TextUITests" runstate="Runnable" seed="346839343" result="Passed" start-time="2018-10-06 20:00:45Z" end-time="2018-10-06 20:00:45Z" duration="0.000612" asserts="1" />
            <test-case id="1321" name="TestFinished(&quot;After&quot;,Skipped,&quot;Ignored&quot;,&quot;&quot;,&quot;Ignored =&gt; NUnitLite.Tests.TextUITests.MyFakeMethod\n&quot;)" fullname="NUnitLite.Tests.TextUITests.TestFinished(&quot;After&quot;,Skipped,&quot;Ignored&quot;,&quot;&quot;,&quot;Ignored =&gt; NUnitLite.Tests.TextUITests.MyFakeMethod\n&quot;)" methodname="TestFinished" classname="NUnitLite.Tests.TextUITests" runstate="Runnable" seed="708479115" result="Passed" start-time="2018-10-06 20:00:45Z" end-time="2018-10-06 20:00:45Z" duration="0.001190" asserts="1" />
            <test-case id="1322" name="TestFinished(&quot;After&quot;,Warning,&quot;&quot;,&quot;&quot;,&quot;Warning =&gt; NUnitLite.Tests.TextUITests.MyFakeMethod\n&quot;)" fullname="NUnitLite.Tests.TextUITests.TestFinished(&quot;After&quot;,Warning,&quot;&quot;,&quot;&quot;,&quot;Warning =&gt; NUnitLite.Tests.TextUITests.MyFakeMethod\n&quot;)" methodname="TestFinished" classname="NUnitLite.Tests.TextUITests" runstate="Runnable" seed="1962468536" result="Passed" start-time="2018-10-06 20:00:45Z" end-time="2018-10-06 20:00:45Z" duration="0.000744" asserts="1" />
            <test-case id="1323" name="TestFinished(&quot;Off&quot;,Passed,&quot;&quot;,&quot;First line of output\nAnother line of output&quot;,&quot;First line of output\nAnother line of output\n&quot;)" fullname="NUnitLite.Tests.TextUITests.TestFinished(&quot;Off&quot;,Passed,&quot;&quot;,&quot;First line of output\nAnother line of output&quot;,&quot;First line of output\nAnother line of output\n&quot;)" methodname="TestFinished" classname="NUnitLite.Tests.TextUITests" runstate="Runnable" seed="1599721458" result="Passed" start-time="2018-10-06 20:00:45Z" end-time="2018-10-06 20:00:45Z" duration="0.000762" asserts="1" />
            <test-case id="1324" name="TestFinished(&quot;On&quot;,Passed,&quot;&quot;,&quot;First line of output\nAnother line of output&quot;,&quot;=&gt; NUnitLite.Tests.TextUITests.MyFakeMethod\nFirst line of output\nAnother line of output\n&quot;)" fullname="NUnitLite.Tests.TextUITests.TestFinished(&quot;On&quot;,Passed,&quot;&quot;,&quot;First line of output\nAnother line of output&quot;,&quot;=&gt; NUnitLite.Tests.TextUITests.MyFakeMethod\nFirst line of output\nAnother line of output\n&quot;)" methodname="TestFinished" classname="NUnitLite.Tests.TextUITests" runstate="Runnable" seed="1448872361" result="Passed" start-time="2018-10-06 20:00:45Z" end-time="2018-10-06 20:00:45Z" duration="0.000415" asserts="1" />
            <test-case id="1325" name="TestFinished(&quot;All&quot;,Passed,&quot;&quot;,&quot;First line of output\nAnother line of output&quot;,&quot;=&gt; NUnitLite.Tests.TextUITests.MyFakeMethod\nFirst line of output\nAnother line of output\n&quot;)" fullname="NUnitLite.Tests.TextUITests.TestFinished(&quot;All&quot;,Passed,&quot;&quot;,&quot;First line of output\nAnother line of output&quot;,&quot;=&gt; NUnitLite.Tests.TextUITests.MyFakeMethod\nFirst line of output\nAnother line of output\n&quot;)" methodname="TestFinished" classname="NUnitLite.Tests.TextUITests" runstate="Runnable" seed="1811305661" result="Passed" start-time="2018-10-06 20:00:45Z" end-time="2018-10-06 20:00:45Z" duration="0.000250" asserts="1" />
            <test-case id="1326" name="TestFinished(&quot;Before&quot;,Passed,&quot;&quot;,&quot;First line of output\nAnother line of output&quot;,&quot;=&gt; NUnitLite.Tests.TextUITests.MyFakeMethod\nFirst line of output\nAnother line of output\n&quot;)" fullname="NUnitLite.Tests.TextUITests.TestFinished(&quot;Before&quot;,Passed,&quot;&quot;,&quot;First line of output\nAnother line of output&quot;,&quot;=&gt; NUnitLite.Tests.TextUITests.MyFakeMethod\nFirst line of output\nAnother line of output\n&quot;)" methodname="TestFinished" classname="NUnitLite.Tests.TextUITests" runstate="Runnable" seed="466753052" result="Passed" start-time="2018-10-06 20:00:45Z" end-time="2018-10-06 20:00:45Z" duration="0.000283" asserts="1" />
            <test-case id="1327" name="TestFinished(&quot;After&quot;,Passed,&quot;&quot;,&quot;First line of output\nAnother line of output&quot;,&quot;=&gt; NUnitLite.Tests.TextUITests.MyFakeMethod\nFirst line of output\nAnother line of output\nPassed =&gt; NUnitLite.Tests.TextUITests.MyFakeMethod\n&quot;)" fullname="NUnitLite.Tests.TextUITests.TestFinished(&quot;After&quot;,Passed,&quot;&quot;,&quot;First line of output\nAnother line of output&quot;,&quot;=&gt; NUnitLite.Tests.TextUITests.MyFakeMethod\nFirst line of output\nAnother line of output\nPassed =&gt; NUnitLite.Tests.TextUITests.MyFakeMethod\n&quot;)" methodname="TestFinished" classname="NUnitLite.Tests.TextUITests" runstate="Runnable" seed="1656517175" result="Passed" start-time="2018-10-06 20:00:45Z" end-time="2018-10-06 20:00:45Z" duration="0.000334" asserts="1" />
            <test-case id="1328" name="TestFinished(&quot;After&quot;,Failed,&quot;&quot;,&quot;First line of output\nAnother line of output&quot;,&quot;=&gt; NUnitLite.Tests.TextUITests.MyFakeMethod\nFirst line of output\nAnother line of output\nFailed =&gt; NUnitLite.Tests.TextUITests.MyFakeMethod\n&quot;)" fullname="NUnitLite.Tests.TextUITests.TestFinished(&quot;After&quot;,Failed,&quot;&quot;,&quot;First line of output\nAnother line of output&quot;,&quot;=&gt; NUnitLite.Tests.TextUITests.MyFakeMethod\nFirst line of output\nAnother line of output\nFailed =&gt; NUnitLite.Tests.TextUITests.MyFakeMethod\n&quot;)" methodname="TestFinished" classname="NUnitLite.Tests.TextUITests" runstate="Runnable" seed="14847156" result="Passed" start-time="2018-10-06 20:00:45Z" end-time="2018-10-06 20:00:45Z" duration="0.000319" asserts="1" />
            <test-case id="1329" name="TestFinished(&quot;After&quot;,Failed,&quot;Invalid&quot;,&quot;First line of output\nAnother line of output&quot;,&quot;=&gt; NUnitLite.Tests.TextUITests.MyFakeMethod\nFirst line of output\nAnother line of output\nInvalid =&gt; NUnitLite.Tests.TextUITests.MyFakeMethod\n&quot;)" fullname="NUnitLite.Tests.TextUITests.TestFinished(&quot;After&quot;,Failed,&quot;Invalid&quot;,&quot;First line of output\nAnother line of output&quot;,&quot;=&gt; NUnitLite.Tests.TextUITests.MyFakeMethod\nFirst line of output\nAnother line of output\nInvalid =&gt; NUnitLite.Tests.TextUITests.MyFakeMethod\n&quot;)" methodname="TestFinished" classname="NUnitLite.Tests.TextUITests" runstate="Runnable" seed="301739975" result="Passed" start-time="2018-10-06 20:00:45Z" end-time="2018-10-06 20:00:45Z" duration="0.000271" asserts="1" />
            <test-case id="1330" name="TestFinished(&quot;After&quot;,Failed,&quot;Cancelled&quot;,&quot;First line of output\nAnother line of output&quot;,&quot;=&gt; NUnitLite.Tests.TextUITests.MyFakeMethod\nFirst line of output\nAnother line of output\nCancelled =&gt; NUnitLite.Tests.TextUITests.MyFakeMethod\n&quot;)" fullname="NUnitLite.Tests.TextUITests.TestFinished(&quot;After&quot;,Failed,&quot;Cancelled&quot;,&quot;First line of output\nAnother line of output&quot;,&quot;=&gt; NUnitLite.Tests.TextUITests.MyFakeMethod\nFirst line of output\nAnother line of output\nCancelled =&gt; NUnitLite.Tests.TextUITests.MyFakeMethod\n&quot;)" methodname="TestFinished" classname="NUnitLite.Tests.TextUITests" runstate="Runnable" seed="1192857529" result="Passed" start-time="2018-10-06 20:00:45Z" end-time="2018-10-06 20:00:45Z" duration="0.000256" asserts="1" />
            <test-case id="1331" name="TestFinished(&quot;After&quot;,Failed,&quot;Error&quot;,&quot;First line of output\nAnother line of output&quot;,&quot;=&gt; NUnitLite.Tests.TextUITests.MyFakeMethod\nFirst line of output\nAnother line of output\nError =&gt; NUnitLite.Tests.TextUITests.MyFakeMethod\n&quot;)" fullname="NUnitLite.Tests.TextUITests.TestFinished(&quot;After&quot;,Failed,&quot;Error&quot;,&quot;First line of output\nAnother line of output&quot;,&quot;=&gt; NUnitLite.Tests.TextUITests.MyFakeMethod\nFirst line of output\nAnother line of output\nError =&gt; NUnitLite.Tests.TextUITests.MyFakeMethod\n&quot;)" methodname="TestFinished" classname="NUnitLite.Tests.TextUITests" runstate="Runnable" seed="1629741178" result="Passed" start-time="2018-10-06 20:00:45Z" end-time="2018-10-06 20:00:45Z" duration="0.000276" asserts="1" />
            <test-case id="1332" name="TestFinished(&quot;After&quot;,Inconclusive,&quot;&quot;,&quot;First line of output\nAnother line of output&quot;,&quot;=&gt; NUnitLite.Tests.TextUITests.MyFakeMethod\nFirst line of output\nAnother line of output\nInconclusive =&gt; NUnitLite.Tests.TextUITests.MyFakeMethod\n&quot;)" fullname="NUnitLite.Tests.TextUITests.TestFinished(&quot;After&quot;,Inconclusive,&quot;&quot;,&quot;First line of output\nAnother line of output&quot;,&quot;=&gt; NUnitLite.Tests.TextUITests.MyFakeMethod\nFirst line of output\nAnother line of output\nInconclusive =&gt; NUnitLite.Tests.TextUITests.MyFakeMethod\n&quot;)" methodname="TestFinished" classname="NUnitLite.Tests.TextUITests" runstate="Runnable" seed="2007895264" result="Passed" start-time="2018-10-06 20:00:45Z" end-time="2018-10-06 20:00:45Z" duration="0.000636" asserts="1" />
            <test-case id="1333" name="TestFinished(&quot;After&quot;,Skipped,&quot;&quot;,&quot;First line of output\nAnother line of output&quot;,&quot;=&gt; NUnitLite.Tests.TextUITests.MyFakeMethod\nFirst line of output\nAnother line of output\nSkipped =&gt; NUnitLite.Tests.TextUITests.MyFakeMethod\n&quot;)" fullname="NUnitLite.Tests.TextUITests.TestFinished(&quot;After&quot;,Skipped,&quot;&quot;,&quot;First line of output\nAnother line of output&quot;,&quot;=&gt; NUnitLite.Tests.TextUITests.MyFakeMethod\nFirst line of output\nAnother line of output\nSkipped =&gt; NUnitLite.Tests.TextUITests.MyFakeMethod\n&quot;)" methodname="TestFinished" classname="NUnitLite.Tests.TextUITests" runstate="Runnable" seed="1212542895" result="Passed" start-time="2018-10-06 20:00:45Z" end-time="2018-10-06 20:00:45Z" duration="0.001129" asserts="1" />
            <test-case id="1334" name="TestFinished(&quot;After&quot;,Skipped,&quot;Ignored&quot;,&quot;First line of output\nAnother line of output&quot;,&quot;=&gt; NUnitLite.Tests.TextUITests.MyFakeMethod\nFirst line of output\nAnother line of output\nIgnored =&gt; NUnitLite.Tests.TextUITests.MyFakeMethod\n&quot;)" fullname="NUnitLite.Tests.TextUITests.TestFinished(&quot;After&quot;,Skipped,&quot;Ignored&quot;,&quot;First line of output\nAnother line of output&quot;,&quot;=&gt; NUnitLite.Tests.TextUITests.MyFakeMethod\nFirst line of output\nAnother line of output\nIgnored =&gt; NUnitLite.Tests.TextUITests.MyFakeMethod\n&quot;)" methodname="TestFinished" classname="NUnitLite.Tests.TextUITests" runstate="Runnable" seed="2031881780" result="Passed" start-time="2018-10-06 20:00:45Z" end-time="2018-10-06 20:00:45Z" duration="0.000367" asserts="1" />
            <test-case id="1335" name="TestFinished(&quot;After&quot;,Warning,&quot;&quot;,&quot;First line of output\nAnother line of output&quot;,&quot;=&gt; NUnitLite.Tests.TextUITests.MyFakeMethod\nFirst line of output\nAnother line of output\nWarning =&gt; NUnitLite.Tests.TextUITests.MyFakeMethod\n&quot;)" fullname="NUnitLite.Tests.TextUITests.TestFinished(&quot;After&quot;,Warning,&quot;&quot;,&quot;First line of output\nAnother line of output&quot;,&quot;=&gt; NUnitLite.Tests.TextUITests.MyFakeMethod\nFirst line of output\nAnother line of output\nWarning =&gt; NUnitLite.Tests.TextUITests.MyFakeMethod\n&quot;)" methodname="TestFinished" classname="NUnitLite.Tests.TextUITests" runstate="Runnable" seed="942225123" result="Passed" start-time="2018-10-06 20:00:45Z" end-time="2018-10-06 20:00:45Z" duration="0.000277" asserts="1" />
          </test-suite>
          <test-suite type="ParameterizedMethod" id="1303" name="TestStarted" fullname="NUnitLite.Tests.TextUITests.TestStarted" classname="NUnitLite.Tests.TextUITests" runstate="Runnable" testcasecount="5" result="Passed" start-time="2018-10-06 20:00:45Z" end-time="2018-10-06 20:00:45Z" duration="0.001940" total="5" passed="5" failed="0" warnings="0" inconclusive="0" skipped="0" asserts="5">
            <test-case id="1298" name="TestStarted(&quot;Off&quot;,&quot;&quot;)" fullname="NUnitLite.Tests.TextUITests.TestStarted(&quot;Off&quot;,&quot;&quot;)" methodname="TestStarted" classname="NUnitLite.Tests.TextUITests" runstate="Runnable" seed="1225243269" result="Passed" start-time="2018-10-06 20:00:45Z" end-time="2018-10-06 20:00:45Z" duration="0.001105" asserts="1" />
            <test-case id="1299" name="TestStarted(&quot;On&quot;,&quot;&quot;)" fullname="NUnitLite.Tests.TextUITests.TestStarted(&quot;On&quot;,&quot;&quot;)" methodname="TestStarted" classname="NUnitLite.Tests.TextUITests" runstate="Runnable" seed="1416037397" result="Passed" start-time="2018-10-06 20:00:45Z" end-time="2018-10-06 20:00:45Z" duration="0.000190" asserts="1" />
            <test-case id="1300" name="TestStarted(&quot;All&quot;,&quot;=&gt; NUnitLite.Tests.TextUITests.MyFakeMethod\n&quot;)" fullname="NUnitLite.Tests.TextUITests.TestStarted(&quot;All&quot;,&quot;=&gt; NUnitLite.Tests.TextUITests.MyFakeMethod\n&quot;)" methodname="TestStarted" classname="NUnitLite.Tests.TextUITests" runstate="Runnable" seed="1565498972" result="Passed" start-time="2018-10-06 20:00:45Z" end-time="2018-10-06 20:00:45Z" duration="0.000159" asserts="1" />
            <test-case id="1301" name="TestStarted(&quot;Before&quot;,&quot;=&gt; NUnitLite.Tests.TextUITests.MyFakeMethod\n&quot;)" fullname="NUnitLite.Tests.TextUITests.TestStarted(&quot;Before&quot;,&quot;=&gt; NUnitLite.Tests.TextUITests.MyFakeMethod\n&quot;)" methodname="TestStarted" classname="NUnitLite.Tests.TextUITests" runstate="Runnable" seed="1026713474" result="Passed" start-time="2018-10-06 20:00:45Z" end-time="2018-10-06 20:00:45Z" duration="0.000168" asserts="1" />
            <test-case id="1302" name="TestStarted(&quot;After&quot;,&quot;&quot;)" fullname="NUnitLite.Tests.TextUITests.TestStarted(&quot;After&quot;,&quot;&quot;)" methodname="TestStarted" classname="NUnitLite.Tests.TextUITests" runstate="Runnable" seed="455167841" result="Passed" start-time="2018-10-06 20:00:45Z" end-time="2018-10-06 20:00:45Z" duration="0.000147" asserts="1" />
          </test-suite>
          <test-suite type="ParameterizedMethod" id="1342" name="TestWritesSingleCharacters" fullname="NUnitLite.Tests.TextUITests.TestWritesSingleCharacters" classname="NUnitLite.Tests.TextUITests" runstate="Runnable" testcasecount="5" result="Passed" start-time="2018-10-06 20:00:45Z" end-time="2018-10-06 20:00:45Z" duration="0.002531" total="5" passed="5" failed="0" warnings="0" inconclusive="0" skipped="0" asserts="5">
            <test-case id="1337" name="TestWritesSingleCharacters(&quot;Off&quot;,&quot;ABC+XYZ\n&quot;)" fullname="NUnitLite.Tests.TextUITests.TestWritesSingleCharacters(&quot;Off&quot;,&quot;ABC+XYZ\n&quot;)" methodname="TestWritesSingleCharacters" classname="NUnitLite.Tests.TextUITests" runstate="Runnable" seed="864554959" result="Passed" start-time="2018-10-06 20:00:45Z" end-time="2018-10-06 20:00:45Z" duration="0.001585" asserts="1" />
            <test-case id="1338" name="TestWritesSingleCharacters(&quot;On&quot;,&quot;=&gt; NUnitLite.Tests.TextUITests.MyFakeMethod\nABC+XYZ\n&quot;)" fullname="NUnitLite.Tests.TextUITests.TestWritesSingleCharacters(&quot;On&quot;,&quot;=&gt; NUnitLite.Tests.TextUITests.MyFakeMethod\nABC+XYZ\n&quot;)" methodname="TestWritesSingleCharacters" classname="NUnitLite.Tests.TextUITests" runstate="Runnable" seed="6906250" result="Passed" start-time="2018-10-06 20:00:45Z" end-time="2018-10-06 20:00:45Z" duration="0.000229" asserts="1" />
            <test-case id="1339" name="TestWritesSingleCharacters(&quot;All&quot;,&quot;=&gt; NUnitLite.Tests.TextUITests.MyFakeMethod\nABC+XYZ\n&quot;)" fullname="NUnitLite.Tests.TextUITests.TestWritesSingleCharacters(&quot;All&quot;,&quot;=&gt; NUnitLite.Tests.TextUITests.MyFakeMethod\nABC+XYZ\n&quot;)" methodname="TestWritesSingleCharacters" classname="NUnitLite.Tests.TextUITests" runstate="Runnable" seed="427305958" result="Passed" start-time="2018-10-06 20:00:45Z" end-time="2018-10-06 20:00:45Z" duration="0.000191" asserts="1" />
            <test-case id="1340" name="TestWritesSingleCharacters(&quot;Before&quot;,&quot;=&gt; NUnitLite.Tests.TextUITests.MyFakeMethod\nABC+XYZ\n&quot;)" fullname="NUnitLite.Tests.TextUITests.TestWritesSingleCharacters(&quot;Before&quot;,&quot;=&gt; NUnitLite.Tests.TextUITests.MyFakeMethod\nABC+XYZ\n&quot;)" methodname="TestWritesSingleCharacters" classname="NUnitLite.Tests.TextUITests" runstate="Runnable" seed="33456154" result="Passed" start-time="2018-10-06 20:00:45Z" end-time="2018-10-06 20:00:45Z" duration="0.000181" asserts="1" />
            <test-case id="1341" name="TestWritesSingleCharacters(&quot;After&quot;,&quot;=&gt; NUnitLite.Tests.TextUITests.MyFakeMethod\nABC+XYZ\nPassed =&gt; NUnitLite.Tests.TextUITests.MyFakeMethod\n&quot;)" fullname="NUnitLite.Tests.TextUITests.TestWritesSingleCharacters(&quot;After&quot;,&quot;=&gt; NUnitLite.Tests.TextUITests.MyFakeMethod\nABC+XYZ\nPassed =&gt; NUnitLite.Tests.TextUITests.MyFakeMethod\n&quot;)" methodname="TestWritesSingleCharacters" classname="NUnitLite.Tests.TextUITests" runstate="Runnable" seed="875575471" result="Passed" start-time="2018-10-06 20:00:45Z" end-time="2018-10-06 20:00:45Z" duration="0.000186" asserts="1" />
          </test-suite>
          <test-suite type="ParameterizedMethod" id="1392" name="TwoTests_InterleavedExecution" fullname="NUnitLite.Tests.TextUITests.TwoTests_InterleavedExecution" classname="NUnitLite.Tests.TextUITests" runstate="Runnable" testcasecount="5" result="Passed" start-time="2018-10-06 20:00:45Z" end-time="2018-10-06 20:00:45Z" duration="0.003834" total="5" passed="5" failed="0" warnings="0" inconclusive="0" skipped="0" asserts="5">
            <test-case id="1387" name="TwoTests_InterleavedExecution(&quot;Off&quot;,&quot;Immediate output from first test\nAnother immediate output from first test\nImmediate output from second test\nOUTPUT1\nOUTPUT2\n&quot;)" fullname="NUnitLite.Tests.TextUITests.TwoTests_InterleavedExecution(&quot;Off&quot;,&quot;Immediate output from first test\nAnother immediate output from first test\nImmediate output from second test\nOUTPUT1\nOUTPUT2\n&quot;)" methodname="TwoTests_InterleavedExecution" classname="NUnitLite.Tests.TextUITests" runstate="Runnable" seed="1456121661" result="Passed" start-time="2018-10-06 20:00:45Z" end-time="2018-10-06 20:00:45Z" duration="0.002633" asserts="1" />
            <test-case id="1388" name="TwoTests_InterleavedExecution(&quot;On&quot;,&quot;=&gt; NUnitLite.Tests.TextUITests.MyFakeMethod\nImmediate output from first test\nAnother immediate output from first test\n=&gt; NUnitLite.Tests.TextUITests.AnotherFakeMethod\nImmediate output from second test\n=&gt; NUnitLite.Tests.TextUITests.MyFakeMethod\nOUTPUT1\n=&gt; NUnitLite.Tests.TextUITests.AnotherFakeMethod\nOUTPUT2\n&quot;)" fullname="NUnitLite.Tests.TextUITests.TwoTests_InterleavedExecution(&quot;On&quot;,&quot;=&gt; NUnitLite.Tests.TextUITests.MyFakeMethod\nImmediate output from first test\nAnother immediate output from first test\n=&gt; NUnitLite.Tests.TextUITests.AnotherFakeMethod\nImmediate output from second test\n=&gt; NUnitLite.Tests.TextUITests.MyFakeMethod\nOUTPUT1\n=&gt; NUnitLite.Tests.TextUITests.AnotherFakeMethod\nOUTPUT2\n&quot;)" methodname="TwoTests_InterleavedExecution" classname="NUnitLite.Tests.TextUITests" runstate="Runnable" seed="828208212" result="Passed" start-time="2018-10-06 20:00:45Z" end-time="2018-10-06 20:00:45Z" duration="0.000253" asserts="1" />
            <test-case id="1389" name="TwoTests_InterleavedExecution(&quot;All&quot;,&quot;=&gt; NUnitLite.Tests.TextUITests.MyFakeMethod\nImmediate output from first test\n=&gt; NUnitLite.Tests.TextUITests.AnotherFakeMethod\n=&gt; NUnitLite.Tests.TextUITests.MyFakeMethod\nAnother immediate output from first test\n=&gt; NUnitLite.Tests.TextUITests.AnotherFakeMethod\nImmediate output from second test\n=&gt; NUnitLite.Tests.TextUITests.MyFakeMethod\nOUTPUT1\n=&gt; NUnitLite.Tests.TextUITests.AnotherFakeMethod\nOUTPUT2\n&quot;)" fullname="NUnitLite.Tests.TextUITests.TwoTests_InterleavedExecution(&quot;All&quot;,&quot;=&gt; NUnitLite.Tests.TextUITests.MyFakeMethod\nImmediate output from first test\n=&gt; NUnitLite.Tests.TextUITests.AnotherFakeMethod\n=&gt; NUnitLite.Tests.TextUITests.MyFakeMethod\nAnother immediate output from first test\n=&gt; NUnitLite.Tests.TextUITests.AnotherFakeMethod\nImmediate output from second test\n=&gt; NUnitLite.Tests.TextUITests.MyFakeMethod\nOUTPUT1\n=&gt; NUnitLite.Tests.TextUITests.AnotherFakeMethod\nOUTPUT2\n&quot;)" methodname="TwoTests_InterleavedExecution" classname="NUnitLite.Tests.TextUITests" runstate="Runnable" seed="1840609391" result="Passed" start-time="2018-10-06 20:00:45Z" end-time="2018-10-06 20:00:45Z" duration="0.000267" asserts="1" />
            <test-case id="1390" name="TwoTests_InterleavedExecution(&quot;Before&quot;,&quot;=&gt; NUnitLite.Tests.TextUITests.MyFakeMethod\nImmediate output from first test\n=&gt; NUnitLite.Tests.TextUITests.AnotherFakeMethod\n=&gt; NUnitLite.Tests.TextUITests.MyFakeMethod\nAnother immediate output from first test\n=&gt; NUnitLite.Tests.TextUITests.AnotherFakeMethod\nImmediate output from second test\n=&gt; NUnitLite.Tests.TextUITests.MyFakeMethod\nOUTPUT1\n=&gt; NUnitLite.Tests.TextUITests.AnotherFakeMethod\nOUTPUT2\n&quot;)" fullname="NUnitLite.Tests.TextUITests.TwoTests_InterleavedExecution(&quot;Before&quot;,&quot;=&gt; NUnitLite.Tests.TextUITests.MyFakeMethod\nImmediate output from first test\n=&gt; NUnitLite.Tests.TextUITests.AnotherFakeMethod\n=&gt; NUnitLite.Tests.TextUITests.MyFakeMethod\nAnother immediate output from first test\n=&gt; NUnitLite.Tests.TextUITests.AnotherFakeMethod\nImmediate output from second test\n=&gt; NUnitLite.Tests.TextUITests.MyFakeMethod\nOUTPUT1\n=&gt; NUnitLite.Tests.TextUITests.AnotherFakeMethod\nOUTPUT2\n&quot;)" methodname="TwoTests_InterleavedExecution" classname="NUnitLite.Tests.TextUITests" runstate="Runnable" seed="1489835700" result="Passed" start-time="2018-10-06 20:00:45Z" end-time="2018-10-06 20:00:45Z" duration="0.000232" asserts="1" />
            <test-case id="1391" name="TwoTests_InterleavedExecution(&quot;After&quot;,&quot;=&gt; NUnitLite.Tests.TextUITests.MyFakeMethod\nImmediate output from first test\nAnother immediate output from first test\n=&gt; NUnitLite.Tests.TextUITests.AnotherFakeMethod\nImmediate output from second test\n=&gt; NUnitLite.Tests.TextUITests.MyFakeMethod\nOUTPUT1\nFailed =&gt; NUnitLite.Tests.TextUITests.MyFakeMethod\n=&gt; NUnitLite.Tests.TextUITests.AnotherFakeMethod\nOUTPUT2\nPassed =&gt; NUnitLite.Tests.TextUITests.AnotherFakeMethod\n&quot;)" fullname="NUnitLite.Tests.TextUITests.TwoTests_InterleavedExecution(&quot;After&quot;,&quot;=&gt; NUnitLite.Tests.TextUITests.MyFakeMethod\nImmediate output from first test\nAnother immediate output from first test\n=&gt; NUnitLite.Tests.TextUITests.AnotherFakeMethod\nImmediate output from second test\n=&gt; NUnitLite.Tests.TextUITests.MyFakeMethod\nOUTPUT1\nFailed =&gt; NUnitLite.Tests.TextUITests.MyFakeMethod\n=&gt; NUnitLite.Tests.TextUITests.AnotherFakeMethod\nOUTPUT2\nPassed =&gt; NUnitLite.Tests.TextUITests.AnotherFakeMethod\n&quot;)" methodname="TwoTests_InterleavedExecution" classname="NUnitLite.Tests.TextUITests" runstate="Runnable" seed="184171805" result="Passed" start-time="2018-10-06 20:00:45Z" end-time="2018-10-06 20:00:45Z" duration="0.000284" asserts="1" />
          </test-suite>
          <test-suite type="ParameterizedMethod" id="1398" name="TwoTests_NestedExecution" fullname="NUnitLite.Tests.TextUITests.TwoTests_NestedExecution" classname="NUnitLite.Tests.TextUITests" runstate="Runnable" testcasecount="5" result="Passed" start-time="2018-10-06 20:00:45Z" end-time="2018-10-06 20:00:45Z" duration="0.004598" total="5" passed="5" failed="0" warnings="0" inconclusive="0" skipped="0" asserts="5">
            <test-case id="1393" name="TwoTests_NestedExecution(&quot;Off&quot;,&quot;Immediate output from first test\nAnother immediate output from first test\nImmediate output from second test\nOUTPUT2\nOUTPUT1\n&quot;)" fullname="NUnitLite.Tests.TextUITests.TwoTests_NestedExecution(&quot;Off&quot;,&quot;Immediate output from first test\nAnother immediate output from first test\nImmediate output from second test\nOUTPUT2\nOUTPUT1\n&quot;)" methodname="TwoTests_NestedExecution" classname="NUnitLite.Tests.TextUITests" runstate="Runnable" seed="350555536" result="Passed" start-time="2018-10-06 20:00:45Z" end-time="2018-10-06 20:00:45Z" duration="0.002680" asserts="1" />
            <test-case id="1394" name="TwoTests_NestedExecution(&quot;On&quot;,&quot;=&gt; NUnitLite.Tests.TextUITests.MyFakeMethod\nImmediate output from first test\nAnother immediate output from first test\n=&gt; NUnitLite.Tests.TextUITests.AnotherFakeMethod\nImmediate output from second test\nOUTPUT2\n=&gt; NUnitLite.Tests.TextUITests.MyFakeMethod\nOUTPUT1\n&quot;)" fullname="NUnitLite.Tests.TextUITests.TwoTests_NestedExecution(&quot;On&quot;,&quot;=&gt; NUnitLite.Tests.TextUITests.MyFakeMethod\nImmediate output from first test\nAnother immediate output from first test\n=&gt; NUnitLite.Tests.TextUITests.AnotherFakeMethod\nImmediate output from second test\nOUTPUT2\n=&gt; NUnitLite.Tests.TextUITests.MyFakeMethod\nOUTPUT1\n&quot;)" methodname="TwoTests_NestedExecution" classname="NUnitLite.Tests.TextUITests" runstate="Runnable" seed="300389414" result="Passed" start-time="2018-10-06 20:00:45Z" end-time="2018-10-06 20:00:45Z" duration="0.000328" asserts="1" />
            <test-case id="1395" name="TwoTests_NestedExecution(&quot;All&quot;,&quot;=&gt; NUnitLite.Tests.TextUITests.MyFakeMethod\nImmediate output from first test\n=&gt; NUnitLite.Tests.TextUITests.AnotherFakeMethod\n=&gt; NUnitLite.Tests.TextUITests.MyFakeMethod\nAnother immediate output from first test\n=&gt; NUnitLite.Tests.TextUITests.AnotherFakeMethod\nImmediate output from second test\nOUTPUT2\n=&gt; NUnitLite.Tests.TextUITests.MyFakeMethod\nOUTPUT1\n&quot;)" fullname="NUnitLite.Tests.TextUITests.TwoTests_NestedExecution(&quot;All&quot;,&quot;=&gt; NUnitLite.Tests.TextUITests.MyFakeMethod\nImmediate output from first test\n=&gt; NUnitLite.Tests.TextUITests.AnotherFakeMethod\n=&gt; NUnitLite.Tests.TextUITests.MyFakeMethod\nAnother immediate output from first test\n=&gt; NUnitLite.Tests.TextUITests.AnotherFakeMethod\nImmediate output from second test\nOUTPUT2\n=&gt; NUnitLite.Tests.TextUITests.MyFakeMethod\nOUTPUT1\n&quot;)" methodname="TwoTests_NestedExecution" classname="NUnitLite.Tests.TextUITests" runstate="Runnable" seed="303925662" result="Passed" start-time="2018-10-06 20:00:45Z" end-time="2018-10-06 20:00:45Z" duration="0.000350" asserts="1" />
            <test-case id="1396" name="TwoTests_NestedExecution(&quot;Before&quot;,&quot;=&gt; NUnitLite.Tests.TextUITests.MyFakeMethod\nImmediate output from first test\n=&gt; NUnitLite.Tests.TextUITests.AnotherFakeMethod\n=&gt; NUnitLite.Tests.TextUITests.MyFakeMethod\nAnother immediate output from first test\n=&gt; NUnitLite.Tests.TextUITests.AnotherFakeMethod\nImmediate output from second test\nOUTPUT2\n=&gt; NUnitLite.Tests.TextUITests.MyFakeMethod\nOUTPUT1\n&quot;)" fullname="NUnitLite.Tests.TextUITests.TwoTests_NestedExecution(&quot;Before&quot;,&quot;=&gt; NUnitLite.Tests.TextUITests.MyFakeMethod\nImmediate output from first test\n=&gt; NUnitLite.Tests.TextUITests.AnotherFakeMethod\n=&gt; NUnitLite.Tests.TextUITests.MyFakeMethod\nAnother immediate output from first test\n=&gt; NUnitLite.Tests.TextUITests.AnotherFakeMethod\nImmediate output from second test\nOUTPUT2\n=&gt; NUnitLite.Tests.TextUITests.MyFakeMethod\nOUTPUT1\n&quot;)" methodname="TwoTests_NestedExecution" classname="NUnitLite.Tests.TextUITests" runstate="Runnable" seed="495937903" result="Passed" start-time="2018-10-06 20:00:45Z" end-time="2018-10-06 20:00:45Z" duration="0.000446" asserts="1" />
            <test-case id="1397" name="TwoTests_NestedExecution(&quot;After&quot;,&quot;=&gt; NUnitLite.Tests.TextUITests.MyFakeMethod\nImmediate output from first test\nAnother immediate output from first test\n=&gt; NUnitLite.Tests.TextUITests.AnotherFakeMethod\nImmediate output from second test\nOUTPUT2\nPassed =&gt; NUnitLite.Tests.TextUITests.AnotherFakeMethod\n=&gt; NUnitLite.Tests.TextUITests.MyFakeMethod\nOUTPUT1\nFailed =&gt; NUnitLite.Tests.TextUITests.MyFakeMethod\n&quot;)" fullname="NUnitLite.Tests.TextUITests.TwoTests_NestedExecution(&quot;After&quot;,&quot;=&gt; NUnitLite.Tests.TextUITests.MyFakeMethod\nImmediate output from first test\nAnother immediate output from first test\n=&gt; NUnitLite.Tests.TextUITests.AnotherFakeMethod\nImmediate output from second test\nOUTPUT2\nPassed =&gt; NUnitLite.Tests.TextUITests.AnotherFakeMethod\n=&gt; NUnitLite.Tests.TextUITests.MyFakeMethod\nOUTPUT1\nFailed =&gt; NUnitLite.Tests.TextUITests.MyFakeMethod\n&quot;)" methodname="TwoTests_NestedExecution" classname="NUnitLite.Tests.TextUITests" runstate="Runnable" seed="446282760" result="Passed" start-time="2018-10-06 20:00:45Z" end-time="2018-10-06 20:00:45Z" duration="0.000445" asserts="1" />
          </test-suite>
          <test-suite type="ParameterizedMethod" id="1386" name="TwoTests_SequentialExecution" fullname="NUnitLite.Tests.TextUITests.TwoTests_SequentialExecution" classname="NUnitLite.Tests.TextUITests" runstate="Runnable" testcasecount="5" result="Passed" start-time="2018-10-06 20:00:45Z" end-time="2018-10-06 20:00:45Z" duration="0.003261" total="5" passed="5" failed="0" warnings="0" inconclusive="0" skipped="0" asserts="5">
            <test-case id="1381" name="TwoTests_SequentialExecution(&quot;Off&quot;,&quot;OUTPUT1\nOUTPUT2\n&quot;)" fullname="NUnitLite.Tests.TextUITests.TwoTests_SequentialExecution(&quot;Off&quot;,&quot;OUTPUT1\nOUTPUT2\n&quot;)" methodname="TwoTests_SequentialExecution" classname="NUnitLite.Tests.TextUITests" runstate="Runnable" seed="232771984" result="Passed" start-time="2018-10-06 20:00:45Z" end-time="2018-10-06 20:00:45Z" duration="0.001919" asserts="1" />
            <test-case id="1382" name="TwoTests_SequentialExecution(&quot;On&quot;,&quot;=&gt; NUnitLite.Tests.TextUITests.MyFakeMethod\nOUTPUT1\n=&gt; NUnitLite.Tests.TextUITests.AnotherFakeMethod\nOUTPUT2\n&quot;)" fullname="NUnitLite.Tests.TextUITests.TwoTests_SequentialExecution(&quot;On&quot;,&quot;=&gt; NUnitLite.Tests.TextUITests.MyFakeMethod\nOUTPUT1\n=&gt; NUnitLite.Tests.TextUITests.AnotherFakeMethod\nOUTPUT2\n&quot;)" methodname="TwoTests_SequentialExecution" classname="NUnitLite.Tests.TextUITests" runstate="Runnable" seed="115636842" result="Passed" start-time="2018-10-06 20:00:45Z" end-time="2018-10-06 20:00:45Z" duration="0.000295" asserts="1" />
            <test-case id="1383" name="TwoTests_SequentialExecution(&quot;All&quot;,&quot;=&gt; NUnitLite.Tests.TextUITests.MyFakeMethod\nOUTPUT1\n=&gt; NUnitLite.Tests.TextUITests.AnotherFakeMethod\nOUTPUT2\n&quot;)" fullname="NUnitLite.Tests.TextUITests.TwoTests_SequentialExecution(&quot;All&quot;,&quot;=&gt; NUnitLite.Tests.TextUITests.MyFakeMethod\nOUTPUT1\n=&gt; NUnitLite.Tests.TextUITests.AnotherFakeMethod\nOUTPUT2\n&quot;)" methodname="TwoTests_SequentialExecution" classname="NUnitLite.Tests.TextUITests" runstate="Runnable" seed="1797007559" result="Passed" start-time="2018-10-06 20:00:45Z" end-time="2018-10-06 20:00:45Z" duration="0.000292" asserts="1" />
            <test-case id="1384" name="TwoTests_SequentialExecution(&quot;Before&quot;,&quot;=&gt; NUnitLite.Tests.TextUITests.MyFakeMethod\nOUTPUT1\n=&gt; NUnitLite.Tests.TextUITests.AnotherFakeMethod\nOUTPUT2\n&quot;)" fullname="NUnitLite.Tests.TextUITests.TwoTests_SequentialExecution(&quot;Before&quot;,&quot;=&gt; NUnitLite.Tests.TextUITests.MyFakeMethod\nOUTPUT1\n=&gt; NUnitLite.Tests.TextUITests.AnotherFakeMethod\nOUTPUT2\n&quot;)" methodname="TwoTests_SequentialExecution" classname="NUnitLite.Tests.TextUITests" runstate="Runnable" seed="268038280" result="Passed" start-time="2018-10-06 20:00:45Z" end-time="2018-10-06 20:00:45Z" duration="0.000193" asserts="1" />
            <test-case id="1385" name="TwoTests_SequentialExecution(&quot;After&quot;,&quot;=&gt; NUnitLite.Tests.TextUITests.MyFakeMethod\nOUTPUT1\nFailed =&gt; NUnitLite.Tests.TextUITests.MyFakeMethod\n=&gt; NUnitLite.Tests.TextUITests.AnotherFakeMethod\nOUTPUT2\nPassed =&gt; NUnitLite.Tests.TextUITests.AnotherFakeMethod\n&quot;)" fullname="NUnitLite.Tests.TextUITests.TwoTests_SequentialExecution(&quot;After&quot;,&quot;=&gt; NUnitLite.Tests.TextUITests.MyFakeMethod\nOUTPUT1\nFailed =&gt; NUnitLite.Tests.TextUITests.MyFakeMethod\n=&gt; NUnitLite.Tests.TextUITests.AnotherFakeMethod\nOUTPUT2\nPassed =&gt; NUnitLite.Tests.TextUITests.AnotherFakeMethod\n&quot;)" methodname="TwoTests_SequentialExecution" classname="NUnitLite.Tests.TextUITests" runstate="Runnable" seed="2080317957" result="Passed" start-time="2018-10-06 20:00:45Z" end-time="2018-10-06 20:00:45Z" duration="0.000227" asserts="1" />
          </test-suite>
        </test-suite>
        <test-suite type="TestFixture" id="1285" name="TextUIReportTests" fullname="NUnitLite.Tests.TextUIReportTests" classname="NUnitLite.Tests.TextUIReportTests" runstate="Runnable" testcasecount="5" result="Skipped" label="Ignored" site="Child" start-time="2018-10-06 20:00:45Z" end-time="2018-10-06 20:00:45Z" duration="0.158021" total="5" passed="4" failed="0" warnings="0" inconclusive="0" skipped="1" asserts="14">
          <reason>
            <message><![CDATA[One or more child tests were ignored]]></message>
          </reason>
          <test-case id="1286" name="DisplayHelp" fullname="NUnitLite.Tests.TextUIReportTests.DisplayHelp" methodname="DisplayHelp" classname="NUnitLite.Tests.TextUIReportTests" runstate="Runnable" seed="1799415488" result="Passed" start-time="2018-10-06 20:00:45Z" end-time="2018-10-06 20:00:45Z" duration="0.023458" asserts="1" />
          <test-case id="1290" name="ErrorsAndFailuresReportTest" fullname="NUnitLite.Tests.TextUIReportTests.ErrorsAndFailuresReportTest" methodname="ErrorsAndFailuresReportTest" classname="NUnitLite.Tests.TextUIReportTests" runstate="Runnable" seed="686408681" result="Passed" start-time="2018-10-06 20:00:45Z" end-time="2018-10-06 20:00:45Z" duration="0.012424" asserts="11" />
          <test-case id="1287" name="ReportSequenceTest" fullname="NUnitLite.Tests.TextUIReportTests.ReportSequenceTest" methodname="ReportSequenceTest" classname="NUnitLite.Tests.TextUIReportTests" runstate="Ignored" seed="798666974" result="Skipped" label="Ignored" start-time="2018-10-06 20:00:45Z" end-time="2018-10-06 20:00:45Z" duration="0.000006" asserts="0">
            <properties>
              <property name="_SKIPREASON" value="Test needs modification" />
            </properties>
            <reason>
              <message><![CDATA[Test needs modification]]></message>
            </reason>
          </test-case>
          <test-case id="1289" name="SummaryReportTest" fullname="NUnitLite.Tests.TextUIReportTests.SummaryReportTest" methodname="SummaryReportTest" classname="NUnitLite.Tests.TextUIReportTests" runstate="Runnable" seed="1322231985" result="Passed" start-time="2018-10-06 20:00:45Z" end-time="2018-10-06 20:00:45Z" duration="0.010484" asserts="1" />
          <test-case id="1288" name="TestsNotRunTest" fullname="NUnitLite.Tests.TextUIReportTests.TestsNotRunTest" methodname="TestsNotRunTest" classname="NUnitLite.Tests.TextUIReportTests" runstate="Runnable" seed="1621507825" result="Passed" start-time="2018-10-06 20:00:45Z" end-time="2018-10-06 20:00:45Z" duration="0.004067" asserts="1" />
        </test-suite>
        <test-suite type="TestFixture" id="1234" name="NUnit2XmlOutputWriterTests" fullname="NUnitLite.Tests.NUnit2XmlOutputWriterTests" classname="NUnitLite.Tests.NUnit2XmlOutputWriterTests" runstate="Runnable" testcasecount="38" result="Passed" start-time="2018-10-06 20:00:45Z" end-time="2018-10-06 20:00:45Z" duration="0.186317" total="38" passed="38" failed="0" warnings="0" inconclusive="0" skipped="0" asserts="60">
          <test-case id="1262" name="CultureInfo_HasCultureInfoElement" fullname="NUnitLite.Tests.NUnit2XmlOutputWriterTests.CultureInfo_HasCultureInfoElement" methodname="CultureInfo_HasCultureInfoElement" classname="NUnitLite.Tests.NUnit2XmlOutputWriterTests" runstate="Runnable" seed="845680230" result="Passed" start-time="2018-10-06 20:00:45Z" end-time="2018-10-06 20:00:45Z" duration="0.001184" asserts="1" />
          <test-suite type="ParameterizedMethod" id="1265" name="CultureInfo_HasRequiredAttribute" fullname="NUnitLite.Tests.NUnit2XmlOutputWriterTests.CultureInfo_HasRequiredAttribute" classname="NUnitLite.Tests.NUnit2XmlOutputWriterTests" runstate="Runnable" testcasecount="2" result="Passed" start-time="2018-10-06 20:00:45Z" end-time="2018-10-06 20:00:45Z" duration="0.003150" total="2" passed="2" failed="0" warnings="0" inconclusive="0" skipped="0" asserts="4">
            <test-case id="1263" name="CultureInfo_HasRequiredAttribute(&quot;current-culture&quot;)" fullname="NUnitLite.Tests.NUnit2XmlOutputWriterTests.CultureInfo_HasRequiredAttribute(&quot;current-culture&quot;)" methodname="CultureInfo_HasRequiredAttribute" classname="NUnitLite.Tests.NUnit2XmlOutputWriterTests" runstate="Runnable" seed="1832056606" result="Passed" start-time="2018-10-06 20:00:45Z" end-time="2018-10-06 20:00:45Z" duration="0.002870" asserts="2" />
            <test-case id="1264" name="CultureInfo_HasRequiredAttribute(&quot;current-uiculture&quot;)" fullname="NUnitLite.Tests.NUnit2XmlOutputWriterTests.CultureInfo_HasRequiredAttribute(&quot;current-uiculture&quot;)" methodname="CultureInfo_HasRequiredAttribute" classname="NUnitLite.Tests.NUnit2XmlOutputWriterTests" runstate="Runnable" seed="1689510345" result="Passed" start-time="2018-10-06 20:00:45Z" end-time="2018-10-06 20:00:45Z" duration="0.000123" asserts="2" />
          </test-suite>
          <test-case id="1236" name="Document_FirstChildIsXmlDeclaration" fullname="NUnitLite.Tests.NUnit2XmlOutputWriterTests.Document_FirstChildIsXmlDeclaration" methodname="Document_FirstChildIsXmlDeclaration" classname="NUnitLite.Tests.NUnit2XmlOutputWriterTests" runstate="Runnable" seed="1703472720" result="Passed" start-time="2018-10-06 20:00:45Z" end-time="2018-10-06 20:00:45Z" duration="0.006300" asserts="2" />
          <test-case id="1239" name="Document_HasTestResults" fullname="NUnitLite.Tests.NUnit2XmlOutputWriterTests.Document_HasTestResults" methodname="Document_HasTestResults" classname="NUnitLite.Tests.NUnit2XmlOutputWriterTests" runstate="Runnable" seed="192598912" result="Passed" start-time="2018-10-06 20:00:45Z" end-time="2018-10-06 20:00:45Z" duration="0.001520" asserts="2" />
          <test-case id="1235" name="Document_HasThreeChildren" fullname="NUnitLite.Tests.NUnit2XmlOutputWriterTests.Document_HasThreeChildren" methodname="Document_HasThreeChildren" classname="NUnitLite.Tests.NUnit2XmlOutputWriterTests" runstate="Runnable" seed="795091381" result="Passed" start-time="2018-10-06 20:00:45Z" end-time="2018-10-06 20:00:45Z" duration="0.001186" asserts="1" />
          <test-case id="1237" name="Document_SecondChildIsComment" fullname="NUnitLite.Tests.NUnit2XmlOutputWriterTests.Document_SecondChildIsComment" methodname="Document_SecondChildIsComment" classname="NUnitLite.Tests.NUnit2XmlOutputWriterTests" runstate="Runnable" seed="1432451902" result="Passed" start-time="2018-10-06 20:00:45Z" end-time="2018-10-06 20:00:45Z" duration="0.001072" asserts="1" />
          <test-case id="1238" name="Document_ThirdChildIsTestResults" fullname="NUnitLite.Tests.NUnit2XmlOutputWriterTests.Document_ThirdChildIsTestResults" methodname="Document_ThirdChildIsTestResults" classname="NUnitLite.Tests.NUnit2XmlOutputWriterTests" runstate="Runnable" seed="52683221" result="Passed" start-time="2018-10-06 20:00:45Z" end-time="2018-10-06 20:00:45Z" duration="0.001121" asserts="1" />
          <test-case id="1252" name="Environment_HasEnvironmentElement" fullname="NUnitLite.Tests.NUnit2XmlOutputWriterTests.Environment_HasEnvironmentElement" methodname="Environment_HasEnvironmentElement" classname="NUnitLite.Tests.NUnit2XmlOutputWriterTests" runstate="Runnable" seed="1372409865" result="Passed" start-time="2018-10-06 20:00:45Z" end-time="2018-10-06 20:00:45Z" duration="0.001396" asserts="1" />
          <test-suite type="ParameterizedMethod" id="1261" name="Environment_HasRequiredAttribute" fullname="NUnitLite.Tests.NUnit2XmlOutputWriterTests.Environment_HasRequiredAttribute" classname="NUnitLite.Tests.NUnit2XmlOutputWriterTests" runstate="Runnable" testcasecount="8" result="Passed" start-time="2018-10-06 20:00:45Z" end-time="2018-10-06 20:00:45Z" duration="0.001069" total="8" passed="8" failed="0" warnings="0" inconclusive="0" skipped="0" asserts="8">
            <test-case id="1253" name="Environment_HasRequiredAttribute(&quot;nunit-version&quot;)" fullname="NUnitLite.Tests.NUnit2XmlOutputWriterTests.Environment_HasRequiredAttribute(&quot;nunit-version&quot;)" methodname="Environment_HasRequiredAttribute" classname="NUnitLite.Tests.NUnit2XmlOutputWriterTests" runstate="Runnable" seed="1294433850" result="Passed" start-time="2018-10-06 20:00:45Z" end-time="2018-10-06 20:00:45Z" duration="0.000521" asserts="1" />
            <test-case id="1254" name="Environment_HasRequiredAttribute(&quot;clr-version&quot;)" fullname="NUnitLite.Tests.NUnit2XmlOutputWriterTests.Environment_HasRequiredAttribute(&quot;clr-version&quot;)" methodname="Environment_HasRequiredAttribute" classname="NUnitLite.Tests.NUnit2XmlOutputWriterTests" runstate="Runnable" seed="1966790" result="Passed" start-time="2018-10-06 20:00:45Z" end-time="2018-10-06 20:00:45Z" duration="0.000057" asserts="1" />
            <test-case id="1255" name="Environment_HasRequiredAttribute(&quot;os-version&quot;)" fullname="NUnitLite.Tests.NUnit2XmlOutputWriterTests.Environment_HasRequiredAttribute(&quot;os-version&quot;)" methodname="Environment_HasRequiredAttribute" classname="NUnitLite.Tests.NUnit2XmlOutputWriterTests" runstate="Runnable" seed="221684385" result="Passed" start-time="2018-10-06 20:00:45Z" end-time="2018-10-06 20:00:45Z" duration="0.000036" asserts="1" />
            <test-case id="1256" name="Environment_HasRequiredAttribute(&quot;platform&quot;)" fullname="NUnitLite.Tests.NUnit2XmlOutputWriterTests.Environment_HasRequiredAttribute(&quot;platform&quot;)" methodname="Environment_HasRequiredAttribute" classname="NUnitLite.Tests.NUnit2XmlOutputWriterTests" runstate="Runnable" seed="403411694" result="Passed" start-time="2018-10-06 20:00:45Z" end-time="2018-10-06 20:00:45Z" duration="0.000028" asserts="1" />
            <test-case id="1257" name="Environment_HasRequiredAttribute(&quot;cwd&quot;)" fullname="NUnitLite.Tests.NUnit2XmlOutputWriterTests.Environment_HasRequiredAttribute(&quot;cwd&quot;)" methodname="Environment_HasRequiredAttribute" classname="NUnitLite.Tests.NUnit2XmlOutputWriterTests" runstate="Runnable" seed="114851772" result="Passed" start-time="2018-10-06 20:00:45Z" end-time="2018-10-06 20:00:45Z" duration="0.000059" asserts="1" />
            <test-case id="1258" name="Environment_HasRequiredAttribute(&quot;machine-name&quot;)" fullname="NUnitLite.Tests.NUnit2XmlOutputWriterTests.Environment_HasRequiredAttribute(&quot;machine-name&quot;)" methodname="Environment_HasRequiredAttribute" classname="NUnitLite.Tests.NUnit2XmlOutputWriterTests" runstate="Runnable" seed="60525071" result="Passed" start-time="2018-10-06 20:00:45Z" end-time="2018-10-06 20:00:45Z" duration="0.000032" asserts="1" />
            <test-case id="1259" name="Environment_HasRequiredAttribute(&quot;user&quot;)" fullname="NUnitLite.Tests.NUnit2XmlOutputWriterTests.Environment_HasRequiredAttribute(&quot;user&quot;)" methodname="Environment_HasRequiredAttribute" classname="NUnitLite.Tests.NUnit2XmlOutputWriterTests" runstate="Runnable" seed="81992565" result="Passed" start-time="2018-10-06 20:00:45Z" end-time="2018-10-06 20:00:45Z" duration="0.000050" asserts="1" />
            <test-case id="1260" name="Environment_HasRequiredAttribute(&quot;user-domain&quot;)" fullname="NUnitLite.Tests.NUnit2XmlOutputWriterTests.Environment_HasRequiredAttribute(&quot;user-domain&quot;)" methodname="Environment_HasRequiredAttribute" classname="NUnitLite.Tests.NUnit2XmlOutputWriterTests" runstate="Runnable" seed="456629126" result="Passed" start-time="2018-10-06 20:00:45Z" end-time="2018-10-06 20:00:45Z" duration="0.000047" asserts="1" />
          </test-suite>
          <test-case id="1240" name="TestResults_AssemblyPathIsCorrect" fullname="NUnitLite.Tests.NUnit2XmlOutputWriterTests.TestResults_AssemblyPathIsCorrect" methodname="TestResults_AssemblyPathIsCorrect" classname="NUnitLite.Tests.NUnit2XmlOutputWriterTests" runstate="Runnable" seed="300345013" result="Passed" start-time="2018-10-06 20:00:45Z" end-time="2018-10-06 20:00:45Z" duration="0.000701" asserts="2" />
          <test-suite type="ParameterizedMethod" id="1249" name="TestResults_CounterIsCorrect" fullname="NUnitLite.Tests.NUnit2XmlOutputWriterTests.TestResults_CounterIsCorrect" classname="NUnitLite.Tests.NUnit2XmlOutputWriterTests" runstate="Runnable" testcasecount="8" result="Passed" start-time="2018-10-06 20:00:45Z" end-time="2018-10-06 20:00:45Z" duration="0.006357" total="8" passed="8" failed="0" warnings="0" inconclusive="0" skipped="0" asserts="16">
            <test-case id="1241" name="TestResults_CounterIsCorrect(&quot;total&quot;,10)" fullname="NUnitLite.Tests.NUnit2XmlOutputWriterTests.TestResults_CounterIsCorrect(&quot;total&quot;,10)" methodname="TestResults_CounterIsCorrect" classname="NUnitLite.Tests.NUnit2XmlOutputWriterTests" runstate="Runnable" seed="1843184201" result="Passed" start-time="2018-10-06 20:00:45Z" end-time="2018-10-06 20:00:45Z" duration="0.000827" asserts="2" />
            <test-case id="1242" name="TestResults_CounterIsCorrect(&quot;errors&quot;,1)" fullname="NUnitLite.Tests.NUnit2XmlOutputWriterTests.TestResults_CounterIsCorrect(&quot;errors&quot;,1)" methodname="TestResults_CounterIsCorrect" classname="NUnitLite.Tests.NUnit2XmlOutputWriterTests" runstate="Runnable" seed="156543069" result="Passed" start-time="2018-10-06 20:00:45Z" end-time="2018-10-06 20:00:45Z" duration="0.000101" asserts="2" />
            <test-case id="1243" name="TestResults_CounterIsCorrect(&quot;failures&quot;,1)" fullname="NUnitLite.Tests.NUnit2XmlOutputWriterTests.TestResults_CounterIsCorrect(&quot;failures&quot;,1)" methodname="TestResults_CounterIsCorrect" classname="NUnitLite.Tests.NUnit2XmlOutputWriterTests" runstate="Runnable" seed="409800848" result="Passed" start-time="2018-10-06 20:00:45Z" end-time="2018-10-06 20:00:45Z" duration="0.000094" asserts="2" />
            <test-case id="1244" name="TestResults_CounterIsCorrect(&quot;inconclusive&quot;,1)" fullname="NUnitLite.Tests.NUnit2XmlOutputWriterTests.TestResults_CounterIsCorrect(&quot;inconclusive&quot;,1)" methodname="TestResults_CounterIsCorrect" classname="NUnitLite.Tests.NUnit2XmlOutputWriterTests" runstate="Runnable" seed="1742822960" result="Passed" start-time="2018-10-06 20:00:45Z" end-time="2018-10-06 20:00:45Z" duration="0.000064" asserts="2" />
            <test-case id="1245" name="TestResults_CounterIsCorrect(&quot;not-run&quot;,3)" fullname="NUnitLite.Tests.NUnit2XmlOutputWriterTests.TestResults_CounterIsCorrect(&quot;not-run&quot;,3)" methodname="TestResults_CounterIsCorrect" classname="NUnitLite.Tests.NUnit2XmlOutputWriterTests" runstate="Runnable" seed="1452146784" result="Passed" start-time="2018-10-06 20:00:45Z" end-time="2018-10-06 20:00:45Z" duration="0.000127" asserts="2" />
            <test-case id="1246" name="TestResults_CounterIsCorrect(&quot;ignored&quot;,1)" fullname="NUnitLite.Tests.NUnit2XmlOutputWriterTests.TestResults_CounterIsCorrect(&quot;ignored&quot;,1)" methodname="TestResults_CounterIsCorrect" classname="NUnitLite.Tests.NUnit2XmlOutputWriterTests" runstate="Runnable" seed="2085012449" result="Passed" start-time="2018-10-06 20:00:45Z" end-time="2018-10-06 20:00:45Z" duration="0.000582" asserts="2" />
            <test-case id="1247" name="TestResults_CounterIsCorrect(&quot;skipped&quot;,0)" fullname="NUnitLite.Tests.NUnit2XmlOutputWriterTests.TestResults_CounterIsCorrect(&quot;skipped&quot;,0)" methodname="TestResults_CounterIsCorrect" classname="NUnitLite.Tests.NUnit2XmlOutputWriterTests" runstate="Runnable" seed="1753831531" result="Passed" start-time="2018-10-06 20:00:45Z" end-time="2018-10-06 20:00:45Z" duration="0.000297" asserts="2" />
            <test-case id="1248" name="TestResults_CounterIsCorrect(&quot;invalid&quot;,2)" fullname="NUnitLite.Tests.NUnit2XmlOutputWriterTests.TestResults_CounterIsCorrect(&quot;invalid&quot;,2)" methodname="TestResults_CounterIsCorrect" classname="NUnitLite.Tests.NUnit2XmlOutputWriterTests" runstate="Runnable" seed="763847076" result="Passed" start-time="2018-10-06 20:00:45Z" end-time="2018-10-06 20:00:45Z" duration="0.002836" asserts="2" />
          </test-suite>
          <test-case id="1250" name="TestResults_HasValidDateAttribute" fullname="NUnitLite.Tests.NUnit2XmlOutputWriterTests.TestResults_HasValidDateAttribute" methodname="TestResults_HasValidDateAttribute" classname="NUnitLite.Tests.NUnit2XmlOutputWriterTests" runstate="Runnable" seed="793902347" result="Passed" start-time="2018-10-06 20:00:45Z" end-time="2018-10-06 20:00:45Z" duration="0.002100" asserts="2" />
          <test-case id="1251" name="TestResults_HasValidTimeAttribute" fullname="NUnitLite.Tests.NUnit2XmlOutputWriterTests.TestResults_HasValidTimeAttribute" methodname="TestResults_HasValidTimeAttribute" classname="NUnitLite.Tests.NUnit2XmlOutputWriterTests" runstate="Runnable" seed="565474669" result="Passed" start-time="2018-10-06 20:00:45Z" end-time="2018-10-06 20:00:45Z" duration="0.002377" asserts="2" />
          <test-suite type="ParameterizedMethod" id="1274" name="TestSuite_ExpectedAttribute" fullname="NUnitLite.Tests.NUnit2XmlOutputWriterTests.TestSuite_ExpectedAttribute" classname="NUnitLite.Tests.NUnit2XmlOutputWriterTests" runstate="Runnable" testcasecount="7" result="Passed" start-time="2018-10-06 20:00:45Z" end-time="2018-10-06 20:00:45Z" duration="0.001290" total="7" passed="7" failed="0" warnings="0" inconclusive="0" skipped="0" asserts="14">
            <test-case id="1267" name="TestSuite_ExpectedAttribute(&quot;type&quot;,&quot;TestFixture&quot;)" fullname="NUnitLite.Tests.NUnit2XmlOutputWriterTests.TestSuite_ExpectedAttribute(&quot;type&quot;,&quot;TestFixture&quot;)" methodname="TestSuite_ExpectedAttribute" classname="NUnitLite.Tests.NUnit2XmlOutputWriterTests" runstate="Runnable" seed="1055981349" result="Passed" start-time="2018-10-06 20:00:45Z" end-time="2018-10-06 20:00:45Z" duration="0.000585" asserts="2" />
            <test-case id="1268" name="TestSuite_ExpectedAttribute(&quot;name&quot;,&quot;MockTestFixture&quot;)" fullname="NUnitLite.Tests.NUnit2XmlOutputWriterTests.TestSuite_ExpectedAttribute(&quot;name&quot;,&quot;MockTestFixture&quot;)" methodname="TestSuite_ExpectedAttribute" classname="NUnitLite.Tests.NUnit2XmlOutputWriterTests" runstate="Runnable" seed="8699961" result="Passed" start-time="2018-10-06 20:00:45Z" end-time="2018-10-06 20:00:45Z" duration="0.000083" asserts="2" />
            <test-case id="1269" name="TestSuite_ExpectedAttribute(&quot;description&quot;,&quot;Fake Test Fixture&quot;)" fullname="NUnitLite.Tests.NUnit2XmlOutputWriterTests.TestSuite_ExpectedAttribute(&quot;description&quot;,&quot;Fake Test Fixture&quot;)" methodname="TestSuite_ExpectedAttribute" classname="NUnitLite.Tests.NUnit2XmlOutputWriterTests" runstate="Runnable" seed="127371130" result="Passed" start-time="2018-10-06 20:00:45Z" end-time="2018-10-06 20:00:45Z" duration="0.000067" asserts="2" />
            <test-case id="1270" name="TestSuite_ExpectedAttribute(&quot;executed&quot;,&quot;True&quot;)" fullname="NUnitLite.Tests.NUnit2XmlOutputWriterTests.TestSuite_ExpectedAttribute(&quot;executed&quot;,&quot;True&quot;)" methodname="TestSuite_ExpectedAttribute" classname="NUnitLite.Tests.NUnit2XmlOutputWriterTests" runstate="Runnable" seed="1133576389" result="Passed" start-time="2018-10-06 20:00:45Z" end-time="2018-10-06 20:00:45Z" duration="0.000116" asserts="2" />
            <test-case id="1271" name="TestSuite_ExpectedAttribute(&quot;result&quot;,&quot;Failure&quot;)" fullname="NUnitLite.Tests.NUnit2XmlOutputWriterTests.TestSuite_ExpectedAttribute(&quot;result&quot;,&quot;Failure&quot;)" methodname="TestSuite_ExpectedAttribute" classname="NUnitLite.Tests.NUnit2XmlOutputWriterTests" runstate="Runnable" seed="1348888952" result="Passed" start-time="2018-10-06 20:00:45Z" end-time="2018-10-06 20:00:45Z" duration="0.000061" asserts="2" />
            <test-case id="1272" name="TestSuite_ExpectedAttribute(&quot;success&quot;,&quot;False&quot;)" fullname="NUnitLite.Tests.NUnit2XmlOutputWriterTests.TestSuite_ExpectedAttribute(&quot;success&quot;,&quot;False&quot;)" methodname="TestSuite_ExpectedAttribute" classname="NUnitLite.Tests.NUnit2XmlOutputWriterTests" runstate="Runnable" seed="1438428403" result="Passed" start-time="2018-10-06 20:00:45Z" end-time="2018-10-06 20:00:45Z" duration="0.000055" asserts="2" />
            <test-case id="1273" name="TestSuite_ExpectedAttribute(&quot;asserts&quot;,&quot;0&quot;)" fullname="NUnitLite.Tests.NUnit2XmlOutputWriterTests.TestSuite_ExpectedAttribute(&quot;asserts&quot;,&quot;0&quot;)" methodname="TestSuite_ExpectedAttribute" classname="NUnitLite.Tests.NUnit2XmlOutputWriterTests" runstate="Runnable" seed="462310396" result="Passed" start-time="2018-10-06 20:00:45Z" end-time="2018-10-06 20:00:45Z" duration="0.000058" asserts="2" />
          </test-suite>
          <test-case id="1266" name="TestSuite_HasTestSuiteElement" fullname="NUnitLite.Tests.NUnit2XmlOutputWriterTests.TestSuite_HasTestSuiteElement" methodname="TestSuite_HasTestSuiteElement" classname="NUnitLite.Tests.NUnit2XmlOutputWriterTests" runstate="Runnable" seed="1894208907" result="Passed" start-time="2018-10-06 20:00:45Z" end-time="2018-10-06 20:00:45Z" duration="0.000636" asserts="1" />
          <test-case id="1275" name="TestSuite_HasValidTimeAttribute" fullname="NUnitLite.Tests.NUnit2XmlOutputWriterTests.TestSuite_HasValidTimeAttribute" methodname="TestSuite_HasValidTimeAttribute" classname="NUnitLite.Tests.NUnit2XmlOutputWriterTests" runstate="Runnable" seed="105657952" result="Passed" start-time="2018-10-06 20:00:45Z" end-time="2018-10-06 20:00:45Z" duration="0.000974" asserts="2" />
          <test-case id="1276" name="TestSuite_ResultIsFailure" fullname="NUnitLite.Tests.NUnit2XmlOutputWriterTests.TestSuite_ResultIsFailure" methodname="TestSuite_ResultIsFailure" classname="NUnitLite.Tests.NUnit2XmlOutputWriterTests" runstate="Runnable" seed="1276515949" result="Passed" start-time="2018-10-06 20:00:45Z" end-time="2018-10-06 20:00:45Z" duration="0.000373" asserts="0" />
        </test-suite>
        <test-suite type="TestFixture" id="1089" name="CommandLineTests" fullname="NUnitLite.Tests.CommandLineTests" classname="NUnitLite.Tests.CommandLineTests" runstate="Runnable" testcasecount="115" result="Passed" start-time="2018-10-06 20:00:45Z" end-time="2018-10-06 20:00:45Z" duration="0.314857" total="115" passed="115" failed="0" warnings="0" inconclusive="0" skipped="0" asserts="292">
          <test-case id="1179" name="AssemblyIsInvalidByDefault" fullname="NUnitLite.Tests.CommandLineTests.AssemblyIsInvalidByDefault" methodname="AssemblyIsInvalidByDefault" classname="NUnitLite.Tests.CommandLineTests" runstate="Runnable" seed="1409449912" result="Passed" start-time="2018-10-06 20:00:45Z" end-time="2018-10-06 20:00:45Z" duration="0.061404" asserts="3" />
          <test-case id="1181" name="AssemblyIsValidIfAllowed" fullname="NUnitLite.Tests.CommandLineTests.AssemblyIsValidIfAllowed" methodname="AssemblyIsValidIfAllowed" classname="NUnitLite.Tests.CommandLineTests" runstate="Runnable" seed="520291248" result="Passed" start-time="2018-10-06 20:00:45Z" end-time="2018-10-06 20:00:45Z" duration="0.000708" asserts="2" />
          <test-suite type="ParameterizedMethod" id="1148" name="CanRecognizeBooleanOptions" fullname="NUnitLite.Tests.CommandLineTests.CanRecognizeBooleanOptions" classname="NUnitLite.Tests.CommandLineTests" runstate="Runnable" testcasecount="6" result="Passed" start-time="2018-10-06 20:00:45Z" end-time="2018-10-06 20:00:45Z" duration="0.026470" total="6" passed="6" failed="0" warnings="0" inconclusive="0" skipped="0" asserts="30">
            <test-case id="1142" name="CanRecognizeBooleanOptions(&quot;ShowHelp&quot;,&quot;help|h&quot;)" fullname="NUnitLite.Tests.CommandLineTests.CanRecognizeBooleanOptions(&quot;ShowHelp&quot;,&quot;help|h&quot;)" methodname="CanRecognizeBooleanOptions" classname="NUnitLite.Tests.CommandLineTests" runstate="Runnable" seed="2096852505" result="Passed" start-time="2018-10-06 20:00:45Z" end-time="2018-10-06 20:00:45Z" duration="0.019371" asserts="6">
              <output><![CDATA[Testing ShowHelp
]]></output>
            </test-case>
            <test-case id="1143" name="CanRecognizeBooleanOptions(&quot;ShowVersion&quot;,&quot;version|V&quot;)" fullname="NUnitLite.Tests.CommandLineTests.CanRecognizeBooleanOptions(&quot;ShowVersion&quot;,&quot;version|V&quot;)" methodname="CanRecognizeBooleanOptions" classname="NUnitLite.Tests.CommandLineTests" runstate="Runnable" seed="502087434" result="Passed" start-time="2018-10-06 20:00:45Z" end-time="2018-10-06 20:00:45Z" duration="0.001231" asserts="6">
              <output><![CDATA[Testing ShowVersion
]]></output>
            </test-case>
            <test-case id="1144" name="CanRecognizeBooleanOptions(&quot;StopOnError&quot;,&quot;stoponerror&quot;)" fullname="NUnitLite.Tests.CommandLineTests.CanRecognizeBooleanOptions(&quot;StopOnError&quot;,&quot;stoponerror&quot;)" methodname="CanRecognizeBooleanOptions" classname="NUnitLite.Tests.CommandLineTests" runstate="Runnable" seed="1687104581" result="Passed" start-time="2018-10-06 20:00:45Z" end-time="2018-10-06 20:00:45Z" duration="0.001252" asserts="4">
              <output><![CDATA[Testing StopOnError
]]></output>
            </test-case>
            <test-case id="1145" name="CanRecognizeBooleanOptions(&quot;WaitBeforeExit&quot;,&quot;wait&quot;)" fullname="NUnitLite.Tests.CommandLineTests.CanRecognizeBooleanOptions(&quot;WaitBeforeExit&quot;,&quot;wait&quot;)" methodname="CanRecognizeBooleanOptions" classname="NUnitLite.Tests.CommandLineTests" runstate="Runnable" seed="1920349834" result="Passed" start-time="2018-10-06 20:00:45Z" end-time="2018-10-06 20:00:45Z" duration="0.000757" asserts="4">
              <output><![CDATA[Testing WaitBeforeExit
]]></output>
            </test-case>
            <test-case id="1146" name="CanRecognizeBooleanOptions(&quot;NoHeader&quot;,&quot;noheader|noh&quot;)" fullname="NUnitLite.Tests.CommandLineTests.CanRecognizeBooleanOptions(&quot;NoHeader&quot;,&quot;noheader|noh&quot;)" methodname="CanRecognizeBooleanOptions" classname="NUnitLite.Tests.CommandLineTests" runstate="Runnable" seed="914968301" result="Passed" start-time="2018-10-06 20:00:45Z" end-time="2018-10-06 20:00:45Z" duration="0.000993" asserts="6">
              <output><![CDATA[Testing NoHeader
]]></output>
            </test-case>
            <test-case id="1147" name="CanRecognizeBooleanOptions(&quot;TeamCity&quot;,&quot;teamcity&quot;)" fullname="NUnitLite.Tests.CommandLineTests.CanRecognizeBooleanOptions(&quot;TeamCity&quot;,&quot;teamcity&quot;)" methodname="CanRecognizeBooleanOptions" classname="NUnitLite.Tests.CommandLineTests" runstate="Runnable" seed="1437816026" result="Passed" start-time="2018-10-06 20:00:45Z" end-time="2018-10-06 20:00:45Z" duration="0.000862" asserts="4">
              <output><![CDATA[Testing TeamCity
]]></output>
            </test-case>
          </test-suite>
          <test-suite type="ParameterizedMethod" id="1162" name="CanRecognizeIntOptions" fullname="NUnitLite.Tests.CommandLineTests.CanRecognizeIntOptions" classname="NUnitLite.Tests.CommandLineTests" runstate="Runnable" testcasecount="3" result="Passed" start-time="2018-10-06 20:00:45Z" end-time="2018-10-06 20:00:45Z" duration="0.007467" total="3" passed="3" failed="0" warnings="0" inconclusive="0" skipped="0" asserts="9">
            <test-case id="1159" name="CanRecognizeIntOptions(&quot;DefaultTimeout&quot;,&quot;timeout&quot;)" fullname="NUnitLite.Tests.CommandLineTests.CanRecognizeIntOptions(&quot;DefaultTimeout&quot;,&quot;timeout&quot;)" methodname="CanRecognizeIntOptions" classname="NUnitLite.Tests.CommandLineTests" runstate="Runnable" seed="123295660" result="Passed" start-time="2018-10-06 20:00:45Z" end-time="2018-10-06 20:00:45Z" duration="0.001740" asserts="3" />
            <test-case id="1160" name="CanRecognizeIntOptions(&quot;RandomSeed&quot;,&quot;seed&quot;)" fullname="NUnitLite.Tests.CommandLineTests.CanRecognizeIntOptions(&quot;RandomSeed&quot;,&quot;seed&quot;)" methodname="CanRecognizeIntOptions" classname="NUnitLite.Tests.CommandLineTests" runstate="Runnable" seed="33744410" result="Passed" start-time="2018-10-06 20:00:45Z" end-time="2018-10-06 20:00:45Z" duration="0.000470" asserts="3" />
            <test-case id="1161" name="CanRecognizeIntOptions(&quot;NumberOfTestWorkers&quot;,&quot;workers&quot;)" fullname="NUnitLite.Tests.CommandLineTests.CanRecognizeIntOptions(&quot;NumberOfTestWorkers&quot;,&quot;workers&quot;)" methodname="CanRecognizeIntOptions" classname="NUnitLite.Tests.CommandLineTests" runstate="Runnable" seed="1592526336" result="Passed" start-time="2018-10-06 20:00:45Z" end-time="2018-10-06 20:00:45Z" duration="0.000809" asserts="3" />
          </test-suite>
          <test-suite type="ParameterizedMethod" id="1158" name="CanRecognizeLowerCaseOptionValues" fullname="NUnitLite.Tests.CommandLineTests.CanRecognizeLowerCaseOptionValues" classname="NUnitLite.Tests.CommandLineTests" runstate="Runnable" testcasecount="2" result="Passed" start-time="2018-10-06 20:00:45Z" end-time="2018-10-06 20:00:45Z" duration="0.006786" total="2" passed="2" failed="0" warnings="0" inconclusive="0" skipped="0" asserts="22">
            <test-case id="1156" name="CanRecognizeLowerCaseOptionValues(&quot;DisplayTestLabels&quot;,&quot;labels&quot;,[&quot;Off&quot;, &quot;On&quot;, &quot;All&quot;])" fullname="NUnitLite.Tests.CommandLineTests.CanRecognizeLowerCaseOptionValues(&quot;DisplayTestLabels&quot;,&quot;labels&quot;,[&quot;Off&quot;, &quot;On&quot;, &quot;All&quot;])" methodname="CanRecognizeLowerCaseOptionValues" classname="NUnitLite.Tests.CommandLineTests" runstate="Runnable" seed="857542049" result="Passed" start-time="2018-10-06 20:00:45Z" end-time="2018-10-06 20:00:45Z" duration="0.004552" asserts="8" />
            <test-case id="1157" name="CanRecognizeLowerCaseOptionValues(&quot;InternalTraceLevel&quot;,&quot;trace&quot;,[&quot;Off&quot;, &quot;Error&quot;, &quot;Warning&quot;, &quot;Info&quot;, &quot;Debug&quot;, ...])" fullname="NUnitLite.Tests.CommandLineTests.CanRecognizeLowerCaseOptionValues(&quot;InternalTraceLevel&quot;,&quot;trace&quot;,[&quot;Off&quot;, &quot;Error&quot;, &quot;Warning&quot;, &quot;Info&quot;, &quot;Debug&quot;, ...])" methodname="CanRecognizeLowerCaseOptionValues" classname="NUnitLite.Tests.CommandLineTests" runstate="Runnable" seed="1526349928" result="Passed" start-time="2018-10-06 20:00:45Z" end-time="2018-10-06 20:00:45Z" duration="0.001466" asserts="14" />
          </test-suite>
          <test-suite type="ParameterizedMethod" id="1155" name="CanRecognizeStringOptions" fullname="NUnitLite.Tests.CommandLineTests.CanRecognizeStringOptions" classname="NUnitLite.Tests.CommandLineTests" runstate="Runnable" testcasecount="6" result="Passed" start-time="2018-10-06 20:00:45Z" end-time="2018-10-06 20:00:45Z" duration="0.011950" total="6" passed="6" failed="0" warnings="0" inconclusive="0" skipped="0" asserts="46">
            <test-case id="1149" name="CanRecognizeStringOptions(&quot;WhereClause&quot;,&quot;where&quot;,[&quot;cat==Fast&quot;],[])" fullname="NUnitLite.Tests.CommandLineTests.CanRecognizeStringOptions(&quot;WhereClause&quot;,&quot;where&quot;,[&quot;cat==Fast&quot;],[])" methodname="CanRecognizeStringOptions" classname="NUnitLite.Tests.CommandLineTests" runstate="Runnable" seed="1567983700" result="Passed" start-time="2018-10-06 20:00:45Z" end-time="2018-10-06 20:00:45Z" duration="0.005974" asserts="4" />
            <test-case id="1150" name="CanRecognizeStringOptions(&quot;DisplayTestLabels&quot;,&quot;labels&quot;,[&quot;Off&quot;, &quot;On&quot;, &quot;Before&quot;, &quot;After&quot;, &quot;All&quot;],[&quot;JUNK&quot;])" fullname="NUnitLite.Tests.CommandLineTests.CanRecognizeStringOptions(&quot;DisplayTestLabels&quot;,&quot;labels&quot;,[&quot;Off&quot;, &quot;On&quot;, &quot;Before&quot;, &quot;After&quot;, &quot;All&quot;],[&quot;JUNK&quot;])" methodname="CanRecognizeStringOptions" classname="NUnitLite.Tests.CommandLineTests" runstate="Runnable" seed="1840597677" result="Passed" start-time="2018-10-06 20:00:45Z" end-time="2018-10-06 20:00:45Z" duration="0.002746" asserts="13" />
            <test-case id="1151" name="CanRecognizeStringOptions(&quot;OutFile&quot;,&quot;output|out&quot;,[&quot;output.txt&quot;],[])" fullname="NUnitLite.Tests.CommandLineTests.CanRecognizeStringOptions(&quot;OutFile&quot;,&quot;output|out&quot;,[&quot;output.txt&quot;],[])" methodname="CanRecognizeStringOptions" classname="NUnitLite.Tests.CommandLineTests" runstate="Runnable" seed="182344707" result="Passed" start-time="2018-10-06 20:00:45Z" end-time="2018-10-06 20:00:45Z" duration="0.001122" asserts="6" />
            <test-case id="1152" name="CanRecognizeStringOptions(&quot;ErrFile&quot;,&quot;err&quot;,[&quot;error.txt&quot;],[])" fullname="NUnitLite.Tests.CommandLineTests.CanRecognizeStringOptions(&quot;ErrFile&quot;,&quot;err&quot;,[&quot;error.txt&quot;],[])" methodname="CanRecognizeStringOptions" classname="NUnitLite.Tests.CommandLineTests" runstate="Runnable" seed="719268875" result="Passed" start-time="2018-10-06 20:00:45Z" end-time="2018-10-06 20:00:45Z" duration="0.000754" asserts="4" />
            <test-case id="1153" name="CanRecognizeStringOptions(&quot;WorkDirectory&quot;,&quot;work&quot;,[&quot;results&quot;],[])" fullname="NUnitLite.Tests.CommandLineTests.CanRecognizeStringOptions(&quot;WorkDirectory&quot;,&quot;work&quot;,[&quot;results&quot;],[])" methodname="CanRecognizeStringOptions" classname="NUnitLite.Tests.CommandLineTests" runstate="Runnable" seed="51078873" result="Passed" start-time="2018-10-06 20:00:45Z" end-time="2018-10-06 20:00:45Z" duration="0.000313" asserts="4" />
            <test-case id="1154" name="CanRecognizeStringOptions(&quot;InternalTraceLevel&quot;,&quot;trace&quot;,[&quot;Off&quot;, &quot;Error&quot;, &quot;Warning&quot;, &quot;Info&quot;, &quot;Debug&quot;, ...],[&quot;JUNK&quot;])" fullname="NUnitLite.Tests.CommandLineTests.CanRecognizeStringOptions(&quot;InternalTraceLevel&quot;,&quot;trace&quot;,[&quot;Off&quot;, &quot;Error&quot;, &quot;Warning&quot;, &quot;Info&quot;, &quot;Debug&quot;, ...],[&quot;JUNK&quot;])" methodname="CanRecognizeStringOptions" classname="NUnitLite.Tests.CommandLineTests" runstate="Runnable" seed="1482735604" result="Passed" start-time="2018-10-06 20:00:45Z" end-time="2018-10-06 20:00:45Z" duration="0.000671" asserts="15" />
          </test-suite>
          <test-suite type="ParameterizedMethod" id="1169" name="CanRecognizeTestSelectionOptions" fullname="NUnitLite.Tests.CommandLineTests.CanRecognizeTestSelectionOptions" classname="NUnitLite.Tests.CommandLineTests" runstate="Runnable" testcasecount="6" result="Passed" start-time="2018-10-06 20:00:45Z" end-time="2018-10-06 20:00:45Z" duration="0.003578" total="6" passed="6" failed="0" warnings="0" inconclusive="0" skipped="0" asserts="18">
            <test-case id="1163" name="CanRecognizeTestSelectionOptions(&quot;TestList&quot;,&quot;--test=Some.Name.Space.TestFixture&quot;,&quot;Some.Name.Space.TestFixture&quot;)" fullname="NUnitLite.Tests.CommandLineTests.CanRecognizeTestSelectionOptions(&quot;TestList&quot;,&quot;--test=Some.Name.Space.TestFixture&quot;,&quot;Some.Name.Space.TestFixture&quot;)" methodname="CanRecognizeTestSelectionOptions" classname="NUnitLite.Tests.CommandLineTests" runstate="Runnable" seed="16407884" result="Passed" start-time="2018-10-06 20:00:45Z" end-time="2018-10-06 20:00:45Z" duration="0.001663" asserts="3" />
            <test-case id="1164" name="CanRecognizeTestSelectionOptions(&quot;TestList&quot;,&quot;--test=A.B.C,E.F.G&quot;,&quot;A.B.C&quot;,&quot;E.F.G&quot;)" fullname="NUnitLite.Tests.CommandLineTests.CanRecognizeTestSelectionOptions(&quot;TestList&quot;,&quot;--test=A.B.C,E.F.G&quot;,&quot;A.B.C&quot;,&quot;E.F.G&quot;)" methodname="CanRecognizeTestSelectionOptions" classname="NUnitLite.Tests.CommandLineTests" runstate="Runnable" seed="320781689" result="Passed" start-time="2018-10-06 20:00:45Z" end-time="2018-10-06 20:00:45Z" duration="0.000208" asserts="3" />
            <test-case id="1165" name="CanRecognizeTestSelectionOptions(&quot;TestList&quot;,&quot;--test=A.B.C|--test=E.F.G&quot;,&quot;A.B.C&quot;,&quot;E.F.G&quot;)" fullname="NUnitLite.Tests.CommandLineTests.CanRecognizeTestSelectionOptions(&quot;TestList&quot;,&quot;--test=A.B.C|--test=E.F.G&quot;,&quot;A.B.C&quot;,&quot;E.F.G&quot;)" methodname="CanRecognizeTestSelectionOptions" classname="NUnitLite.Tests.CommandLineTests" runstate="Runnable" seed="1972178356" result="Passed" start-time="2018-10-06 20:00:45Z" end-time="2018-10-06 20:00:45Z" duration="0.000317" asserts="3" />
            <test-case id="1166" name="CanRecognizeTestSelectionOptions(&quot;PreFilters&quot;,&quot;--prefilter=Some.Name.Space.TestFixture&quot;,&quot;Some.Name.Space.TestFixture&quot;)" fullname="NUnitLite.Tests.CommandLineTests.CanRecognizeTestSelectionOptions(&quot;PreFilters&quot;,&quot;--prefilter=Some.Name.Space.TestFixture&quot;,&quot;Some.Name.Space.TestFixture&quot;)" methodname="CanRecognizeTestSelectionOptions" classname="NUnitLite.Tests.CommandLineTests" runstate="Runnable" seed="1050606547" result="Passed" start-time="2018-10-06 20:00:45Z" end-time="2018-10-06 20:00:45Z" duration="0.000582" asserts="3" />
            <test-case id="1167" name="CanRecognizeTestSelectionOptions(&quot;PreFilters&quot;,&quot;--prefilter=A.B.C,E.F.G&quot;,&quot;A.B.C&quot;,&quot;E.F.G&quot;)" fullname="NUnitLite.Tests.CommandLineTests.CanRecognizeTestSelectionOptions(&quot;PreFilters&quot;,&quot;--prefilter=A.B.C,E.F.G&quot;,&quot;A.B.C&quot;,&quot;E.F.G&quot;)" methodname="CanRecognizeTestSelectionOptions" classname="NUnitLite.Tests.CommandLineTests" runstate="Runnable" seed="399675730" result="Passed" start-time="2018-10-06 20:00:45Z" end-time="2018-10-06 20:00:45Z" duration="0.000203" asserts="3" />
            <test-case id="1168" name="CanRecognizeTestSelectionOptions(&quot;PreFilters&quot;,&quot;--prefilter=A.B.C|--prefilter=E.F.G&quot;,&quot;A.B.C&quot;,&quot;E.F.G&quot;)" fullname="NUnitLite.Tests.CommandLineTests.CanRecognizeTestSelectionOptions(&quot;PreFilters&quot;,&quot;--prefilter=A.B.C|--prefilter=E.F.G&quot;,&quot;A.B.C&quot;,&quot;E.F.G&quot;)" methodname="CanRecognizeTestSelectionOptions" classname="NUnitLite.Tests.CommandLineTests" runstate="Runnable" seed="860807489" result="Passed" start-time="2018-10-06 20:00:45Z" end-time="2018-10-06 20:00:45Z" duration="0.000184" asserts="3" />
          </test-suite>
          <test-case id="1194" name="DefaultResultSpecification" fullname="NUnitLite.Tests.CommandLineTests.DefaultResultSpecification" methodname="DefaultResultSpecification" classname="NUnitLite.Tests.CommandLineTests" runstate="Runnable" seed="1031822019" result="Passed" start-time="2018-10-06 20:00:45Z" end-time="2018-10-06 20:00:45Z" duration="0.008554" asserts="3" />
          <test-case id="1214" name="DisplayTestParameters" fullname="NUnitLite.Tests.CommandLineTests.DisplayTestParameters" methodname="DisplayTestParameters" classname="NUnitLite.Tests.CommandLineTests" runstate="Runnable" seed="1975933780" result="Passed" start-time="2018-10-06 20:00:45Z" end-time="2018-10-06 20:00:45Z" duration="0.001995" asserts="0">
            <output><![CDATA[No Test Parameters were passed
]]></output>
          </test-case>
          <test-case id="1199" name="ExploreOptionWithFilePath" fullname="NUnitLite.Tests.CommandLineTests.ExploreOptionWithFilePath" methodname="ExploreOptionWithFilePath" classname="NUnitLite.Tests.CommandLineTests" runstate="Runnable" seed="1820115383" result="Passed" start-time="2018-10-06 20:00:45Z" end-time="2018-10-06 20:00:45Z" duration="0.005670" asserts="4" />
          <test-case id="1200" name="ExploreOptionWithFilePathAndFormat" fullname="NUnitLite.Tests.CommandLineTests.ExploreOptionWithFilePathAndFormat" methodname="ExploreOptionWithFilePathAndFormat" classname="NUnitLite.Tests.CommandLineTests" runstate="Runnable" seed="236014870" result="Passed" start-time="2018-10-06 20:00:45Z" end-time="2018-10-06 20:00:45Z" duration="0.000944" asserts="4" />
          <test-case id="1201" name="ExploreOptionWithFilePathUsingEqualSign" fullname="NUnitLite.Tests.CommandLineTests.ExploreOptionWithFilePathUsingEqualSign" methodname="ExploreOptionWithFilePathUsingEqualSign" classname="NUnitLite.Tests.CommandLineTests" runstate="Runnable" seed="52636546" result="Passed" start-time="2018-10-06 20:00:45Z" end-time="2018-10-06 20:00:45Z" duration="0.000789" asserts="3" />
          <test-case id="1198" name="ExploreOptionWithoutPath" fullname="NUnitLite.Tests.CommandLineTests.ExploreOptionWithoutPath" methodname="ExploreOptionWithoutPath" classname="NUnitLite.Tests.CommandLineTests" runstate="Runnable" seed="1162599958" result="Passed" start-time="2018-10-06 20:00:45Z" end-time="2018-10-06 20:00:45Z" duration="0.000626" asserts="2" />
          <test-case id="1189" name="FileNameWithoutResultOptionLooksLikeParameter" fullname="NUnitLite.Tests.CommandLineTests.FileNameWithoutResultOptionLooksLikeParameter" methodname="FileNameWithoutResultOptionLooksLikeParameter" classname="NUnitLite.Tests.CommandLineTests" runstate="Runnable" seed="2059309011" result="Passed" start-time="2018-10-06 20:00:45Z" end-time="2018-10-06 20:00:45Z" duration="0.002429" asserts="3" />
          <test-suite type="ParameterizedMethod" id="1113" name="GetArgsFromCommandLine" fullname="NUnitLite.Tests.CommandLineTests.GetArgsFromCommandLine" classname="NUnitLite.Tests.CommandLineTests" runstate="Runnable" testcasecount="23" result="Passed" start-time="2018-10-06 20:00:45Z" end-time="2018-10-06 20:00:45Z" duration="0.023368" total="23" passed="23" failed="0" warnings="0" inconclusive="0" skipped="0" asserts="23">
            <test-case id="1090" name="GetArgsFromCommandLine(&quot;--arg&quot;,&quot;--arg&quot;)" fullname="NUnitLite.Tests.CommandLineTests.GetArgsFromCommandLine(&quot;--arg&quot;,&quot;--arg&quot;)" methodname="GetArgsFromCommandLine" classname="NUnitLite.Tests.CommandLineTests" runstate="Runnable" seed="207235750" result="Passed" start-time="2018-10-06 20:00:45Z" end-time="2018-10-06 20:00:45Z" duration="0.018877" asserts="1" />
            <test-case id="1091" name="GetArgsFromCommandLine(&quot;--ArG&quot;,&quot;--ArG&quot;)" fullname="NUnitLite.Tests.CommandLineTests.GetArgsFromCommandLine(&quot;--ArG&quot;,&quot;--ArG&quot;)" methodname="GetArgsFromCommandLine" classname="NUnitLite.Tests.CommandLineTests" runstate="Runnable" seed="1604637059" result="Passed" start-time="2018-10-06 20:00:45Z" end-time="2018-10-06 20:00:45Z" duration="0.000423" asserts="1" />
            <test-case id="1092" name="GetArgsFromCommandLine(&quot;--arg1 --arg2&quot;,&quot;--arg1&quot;,&quot;--arg2&quot;)" fullname="NUnitLite.Tests.CommandLineTests.GetArgsFromCommandLine(&quot;--arg1 --arg2&quot;,&quot;--arg1&quot;,&quot;--arg2&quot;)" methodname="GetArgsFromCommandLine" classname="NUnitLite.Tests.CommandLineTests" runstate="Runnable" seed="748056245" result="Passed" start-time="2018-10-06 20:00:45Z" end-time="2018-10-06 20:00:45Z" duration="0.000236" asserts="1" />
            <test-case id="1093" name="GetArgsFromCommandLine(&quot;--arg1 data --arg2&quot;,&quot;--arg1&quot;,&quot;data&quot;,&quot;--arg2&quot;)" fullname="NUnitLite.Tests.CommandLineTests.GetArgsFromCommandLine(&quot;--arg1 data --arg2&quot;,&quot;--arg1&quot;,&quot;data&quot;,&quot;--arg2&quot;)" methodname="GetArgsFromCommandLine" classname="NUnitLite.Tests.CommandLineTests" runstate="Runnable" seed="15601929" result="Passed" start-time="2018-10-06 20:00:45Z" end-time="2018-10-06 20:00:45Z" duration="0.000234" asserts="1" />
            <test-case id="1094" name="GetArgsFromCommandLine(&quot;&quot;)" fullname="NUnitLite.Tests.CommandLineTests.GetArgsFromCommandLine(&quot;&quot;)" methodname="GetArgsFromCommandLine" classname="NUnitLite.Tests.CommandLineTests" runstate="Runnable" seed="885228446" result="Passed" start-time="2018-10-06 20:00:45Z" end-time="2018-10-06 20:00:45Z" duration="0.000180" asserts="1" />
            <test-case id="1095" name="GetArgsFromCommandLine(&quot;   &quot;)" fullname="NUnitLite.Tests.CommandLineTests.GetArgsFromCommandLine(&quot;   &quot;)" methodname="GetArgsFromCommandLine" classname="NUnitLite.Tests.CommandLineTests" runstate="Runnable" seed="650831800" result="Passed" start-time="2018-10-06 20:00:45Z" end-time="2018-10-06 20:00:45Z" duration="0.000152" asserts="1" />
            <test-case id="1096" name="GetArgsFromCommandLine(&quot;\&quot;--arg 1\&quot; --arg2&quot;,&quot;--arg 1&quot;,&quot;--arg2&quot;)" fullname="NUnitLite.Tests.CommandLineTests.GetArgsFromCommandLine(&quot;\&quot;--arg 1\&quot; --arg2&quot;,&quot;--arg 1&quot;,&quot;--arg2&quot;)" methodname="GetArgsFromCommandLine" classname="NUnitLite.Tests.CommandLineTests" runstate="Runnable" seed="393422985" result="Passed" start-time="2018-10-06 20:00:45Z" end-time="2018-10-06 20:00:45Z" duration="0.000156" asserts="1" />
            <test-case id="1097" name="GetArgsFromCommandLine(&quot;--arg1 \&quot;--arg 2\&quot;&quot;,&quot;--arg1&quot;,&quot;--arg 2&quot;)" fullname="NUnitLite.Tests.CommandLineTests.GetArgsFromCommandLine(&quot;--arg1 \&quot;--arg 2\&quot;&quot;,&quot;--arg1&quot;,&quot;--arg 2&quot;)" methodname="GetArgsFromCommandLine" classname="NUnitLite.Tests.CommandLineTests" runstate="Runnable" seed="897861561" result="Passed" start-time="2018-10-06 20:00:45Z" end-time="2018-10-06 20:00:45Z" duration="0.000164" asserts="1" />
            <test-case id="1098" name="GetArgsFromCommandLine(&quot;\&quot;--arg 1\&quot; \&quot;--arg 2\&quot;&quot;,&quot;--arg 1&quot;,&quot;--arg 2&quot;)" fullname="NUnitLite.Tests.CommandLineTests.GetArgsFromCommandLine(&quot;\&quot;--arg 1\&quot; \&quot;--arg 2\&quot;&quot;,&quot;--arg 1&quot;,&quot;--arg 2&quot;)" methodname="GetArgsFromCommandLine" classname="NUnitLite.Tests.CommandLineTests" runstate="Runnable" seed="344181507" result="Passed" start-time="2018-10-06 20:00:45Z" end-time="2018-10-06 20:00:45Z" duration="0.000150" asserts="1" />
            <test-case id="1099" name="GetArgsFromCommandLine(&quot;\&quot;--arg 1\&quot; \&quot;--arg 2\&quot; arg3 \&quot;arg 4\&quot;&quot;,&quot;--arg 1&quot;,&quot;--arg 2&quot;,&quot;arg3&quot;,&quot;arg 4&quot;)" fullname="NUnitLite.Tests.CommandLineTests.GetArgsFromCommandLine(&quot;\&quot;--arg 1\&quot; \&quot;--arg 2\&quot; arg3 \&quot;arg 4\&quot;&quot;,&quot;--arg 1&quot;,&quot;--arg 2&quot;,&quot;arg3&quot;,&quot;arg 4&quot;)" methodname="GetArgsFromCommandLine" classname="NUnitLite.Tests.CommandLineTests" runstate="Runnable" seed="173966897" result="Passed" start-time="2018-10-06 20:00:45Z" end-time="2018-10-06 20:00:45Z" duration="0.000270" asserts="1" />
            <test-case id="1100" name="GetArgsFromCommandLine(&quot;--arg1 \&quot;--arg 2\&quot; arg3 \&quot;arg 4\&quot;&quot;,&quot;--arg1&quot;,&quot;--arg 2&quot;,&quot;arg3&quot;,&quot;arg 4&quot;)" fullname="NUnitLite.Tests.CommandLineTests.GetArgsFromCommandLine(&quot;--arg1 \&quot;--arg 2\&quot; arg3 \&quot;arg 4\&quot;&quot;,&quot;--arg1&quot;,&quot;--arg 2&quot;,&quot;arg3&quot;,&quot;arg 4&quot;)" methodname="GetArgsFromCommandLine" classname="NUnitLite.Tests.CommandLineTests" runstate="Runnable" seed="1516874267" result="Passed" start-time="2018-10-06 20:00:45Z" end-time="2018-10-06 20:00:45Z" duration="0.000168" asserts="1" />
            <test-case id="1101" name="GetArgsFromCommandLine(&quot;\&quot;--arg 1\&quot; \&quot;--arg 2\&quot; arg3 \&quot;arg 4\&quot; \&quot;--arg 1\&quot; \&quot;--arg 2\&quot; arg3 \&quot;arg 4\&quot;&quot;,&quot;--arg 1&quot;,&quot;--arg 2&quot;,&quot;arg3&quot;,&quot;arg 4&quot;,&quot;--arg 1&quot;,&quot;--arg 2&quot;,&quot;arg3&quot;,&quot;arg 4&quot;)" fullname="NUnitLite.Tests.CommandLineTests.GetArgsFromCommandLine(&quot;\&quot;--arg 1\&quot; \&quot;--arg 2\&quot; arg3 \&quot;arg 4\&quot; \&quot;--arg 1\&quot; \&quot;--arg 2\&quot; arg3 \&quot;arg 4\&quot;&quot;,&quot;--arg 1&quot;,&quot;--arg 2&quot;,&quot;arg3&quot;,&quot;arg 4&quot;,&quot;--arg 1&quot;,&quot;--arg 2&quot;,&quot;arg3&quot;,&quot;arg 4&quot;)" methodname="GetArgsFromCommandLine" classname="NUnitLite.Tests.CommandLineTests" runstate="Runnable" seed="1725691577" result="Passed" start-time="2018-10-06 20:00:45Z" end-time="2018-10-06 20:00:45Z" duration="0.000158" asserts="1" />
            <test-case id="1102" name="GetArgsFromCommandLine(&quot;\&quot;--arg\&quot;&quot;,&quot;--arg&quot;)" fullname="NUnitLite.Tests.CommandLineTests.GetArgsFromCommandLine(&quot;\&quot;--arg\&quot;&quot;,&quot;--arg&quot;)" methodname="GetArgsFromCommandLine" classname="NUnitLite.Tests.CommandLineTests" runstate="Runnable" seed="1523994623" result="Passed" start-time="2018-10-06 20:00:45Z" end-time="2018-10-06 20:00:45Z" duration="0.000128" asserts="1" />
            <test-case id="1103" name="GetArgsFromCommandLine(&quot;\&quot;--arg 1\&quot;&quot;,&quot;--arg 1&quot;)" fullname="NUnitLite.Tests.CommandLineTests.GetArgsFromCommandLine(&quot;\&quot;--arg 1\&quot;&quot;,&quot;--arg 1&quot;)" methodname="GetArgsFromCommandLine" classname="NUnitLite.Tests.CommandLineTests" runstate="Runnable" seed="283768988" result="Passed" start-time="2018-10-06 20:00:45Z" end-time="2018-10-06 20:00:45Z" duration="0.000144" asserts="1" />
            <test-case id="1104" name="GetArgsFromCommandLine(&quot;\&quot;--arg abc\&quot;&quot;,&quot;--arg abc&quot;)" fullname="NUnitLite.Tests.CommandLineTests.GetArgsFromCommandLine(&quot;\&quot;--arg abc\&quot;&quot;,&quot;--arg abc&quot;)" methodname="GetArgsFromCommandLine" classname="NUnitLite.Tests.CommandLineTests" runstate="Runnable" seed="1660262700" result="Passed" start-time="2018-10-06 20:00:45Z" end-time="2018-10-06 20:00:45Z" duration="0.000127" asserts="1" />
            <test-case id="1105" name="GetArgsFromCommandLine(&quot;\&quot;--arg   abc\&quot;&quot;,&quot;--arg   abc&quot;)" fullname="NUnitLite.Tests.CommandLineTests.GetArgsFromCommandLine(&quot;\&quot;--arg   abc\&quot;&quot;,&quot;--arg   abc&quot;)" methodname="GetArgsFromCommandLine" classname="NUnitLite.Tests.CommandLineTests" runstate="Runnable" seed="182095032" result="Passed" start-time="2018-10-06 20:00:45Z" end-time="2018-10-06 20:00:45Z" duration="0.000116" asserts="1" />
            <test-case id="1106" name="GetArgsFromCommandLine(&quot;\&quot; --arg   abc \&quot;&quot;,&quot; --arg   abc &quot;)" fullname="NUnitLite.Tests.CommandLineTests.GetArgsFromCommandLine(&quot;\&quot; --arg   abc \&quot;&quot;,&quot; --arg   abc &quot;)" methodname="GetArgsFromCommandLine" classname="NUnitLite.Tests.CommandLineTests" runstate="Runnable" seed="668780067" result="Passed" start-time="2018-10-06 20:00:45Z" end-time="2018-10-06 20:00:45Z" duration="0.000098" asserts="1" />
            <test-case id="1107" name="GetArgsFromCommandLine(&quot;\&quot;--arg=abc\&quot;&quot;,&quot;--arg=abc&quot;)" fullname="NUnitLite.Tests.CommandLineTests.GetArgsFromCommandLine(&quot;\&quot;--arg=abc\&quot;&quot;,&quot;--arg=abc&quot;)" methodname="GetArgsFromCommandLine" classname="NUnitLite.Tests.CommandLineTests" runstate="Runnable" seed="102794993" result="Passed" start-time="2018-10-06 20:00:45Z" end-time="2018-10-06 20:00:45Z" duration="0.000096" asserts="1" />
            <test-case id="1108" name="GetArgsFromCommandLine(&quot;\&quot;--arg=aBc\&quot;&quot;,&quot;--arg=aBc&quot;)" fullname="NUnitLite.Tests.CommandLineTests.GetArgsFromCommandLine(&quot;\&quot;--arg=aBc\&quot;&quot;,&quot;--arg=aBc&quot;)" methodname="GetArgsFromCommandLine" classname="NUnitLite.Tests.CommandLineTests" runstate="Runnable" seed="1776890104" result="Passed" start-time="2018-10-06 20:00:45Z" end-time="2018-10-06 20:00:45Z" duration="0.000098" asserts="1" />
            <test-case id="1109" name="GetArgsFromCommandLine(&quot;\&quot;--arg = abc\&quot;&quot;,&quot;--arg = abc&quot;)" fullname="NUnitLite.Tests.CommandLineTests.GetArgsFromCommandLine(&quot;\&quot;--arg = abc\&quot;&quot;,&quot;--arg = abc&quot;)" methodname="GetArgsFromCommandLine" classname="NUnitLite.Tests.CommandLineTests" runstate="Runnable" seed="1150041850" result="Passed" start-time="2018-10-06 20:00:45Z" end-time="2018-10-06 20:00:45Z" duration="0.000207" asserts="1" />
            <test-case id="1110" name="GetArgsFromCommandLine(&quot;\&quot;--arg=abc,xyz\&quot;&quot;,&quot;--arg=abc,xyz&quot;)" fullname="NUnitLite.Tests.CommandLineTests.GetArgsFromCommandLine(&quot;\&quot;--arg=abc,xyz\&quot;&quot;,&quot;--arg=abc,xyz&quot;)" methodname="GetArgsFromCommandLine" classname="NUnitLite.Tests.CommandLineTests" runstate="Runnable" seed="946988424" result="Passed" start-time="2018-10-06 20:00:45Z" end-time="2018-10-06 20:00:45Z" duration="0.000098" asserts="1" />
            <test-case id="1111" name="GetArgsFromCommandLine(&quot;\&quot;--arg=abc, xyz\&quot;&quot;,&quot;--arg=abc, xyz&quot;)" fullname="NUnitLite.Tests.CommandLineTests.GetArgsFromCommandLine(&quot;\&quot;--arg=abc, xyz\&quot;&quot;,&quot;--arg=abc, xyz&quot;)" methodname="GetArgsFromCommandLine" classname="NUnitLite.Tests.CommandLineTests" runstate="Runnable" seed="329015270" result="Passed" start-time="2018-10-06 20:00:45Z" end-time="2018-10-06 20:00:45Z" duration="0.000086" asserts="1" />
            <test-case id="1112" name="GetArgsFromCommandLine(&quot;\&quot;@arg = ~ ` ! @ # $ % ^ &amp; * ( ) _ - : ; + ' ' { } [ ] | \\ ? / . , , xYz\&quot;&quot;,&quot;@arg = ~ ` ! @ # $ % ^ &amp; * ( ) _ - : ; + ' ' { } [ ] | \\ ? / . , , xYz&quot;)" fullname="NUnitLite.Tests.CommandLineTests.GetArgsFromCommandLine(&quot;\&quot;@arg = ~ ` ! @ # $ % ^ &amp; * ( ) _ - : ; + ' ' { } [ ] | \\ ? / . , , xYz\&quot;&quot;,&quot;@arg = ~ ` ! @ # $ % ^ &amp; * ( ) _ - : ; + ' ' { } [ ] | \\ ? / . , , xYz&quot;)" methodname="GetArgsFromCommandLine" classname="NUnitLite.Tests.CommandLineTests" runstate="Runnable" seed="1596248905" result="Passed" start-time="2018-10-06 20:00:45Z" end-time="2018-10-06 20:00:45Z" duration="0.000097" asserts="1" />
          </test-suite>
          <test-suite type="ParameterizedMethod" id="1137" name="GetArgsFromFiles" fullname="NUnitLite.Tests.CommandLineTests.GetArgsFromFiles" classname="NUnitLite.Tests.CommandLineTests" runstate="Runnable" testcasecount="23" result="Passed" start-time="2018-10-06 20:00:45Z" end-time="2018-10-06 20:00:45Z" duration="0.091182" total="23" passed="23" failed="0" warnings="0" inconclusive="0" skipped="0" asserts="46">
            <test-case id="1114" name="GetArgsFromFiles(&quot;--arg1 @file1.txt --arg2&quot;,&quot;file1.txt:--filearg1 --filearg2&quot;,&quot;--arg1&quot;,&quot;--filearg1&quot;,&quot;--filearg2&quot;,&quot;--arg2&quot;)" fullname="NUnitLite.Tests.CommandLineTests.GetArgsFromFiles(&quot;--arg1 @file1.txt --arg2&quot;,&quot;file1.txt:--filearg1 --filearg2&quot;,&quot;--arg1&quot;,&quot;--filearg1&quot;,&quot;--filearg2&quot;,&quot;--arg2&quot;)" methodname="GetArgsFromFiles" classname="NUnitLite.Tests.CommandLineTests" runstate="Runnable" seed="467054114" result="Passed" start-time="2018-10-06 20:00:45Z" end-time="2018-10-06 20:00:45Z" duration="0.013705" asserts="2" />
            <test-case id="1115" name="GetArgsFromFiles(&quot;--arg1 @file1.txt --arg2&quot;,&quot;file1.txt:--filearg1\r\n--filearg2&quot;,&quot;--arg1&quot;,&quot;--filearg1&quot;,&quot;--filearg2&quot;,&quot;--arg2&quot;)" fullname="NUnitLite.Tests.CommandLineTests.GetArgsFromFiles(&quot;--arg1 @file1.txt --arg2&quot;,&quot;file1.txt:--filearg1\r\n--filearg2&quot;,&quot;--arg1&quot;,&quot;--filearg1&quot;,&quot;--filearg2&quot;,&quot;--arg2&quot;)" methodname="GetArgsFromFiles" classname="NUnitLite.Tests.CommandLineTests" runstate="Runnable" seed="1392852768" result="Passed" start-time="2018-10-06 20:00:45Z" end-time="2018-10-06 20:00:45Z" duration="0.002638" asserts="2" />
            <test-case id="1116" name="GetArgsFromFiles(&quot;--arg1 @file1.txt --arg2&quot;,&quot;file1.txt:--filearg1 data&quot;,&quot;--arg1&quot;,&quot;--filearg1&quot;,&quot;data&quot;,&quot;--arg2&quot;)" fullname="NUnitLite.Tests.CommandLineTests.GetArgsFromFiles(&quot;--arg1 @file1.txt --arg2&quot;,&quot;file1.txt:--filearg1 data&quot;,&quot;--arg1&quot;,&quot;--filearg1&quot;,&quot;data&quot;,&quot;--arg2&quot;)" methodname="GetArgsFromFiles" classname="NUnitLite.Tests.CommandLineTests" runstate="Runnable" seed="1725555117" result="Passed" start-time="2018-10-06 20:00:45Z" end-time="2018-10-06 20:00:45Z" duration="0.002376" asserts="2" />
            <test-case id="1117" name="GetArgsFromFiles(&quot;--arg1 @file1.txt --arg2&quot;,&quot;file1.txt:--filearg1 \&quot;data in quotes\&quot;&quot;,&quot;--arg1&quot;,&quot;--filearg1&quot;,&quot;data in quotes&quot;,&quot;--arg2&quot;)" fullname="NUnitLite.Tests.CommandLineTests.GetArgsFromFiles(&quot;--arg1 @file1.txt --arg2&quot;,&quot;file1.txt:--filearg1 \&quot;data in quotes\&quot;&quot;,&quot;--arg1&quot;,&quot;--filearg1&quot;,&quot;data in quotes&quot;,&quot;--arg2&quot;)" methodname="GetArgsFromFiles" classname="NUnitLite.Tests.CommandLineTests" runstate="Runnable" seed="11864826" result="Passed" start-time="2018-10-06 20:00:45Z" end-time="2018-10-06 20:00:45Z" duration="0.003178" asserts="2" />
            <test-case id="1118" name="GetArgsFromFiles(&quot;--arg1 @file1.txt --arg2&quot;,&quot;file1.txt:--filearg1 \&quot;data in quotes with 'single' quotes\&quot;&quot;,&quot;--arg1&quot;,&quot;--filearg1&quot;,&quot;data in quotes with 'single' quotes&quot;,&quot;--arg2&quot;)" fullname="NUnitLite.Tests.CommandLineTests.GetArgsFromFiles(&quot;--arg1 @file1.txt --arg2&quot;,&quot;file1.txt:--filearg1 \&quot;data in quotes with 'single' quotes\&quot;&quot;,&quot;--arg1&quot;,&quot;--filearg1&quot;,&quot;data in quotes with 'single' quotes&quot;,&quot;--arg2&quot;)" methodname="GetArgsFromFiles" classname="NUnitLite.Tests.CommandLineTests" runstate="Runnable" seed="470282927" result="Passed" start-time="2018-10-06 20:00:45Z" end-time="2018-10-06 20:00:45Z" duration="0.002769" asserts="2" />
            <test-case id="1119" name="GetArgsFromFiles(&quot;--arg1 @file1.txt --arg2&quot;,&quot;file1.txt:--filearg1 \&quot;data in quotes with /slashes/\&quot;&quot;,&quot;--arg1&quot;,&quot;--filearg1&quot;,&quot;data in quotes with /slashes/&quot;,&quot;--arg2&quot;)" fullname="NUnitLite.Tests.CommandLineTests.GetArgsFromFiles(&quot;--arg1 @file1.txt --arg2&quot;,&quot;file1.txt:--filearg1 \&quot;data in quotes with /slashes/\&quot;&quot;,&quot;--arg1&quot;,&quot;--filearg1&quot;,&quot;data in quotes with /slashes/&quot;,&quot;--arg2&quot;)" methodname="GetArgsFromFiles" classname="NUnitLite.Tests.CommandLineTests" runstate="Runnable" seed="1599915058" result="Passed" start-time="2018-10-06 20:00:45Z" end-time="2018-10-06 20:00:45Z" duration="0.002779" asserts="2" />
            <test-case id="1120" name="GetArgsFromFiles(&quot;--arg1 @file1.txt --arg2 @file2.txt&quot;,&quot;file1.txt:--filearg1 --filearg2,file2.txt:--filearg3&quot;,&quot;--arg1&quot;,&quot;--filearg1&quot;,&quot;--filearg2&quot;,&quot;--arg2&quot;,&quot;--filearg3&quot;)" fullname="NUnitLite.Tests.CommandLineTests.GetArgsFromFiles(&quot;--arg1 @file1.txt --arg2 @file2.txt&quot;,&quot;file1.txt:--filearg1 --filearg2,file2.txt:--filearg3&quot;,&quot;--arg1&quot;,&quot;--filearg1&quot;,&quot;--filearg2&quot;,&quot;--arg2&quot;,&quot;--filearg3&quot;)" methodname="GetArgsFromFiles" classname="NUnitLite.Tests.CommandLineTests" runstate="Runnable" seed="377427125" result="Passed" start-time="2018-10-06 20:00:45Z" end-time="2018-10-06 20:00:45Z" duration="0.003864" asserts="2" />
            <test-case id="1121" name="GetArgsFromFiles(&quot;--arg1 @file1.txt --arg2&quot;,&quot;file1.txt:&quot;,&quot;--arg1&quot;,&quot;--arg2&quot;)" fullname="NUnitLite.Tests.CommandLineTests.GetArgsFromFiles(&quot;--arg1 @file1.txt --arg2&quot;,&quot;file1.txt:&quot;,&quot;--arg1&quot;,&quot;--arg2&quot;)" methodname="GetArgsFromFiles" classname="NUnitLite.Tests.CommandLineTests" runstate="Runnable" seed="1610266783" result="Passed" start-time="2018-10-06 20:00:45Z" end-time="2018-10-06 20:00:45Z" duration="0.001557" asserts="2" />
            <test-case id="1122" name="GetArgsFromFiles(&quot;--arg1 @file1.txt --arg2&quot;,&quot;file1.txt:--fileArg1\n\n\n--fileArg2&quot;,&quot;--arg1&quot;,&quot;--fileArg1&quot;,&quot;--fileArg2&quot;,&quot;--arg2&quot;)" fullname="NUnitLite.Tests.CommandLineTests.GetArgsFromFiles(&quot;--arg1 @file1.txt --arg2&quot;,&quot;file1.txt:--fileArg1\n\n\n--fileArg2&quot;,&quot;--arg1&quot;,&quot;--fileArg1&quot;,&quot;--fileArg2&quot;,&quot;--arg2&quot;)" methodname="GetArgsFromFiles" classname="NUnitLite.Tests.CommandLineTests" runstate="Runnable" seed="895241756" result="Passed" start-time="2018-10-06 20:00:45Z" end-time="2018-10-06 20:00:45Z" duration="0.002126" asserts="2" />
            <test-case id="1123" name="GetArgsFromFiles(&quot;--arg1 @file1.txt --arg2&quot;,&quot;file1.txt:--fileArg1\n    \n\t\t\n--fileArg2&quot;,&quot;--arg1&quot;,&quot;--fileArg1&quot;,&quot;--fileArg2&quot;,&quot;--arg2&quot;)" fullname="NUnitLite.Tests.CommandLineTests.GetArgsFromFiles(&quot;--arg1 @file1.txt --arg2&quot;,&quot;file1.txt:--fileArg1\n    \n\t\t\n--fileArg2&quot;,&quot;--arg1&quot;,&quot;--fileArg1&quot;,&quot;--fileArg2&quot;,&quot;--arg2&quot;)" methodname="GetArgsFromFiles" classname="NUnitLite.Tests.CommandLineTests" runstate="Runnable" seed="1692760787" result="Passed" start-time="2018-10-06 20:00:45Z" end-time="2018-10-06 20:00:45Z" duration="0.001902" asserts="2" />
            <test-case id="1124" name="GetArgsFromFiles(&quot;--arg1 @file1.txt --arg2&quot;,&quot;file1.txt:--fileArg1\r\n\r\n\r\n--fileArg2&quot;,&quot;--arg1&quot;,&quot;--fileArg1&quot;,&quot;--fileArg2&quot;,&quot;--arg2&quot;)" fullname="NUnitLite.Tests.CommandLineTests.GetArgsFromFiles(&quot;--arg1 @file1.txt --arg2&quot;,&quot;file1.txt:--fileArg1\r\n\r\n\r\n--fileArg2&quot;,&quot;--arg1&quot;,&quot;--fileArg1&quot;,&quot;--fileArg2&quot;,&quot;--arg2&quot;)" methodname="GetArgsFromFiles" classname="NUnitLite.Tests.CommandLineTests" runstate="Runnable" seed="919698638" result="Passed" start-time="2018-10-06 20:00:45Z" end-time="2018-10-06 20:00:45Z" duration="0.002265" asserts="2" />
            <test-case id="1125" name="GetArgsFromFiles(&quot;--arg1 @file1.txt --arg2&quot;,&quot;file1.txt:--fileArg1\r\n    \r\n\t\t\r\n--fileArg2&quot;,&quot;--arg1&quot;,&quot;--fileArg1&quot;,&quot;--fileArg2&quot;,&quot;--arg2&quot;)" fullname="NUnitLite.Tests.CommandLineTests.GetArgsFromFiles(&quot;--arg1 @file1.txt --arg2&quot;,&quot;file1.txt:--fileArg1\r\n    \r\n\t\t\r\n--fileArg2&quot;,&quot;--arg1&quot;,&quot;--fileArg1&quot;,&quot;--fileArg2&quot;,&quot;--arg2&quot;)" methodname="GetArgsFromFiles" classname="NUnitLite.Tests.CommandLineTests" runstate="Runnable" seed="1522582845" result="Passed" start-time="2018-10-06 20:00:45Z" end-time="2018-10-06 20:00:45Z" duration="0.002232" asserts="2" />
            <test-case id="1126" name="GetArgsFromFiles(&quot;--arg1 @file1.txt --arg2&quot;,&quot;file1.txt:--filearg1 --filearg2\r\n\n--filearg3 --filearg4&quot;,&quot;--arg1&quot;,&quot;--filearg1&quot;,&quot;--filearg2&quot;,&quot;--filearg3&quot;,&quot;--filearg4&quot;,&quot;--arg2&quot;)" fullname="NUnitLite.Tests.CommandLineTests.GetArgsFromFiles(&quot;--arg1 @file1.txt --arg2&quot;,&quot;file1.txt:--filearg1 --filearg2\r\n\n--filearg3 --filearg4&quot;,&quot;--arg1&quot;,&quot;--filearg1&quot;,&quot;--filearg2&quot;,&quot;--filearg3&quot;,&quot;--filearg4&quot;,&quot;--arg2&quot;)" methodname="GetArgsFromFiles" classname="NUnitLite.Tests.CommandLineTests" runstate="Runnable" seed="1247679890" result="Passed" start-time="2018-10-06 20:00:45Z" end-time="2018-10-06 20:00:45Z" duration="0.003769" asserts="2" />
            <test-case id="1127" name="GetArgsFromFiles(&quot;--arg1 @file1.txt --arg2&quot;,&quot;file1.txt:--fileArg1\nThis is NOT treated as a COMMENT\n--fileArg2&quot;,&quot;--arg1&quot;,&quot;--fileArg1&quot;,&quot;This&quot;,&quot;is&quot;,&quot;NOT&quot;,&quot;treated&quot;,&quot;as&quot;,&quot;a&quot;,&quot;COMMENT&quot;,&quot;--fileArg2&quot;,&quot;--arg2&quot;)" fullname="NUnitLite.Tests.CommandLineTests.GetArgsFromFiles(&quot;--arg1 @file1.txt --arg2&quot;,&quot;file1.txt:--fileArg1\nThis is NOT treated as a COMMENT\n--fileArg2&quot;,&quot;--arg1&quot;,&quot;--fileArg1&quot;,&quot;This&quot;,&quot;is&quot;,&quot;NOT&quot;,&quot;treated&quot;,&quot;as&quot;,&quot;a&quot;,&quot;COMMENT&quot;,&quot;--fileArg2&quot;,&quot;--arg2&quot;)" methodname="GetArgsFromFiles" classname="NUnitLite.Tests.CommandLineTests" runstate="Runnable" seed="691084031" result="Passed" start-time="2018-10-06 20:00:45Z" end-time="2018-10-06 20:00:45Z" duration="0.002420" asserts="2" />
            <test-case id="1128" name="GetArgsFromFiles(&quot;--arg1 @file1.txt --arg2&quot;,&quot;file1.txt:--fileArg1\n#This is treated as a COMMENT\n--fileArg2&quot;,&quot;--arg1&quot;,&quot;--fileArg1&quot;,&quot;--fileArg2&quot;,&quot;--arg2&quot;)" fullname="NUnitLite.Tests.CommandLineTests.GetArgsFromFiles(&quot;--arg1 @file1.txt --arg2&quot;,&quot;file1.txt:--fileArg1\n#This is treated as a COMMENT\n--fileArg2&quot;,&quot;--arg1&quot;,&quot;--fileArg1&quot;,&quot;--fileArg2&quot;,&quot;--arg2&quot;)" methodname="GetArgsFromFiles" classname="NUnitLite.Tests.CommandLineTests" runstate="Runnable" seed="1828699883" result="Passed" start-time="2018-10-06 20:00:45Z" end-time="2018-10-06 20:00:45Z" duration="0.002406" asserts="2" />
            <test-case id="1129" name="GetArgsFromFiles(&quot;--arg1 @file1.txt --arg2 @file2.txt&quot;,&quot;file1.txt:--filearg1 --filearg2,file2.txt:--filearg3 @file3.txt,file3.txt:--filearg4&quot;,&quot;--arg1&quot;,&quot;--filearg1&quot;,&quot;--filearg2&quot;,&quot;--arg2&quot;,&quot;--filearg3&quot;,&quot;--filearg4&quot;)" fullname="NUnitLite.Tests.CommandLineTests.GetArgsFromFiles(&quot;--arg1 @file1.txt --arg2 @file2.txt&quot;,&quot;file1.txt:--filearg1 --filearg2,file2.txt:--filearg3 @file3.txt,file3.txt:--filearg4&quot;,&quot;--arg1&quot;,&quot;--filearg1&quot;,&quot;--filearg2&quot;,&quot;--arg2&quot;,&quot;--filearg3&quot;,&quot;--filearg4&quot;)" methodname="GetArgsFromFiles" classname="NUnitLite.Tests.CommandLineTests" runstate="Runnable" seed="801583050" result="Passed" start-time="2018-10-06 20:00:45Z" end-time="2018-10-06 20:00:45Z" duration="0.009709" asserts="2" />
            <test-case id="1130" name="GetArgsFromFiles(&quot;testfile.dll @file1.txt --arg2&quot;,&quot;file1.txt:--where test==somelongname&quot;,&quot;testfile.dll&quot;,&quot;--where&quot;,&quot;test==somelongname&quot;,&quot;--arg2&quot;)" fullname="NUnitLite.Tests.CommandLineTests.GetArgsFromFiles(&quot;testfile.dll @file1.txt --arg2&quot;,&quot;file1.txt:--where test==somelongname&quot;,&quot;testfile.dll&quot;,&quot;--where&quot;,&quot;test==somelongname&quot;,&quot;--arg2&quot;)" methodname="GetArgsFromFiles" classname="NUnitLite.Tests.CommandLineTests" runstate="Runnable" seed="188454078" result="Passed" start-time="2018-10-06 20:00:45Z" end-time="2018-10-06 20:00:45Z" duration="0.007067" asserts="2" />
            <test-case id="1131" name="GetArgsFromFiles(&quot;testfile.dll @file1.txt --arg2&quot;,&quot;file1.txt:--where test == somelongname&quot;,&quot;testfile.dll&quot;,&quot;--where&quot;,&quot;test&quot;,&quot;==&quot;,&quot;somelongname&quot;,&quot;--arg2&quot;)" fullname="NUnitLite.Tests.CommandLineTests.GetArgsFromFiles(&quot;testfile.dll @file1.txt --arg2&quot;,&quot;file1.txt:--where test == somelongname&quot;,&quot;testfile.dll&quot;,&quot;--where&quot;,&quot;test&quot;,&quot;==&quot;,&quot;somelongname&quot;,&quot;--arg2&quot;)" methodname="GetArgsFromFiles" classname="NUnitLite.Tests.CommandLineTests" runstate="Runnable" seed="1298867627" result="Passed" start-time="2018-10-06 20:00:45Z" end-time="2018-10-06 20:00:45Z" duration="0.003402" asserts="2" />
            <test-case id="1132" name="GetArgsFromFiles(&quot;testfile.dll @file1.txt --arg2&quot;,&quot;file1.txt:--where \&quot;test == somelongname\&quot;&quot;,&quot;testfile.dll&quot;,&quot;--where&quot;,&quot;test == somelongname&quot;,&quot;--arg2&quot;)" fullname="NUnitLite.Tests.CommandLineTests.GetArgsFromFiles(&quot;testfile.dll @file1.txt --arg2&quot;,&quot;file1.txt:--where \&quot;test == somelongname\&quot;&quot;,&quot;testfile.dll&quot;,&quot;--where&quot;,&quot;test == somelongname&quot;,&quot;--arg2&quot;)" methodname="GetArgsFromFiles" classname="NUnitLite.Tests.CommandLineTests" runstate="Runnable" seed="1180007772" result="Passed" start-time="2018-10-06 20:00:45Z" end-time="2018-10-06 20:00:45Z" duration="0.002203" asserts="2" />
            <test-case id="1133" name="GetArgsFromFiles(&quot;testfile.dll @file1.txt --arg2&quot;,&quot;file1.txt:--where\n    \&quot;test == somelongname\&quot;&quot;,&quot;testfile.dll&quot;,&quot;--where&quot;,&quot;test == somelongname&quot;,&quot;--arg2&quot;)" fullname="NUnitLite.Tests.CommandLineTests.GetArgsFromFiles(&quot;testfile.dll @file1.txt --arg2&quot;,&quot;file1.txt:--where\n    \&quot;test == somelongname\&quot;&quot;,&quot;testfile.dll&quot;,&quot;--where&quot;,&quot;test == somelongname&quot;,&quot;--arg2&quot;)" methodname="GetArgsFromFiles" classname="NUnitLite.Tests.CommandLineTests" runstate="Runnable" seed="1751693523" result="Passed" start-time="2018-10-06 20:00:45Z" end-time="2018-10-06 20:00:45Z" duration="0.005793" asserts="2" />
            <test-case id="1134" name="GetArgsFromFiles(&quot;testfile.dll @file1.txt --arg2&quot;,&quot;file1.txt:--where\n    \&quot;test == somelongname or test == /another long name/ or cat == SomeCategory\&quot;&quot;,&quot;testfile.dll&quot;,&quot;--where&quot;,&quot;test == somelongname or test == /another long name/ or cat == SomeCategory&quot;,&quot;--arg2&quot;)" fullname="NUnitLite.Tests.CommandLineTests.GetArgsFromFiles(&quot;testfile.dll @file1.txt --arg2&quot;,&quot;file1.txt:--where\n    \&quot;test == somelongname or test == /another long name/ or cat == SomeCategory\&quot;&quot;,&quot;testfile.dll&quot;,&quot;--where&quot;,&quot;test == somelongname or test == /another long name/ or cat == SomeCategory&quot;,&quot;--arg2&quot;)" methodname="GetArgsFromFiles" classname="NUnitLite.Tests.CommandLineTests" runstate="Runnable" seed="1060087224" result="Passed" start-time="2018-10-06 20:00:45Z" end-time="2018-10-06 20:00:45Z" duration="0.002397" asserts="2" />
            <test-case id="1135" name="GetArgsFromFiles(&quot;testfile.dll @file1.txt --arg2&quot;,&quot;file1.txt:--where\n    \&quot;test == somelongname or\ntest == /another long name/ or\ncat == SomeCategory\&quot;&quot;,&quot;testfile.dll&quot;,&quot;--where&quot;,&quot;test == somelongname or test == /another long name/ or cat == SomeCategory&quot;,&quot;--arg2&quot;)" fullname="NUnitLite.Tests.CommandLineTests.GetArgsFromFiles(&quot;testfile.dll @file1.txt --arg2&quot;,&quot;file1.txt:--where\n    \&quot;test == somelongname or\ntest == /another long name/ or\ncat == SomeCategory\&quot;&quot;,&quot;testfile.dll&quot;,&quot;--where&quot;,&quot;test == somelongname or test == /another long name/ or cat == SomeCategory&quot;,&quot;--arg2&quot;)" methodname="GetArgsFromFiles" classname="NUnitLite.Tests.CommandLineTests" runstate="Runnable" seed="737733322" result="Passed" start-time="2018-10-06 20:00:45Z" end-time="2018-10-06 20:00:45Z" duration="0.006761" asserts="2" />
            <test-case id="1136" name="GetArgsFromFiles(&quot;testfile.dll @file1.txt --arg2&quot;,&quot;file1.txt:--where\n    \&quot;test == somelongname ||\ntest == /another long name/ ||\ncat == SomeCategory\&quot;&quot;,&quot;testfile.dll&quot;,&quot;--where&quot;,&quot;test == somelongname || test == /another long name/ || cat == SomeCategory&quot;,&quot;--arg2&quot;)" fullname="NUnitLite.Tests.CommandLineTests.GetArgsFromFiles(&quot;testfile.dll @file1.txt --arg2&quot;,&quot;file1.txt:--where\n    \&quot;test == somelongname ||\ntest == /another long name/ ||\ncat == SomeCategory\&quot;&quot;,&quot;testfile.dll&quot;,&quot;--where&quot;,&quot;test == somelongname || test == /another long name/ || cat == SomeCategory&quot;,&quot;--arg2&quot;)" methodname="GetArgsFromFiles" classname="NUnitLite.Tests.CommandLineTests" runstate="Runnable" seed="2132018011" result="Passed" start-time="2018-10-06 20:00:45Z" end-time="2018-10-06 20:00:45Z" duration="0.002511" asserts="2" />
          </test-suite>
          <test-suite type="ParameterizedMethod" id="1140" name="GetArgsFromFiles_FailureTests" fullname="NUnitLite.Tests.CommandLineTests.GetArgsFromFiles_FailureTests" classname="NUnitLite.Tests.CommandLineTests" runstate="Runnable" testcasecount="2" result="Passed" start-time="2018-10-06 20:00:45Z" end-time="2018-10-06 20:00:45Z" duration="0.001715" total="2" passed="2" failed="0" warnings="0" inconclusive="0" skipped="0" asserts="2">
            <test-case id="1138" name="GetArgsFromFiles_FailureTests(&quot;--arg1 @file1.txt --arg2&quot;,&quot;The file \&quot;file1.txt\&quot; was not found.&quot;)" fullname="NUnitLite.Tests.CommandLineTests.GetArgsFromFiles_FailureTests(&quot;--arg1 @file1.txt --arg2&quot;,&quot;The file \&quot;file1.txt\&quot; was not found.&quot;)" methodname="GetArgsFromFiles_FailureTests" classname="NUnitLite.Tests.CommandLineTests" runstate="Runnable" seed="516121349" result="Passed" start-time="2018-10-06 20:00:45Z" end-time="2018-10-06 20:00:45Z" duration="0.001436" asserts="1" />
            <test-case id="1139" name="GetArgsFromFiles_FailureTests(&quot;--arg1 @ --arg2&quot;,&quot;You must include a file name after @.&quot;)" fullname="NUnitLite.Tests.CommandLineTests.GetArgsFromFiles_FailureTests(&quot;--arg1 @ --arg2&quot;,&quot;You must include a file name after @.&quot;)" methodname="GetArgsFromFiles_FailureTests" classname="NUnitLite.Tests.CommandLineTests" runstate="Runnable" seed="162010460" result="Passed" start-time="2018-10-06 20:00:45Z" end-time="2018-10-06 20:00:45Z" duration="0.000151" asserts="1" />
          </test-suite>
          <test-case id="1184" name="InvalidCommandLineParms" fullname="NUnitLite.Tests.CommandLineTests.InvalidCommandLineParms" methodname="InvalidCommandLineParms" classname="NUnitLite.Tests.CommandLineTests" runstate="Runnable" seed="410081900" result="Passed" start-time="2018-10-06 20:00:45Z" end-time="2018-10-06 20:00:45Z" duration="0.004363" asserts="4" />
          <test-case id="1183" name="InvalidOption" fullname="NUnitLite.Tests.CommandLineTests.InvalidOption" methodname="InvalidOption" classname="NUnitLite.Tests.CommandLineTests" runstate="Runnable" seed="1644362365" result="Passed" start-time="2018-10-06 20:00:45Z" end-time="2018-10-06 20:00:45Z" duration="0.000693" asserts="3" />
          <test-case id="1197" name="InvalidResultSpecRecordsError" fullname="NUnitLite.Tests.CommandLineTests.InvalidResultSpecRecordsError" methodname="InvalidResultSpecRecordsError" classname="NUnitLite.Tests.CommandLineTests" runstate="Runnable" seed="1204534749" result="Passed" start-time="2018-10-06 20:00:45Z" end-time="2018-10-06 20:00:45Z" duration="0.011541" asserts="2" />
          <test-suite type="ParameterizedMethod" id="1178" name="MissingValuesAreReported" fullname="NUnitLite.Tests.CommandLineTests.MissingValuesAreReported" classname="NUnitLite.Tests.CommandLineTests" runstate="Runnable" testcasecount="8" result="Passed" start-time="2018-10-06 20:00:45Z" end-time="2018-10-06 20:00:45Z" duration="0.001337" total="8" passed="8" failed="0" warnings="0" inconclusive="0" skipped="0" asserts="16">
            <test-case id="1170" name="MissingValuesAreReported(&quot;--where&quot;)" fullname="NUnitLite.Tests.CommandLineTests.MissingValuesAreReported(&quot;--where&quot;)" methodname="MissingValuesAreReported" classname="NUnitLite.Tests.CommandLineTests" runstate="Runnable" seed="1000547925" result="Passed" start-time="2018-10-06 20:00:45Z" end-time="2018-10-06 20:00:45Z" duration="0.000515" asserts="2" />
            <test-case id="1171" name="MissingValuesAreReported(&quot;--output&quot;)" fullname="NUnitLite.Tests.CommandLineTests.MissingValuesAreReported(&quot;--output&quot;)" methodname="MissingValuesAreReported" classname="NUnitLite.Tests.CommandLineTests" runstate="Runnable" seed="1410769769" result="Passed" start-time="2018-10-06 20:00:45Z" end-time="2018-10-06 20:00:45Z" duration="0.000091" asserts="2" />
            <test-case id="1172" name="MissingValuesAreReported(&quot;--err&quot;)" fullname="NUnitLite.Tests.CommandLineTests.MissingValuesAreReported(&quot;--err&quot;)" methodname="MissingValuesAreReported" classname="NUnitLite.Tests.CommandLineTests" runstate="Runnable" seed="1326576198" result="Passed" start-time="2018-10-06 20:00:45Z" end-time="2018-10-06 20:00:45Z" duration="0.000091" asserts="2" />
            <test-case id="1173" name="MissingValuesAreReported(&quot;--work&quot;)" fullname="NUnitLite.Tests.CommandLineTests.MissingValuesAreReported(&quot;--work&quot;)" methodname="MissingValuesAreReported" classname="NUnitLite.Tests.CommandLineTests" runstate="Runnable" seed="136917293" result="Passed" start-time="2018-10-06 20:00:45Z" end-time="2018-10-06 20:00:45Z" duration="0.000114" asserts="2" />
            <test-case id="1174" name="MissingValuesAreReported(&quot;--trace&quot;)" fullname="NUnitLite.Tests.CommandLineTests.MissingValuesAreReported(&quot;--trace&quot;)" methodname="MissingValuesAreReported" classname="NUnitLite.Tests.CommandLineTests" runstate="Runnable" seed="2095757227" result="Passed" start-time="2018-10-06 20:00:45Z" end-time="2018-10-06 20:00:45Z" duration="0.000088" asserts="2" />
            <test-case id="1175" name="MissingValuesAreReported(&quot;--test&quot;)" fullname="NUnitLite.Tests.CommandLineTests.MissingValuesAreReported(&quot;--test&quot;)" methodname="MissingValuesAreReported" classname="NUnitLite.Tests.CommandLineTests" runstate="Runnable" seed="1288916338" result="Passed" start-time="2018-10-06 20:00:45Z" end-time="2018-10-06 20:00:45Z" duration="0.000086" asserts="2" />
            <test-case id="1176" name="MissingValuesAreReported(&quot;--prefilter&quot;)" fullname="NUnitLite.Tests.CommandLineTests.MissingValuesAreReported(&quot;--prefilter&quot;)" methodname="MissingValuesAreReported" classname="NUnitLite.Tests.CommandLineTests" runstate="Runnable" seed="820430303" result="Passed" start-time="2018-10-06 20:00:45Z" end-time="2018-10-06 20:00:45Z" duration="0.000079" asserts="2" />
            <test-case id="1177" name="MissingValuesAreReported(&quot;--timeout&quot;)" fullname="NUnitLite.Tests.CommandLineTests.MissingValuesAreReported(&quot;--timeout&quot;)" methodname="MissingValuesAreReported" classname="NUnitLite.Tests.CommandLineTests" runstate="Runnable" seed="621545667" result="Passed" start-time="2018-10-06 20:00:45Z" end-time="2018-10-06 20:00:45Z" duration="0.000090" asserts="2" />
          </test-suite>
          <test-case id="1180" name="MultipleAssembliesAreInvalidByDefault" fullname="NUnitLite.Tests.CommandLineTests.MultipleAssembliesAreInvalidByDefault" methodname="MultipleAssembliesAreInvalidByDefault" classname="NUnitLite.Tests.CommandLineTests" runstate="Runnable" seed="1212602846" result="Passed" start-time="2018-10-06 20:00:45Z" end-time="2018-10-06 20:00:45Z" duration="0.000844" asserts="4" />
          <test-case id="1182" name="MultipleAssembliesAreInvalidEvenIfOneIsAllowed" fullname="NUnitLite.Tests.CommandLineTests.MultipleAssembliesAreInvalidEvenIfOneIsAllowed" methodname="MultipleAssembliesAreInvalidEvenIfOneIsAllowed" classname="NUnitLite.Tests.CommandLineTests" runstate="Runnable" seed="1332006499" result="Passed" start-time="2018-10-06 20:00:45Z" end-time="2018-10-06 20:00:45Z" duration="0.000658" asserts="3" />
          <test-case id="1141" name="NoInputFiles" fullname="NUnitLite.Tests.CommandLineTests.NoInputFiles" methodname="NoInputFiles" classname="NUnitLite.Tests.CommandLineTests" runstate="Runnable" seed="1481595462" result="Passed" start-time="2018-10-06 20:00:45Z" end-time="2018-10-06 20:00:45Z" duration="0.000451" asserts="2" />
          <test-case id="1196" name="NoResultSuppressesAllResultSpecifications" fullname="NUnitLite.Tests.CommandLineTests.NoResultSuppressesAllResultSpecifications" methodname="NoResultSuppressesAllResultSpecifications" classname="NUnitLite.Tests.CommandLineTests" runstate="Runnable" seed="201224507" result="Passed" start-time="2018-10-06 20:00:45Z" end-time="2018-10-06 20:00:45Z" duration="0.000527" asserts="1" />
          <test-case id="1195" name="NoResultSuppressesDefaultResultSpecification" fullname="NUnitLite.Tests.CommandLineTests.NoResultSuppressesDefaultResultSpecification" methodname="NoResultSuppressesDefaultResultSpecification" classname="NUnitLite.Tests.CommandLineTests" runstate="Runnable" seed="921509950" result="Passed" start-time="2018-10-06 20:00:45Z" end-time="2018-10-06 20:00:45Z" duration="0.000370" asserts="1" />
          <test-case id="1213" name="ParameterWithoutEqualSignIsInvalid" fullname="NUnitLite.Tests.CommandLineTests.ParameterWithoutEqualSignIsInvalid" methodname="ParameterWithoutEqualSignIsInvalid" classname="NUnitLite.Tests.CommandLineTests" runstate="Runnable" seed="81176065" result="Passed" start-time="2018-10-06 20:00:45Z" end-time="2018-10-06 20:00:45Z" duration="0.001391" asserts="1" />
          <test-case id="1193" name="ResultOptionMayBeRepeated" fullname="NUnitLite.Tests.CommandLineTests.ResultOptionMayBeRepeated" methodname="ResultOptionMayBeRepeated" classname="NUnitLite.Tests.CommandLineTests" runstate="Runnable" seed="1147987649" result="Passed" start-time="2018-10-06 20:00:45Z" end-time="2018-10-06 20:00:45Z" duration="0.001433" asserts="6" />
          <test-case id="1190" name="ResultOptionWithFilePath" fullname="NUnitLite.Tests.CommandLineTests.ResultOptionWithFilePath" methodname="ResultOptionWithFilePath" classname="NUnitLite.Tests.CommandLineTests" runstate="Runnable" seed="1069012652" result="Passed" start-time="2018-10-06 20:00:45Z" end-time="2018-10-06 20:00:45Z" duration="0.000934" asserts="3" />
          <test-case id="1191" name="ResultOptionWithFilePathAndFormat" fullname="NUnitLite.Tests.CommandLineTests.ResultOptionWithFilePathAndFormat" methodname="ResultOptionWithFilePathAndFormat" classname="NUnitLite.Tests.CommandLineTests" runstate="Runnable" seed="1109288674" result="Passed" start-time="2018-10-06 20:00:45Z" end-time="2018-10-06 20:00:45Z" duration="0.000802" asserts="3" />
          <test-case id="1192" name="ResultOptionWithoutFileNameIsInvalid" fullname="NUnitLite.Tests.CommandLineTests.ResultOptionWithoutFileNameIsInvalid" methodname="ResultOptionWithoutFileNameIsInvalid" classname="NUnitLite.Tests.CommandLineTests" runstate="Runnable" seed="98668555" result="Passed" start-time="2018-10-06 20:00:45Z" end-time="2018-10-06 20:00:45Z" duration="0.000643" asserts="2" />
          <test-suite type="ParameterizedMethod" id="1208" name="ShouldSetTeamCityFlagAccordingToArgsAndDefaults" fullname="NUnitLite.Tests.CommandLineTests.ShouldSetTeamCityFlagAccordingToArgsAndDefaults" classname="NUnitLite.Tests.CommandLineTests" runstate="Runnable" testcasecount="6" result="Passed" start-time="2018-10-06 20:00:45Z" end-time="2018-10-06 20:00:45Z" duration="0.002884" total="6" passed="6" failed="0" warnings="0" inconclusive="0" skipped="0" asserts="6">
            <test-case id="1202" name="ShouldSetTeamCityFlagAccordingToArgsAndDefaults(True,null,True)" fullname="NUnitLite.Tests.CommandLineTests.ShouldSetTeamCityFlagAccordingToArgsAndDefaults(True,null,True)" methodname="ShouldSetTeamCityFlagAccordingToArgsAndDefaults" classname="NUnitLite.Tests.CommandLineTests" runstate="Runnable" seed="778493314" result="Passed" start-time="2018-10-06 20:00:45Z" end-time="2018-10-06 20:00:45Z" duration="0.000918" asserts="1" />
            <test-case id="1203" name="ShouldSetTeamCityFlagAccordingToArgsAndDefaults(False,null,False)" fullname="NUnitLite.Tests.CommandLineTests.ShouldSetTeamCityFlagAccordingToArgsAndDefaults(False,null,False)" methodname="ShouldSetTeamCityFlagAccordingToArgsAndDefaults" classname="NUnitLite.Tests.CommandLineTests" runstate="Runnable" seed="863172720" result="Passed" start-time="2018-10-06 20:00:45Z" end-time="2018-10-06 20:00:45Z" duration="0.000124" asserts="1" />
            <test-case id="1204" name="ShouldSetTeamCityFlagAccordingToArgsAndDefaults(True,False,True)" fullname="NUnitLite.Tests.CommandLineTests.ShouldSetTeamCityFlagAccordingToArgsAndDefaults(True,False,True)" methodname="ShouldSetTeamCityFlagAccordingToArgsAndDefaults" classname="NUnitLite.Tests.CommandLineTests" runstate="Runnable" seed="1594637746" result="Passed" start-time="2018-10-06 20:00:45Z" end-time="2018-10-06 20:00:45Z" duration="0.001246" asserts="1" />
            <test-case id="1205" name="ShouldSetTeamCityFlagAccordingToArgsAndDefaults(False,False,False)" fullname="NUnitLite.Tests.CommandLineTests.ShouldSetTeamCityFlagAccordingToArgsAndDefaults(False,False,False)" methodname="ShouldSetTeamCityFlagAccordingToArgsAndDefaults" classname="NUnitLite.Tests.CommandLineTests" runstate="Runnable" seed="1004110475" result="Passed" start-time="2018-10-06 20:00:45Z" end-time="2018-10-06 20:00:45Z" duration="0.000182" asserts="1" />
            <test-case id="1206" name="ShouldSetTeamCityFlagAccordingToArgsAndDefaults(True,True,True)" fullname="NUnitLite.Tests.CommandLineTests.ShouldSetTeamCityFlagAccordingToArgsAndDefaults(True,True,True)" methodname="ShouldSetTeamCityFlagAccordingToArgsAndDefaults" classname="NUnitLite.Tests.CommandLineTests" runstate="Runnable" seed="2059057345" result="Passed" start-time="2018-10-06 20:00:45Z" end-time="2018-10-06 20:00:45Z" duration="0.000149" asserts="1" />
            <test-case id="1207" name="ShouldSetTeamCityFlagAccordingToArgsAndDefaults(False,True,True)" fullname="NUnitLite.Tests.CommandLineTests.ShouldSetTeamCityFlagAccordingToArgsAndDefaults(False,True,True)" methodname="ShouldSetTeamCityFlagAccordingToArgsAndDefaults" classname="NUnitLite.Tests.CommandLineTests" runstate="Runnable" seed="1158965663" result="Passed" start-time="2018-10-06 20:00:45Z" end-time="2018-10-06 20:00:45Z" duration="0.000090" asserts="1" />
          </test-suite>
          <test-case id="1209" name="SingleTestParameter" fullname="NUnitLite.Tests.CommandLineTests.SingleTestParameter" methodname="SingleTestParameter" classname="NUnitLite.Tests.CommandLineTests" runstate="Runnable" seed="584927426" result="Passed" start-time="2018-10-06 20:00:45Z" end-time="2018-10-06 20:00:45Z" duration="0.006710" asserts="2" />
          <test-case id="1212" name="ThreeTestParametersInTwoOptions" fullname="NUnitLite.Tests.CommandLineTests.ThreeTestParametersInTwoOptions" methodname="ThreeTestParametersInTwoOptions" classname="NUnitLite.Tests.CommandLineTests" runstate="Runnable" seed="290477038" result="Passed" start-time="2018-10-06 20:00:45Z" end-time="2018-10-06 20:00:45Z" duration="0.001108" asserts="2" />
          <test-case id="1188" name="TimeoutCausesErrorIfValueIsNotInteger" fullname="NUnitLite.Tests.CommandLineTests.TimeoutCausesErrorIfValueIsNotInteger" methodname="TimeoutCausesErrorIfValueIsNotInteger" classname="NUnitLite.Tests.CommandLineTests" runstate="Runnable" seed="116100811" result="Passed" start-time="2018-10-06 20:00:45Z" end-time="2018-10-06 20:00:45Z" duration="0.000532" asserts="2" />
          <test-case id="1185" name="TimeoutIsMinusOneIfNoOptionIsProvided" fullname="NUnitLite.Tests.CommandLineTests.TimeoutIsMinusOneIfNoOptionIsProvided" methodname="TimeoutIsMinusOneIfNoOptionIsProvided" classname="NUnitLite.Tests.CommandLineTests" runstate="Runnable" seed="1641909721" result="Passed" start-time="2018-10-06 20:00:45Z" end-time="2018-10-06 20:00:45Z" duration="0.000438" asserts="2" />
          <test-case id="1187" name="TimeoutParsesIntValueCorrectly" fullname="NUnitLite.Tests.CommandLineTests.TimeoutParsesIntValueCorrectly" methodname="TimeoutParsesIntValueCorrectly" classname="NUnitLite.Tests.CommandLineTests" runstate="Runnable" seed="1784939141" result="Passed" start-time="2018-10-06 20:00:45Z" end-time="2018-10-06 20:00:45Z" duration="0.000477" asserts="2" />
          <test-case id="1186" name="TimeoutThrowsExceptionIfOptionHasNoValue" fullname="NUnitLite.Tests.CommandLineTests.TimeoutThrowsExceptionIfOptionHasNoValue" methodname="TimeoutThrowsExceptionIfOptionHasNoValue" classname="NUnitLite.Tests.CommandLineTests" runstate="Runnable" seed="1375727569" result="Passed" start-time="2018-10-06 20:00:45Z" end-time="2018-10-06 20:00:45Z" duration="0.004361" asserts="1" />
          <test-case id="1210" name="TwoTestParametersInOneOption" fullname="NUnitLite.Tests.CommandLineTests.TwoTestParametersInOneOption" methodname="TwoTestParametersInOneOption" classname="NUnitLite.Tests.CommandLineTests" runstate="Runnable" seed="121832202" result="Passed" start-time="2018-10-06 20:00:45Z" end-time="2018-10-06 20:00:45Z" duration="0.001006" asserts="2" />
          <test-case id="1211" name="TwoTestParametersInSeparateOptions" fullname="NUnitLite.Tests.CommandLineTests.TwoTestParametersInSeparateOptions" methodname="TwoTestParametersInSeparateOptions" classname="NUnitLite.Tests.CommandLineTests" runstate="Runnable" seed="1038865905" result="Passed" start-time="2018-10-06 20:00:45Z" end-time="2018-10-06 20:00:45Z" duration="0.000959" asserts="2" />
        </test-suite>
      </test-suite>
    </test-suite>
  </test-suite>
</test-run>